<?xml version="1.0" encoding="UTF-8"?>
<testsuite name="JUnit Jupiter" tests="26" skipped="0" failures="0" errors="1" time="13" hostname="hpedro" timestamp="2025-05-29T20:41:57">
<properties>
<property name="CONSOLE_LOG_CHARSET" value="UTF-8"/>
<property name="FILE_LOG_CHARSET" value="UTF-8"/>
<property name="LOGGED_APPLICATION_NAME" value="[smartvolt] "/>
<property name="PID" value="687082"/>
<property name="basedir" value="/home/pedro/Documents/Universidade/3ano/2semestre/TQS/TQS-project/smartVolt/backend/smartvolt"/>
<property name="catalina.base" value="/tmp/tomcat.0.16205004105406415857"/>
<property name="catalina.home" value="/tmp/tomcat.0.16205004105406415857"/>
<property name="catalina.useNaming" value="false"/>
<property name="file.encoding" value="UTF-8"/>
<property name="file.separator" value="/"/>
<property name="java.awt.headless" value="true"/>
<property name="java.class.path" value="/home/pedro/Documents/Universidade/3ano/2semestre/TQS/TQS-project/smartVolt/backend/smartvolt/target/test-classes:/home/pedro/Documents/Universidade/3ano/2semestre/TQS/TQS-project/smartVolt/backend/smartvolt/target/classes:/home/pedro/.m2/repository/org/springframework/boot/spring-boot-starter/3.2.0/spring-boot-starter-3.2.0.jar:/home/pedro/.m2/repository/org/springframework/boot/spring-boot/3.2.0/spring-boot-3.2.0.jar:/home/pedro/.m2/repository/org/springframework/spring-context/6.1.1/spring-context-6.1.1.jar:/home/pedro/.m2/repository/org/springframework/boot/spring-boot-autoconfigure/3.2.0/spring-boot-autoconfigure-3.2.0.jar:/home/pedro/.m2/repository/jakarta/annotation/jakarta.annotation-api/2.1.1/jakarta.annotation-api-2.1.1.jar:/home/pedro/.m2/repository/org/springframework/spring-core/6.1.1/spring-core-6.1.1.jar:/home/pedro/.m2/repository/org/springframework/spring-jcl/6.1.1/spring-jcl-6.1.1.jar:/home/pedro/.m2/repository/org/yaml/snakeyaml/2.2/snakeyaml-2.2.jar:/home/pedro/.m2/repository/org/springframework/boot/spring-boot-starter-test/3.2.0/spring-boot-starter-test-3.2.0.jar:/home/pedro/.m2/repository/org/springframework/boot/spring-boot-test/3.2.0/spring-boot-test-3.2.0.jar:/home/pedro/.m2/repository/org/springframework/boot/spring-boot-test-autoconfigure/3.2.0/spring-boot-test-autoconfigure-3.2.0.jar:/home/pedro/.m2/repository/com/jayway/jsonpath/json-path/2.8.0/json-path-2.8.0.jar:/home/pedro/.m2/repository/jakarta/xml/bind/jakarta.xml.bind-api/4.0.1/jakarta.xml.bind-api-4.0.1.jar:/home/pedro/.m2/repository/jakarta/activation/jakarta.activation-api/2.1.2/jakarta.activation-api-2.1.2.jar:/home/pedro/.m2/repository/net/minidev/json-smart/2.5.0/json-smart-2.5.0.jar:/home/pedro/.m2/repository/net/minidev/accessors-smart/2.5.0/accessors-smart-2.5.0.jar:/home/pedro/.m2/repository/org/ow2/asm/asm/9.3/asm-9.3.jar:/home/pedro/.m2/repository/org/awaitility/awaitility/4.2.0/awaitility-4.2.0.jar:/home/pedro/.m2/repository/org/hamcrest/hamcrest/2.2/hamcrest-2.2.jar:/home/pedro/.m2/repository/org/mockito/mockito-core/5.7.0/mockito-core-5.7.0.jar:/home/pedro/.m2/repository/net/bytebuddy/byte-buddy-agent/1.14.10/byte-buddy-agent-1.14.10.jar:/home/pedro/.m2/repository/org/objenesis/objenesis/3.3/objenesis-3.3.jar:/home/pedro/.m2/repository/org/mockito/mockito-junit-jupiter/5.7.0/mockito-junit-jupiter-5.7.0.jar:/home/pedro/.m2/repository/org/skyscreamer/jsonassert/1.5.1/jsonassert-1.5.1.jar:/home/pedro/.m2/repository/com/vaadin/external/google/android-json/0.0.20131108.vaadin1/android-json-0.0.20131108.vaadin1.jar:/home/pedro/.m2/repository/org/springframework/spring-test/6.1.1/spring-test-6.1.1.jar:/home/pedro/.m2/repository/org/xmlunit/xmlunit-core/2.9.1/xmlunit-core-2.9.1.jar:/home/pedro/.m2/repository/org/springframework/boot/spring-boot-starter-data-jpa/3.2.0/spring-boot-starter-data-jpa-3.2.0.jar:/home/pedro/.m2/repository/org/springframework/boot/spring-boot-starter-aop/3.2.0/spring-boot-starter-aop-3.2.0.jar:/home/pedro/.m2/repository/org/aspectj/aspectjweaver/1.9.20.1/aspectjweaver-1.9.20.1.jar:/home/pedro/.m2/repository/org/springframework/boot/spring-boot-starter-jdbc/3.2.0/spring-boot-starter-jdbc-3.2.0.jar:/home/pedro/.m2/repository/com/zaxxer/HikariCP/5.0.1/HikariCP-5.0.1.jar:/home/pedro/.m2/repository/org/springframework/spring-jdbc/6.1.1/spring-jdbc-6.1.1.jar:/home/pedro/.m2/repository/org/hibernate/orm/hibernate-core/6.3.1.Final/hibernate-core-6.3.1.Final.jar:/home/pedro/.m2/repository/jakarta/persistence/jakarta.persistence-api/3.1.0/jakarta.persistence-api-3.1.0.jar:/home/pedro/.m2/repository/jakarta/transaction/jakarta.transaction-api/2.0.1/jakarta.transaction-api-2.0.1.jar:/home/pedro/.m2/repository/org/jboss/logging/jboss-logging/3.5.3.Final/jboss-logging-3.5.3.Final.jar:/home/pedro/.m2/repository/org/hibernate/common/hibernate-commons-annotations/6.0.6.Final/hibernate-commons-annotations-6.0.6.Final.jar:/home/pedro/.m2/repository/io/smallrye/jandex/3.1.2/jandex-3.1.2.jar:/home/pedro/.m2/repository/com/fasterxml/classmate/1.6.0/classmate-1.6.0.jar:/home/pedro/.m2/repository/org/glassfish/jaxb/jaxb-runtime/4.0.4/jaxb-runtime-4.0.4.jar:/home/pedro/.m2/repository/org/glassfish/jaxb/jaxb-core/4.0.4/jaxb-core-4.0.4.jar:/home/pedro/.m2/repository/org/eclipse/angus/angus-activation/2.0.1/angus-activation-2.0.1.jar:/home/pedro/.m2/repository/org/glassfish/jaxb/txw2/4.0.4/txw2-4.0.4.jar:/home/pedro/.m2/repository/com/sun/istack/istack-commons-runtime/4.1.2/istack-commons-runtime-4.1.2.jar:/home/pedro/.m2/repository/jakarta/inject/jakarta.inject-api/2.0.1/jakarta.inject-api-2.0.1.jar:/home/pedro/.m2/repository/org/antlr/antlr4-runtime/4.10.1/antlr4-runtime-4.10.1.jar:/home/pedro/.m2/repository/org/springframework/data/spring-data-jpa/3.2.0/spring-data-jpa-3.2.0.jar:/home/pedro/.m2/repository/org/springframework/data/spring-data-commons/3.2.0/spring-data-commons-3.2.0.jar:/home/pedro/.m2/repository/org/springframework/spring-orm/6.1.1/spring-orm-6.1.1.jar:/home/pedro/.m2/repository/org/springframework/spring-tx/6.1.1/spring-tx-6.1.1.jar:/home/pedro/.m2/repository/org/springframework/spring-beans/6.1.1/spring-beans-6.1.1.jar:/home/pedro/.m2/repository/org/springframework/spring-aspects/6.1.1/spring-aspects-6.1.1.jar:/home/pedro/.m2/repository/org/springframework/boot/spring-boot-starter-web/3.2.0/spring-boot-starter-web-3.2.0.jar:/home/pedro/.m2/repository/org/springframework/boot/spring-boot-starter-json/3.2.0/spring-boot-starter-json-3.2.0.jar:/home/pedro/.m2/repository/com/fasterxml/jackson/datatype/jackson-datatype-jdk8/2.15.3/jackson-datatype-jdk8-2.15.3.jar:/home/pedro/.m2/repository/com/fasterxml/jackson/datatype/jackson-datatype-jsr310/2.15.3/jackson-datatype-jsr310-2.15.3.jar:/home/pedro/.m2/repository/com/fasterxml/jackson/module/jackson-module-parameter-names/2.15.3/jackson-module-parameter-names-2.15.3.jar:/home/pedro/.m2/repository/org/springframework/boot/spring-boot-starter-tomcat/3.2.0/spring-boot-starter-tomcat-3.2.0.jar:/home/pedro/.m2/repository/org/apache/tomcat/embed/tomcat-embed-core/10.1.16/tomcat-embed-core-10.1.16.jar:/home/pedro/.m2/repository/org/apache/tomcat/embed/tomcat-embed-websocket/10.1.16/tomcat-embed-websocket-10.1.16.jar:/home/pedro/.m2/repository/org/springframework/spring-web/6.1.1/spring-web-6.1.1.jar:/home/pedro/.m2/repository/io/micrometer/micrometer-observation/1.12.0/micrometer-observation-1.12.0.jar:/home/pedro/.m2/repository/io/micrometer/micrometer-commons/1.12.0/micrometer-commons-1.12.0.jar:/home/pedro/.m2/repository/org/springframework/spring-webmvc/6.1.1/spring-webmvc-6.1.1.jar:/home/pedro/.m2/repository/org/springframework/spring-expression/6.1.1/spring-expression-6.1.1.jar:/home/pedro/.m2/repository/org/springframework/boot/spring-boot-starter-log4j2/3.2.0/spring-boot-starter-log4j2-3.2.0.jar:/home/pedro/.m2/repository/org/apache/logging/log4j/log4j-slf4j2-impl/2.21.1/log4j-slf4j2-impl-2.21.1.jar:/home/pedro/.m2/repository/org/apache/logging/log4j/log4j-api/2.21.1/log4j-api-2.21.1.jar:/home/pedro/.m2/repository/org/apache/logging/log4j/log4j-core/2.21.1/log4j-core-2.21.1.jar:/home/pedro/.m2/repository/org/apache/logging/log4j/log4j-jul/2.21.1/log4j-jul-2.21.1.jar:/home/pedro/.m2/repository/org/apache/logging/log4j/log4j-layout-template-json/2.21.1/log4j-layout-template-json-2.21.1.jar:/home/pedro/.m2/repository/org/springframework/boot/spring-boot-starter-validation/3.2.0/spring-boot-starter-validation-3.2.0.jar:/home/pedro/.m2/repository/org/apache/tomcat/embed/tomcat-embed-el/10.1.16/tomcat-embed-el-10.1.16.jar:/home/pedro/.m2/repository/org/hibernate/validator/hibernate-validator/8.0.1.Final/hibernate-validator-8.0.1.Final.jar:/home/pedro/.m2/repository/jakarta/validation/jakarta.validation-api/3.0.2/jakarta.validation-api-3.0.2.jar:/home/pedro/.m2/repository/org/springframework/boot/spring-boot-starter-security/3.2.0/spring-boot-starter-security-3.2.0.jar:/home/pedro/.m2/repository/org/springframework/spring-aop/6.1.1/spring-aop-6.1.1.jar:/home/pedro/.m2/repository/org/springframework/security/spring-security-config/6.2.0/spring-security-config-6.2.0.jar:/home/pedro/.m2/repository/org/springframework/security/spring-security-core/6.2.0/spring-security-core-6.2.0.jar:/home/pedro/.m2/repository/org/springframework/security/spring-security-crypto/6.2.0/spring-security-crypto-6.2.0.jar:/home/pedro/.m2/repository/org/springframework/security/spring-security-web/6.2.0/spring-security-web-6.2.0.jar:/home/pedro/.m2/repository/io/jsonwebtoken/jjwt-api/0.11.2/jjwt-api-0.11.2.jar:/home/pedro/.m2/repository/io/jsonwebtoken/jjwt-impl/0.11.2/jjwt-impl-0.11.2.jar:/home/pedro/.m2/repository/io/jsonwebtoken/jjwt-jackson/0.11.2/jjwt-jackson-0.11.2.jar:/home/pedro/.m2/repository/com/fasterxml/jackson/core/jackson-databind/2.15.3/jackson-databind-2.15.3.jar:/home/pedro/.m2/repository/com/fasterxml/jackson/core/jackson-annotations/2.15.3/jackson-annotations-2.15.3.jar:/home/pedro/.m2/repository/com/fasterxml/jackson/core/jackson-core/2.15.3/jackson-core-2.15.3.jar:/home/pedro/.m2/repository/org/springframework/boot/spring-boot-devtools/3.2.0/spring-boot-devtools-3.2.0.jar:/home/pedro/.m2/repository/org/springframework/boot/spring-boot-starter-thymeleaf/3.2.0/spring-boot-starter-thymeleaf-3.2.0.jar:/home/pedro/.m2/repository/org/thymeleaf/thymeleaf-spring6/3.1.2.RELEASE/thymeleaf-spring6-3.1.2.RELEASE.jar:/home/pedro/.m2/repository/org/thymeleaf/thymeleaf/3.1.2.RELEASE/thymeleaf-3.1.2.RELEASE.jar:/home/pedro/.m2/repository/org/attoparser/attoparser/2.0.7.RELEASE/attoparser-2.0.7.RELEASE.jar:/home/pedro/.m2/repository/org/unbescape/unbescape/1.1.6.RELEASE/unbescape-1.1.6.RELEASE.jar:/home/pedro/.m2/repository/app/getxray/xray-junit-extensions/0.7.3/xray-junit-extensions-0.7.3.jar:/home/pedro/.m2/repository/org/junit/jupiter/junit-jupiter-api/5.11.4/junit-jupiter-api-5.11.4.jar:/home/pedro/.m2/repository/org/opentest4j/opentest4j/1.3.0/opentest4j-1.3.0.jar:/home/pedro/.m2/repository/org/junit/platform/junit-platform-reporting/1.11.4/junit-platform-reporting-1.11.4.jar:/home/pedro/.m2/repository/org/junit/platform/junit-platform-launcher/1.11.4/junit-platform-launcher-1.11.4.jar:/home/pedro/.m2/repository/org/junit/platform/junit-platform-engine/1.11.4/junit-platform-engine-1.11.4.jar:/home/pedro/.m2/repository/org/junit/platform/junit-platform-commons/1.11.4/junit-platform-commons-1.11.4.jar:/home/pedro/.m2/repository/app/getxray/xray-maven-plugin/0.8.0/xray-maven-plugin-0.8.0.jar:/home/pedro/.m2/repository/com/squareup/okhttp3/okhttp/4.12.0/okhttp-4.12.0.jar:/home/pedro/.m2/repository/com/squareup/okio/okio/3.6.0/okio-3.6.0.jar:/home/pedro/.m2/repository/com/squareup/okio/okio-jvm/3.6.0/okio-jvm-3.6.0.jar:/home/pedro/.m2/repository/org/jetbrains/kotlin/kotlin-stdlib-common/1.9.20/kotlin-stdlib-common-1.9.20.jar:/home/pedro/.m2/repository/org/jetbrains/kotlin/kotlin-stdlib-jdk8/1.9.20/kotlin-stdlib-jdk8-1.9.20.jar:/home/pedro/.m2/repository/org/jetbrains/kotlin/kotlin-stdlib/1.9.20/kotlin-stdlib-1.9.20.jar:/home/pedro/.m2/repository/org/jetbrains/kotlin/kotlin-stdlib-jdk7/1.9.20/kotlin-stdlib-jdk7-1.9.20.jar:/home/pedro/.m2/repository/org/json/json/20231013/json-20231013.jar:/home/pedro/.m2/repository/org/codehaus/plexus/plexus-utils/3.4.1/plexus-utils-3.4.1.jar:/home/pedro/.m2/repository/org/postgresql/postgresql/42.6.0/postgresql-42.6.0.jar:/home/pedro/.m2/repository/org/checkerframework/checker-qual/3.31.0/checker-qual-3.31.0.jar:/home/pedro/.m2/repository/org/testcontainers/junit-jupiter/1.19.3/junit-jupiter-1.19.3.jar:/home/pedro/.m2/repository/org/testcontainers/testcontainers/1.19.3/testcontainers-1.19.3.jar:/home/pedro/.m2/repository/junit/junit/4.13.2/junit-4.13.2.jar:/home/pedro/.m2/repository/org/hamcrest/hamcrest-core/2.2/hamcrest-core-2.2.jar:/home/pedro/.m2/repository/org/rnorth/duct-tape/duct-tape/1.0.8/duct-tape-1.0.8.jar:/home/pedro/.m2/repository/org/jetbrains/annotations/17.0.0/annotations-17.0.0.jar:/home/pedro/.m2/repository/com/github/docker-java/docker-java-api/3.3.4/docker-java-api-3.3.4.jar:/home/pedro/.m2/repository/com/github/docker-java/docker-java-transport-zerodep/3.3.4/docker-java-transport-zerodep-3.3.4.jar:/home/pedro/.m2/repository/org/testcontainers/postgresql/1.19.3/postgresql-1.19.3.jar:/home/pedro/.m2/repository/org/testcontainers/jdbc/1.19.3/jdbc-1.19.3.jar:/home/pedro/.m2/repository/org/testcontainers/database-commons/1.19.3/database-commons-1.19.3.jar:/home/pedro/.m2/repository/org/springdoc/springdoc-openapi-starter-webmvc-ui/2.6.0/springdoc-openapi-starter-webmvc-ui-2.6.0.jar:/home/pedro/.m2/repository/org/springdoc/springdoc-openapi-starter-webmvc-api/2.6.0/springdoc-openapi-starter-webmvc-api-2.6.0.jar:/home/pedro/.m2/repository/org/springdoc/springdoc-openapi-starter-common/2.6.0/springdoc-openapi-starter-common-2.6.0.jar:/home/pedro/.m2/repository/io/swagger/core/v3/swagger-core-jakarta/2.2.22/swagger-core-jakarta-2.2.22.jar:/home/pedro/.m2/repository/io/swagger/core/v3/swagger-annotations-jakarta/2.2.22/swagger-annotations-jakarta-2.2.22.jar:/home/pedro/.m2/repository/io/swagger/core/v3/swagger-models-jakarta/2.2.22/swagger-models-jakarta-2.2.22.jar:/home/pedro/.m2/repository/com/fasterxml/jackson/dataformat/jackson-dataformat-yaml/2.15.3/jackson-dataformat-yaml-2.15.3.jar:/home/pedro/.m2/repository/org/webjars/swagger-ui/5.17.14/swagger-ui-5.17.14.jar:/home/pedro/.m2/repository/org/junit/jupiter/junit-jupiter/5.11.4/junit-jupiter-5.11.4.jar:/home/pedro/.m2/repository/org/junit/jupiter/junit-jupiter-params/5.11.4/junit-jupiter-params-5.11.4.jar:/home/pedro/.m2/repository/org/junit/jupiter/junit-jupiter-engine/5.11.4/junit-jupiter-engine-5.11.4.jar:/home/pedro/.m2/repository/org/assertj/assertj-core/3.26.0/assertj-core-3.26.0.jar:/home/pedro/.m2/repository/net/bytebuddy/byte-buddy/1.14.10/byte-buddy-1.14.10.jar:/home/pedro/.m2/repository/com/h2database/h2/2.2.224/h2-2.2.224.jar:/home/pedro/.m2/repository/org/springframework/boot/spring-boot-testcontainers/3.2.0/spring-boot-testcontainers-3.2.0.jar:/home/pedro/.m2/repository/io/rest-assured/rest-assured/5.5.1/rest-assured-5.5.1.jar:/home/pedro/.m2/repository/org/apache/groovy/groovy/4.0.15/groovy-4.0.15.jar:/home/pedro/.m2/repository/org/apache/groovy/groovy-xml/4.0.15/groovy-xml-4.0.15.jar:/home/pedro/.m2/repository/org/apache/httpcomponents/httpclient/4.5.13/httpclient-4.5.13.jar:/home/pedro/.m2/repository/org/apache/httpcomponents/httpcore/4.4.16/httpcore-4.4.16.jar:/home/pedro/.m2/repository/commons-logging/commons-logging/1.2/commons-logging-1.2.jar:/home/pedro/.m2/repository/commons-codec/commons-codec/1.16.0/commons-codec-1.16.0.jar:/home/pedro/.m2/repository/org/apache/httpcomponents/httpmime/4.5.13/httpmime-4.5.13.jar:/home/pedro/.m2/repository/org/ccil/cowan/tagsoup/tagsoup/1.2.1/tagsoup-1.2.1.jar:/home/pedro/.m2/repository/io/rest-assured/json-path/5.5.1/json-path-5.5.1.jar:/home/pedro/.m2/repository/org/apache/groovy/groovy-json/4.0.15/groovy-json-4.0.15.jar:/home/pedro/.m2/repository/io/rest-assured/rest-assured-common/5.5.1/rest-assured-common-5.5.1.jar:/home/pedro/.m2/repository/io/rest-assured/xml-path/5.5.1/xml-path-5.5.1.jar:/home/pedro/.m2/repository/io/rest-assured/spring-mock-mvc/5.5.1/spring-mock-mvc-5.5.1.jar:/home/pedro/.m2/repository/io/rest-assured/spring-commons/5.5.1/spring-commons-5.5.1.jar:/home/pedro/.m2/repository/org/junit/platform/junit-platform-suite/1.10.1/junit-platform-suite-1.10.1.jar:/home/pedro/.m2/repository/org/junit/platform/junit-platform-suite-api/1.11.4/junit-platform-suite-api-1.11.4.jar:/home/pedro/.m2/repository/org/junit/platform/junit-platform-suite-engine/1.11.4/junit-platform-suite-engine-1.11.4.jar:/home/pedro/.m2/repository/org/junit/platform/junit-platform-suite-commons/1.11.4/junit-platform-suite-commons-1.11.4.jar:/home/pedro/.m2/repository/io/cucumber/cucumber-java/7.15.0/cucumber-java-7.15.0.jar:/home/pedro/.m2/repository/io/cucumber/cucumber-core/7.15.0/cucumber-core-7.15.0.jar:/home/pedro/.m2/repository/io/cucumber/cucumber-gherkin/7.15.0/cucumber-gherkin-7.15.0.jar:/home/pedro/.m2/repository/io/cucumber/cucumber-gherkin-messages/7.15.0/cucumber-gherkin-messages-7.15.0.jar:/home/pedro/.m2/repository/io/cucumber/gherkin/26.2.0/gherkin-26.2.0.jar:/home/pedro/.m2/repository/io/cucumber/messages/22.0.0/messages-22.0.0.jar:/home/pedro/.m2/repository/io/cucumber/tag-expressions/6.0.0/tag-expressions-6.0.0.jar:/home/pedro/.m2/repository/io/cucumber/cucumber-expressions/17.0.1/cucumber-expressions-17.0.1.jar:/home/pedro/.m2/repository/io/cucumber/datatable/7.15.0/datatable-7.15.0.jar:/home/pedro/.m2/repository/io/cucumber/cucumber-plugin/7.15.0/cucumber-plugin-7.15.0.jar:/home/pedro/.m2/repository/io/cucumber/docstring/7.15.0/docstring-7.15.0.jar:/home/pedro/.m2/repository/io/cucumber/html-formatter/20.4.0/html-formatter-20.4.0.jar:/home/pedro/.m2/repository/io/cucumber/junit-xml-formatter/0.2.0/junit-xml-formatter-0.2.0.jar:/home/pedro/.m2/repository/io/cucumber/ci-environment/10.0.0/ci-environment-10.0.0.jar:/home/pedro/.m2/repository/org/apiguardian/apiguardian-api/1.1.2/apiguardian-api-1.1.2.jar:/home/pedro/.m2/repository/io/cucumber/cucumber-junit-platform-engine/7.15.0/cucumber-junit-platform-engine-7.15.0.jar:/home/pedro/.m2/repository/org/seleniumhq/selenium/selenium-java/4.29.0/selenium-java-4.29.0.jar:/home/pedro/.m2/repository/org/seleniumhq/selenium/selenium-api/4.14.1/selenium-api-4.14.1.jar:/home/pedro/.m2/repository/org/seleniumhq/selenium/selenium-chrome-driver/4.14.1/selenium-chrome-driver-4.14.1.jar:/home/pedro/.m2/repository/com/google/auto/service/auto-service-annotations/1.1.1/auto-service-annotations-1.1.1.jar:/home/pedro/.m2/repository/com/google/guava/guava/32.1.2-jre/guava-32.1.2-jre.jar:/home/pedro/.m2/repository/com/google/guava/failureaccess/1.0.1/failureaccess-1.0.1.jar:/home/pedro/.m2/repository/com/google/guava/listenablefuture/9999.0-empty-to-avoid-conflict-with-guava/listenablefuture-9999.0-empty-to-avoid-conflict-with-guava.jar:/home/pedro/.m2/repository/com/google/code/findbugs/jsr305/3.0.2/jsr305-3.0.2.jar:/home/pedro/.m2/repository/com/google/errorprone/error_prone_annotations/2.18.0/error_prone_annotations-2.18.0.jar:/home/pedro/.m2/repository/com/google/j2objc/j2objc-annotations/2.8/j2objc-annotations-2.8.jar:/home/pedro/.m2/repository/org/seleniumhq/selenium/selenium-chromium-driver/4.14.1/selenium-chromium-driver-4.14.1.jar:/home/pedro/.m2/repository/org/seleniumhq/selenium/selenium-json/4.14.1/selenium-json-4.14.1.jar:/home/pedro/.m2/repository/org/seleniumhq/selenium/selenium-manager/4.14.1/selenium-manager-4.14.1.jar:/home/pedro/.m2/repository/org/seleniumhq/selenium/selenium-devtools-v131/4.29.0/selenium-devtools-v131-4.29.0.jar:/home/pedro/.m2/repository/org/seleniumhq/selenium/selenium-devtools-v132/4.29.0/selenium-devtools-v132-4.29.0.jar:/home/pedro/.m2/repository/org/seleniumhq/selenium/selenium-devtools-v133/4.29.0/selenium-devtools-v133-4.29.0.jar:/home/pedro/.m2/repository/org/seleniumhq/selenium/selenium-devtools-v85/4.14.1/selenium-devtools-v85-4.14.1.jar:/home/pedro/.m2/repository/org/seleniumhq/selenium/selenium-edge-driver/4.14.1/selenium-edge-driver-4.14.1.jar:/home/pedro/.m2/repository/org/seleniumhq/selenium/selenium-firefox-driver/4.14.1/selenium-firefox-driver-4.14.1.jar:/home/pedro/.m2/repository/org/seleniumhq/selenium/selenium-http/4.14.1/selenium-http-4.14.1.jar:/home/pedro/.m2/repository/dev/failsafe/failsafe/3.3.2/failsafe-3.3.2.jar:/home/pedro/.m2/repository/org/seleniumhq/selenium/selenium-ie-driver/4.14.1/selenium-ie-driver-4.14.1.jar:/home/pedro/.m2/repository/org/seleniumhq/selenium/selenium-remote-driver/4.14.1/selenium-remote-driver-4.14.1.jar:/home/pedro/.m2/repository/io/opentelemetry/opentelemetry-api/1.31.0/opentelemetry-api-1.31.0.jar:/home/pedro/.m2/repository/io/opentelemetry/opentelemetry-context/1.31.0/opentelemetry-context-1.31.0.jar:/home/pedro/.m2/repository/io/opentelemetry/opentelemetry-exporter-logging/1.31.0/opentelemetry-exporter-logging-1.31.0.jar:/home/pedro/.m2/repository/io/opentelemetry/opentelemetry-sdk-common/1.31.0/opentelemetry-sdk-common-1.31.0.jar:/home/pedro/.m2/repository/io/opentelemetry/opentelemetry-sdk-extension-autoconfigure-spi/1.31.0/opentelemetry-sdk-extension-autoconfigure-spi-1.31.0.jar:/home/pedro/.m2/repository/io/opentelemetry/opentelemetry-sdk-extension-autoconfigure/1.31.0/opentelemetry-sdk-extension-autoconfigure-1.31.0.jar:/home/pedro/.m2/repository/io/opentelemetry/opentelemetry-api-events/1.31.0-alpha/opentelemetry-api-events-1.31.0-alpha.jar:/home/pedro/.m2/repository/io/opentelemetry/opentelemetry-sdk-trace/1.31.0/opentelemetry-sdk-trace-1.31.0.jar:/home/pedro/.m2/repository/io/opentelemetry/opentelemetry-sdk/1.31.0/opentelemetry-sdk-1.31.0.jar:/home/pedro/.m2/repository/io/opentelemetry/opentelemetry-sdk-metrics/1.31.0/opentelemetry-sdk-metrics-1.31.0.jar:/home/pedro/.m2/repository/io/opentelemetry/opentelemetry-extension-incubator/1.31.0-alpha/opentelemetry-extension-incubator-1.31.0-alpha.jar:/home/pedro/.m2/repository/io/opentelemetry/opentelemetry-sdk-logs/1.31.0/opentelemetry-sdk-logs-1.31.0.jar:/home/pedro/.m2/repository/io/opentelemetry/opentelemetry-semconv/1.28.0-alpha/opentelemetry-semconv-1.28.0-alpha.jar:/home/pedro/.m2/repository/org/seleniumhq/selenium/selenium-os/4.14.1/selenium-os-4.14.1.jar:/home/pedro/.m2/repository/org/apache/commons/commons-exec/1.3/commons-exec-1.3.jar:/home/pedro/.m2/repository/org/seleniumhq/selenium/selenium-safari-driver/4.14.1/selenium-safari-driver-4.14.1.jar:/home/pedro/.m2/repository/org/seleniumhq/selenium/selenium-support/4.14.1/selenium-support-4.14.1.jar:/home/pedro/.m2/repository/io/github/bonigarcia/webdrivermanager/5.9.2/webdrivermanager-5.9.2.jar:/home/pedro/.m2/repository/org/slf4j/slf4j-api/2.0.9/slf4j-api-2.0.9.jar:/home/pedro/.m2/repository/com/google/code/gson/gson/2.10.1/gson-2.10.1.jar:/home/pedro/.m2/repository/com/github/docker-java/docker-java/3.4.0/docker-java-3.4.0.jar:/home/pedro/.m2/repository/com/github/docker-java/docker-java-core/3.4.0/docker-java-core-3.4.0.jar:/home/pedro/.m2/repository/org/slf4j/jcl-over-slf4j/2.0.9/jcl-over-slf4j-2.0.9.jar:/home/pedro/.m2/repository/com/github/docker-java/docker-java-transport-httpclient5/3.4.0/docker-java-transport-httpclient5-3.4.0.jar:/home/pedro/.m2/repository/com/github/docker-java/docker-java-transport/3.4.0/docker-java-transport-3.4.0.jar:/home/pedro/.m2/repository/net/java/dev/jna/jna/5.13.0/jna-5.13.0.jar:/home/pedro/.m2/repository/org/brotli/dec/0.1.2/dec-0.1.2.jar:/home/pedro/.m2/repository/org/apache/commons/commons-lang3/3.13.0/commons-lang3-3.13.0.jar:/home/pedro/.m2/repository/org/apache/commons/commons-compress/1.26.2/commons-compress-1.26.2.jar:/home/pedro/.m2/repository/commons-io/commons-io/2.16.1/commons-io-2.16.1.jar:/home/pedro/.m2/repository/org/apache/httpcomponents/client5/httpclient5/5.2.1/httpclient5-5.2.1.jar:/home/pedro/.m2/repository/org/apache/httpcomponents/core5/httpcore5/5.2.3/httpcore5-5.2.3.jar:/home/pedro/.m2/repository/org/apache/httpcomponents/core5/httpcore5-h2/5.2.3/httpcore5-h2-5.2.3.jar:/home/pedro/.m2/repository/javax/persistence/javax.persistence-api/2.2/javax.persistence-api-2.2.jar:"/>
<property name="java.class.version" value="65.0"/>
<property name="java.home" value="/usr/lib/jvm/java-21-openjdk-amd64"/>
<property name="java.io.tmpdir" value="/tmp"/>
<property name="java.library.path" value="/usr/java/packages/lib:/usr/lib/x86_64-linux-gnu/jni:/lib/x86_64-linux-gnu:/usr/lib/x86_64-linux-gnu:/usr/lib/jni:/lib:/usr/lib"/>
<property name="java.runtime.name" value="OpenJDK Runtime Environment"/>
<property name="java.runtime.version" value="21.0.5+11-Ubuntu-1ubuntu124.04"/>
<property name="java.specification.name" value="Java Platform API Specification"/>
<property name="java.specification.vendor" value="Oracle Corporation"/>
<property name="java.specification.version" value="21"/>
<property name="java.vendor" value="Ubuntu"/>
<property name="java.vendor.url" value="https://ubuntu.com/"/>
<property name="java.vendor.url.bug" value="https://bugs.launchpad.net/ubuntu/+source/openjdk-21"/>
<property name="java.version" value="21.0.5"/>
<property name="java.version.date" value="2024-10-15"/>
<property name="java.vm.compressedOopsMode" value="Zero based"/>
<property name="java.vm.info" value="mixed mode, sharing"/>
<property name="java.vm.name" value="OpenJDK 64-Bit Server VM"/>
<property name="java.vm.specification.name" value="Java Virtual Machine Specification"/>
<property name="java.vm.specification.vendor" value="Oracle Corporation"/>
<property name="java.vm.specification.version" value="21"/>
<property name="java.vm.vendor" value="Ubuntu"/>
<property name="java.vm.version" value="21.0.5+11-Ubuntu-1ubuntu124.04"/>
<property name="jdk.debug" value="release"/>
<property name="line.separator" value="
"/>
<property name="localRepository" value="/home/pedro/.m2/repository"/>
<property name="native.encoding" value="UTF-8"/>
<property name="os.arch" value="amd64"/>
<property name="os.name" value="Linux"/>
<property name="os.version" value="6.8.0-51-generic"/>
<property name="path.separator" value=":"/>
<property name="stderr.encoding" value="UTF-8"/>
<property name="stdout.encoding" value="UTF-8"/>
<property name="sun.arch.data.model" value="64"/>
<property name="sun.boot.library.path" value="/usr/lib/jvm/java-21-openjdk-amd64/lib"/>
<property name="sun.cpu.endian" value="little"/>
<property name="sun.io.unicode.encoding" value="UnicodeLittle"/>
<property name="sun.java.command" value="/home/pedro/Documents/Universidade/3ano/2semestre/TQS/TQS-project/smartVolt/backend/smartvolt/target/surefire/surefirebooter-20250529204141361_3.jar /home/pedro/Documents/Universidade/3ano/2semestre/TQS/TQS-project/smartVolt/backend/smartvolt/target/surefire 2025-05-29T20-41-41_253-jvmRun1 surefire-20250529204141361_1tmp surefire_0-20250529204141361_2tmp"/>
<property name="sun.java.launcher" value="SUN_STANDARD"/>
<property name="sun.jnu.encoding" value="UTF-8"/>
<property name="sun.management.compiler" value="HotSpot 64-Bit Tiered Compilers"/>
<property name="surefire.real.class.path" value="/home/pedro/Documents/Universidade/3ano/2semestre/TQS/TQS-project/smartVolt/backend/smartvolt/target/surefire/surefirebooter-20250529204141361_3.jar"/>
<property name="surefire.test.class.path" value="/home/pedro/Documents/Universidade/3ano/2semestre/TQS/TQS-project/smartVolt/backend/smartvolt/target/test-classes:/home/pedro/Documents/Universidade/3ano/2semestre/TQS/TQS-project/smartVolt/backend/smartvolt/target/classes:/home/pedro/.m2/repository/org/springframework/boot/spring-boot-starter/3.2.0/spring-boot-starter-3.2.0.jar:/home/pedro/.m2/repository/org/springframework/boot/spring-boot/3.2.0/spring-boot-3.2.0.jar:/home/pedro/.m2/repository/org/springframework/spring-context/6.1.1/spring-context-6.1.1.jar:/home/pedro/.m2/repository/org/springframework/boot/spring-boot-autoconfigure/3.2.0/spring-boot-autoconfigure-3.2.0.jar:/home/pedro/.m2/repository/jakarta/annotation/jakarta.annotation-api/2.1.1/jakarta.annotation-api-2.1.1.jar:/home/pedro/.m2/repository/org/springframework/spring-core/6.1.1/spring-core-6.1.1.jar:/home/pedro/.m2/repository/org/springframework/spring-jcl/6.1.1/spring-jcl-6.1.1.jar:/home/pedro/.m2/repository/org/yaml/snakeyaml/2.2/snakeyaml-2.2.jar:/home/pedro/.m2/repository/org/springframework/boot/spring-boot-starter-test/3.2.0/spring-boot-starter-test-3.2.0.jar:/home/pedro/.m2/repository/org/springframework/boot/spring-boot-test/3.2.0/spring-boot-test-3.2.0.jar:/home/pedro/.m2/repository/org/springframework/boot/spring-boot-test-autoconfigure/3.2.0/spring-boot-test-autoconfigure-3.2.0.jar:/home/pedro/.m2/repository/com/jayway/jsonpath/json-path/2.8.0/json-path-2.8.0.jar:/home/pedro/.m2/repository/jakarta/xml/bind/jakarta.xml.bind-api/4.0.1/jakarta.xml.bind-api-4.0.1.jar:/home/pedro/.m2/repository/jakarta/activation/jakarta.activation-api/2.1.2/jakarta.activation-api-2.1.2.jar:/home/pedro/.m2/repository/net/minidev/json-smart/2.5.0/json-smart-2.5.0.jar:/home/pedro/.m2/repository/net/minidev/accessors-smart/2.5.0/accessors-smart-2.5.0.jar:/home/pedro/.m2/repository/org/ow2/asm/asm/9.3/asm-9.3.jar:/home/pedro/.m2/repository/org/awaitility/awaitility/4.2.0/awaitility-4.2.0.jar:/home/pedro/.m2/repository/org/hamcrest/hamcrest/2.2/hamcrest-2.2.jar:/home/pedro/.m2/repository/org/mockito/mockito-core/5.7.0/mockito-core-5.7.0.jar:/home/pedro/.m2/repository/net/bytebuddy/byte-buddy-agent/1.14.10/byte-buddy-agent-1.14.10.jar:/home/pedro/.m2/repository/org/objenesis/objenesis/3.3/objenesis-3.3.jar:/home/pedro/.m2/repository/org/mockito/mockito-junit-jupiter/5.7.0/mockito-junit-jupiter-5.7.0.jar:/home/pedro/.m2/repository/org/skyscreamer/jsonassert/1.5.1/jsonassert-1.5.1.jar:/home/pedro/.m2/repository/com/vaadin/external/google/android-json/0.0.20131108.vaadin1/android-json-0.0.20131108.vaadin1.jar:/home/pedro/.m2/repository/org/springframework/spring-test/6.1.1/spring-test-6.1.1.jar:/home/pedro/.m2/repository/org/xmlunit/xmlunit-core/2.9.1/xmlunit-core-2.9.1.jar:/home/pedro/.m2/repository/org/springframework/boot/spring-boot-starter-data-jpa/3.2.0/spring-boot-starter-data-jpa-3.2.0.jar:/home/pedro/.m2/repository/org/springframework/boot/spring-boot-starter-aop/3.2.0/spring-boot-starter-aop-3.2.0.jar:/home/pedro/.m2/repository/org/aspectj/aspectjweaver/1.9.20.1/aspectjweaver-1.9.20.1.jar:/home/pedro/.m2/repository/org/springframework/boot/spring-boot-starter-jdbc/3.2.0/spring-boot-starter-jdbc-3.2.0.jar:/home/pedro/.m2/repository/com/zaxxer/HikariCP/5.0.1/HikariCP-5.0.1.jar:/home/pedro/.m2/repository/org/springframework/spring-jdbc/6.1.1/spring-jdbc-6.1.1.jar:/home/pedro/.m2/repository/org/hibernate/orm/hibernate-core/6.3.1.Final/hibernate-core-6.3.1.Final.jar:/home/pedro/.m2/repository/jakarta/persistence/jakarta.persistence-api/3.1.0/jakarta.persistence-api-3.1.0.jar:/home/pedro/.m2/repository/jakarta/transaction/jakarta.transaction-api/2.0.1/jakarta.transaction-api-2.0.1.jar:/home/pedro/.m2/repository/org/jboss/logging/jboss-logging/3.5.3.Final/jboss-logging-3.5.3.Final.jar:/home/pedro/.m2/repository/org/hibernate/common/hibernate-commons-annotations/6.0.6.Final/hibernate-commons-annotations-6.0.6.Final.jar:/home/pedro/.m2/repository/io/smallrye/jandex/3.1.2/jandex-3.1.2.jar:/home/pedro/.m2/repository/com/fasterxml/classmate/1.6.0/classmate-1.6.0.jar:/home/pedro/.m2/repository/org/glassfish/jaxb/jaxb-runtime/4.0.4/jaxb-runtime-4.0.4.jar:/home/pedro/.m2/repository/org/glassfish/jaxb/jaxb-core/4.0.4/jaxb-core-4.0.4.jar:/home/pedro/.m2/repository/org/eclipse/angus/angus-activation/2.0.1/angus-activation-2.0.1.jar:/home/pedro/.m2/repository/org/glassfish/jaxb/txw2/4.0.4/txw2-4.0.4.jar:/home/pedro/.m2/repository/com/sun/istack/istack-commons-runtime/4.1.2/istack-commons-runtime-4.1.2.jar:/home/pedro/.m2/repository/jakarta/inject/jakarta.inject-api/2.0.1/jakarta.inject-api-2.0.1.jar:/home/pedro/.m2/repository/org/antlr/antlr4-runtime/4.10.1/antlr4-runtime-4.10.1.jar:/home/pedro/.m2/repository/org/springframework/data/spring-data-jpa/3.2.0/spring-data-jpa-3.2.0.jar:/home/pedro/.m2/repository/org/springframework/data/spring-data-commons/3.2.0/spring-data-commons-3.2.0.jar:/home/pedro/.m2/repository/org/springframework/spring-orm/6.1.1/spring-orm-6.1.1.jar:/home/pedro/.m2/repository/org/springframework/spring-tx/6.1.1/spring-tx-6.1.1.jar:/home/pedro/.m2/repository/org/springframework/spring-beans/6.1.1/spring-beans-6.1.1.jar:/home/pedro/.m2/repository/org/springframework/spring-aspects/6.1.1/spring-aspects-6.1.1.jar:/home/pedro/.m2/repository/org/springframework/boot/spring-boot-starter-web/3.2.0/spring-boot-starter-web-3.2.0.jar:/home/pedro/.m2/repository/org/springframework/boot/spring-boot-starter-json/3.2.0/spring-boot-starter-json-3.2.0.jar:/home/pedro/.m2/repository/com/fasterxml/jackson/datatype/jackson-datatype-jdk8/2.15.3/jackson-datatype-jdk8-2.15.3.jar:/home/pedro/.m2/repository/com/fasterxml/jackson/datatype/jackson-datatype-jsr310/2.15.3/jackson-datatype-jsr310-2.15.3.jar:/home/pedro/.m2/repository/com/fasterxml/jackson/module/jackson-module-parameter-names/2.15.3/jackson-module-parameter-names-2.15.3.jar:/home/pedro/.m2/repository/org/springframework/boot/spring-boot-starter-tomcat/3.2.0/spring-boot-starter-tomcat-3.2.0.jar:/home/pedro/.m2/repository/org/apache/tomcat/embed/tomcat-embed-core/10.1.16/tomcat-embed-core-10.1.16.jar:/home/pedro/.m2/repository/org/apache/tomcat/embed/tomcat-embed-websocket/10.1.16/tomcat-embed-websocket-10.1.16.jar:/home/pedro/.m2/repository/org/springframework/spring-web/6.1.1/spring-web-6.1.1.jar:/home/pedro/.m2/repository/io/micrometer/micrometer-observation/1.12.0/micrometer-observation-1.12.0.jar:/home/pedro/.m2/repository/io/micrometer/micrometer-commons/1.12.0/micrometer-commons-1.12.0.jar:/home/pedro/.m2/repository/org/springframework/spring-webmvc/6.1.1/spring-webmvc-6.1.1.jar:/home/pedro/.m2/repository/org/springframework/spring-expression/6.1.1/spring-expression-6.1.1.jar:/home/pedro/.m2/repository/org/springframework/boot/spring-boot-starter-log4j2/3.2.0/spring-boot-starter-log4j2-3.2.0.jar:/home/pedro/.m2/repository/org/apache/logging/log4j/log4j-slf4j2-impl/2.21.1/log4j-slf4j2-impl-2.21.1.jar:/home/pedro/.m2/repository/org/apache/logging/log4j/log4j-api/2.21.1/log4j-api-2.21.1.jar:/home/pedro/.m2/repository/org/apache/logging/log4j/log4j-core/2.21.1/log4j-core-2.21.1.jar:/home/pedro/.m2/repository/org/apache/logging/log4j/log4j-jul/2.21.1/log4j-jul-2.21.1.jar:/home/pedro/.m2/repository/org/apache/logging/log4j/log4j-layout-template-json/2.21.1/log4j-layout-template-json-2.21.1.jar:/home/pedro/.m2/repository/org/springframework/boot/spring-boot-starter-validation/3.2.0/spring-boot-starter-validation-3.2.0.jar:/home/pedro/.m2/repository/org/apache/tomcat/embed/tomcat-embed-el/10.1.16/tomcat-embed-el-10.1.16.jar:/home/pedro/.m2/repository/org/hibernate/validator/hibernate-validator/8.0.1.Final/hibernate-validator-8.0.1.Final.jar:/home/pedro/.m2/repository/jakarta/validation/jakarta.validation-api/3.0.2/jakarta.validation-api-3.0.2.jar:/home/pedro/.m2/repository/org/springframework/boot/spring-boot-starter-security/3.2.0/spring-boot-starter-security-3.2.0.jar:/home/pedro/.m2/repository/org/springframework/spring-aop/6.1.1/spring-aop-6.1.1.jar:/home/pedro/.m2/repository/org/springframework/security/spring-security-config/6.2.0/spring-security-config-6.2.0.jar:/home/pedro/.m2/repository/org/springframework/security/spring-security-core/6.2.0/spring-security-core-6.2.0.jar:/home/pedro/.m2/repository/org/springframework/security/spring-security-crypto/6.2.0/spring-security-crypto-6.2.0.jar:/home/pedro/.m2/repository/org/springframework/security/spring-security-web/6.2.0/spring-security-web-6.2.0.jar:/home/pedro/.m2/repository/io/jsonwebtoken/jjwt-api/0.11.2/jjwt-api-0.11.2.jar:/home/pedro/.m2/repository/io/jsonwebtoken/jjwt-impl/0.11.2/jjwt-impl-0.11.2.jar:/home/pedro/.m2/repository/io/jsonwebtoken/jjwt-jackson/0.11.2/jjwt-jackson-0.11.2.jar:/home/pedro/.m2/repository/com/fasterxml/jackson/core/jackson-databind/2.15.3/jackson-databind-2.15.3.jar:/home/pedro/.m2/repository/com/fasterxml/jackson/core/jackson-annotations/2.15.3/jackson-annotations-2.15.3.jar:/home/pedro/.m2/repository/com/fasterxml/jackson/core/jackson-core/2.15.3/jackson-core-2.15.3.jar:/home/pedro/.m2/repository/org/springframework/boot/spring-boot-devtools/3.2.0/spring-boot-devtools-3.2.0.jar:/home/pedro/.m2/repository/org/springframework/boot/spring-boot-starter-thymeleaf/3.2.0/spring-boot-starter-thymeleaf-3.2.0.jar:/home/pedro/.m2/repository/org/thymeleaf/thymeleaf-spring6/3.1.2.RELEASE/thymeleaf-spring6-3.1.2.RELEASE.jar:/home/pedro/.m2/repository/org/thymeleaf/thymeleaf/3.1.2.RELEASE/thymeleaf-3.1.2.RELEASE.jar:/home/pedro/.m2/repository/org/attoparser/attoparser/2.0.7.RELEASE/attoparser-2.0.7.RELEASE.jar:/home/pedro/.m2/repository/org/unbescape/unbescape/1.1.6.RELEASE/unbescape-1.1.6.RELEASE.jar:/home/pedro/.m2/repository/app/getxray/xray-junit-extensions/0.7.3/xray-junit-extensions-0.7.3.jar:/home/pedro/.m2/repository/org/junit/jupiter/junit-jupiter-api/5.11.4/junit-jupiter-api-5.11.4.jar:/home/pedro/.m2/repository/org/opentest4j/opentest4j/1.3.0/opentest4j-1.3.0.jar:/home/pedro/.m2/repository/org/junit/platform/junit-platform-reporting/1.11.4/junit-platform-reporting-1.11.4.jar:/home/pedro/.m2/repository/org/junit/platform/junit-platform-launcher/1.11.4/junit-platform-launcher-1.11.4.jar:/home/pedro/.m2/repository/org/junit/platform/junit-platform-engine/1.11.4/junit-platform-engine-1.11.4.jar:/home/pedro/.m2/repository/org/junit/platform/junit-platform-commons/1.11.4/junit-platform-commons-1.11.4.jar:/home/pedro/.m2/repository/app/getxray/xray-maven-plugin/0.8.0/xray-maven-plugin-0.8.0.jar:/home/pedro/.m2/repository/com/squareup/okhttp3/okhttp/4.12.0/okhttp-4.12.0.jar:/home/pedro/.m2/repository/com/squareup/okio/okio/3.6.0/okio-3.6.0.jar:/home/pedro/.m2/repository/com/squareup/okio/okio-jvm/3.6.0/okio-jvm-3.6.0.jar:/home/pedro/.m2/repository/org/jetbrains/kotlin/kotlin-stdlib-common/1.9.20/kotlin-stdlib-common-1.9.20.jar:/home/pedro/.m2/repository/org/jetbrains/kotlin/kotlin-stdlib-jdk8/1.9.20/kotlin-stdlib-jdk8-1.9.20.jar:/home/pedro/.m2/repository/org/jetbrains/kotlin/kotlin-stdlib/1.9.20/kotlin-stdlib-1.9.20.jar:/home/pedro/.m2/repository/org/jetbrains/kotlin/kotlin-stdlib-jdk7/1.9.20/kotlin-stdlib-jdk7-1.9.20.jar:/home/pedro/.m2/repository/org/json/json/20231013/json-20231013.jar:/home/pedro/.m2/repository/org/codehaus/plexus/plexus-utils/3.4.1/plexus-utils-3.4.1.jar:/home/pedro/.m2/repository/org/postgresql/postgresql/42.6.0/postgresql-42.6.0.jar:/home/pedro/.m2/repository/org/checkerframework/checker-qual/3.31.0/checker-qual-3.31.0.jar:/home/pedro/.m2/repository/org/testcontainers/junit-jupiter/1.19.3/junit-jupiter-1.19.3.jar:/home/pedro/.m2/repository/org/testcontainers/testcontainers/1.19.3/testcontainers-1.19.3.jar:/home/pedro/.m2/repository/junit/junit/4.13.2/junit-4.13.2.jar:/home/pedro/.m2/repository/org/hamcrest/hamcrest-core/2.2/hamcrest-core-2.2.jar:/home/pedro/.m2/repository/org/rnorth/duct-tape/duct-tape/1.0.8/duct-tape-1.0.8.jar:/home/pedro/.m2/repository/org/jetbrains/annotations/17.0.0/annotations-17.0.0.jar:/home/pedro/.m2/repository/com/github/docker-java/docker-java-api/3.3.4/docker-java-api-3.3.4.jar:/home/pedro/.m2/repository/com/github/docker-java/docker-java-transport-zerodep/3.3.4/docker-java-transport-zerodep-3.3.4.jar:/home/pedro/.m2/repository/org/testcontainers/postgresql/1.19.3/postgresql-1.19.3.jar:/home/pedro/.m2/repository/org/testcontainers/jdbc/1.19.3/jdbc-1.19.3.jar:/home/pedro/.m2/repository/org/testcontainers/database-commons/1.19.3/database-commons-1.19.3.jar:/home/pedro/.m2/repository/org/springdoc/springdoc-openapi-starter-webmvc-ui/2.6.0/springdoc-openapi-starter-webmvc-ui-2.6.0.jar:/home/pedro/.m2/repository/org/springdoc/springdoc-openapi-starter-webmvc-api/2.6.0/springdoc-openapi-starter-webmvc-api-2.6.0.jar:/home/pedro/.m2/repository/org/springdoc/springdoc-openapi-starter-common/2.6.0/springdoc-openapi-starter-common-2.6.0.jar:/home/pedro/.m2/repository/io/swagger/core/v3/swagger-core-jakarta/2.2.22/swagger-core-jakarta-2.2.22.jar:/home/pedro/.m2/repository/io/swagger/core/v3/swagger-annotations-jakarta/2.2.22/swagger-annotations-jakarta-2.2.22.jar:/home/pedro/.m2/repository/io/swagger/core/v3/swagger-models-jakarta/2.2.22/swagger-models-jakarta-2.2.22.jar:/home/pedro/.m2/repository/com/fasterxml/jackson/dataformat/jackson-dataformat-yaml/2.15.3/jackson-dataformat-yaml-2.15.3.jar:/home/pedro/.m2/repository/org/webjars/swagger-ui/5.17.14/swagger-ui-5.17.14.jar:/home/pedro/.m2/repository/org/junit/jupiter/junit-jupiter/5.11.4/junit-jupiter-5.11.4.jar:/home/pedro/.m2/repository/org/junit/jupiter/junit-jupiter-params/5.11.4/junit-jupiter-params-5.11.4.jar:/home/pedro/.m2/repository/org/junit/jupiter/junit-jupiter-engine/5.11.4/junit-jupiter-engine-5.11.4.jar:/home/pedro/.m2/repository/org/assertj/assertj-core/3.26.0/assertj-core-3.26.0.jar:/home/pedro/.m2/repository/net/bytebuddy/byte-buddy/1.14.10/byte-buddy-1.14.10.jar:/home/pedro/.m2/repository/com/h2database/h2/2.2.224/h2-2.2.224.jar:/home/pedro/.m2/repository/org/springframework/boot/spring-boot-testcontainers/3.2.0/spring-boot-testcontainers-3.2.0.jar:/home/pedro/.m2/repository/io/rest-assured/rest-assured/5.5.1/rest-assured-5.5.1.jar:/home/pedro/.m2/repository/org/apache/groovy/groovy/4.0.15/groovy-4.0.15.jar:/home/pedro/.m2/repository/org/apache/groovy/groovy-xml/4.0.15/groovy-xml-4.0.15.jar:/home/pedro/.m2/repository/org/apache/httpcomponents/httpclient/4.5.13/httpclient-4.5.13.jar:/home/pedro/.m2/repository/org/apache/httpcomponents/httpcore/4.4.16/httpcore-4.4.16.jar:/home/pedro/.m2/repository/commons-logging/commons-logging/1.2/commons-logging-1.2.jar:/home/pedro/.m2/repository/commons-codec/commons-codec/1.16.0/commons-codec-1.16.0.jar:/home/pedro/.m2/repository/org/apache/httpcomponents/httpmime/4.5.13/httpmime-4.5.13.jar:/home/pedro/.m2/repository/org/ccil/cowan/tagsoup/tagsoup/1.2.1/tagsoup-1.2.1.jar:/home/pedro/.m2/repository/io/rest-assured/json-path/5.5.1/json-path-5.5.1.jar:/home/pedro/.m2/repository/org/apache/groovy/groovy-json/4.0.15/groovy-json-4.0.15.jar:/home/pedro/.m2/repository/io/rest-assured/rest-assured-common/5.5.1/rest-assured-common-5.5.1.jar:/home/pedro/.m2/repository/io/rest-assured/xml-path/5.5.1/xml-path-5.5.1.jar:/home/pedro/.m2/repository/io/rest-assured/spring-mock-mvc/5.5.1/spring-mock-mvc-5.5.1.jar:/home/pedro/.m2/repository/io/rest-assured/spring-commons/5.5.1/spring-commons-5.5.1.jar:/home/pedro/.m2/repository/org/junit/platform/junit-platform-suite/1.10.1/junit-platform-suite-1.10.1.jar:/home/pedro/.m2/repository/org/junit/platform/junit-platform-suite-api/1.11.4/junit-platform-suite-api-1.11.4.jar:/home/pedro/.m2/repository/org/junit/platform/junit-platform-suite-engine/1.11.4/junit-platform-suite-engine-1.11.4.jar:/home/pedro/.m2/repository/org/junit/platform/junit-platform-suite-commons/1.11.4/junit-platform-suite-commons-1.11.4.jar:/home/pedro/.m2/repository/io/cucumber/cucumber-java/7.15.0/cucumber-java-7.15.0.jar:/home/pedro/.m2/repository/io/cucumber/cucumber-core/7.15.0/cucumber-core-7.15.0.jar:/home/pedro/.m2/repository/io/cucumber/cucumber-gherkin/7.15.0/cucumber-gherkin-7.15.0.jar:/home/pedro/.m2/repository/io/cucumber/cucumber-gherkin-messages/7.15.0/cucumber-gherkin-messages-7.15.0.jar:/home/pedro/.m2/repository/io/cucumber/gherkin/26.2.0/gherkin-26.2.0.jar:/home/pedro/.m2/repository/io/cucumber/messages/22.0.0/messages-22.0.0.jar:/home/pedro/.m2/repository/io/cucumber/tag-expressions/6.0.0/tag-expressions-6.0.0.jar:/home/pedro/.m2/repository/io/cucumber/cucumber-expressions/17.0.1/cucumber-expressions-17.0.1.jar:/home/pedro/.m2/repository/io/cucumber/datatable/7.15.0/datatable-7.15.0.jar:/home/pedro/.m2/repository/io/cucumber/cucumber-plugin/7.15.0/cucumber-plugin-7.15.0.jar:/home/pedro/.m2/repository/io/cucumber/docstring/7.15.0/docstring-7.15.0.jar:/home/pedro/.m2/repository/io/cucumber/html-formatter/20.4.0/html-formatter-20.4.0.jar:/home/pedro/.m2/repository/io/cucumber/junit-xml-formatter/0.2.0/junit-xml-formatter-0.2.0.jar:/home/pedro/.m2/repository/io/cucumber/ci-environment/10.0.0/ci-environment-10.0.0.jar:/home/pedro/.m2/repository/org/apiguardian/apiguardian-api/1.1.2/apiguardian-api-1.1.2.jar:/home/pedro/.m2/repository/io/cucumber/cucumber-junit-platform-engine/7.15.0/cucumber-junit-platform-engine-7.15.0.jar:/home/pedro/.m2/repository/org/seleniumhq/selenium/selenium-java/4.29.0/selenium-java-4.29.0.jar:/home/pedro/.m2/repository/org/seleniumhq/selenium/selenium-api/4.14.1/selenium-api-4.14.1.jar:/home/pedro/.m2/repository/org/seleniumhq/selenium/selenium-chrome-driver/4.14.1/selenium-chrome-driver-4.14.1.jar:/home/pedro/.m2/repository/com/google/auto/service/auto-service-annotations/1.1.1/auto-service-annotations-1.1.1.jar:/home/pedro/.m2/repository/com/google/guava/guava/32.1.2-jre/guava-32.1.2-jre.jar:/home/pedro/.m2/repository/com/google/guava/failureaccess/1.0.1/failureaccess-1.0.1.jar:/home/pedro/.m2/repository/com/google/guava/listenablefuture/9999.0-empty-to-avoid-conflict-with-guava/listenablefuture-9999.0-empty-to-avoid-conflict-with-guava.jar:/home/pedro/.m2/repository/com/google/code/findbugs/jsr305/3.0.2/jsr305-3.0.2.jar:/home/pedro/.m2/repository/com/google/errorprone/error_prone_annotations/2.18.0/error_prone_annotations-2.18.0.jar:/home/pedro/.m2/repository/com/google/j2objc/j2objc-annotations/2.8/j2objc-annotations-2.8.jar:/home/pedro/.m2/repository/org/seleniumhq/selenium/selenium-chromium-driver/4.14.1/selenium-chromium-driver-4.14.1.jar:/home/pedro/.m2/repository/org/seleniumhq/selenium/selenium-json/4.14.1/selenium-json-4.14.1.jar:/home/pedro/.m2/repository/org/seleniumhq/selenium/selenium-manager/4.14.1/selenium-manager-4.14.1.jar:/home/pedro/.m2/repository/org/seleniumhq/selenium/selenium-devtools-v131/4.29.0/selenium-devtools-v131-4.29.0.jar:/home/pedro/.m2/repository/org/seleniumhq/selenium/selenium-devtools-v132/4.29.0/selenium-devtools-v132-4.29.0.jar:/home/pedro/.m2/repository/org/seleniumhq/selenium/selenium-devtools-v133/4.29.0/selenium-devtools-v133-4.29.0.jar:/home/pedro/.m2/repository/org/seleniumhq/selenium/selenium-devtools-v85/4.14.1/selenium-devtools-v85-4.14.1.jar:/home/pedro/.m2/repository/org/seleniumhq/selenium/selenium-edge-driver/4.14.1/selenium-edge-driver-4.14.1.jar:/home/pedro/.m2/repository/org/seleniumhq/selenium/selenium-firefox-driver/4.14.1/selenium-firefox-driver-4.14.1.jar:/home/pedro/.m2/repository/org/seleniumhq/selenium/selenium-http/4.14.1/selenium-http-4.14.1.jar:/home/pedro/.m2/repository/dev/failsafe/failsafe/3.3.2/failsafe-3.3.2.jar:/home/pedro/.m2/repository/org/seleniumhq/selenium/selenium-ie-driver/4.14.1/selenium-ie-driver-4.14.1.jar:/home/pedro/.m2/repository/org/seleniumhq/selenium/selenium-remote-driver/4.14.1/selenium-remote-driver-4.14.1.jar:/home/pedro/.m2/repository/io/opentelemetry/opentelemetry-api/1.31.0/opentelemetry-api-1.31.0.jar:/home/pedro/.m2/repository/io/opentelemetry/opentelemetry-context/1.31.0/opentelemetry-context-1.31.0.jar:/home/pedro/.m2/repository/io/opentelemetry/opentelemetry-exporter-logging/1.31.0/opentelemetry-exporter-logging-1.31.0.jar:/home/pedro/.m2/repository/io/opentelemetry/opentelemetry-sdk-common/1.31.0/opentelemetry-sdk-common-1.31.0.jar:/home/pedro/.m2/repository/io/opentelemetry/opentelemetry-sdk-extension-autoconfigure-spi/1.31.0/opentelemetry-sdk-extension-autoconfigure-spi-1.31.0.jar:/home/pedro/.m2/repository/io/opentelemetry/opentelemetry-sdk-extension-autoconfigure/1.31.0/opentelemetry-sdk-extension-autoconfigure-1.31.0.jar:/home/pedro/.m2/repository/io/opentelemetry/opentelemetry-api-events/1.31.0-alpha/opentelemetry-api-events-1.31.0-alpha.jar:/home/pedro/.m2/repository/io/opentelemetry/opentelemetry-sdk-trace/1.31.0/opentelemetry-sdk-trace-1.31.0.jar:/home/pedro/.m2/repository/io/opentelemetry/opentelemetry-sdk/1.31.0/opentelemetry-sdk-1.31.0.jar:/home/pedro/.m2/repository/io/opentelemetry/opentelemetry-sdk-metrics/1.31.0/opentelemetry-sdk-metrics-1.31.0.jar:/home/pedro/.m2/repository/io/opentelemetry/opentelemetry-extension-incubator/1.31.0-alpha/opentelemetry-extension-incubator-1.31.0-alpha.jar:/home/pedro/.m2/repository/io/opentelemetry/opentelemetry-sdk-logs/1.31.0/opentelemetry-sdk-logs-1.31.0.jar:/home/pedro/.m2/repository/io/opentelemetry/opentelemetry-semconv/1.28.0-alpha/opentelemetry-semconv-1.28.0-alpha.jar:/home/pedro/.m2/repository/org/seleniumhq/selenium/selenium-os/4.14.1/selenium-os-4.14.1.jar:/home/pedro/.m2/repository/org/apache/commons/commons-exec/1.3/commons-exec-1.3.jar:/home/pedro/.m2/repository/org/seleniumhq/selenium/selenium-safari-driver/4.14.1/selenium-safari-driver-4.14.1.jar:/home/pedro/.m2/repository/org/seleniumhq/selenium/selenium-support/4.14.1/selenium-support-4.14.1.jar:/home/pedro/.m2/repository/io/github/bonigarcia/webdrivermanager/5.9.2/webdrivermanager-5.9.2.jar:/home/pedro/.m2/repository/org/slf4j/slf4j-api/2.0.9/slf4j-api-2.0.9.jar:/home/pedro/.m2/repository/com/google/code/gson/gson/2.10.1/gson-2.10.1.jar:/home/pedro/.m2/repository/com/github/docker-java/docker-java/3.4.0/docker-java-3.4.0.jar:/home/pedro/.m2/repository/com/github/docker-java/docker-java-core/3.4.0/docker-java-core-3.4.0.jar:/home/pedro/.m2/repository/org/slf4j/jcl-over-slf4j/2.0.9/jcl-over-slf4j-2.0.9.jar:/home/pedro/.m2/repository/com/github/docker-java/docker-java-transport-httpclient5/3.4.0/docker-java-transport-httpclient5-3.4.0.jar:/home/pedro/.m2/repository/com/github/docker-java/docker-java-transport/3.4.0/docker-java-transport-3.4.0.jar:/home/pedro/.m2/repository/net/java/dev/jna/jna/5.13.0/jna-5.13.0.jar:/home/pedro/.m2/repository/org/brotli/dec/0.1.2/dec-0.1.2.jar:/home/pedro/.m2/repository/org/apache/commons/commons-lang3/3.13.0/commons-lang3-3.13.0.jar:/home/pedro/.m2/repository/org/apache/commons/commons-compress/1.26.2/commons-compress-1.26.2.jar:/home/pedro/.m2/repository/commons-io/commons-io/2.16.1/commons-io-2.16.1.jar:/home/pedro/.m2/repository/org/apache/httpcomponents/client5/httpclient5/5.2.1/httpclient5-5.2.1.jar:/home/pedro/.m2/repository/org/apache/httpcomponents/core5/httpcore5/5.2.3/httpcore5-5.2.3.jar:/home/pedro/.m2/repository/org/apache/httpcomponents/core5/httpcore5-h2/5.2.3/httpcore5-h2-5.2.3.jar:/home/pedro/.m2/repository/javax/persistence/javax.persistence-api/2.2/javax.persistence-api-2.2.jar:"/>
<property name="user.country" value="US"/>
<property name="user.dir" value="/home/pedro/Documents/Universidade/3ano/2semestre/TQS/TQS-project/smartVolt/backend/smartvolt"/>
<property name="user.home" value="/home/pedro"/>
<property name="user.language" value="en"/>
<property name="user.name" value="pedro"/>
<property name="user.timezone" value="Europe/Lisbon"/>
</properties>
<testcase name="getAllChargingStations_WhenOperatorExists_ReturnsListOfChargingStations" classname="ua.tqs.smartvolt.smartvolt.services.ChargingStationServiceTest" time="2" started-at="2025-05-29T19:41:43.500645157" finished-at="2025-05-29T19:41:46.475991195">
<system-out><![CDATA[
unique-id: [engine:junit-jupiter]/[class:ua.tqs.smartvolt.smartvolt.services.ChargingStationServiceTest]/[method:getAllChargingStations_WhenOperatorExists_ReturnsListOfChargingStations()]
display-name: getAllChargingStations_WhenOperatorExists_ReturnsListOfChargingStations()
]]></system-out>
<properties>
<property name="requirements" value="SV-34"/>
<property name="tags" value="UnitTest"/>
<property name="_dummy_" value=""/>
</properties>
</testcase>
<testcase name="checkNotEmptyList_shouldThrowException_whenListIsNullOrEmpty" classname="ua.tqs.smartvolt.smartvolt.utils.validation.ValidatorTest" time="0" started-at="2025-05-29T19:41:46.664720314" finished-at="2025-05-29T19:41:46.673449782">
<system-out><![CDATA[
unique-id: [engine:junit-jupiter]/[class:ua.tqs.smartvolt.smartvolt.utils.validation.ValidatorTest]/[method:checkNotEmptyList_shouldThrowException_whenListIsNullOrEmpty()]
display-name: checkNotEmptyList_shouldThrowException_whenListIsNullOrEmpty()
]]></system-out>
<properties>
<property name="tags" value="UnitTest"/>
<property name="_dummy_" value=""/>
</properties>
</testcase>
<testcase name="checkLessThan_shouldThrowException_whenValueIsGreaterThanThreshold" classname="ua.tqs.smartvolt.smartvolt.utils.validation.ValidatorTest" time="0" started-at="2025-05-29T19:41:46.651497" finished-at="2025-05-29T19:41:46.656230123">
<system-out><![CDATA[
unique-id: [engine:junit-jupiter]/[class:ua.tqs.smartvolt.smartvolt.utils.validation.ValidatorTest]/[method:checkLessThan_shouldThrowException_whenValueIsGreaterThanThreshold()]
display-name: checkLessThan_shouldThrowException_whenValueIsGreaterThanThreshold()
]]></system-out>
<properties>
<property name="tags" value="UnitTest"/>
<property name="_dummy_" value=""/>
</properties>
</testcase>
<testcase name="checkNotEmptyString_shouldNotThrowException_whenStringIsNotEmpty" classname="ua.tqs.smartvolt.smartvolt.utils.validation.ValidatorTest" time="0" started-at="2025-05-29T19:41:46.62650656" finished-at="2025-05-29T19:41:46.630407767">
<system-out><![CDATA[
unique-id: [engine:junit-jupiter]/[class:ua.tqs.smartvolt.smartvolt.utils.validation.ValidatorTest]/[method:checkNotEmptyString_shouldNotThrowException_whenStringIsNotEmpty()]
display-name: checkNotEmptyString_shouldNotThrowException_whenStringIsNotEmpty()
]]></system-out>
<properties>
<property name="tags" value="UnitTest"/>
<property name="_dummy_" value=""/>
</properties>
</testcase>
<testcase name="checkCoordinates_shouldNotThrowException_whenCoordinatesAreValid" classname="ua.tqs.smartvolt.smartvolt.utils.validation.ValidatorTest" time="0" started-at="2025-05-29T19:41:46.631292512" finished-at="2025-05-29T19:41:46.63718506">
<system-out><![CDATA[
unique-id: [engine:junit-jupiter]/[class:ua.tqs.smartvolt.smartvolt.utils.validation.ValidatorTest]/[method:checkCoordinates_shouldNotThrowException_whenCoordinatesAreValid()]
display-name: checkCoordinates_shouldNotThrowException_whenCoordinatesAreValid()
]]></system-out>
<properties>
<property name="tags" value="UnitTest"/>
<property name="_dummy_" value=""/>
</properties>
</testcase>
<testcase name="checkCoordinates_shouldThrowException_whenLatitudeIsNull" classname="ua.tqs.smartvolt.smartvolt.utils.validation.ValidatorTest" time="0" started-at="2025-05-29T19:41:46.685329056" finished-at="2025-05-29T19:41:46.693566165">
<system-out><![CDATA[
unique-id: [engine:junit-jupiter]/[class:ua.tqs.smartvolt.smartvolt.utils.validation.ValidatorTest]/[method:checkCoordinates_shouldThrowException_whenLatitudeIsNull()]
display-name: checkCoordinates_shouldThrowException_whenLatitudeIsNull()
]]></system-out>
<properties>
<property name="tags" value="UnitTest"/>
<property name="_dummy_" value=""/>
</properties>
</testcase>
<testcase name="checkNotEmptyList_shouldNotThrowException_whenListIsNotEmpty" classname="ua.tqs.smartvolt.smartvolt.utils.validation.ValidatorTest" time="0" started-at="2025-05-29T19:41:46.587115176" finished-at="2025-05-29T19:41:46.592752905">
<system-out><![CDATA[
unique-id: [engine:junit-jupiter]/[class:ua.tqs.smartvolt.smartvolt.utils.validation.ValidatorTest]/[method:checkNotEmptyList_shouldNotThrowException_whenListIsNotEmpty()]
display-name: checkNotEmptyList_shouldNotThrowException_whenListIsNotEmpty()
]]></system-out>
<properties>
<property name="tags" value="UnitTest"/>
<property name="_dummy_" value=""/>
</properties>
</testcase>
<testcase name="checkUrl_shouldNotThrowException_whenUrlIsValid" classname="ua.tqs.smartvolt.smartvolt.utils.validation.ValidatorTest" time="0" started-at="2025-05-29T19:41:46.699669193" finished-at="2025-05-29T19:41:46.704928477">
<system-out><![CDATA[
unique-id: [engine:junit-jupiter]/[class:ua.tqs.smartvolt.smartvolt.utils.validation.ValidatorTest]/[method:checkUrl_shouldNotThrowException_whenUrlIsValid()]
display-name: checkUrl_shouldNotThrowException_whenUrlIsValid()
]]></system-out>
<properties>
<property name="tags" value="UnitTest"/>
<property name="_dummy_" value=""/>
</properties>
</testcase>
<testcase name="checkNotEmptyMap_shouldThrowException_whenMapIsNullOrEmpty" classname="ua.tqs.smartvolt.smartvolt.utils.validation.ValidatorTest" time="0" started-at="2025-05-29T19:41:46.58143962" finished-at="2025-05-29T19:41:46.586403215">
<system-out><![CDATA[
unique-id: [engine:junit-jupiter]/[class:ua.tqs.smartvolt.smartvolt.utils.validation.ValidatorTest]/[method:checkNotEmptyMap_shouldThrowException_whenMapIsNullOrEmpty()]
display-name: checkNotEmptyMap_shouldThrowException_whenMapIsNullOrEmpty()
]]></system-out>
<properties>
<property name="tags" value="UnitTest"/>
<property name="_dummy_" value=""/>
</properties>
</testcase>
<testcase name="getAllChargingStations_WhenOperatorNotExists_ThenThrowsResourceNotFoundException" classname="ua.tqs.smartvolt.smartvolt.integration.ChargingStationControllerIT" time="0" started-at="2025-05-29T19:41:56.747746027" finished-at="2025-05-29T19:41:56.770027346">
<error message="Failed to load ApplicationContext for [WebMergedContextConfiguration@5d394592 testClass = ua.tqs.smartvolt.smartvolt.integration.ChargingStationControllerIT, locations = [], classes = [ua.tqs.smartvolt.smartvolt.SmartvoltApplication], contextInitializerClasses = [], activeProfiles = [&quot;testcontainers&quot;], propertySourceDescriptors = [], propertySourceProperties = [&quot;org.springframework.boot.test.context.SpringBootTestContextBootstrapper=true&quot;, &quot;server.port=0&quot;], contextCustomizers = [org.springframework.boot.test.context.filter.ExcludeFilterContextCustomizer@67fdc1e9, org.springframework.boot.test.json.DuplicateJsonObjectContextCustomizerFactory$DuplicateJsonObjectContextCustomizer@451393a9, org.springframework.boot.test.mock.mockito.MockitoContextCustomizer@0, org.springframework.boot.test.web.client.TestRestTemplateContextCustomizer@6b6b4177, org.springframework.boot.test.autoconfigure.actuate.observability.ObservabilityContextCustomizerFactory$DisableObservabilityContextCustomizer@1f, org.springframework.boot.test.autoconfigure.properties.PropertyMappingContextCustomizer@0, org.springframework.boot.test.autoconfigure.web.servlet.WebDriverContextCustomizer@51f91d19, org.springframework.test.context.support.DynamicPropertiesContextCustomizer@18f998aa, org.springframework.boot.testcontainers.service.connection.ServiceConnectionContextCustomizer@0, org.springframework.boot.test.context.SpringBootTestAnnotation@1d50857b], resourceBasePath = &quot;src/main/webapp&quot;, contextLoader = org.springframework.boot.test.context.SpringBootContextLoader, parent = null]" type="java.lang.IllegalStateException"><![CDATA[java.lang.IllegalStateException: Failed to load ApplicationContext for [WebMergedContextConfiguration@5d394592 testClass = ua.tqs.smartvolt.smartvolt.integration.ChargingStationControllerIT, locations = [], classes = [ua.tqs.smartvolt.smartvolt.SmartvoltApplication], contextInitializerClasses = [], activeProfiles = ["testcontainers"], propertySourceDescriptors = [], propertySourceProperties = ["org.springframework.boot.test.context.SpringBootTestContextBootstrapper=true", "server.port=0"], contextCustomizers = [org.springframework.boot.test.context.filter.ExcludeFilterContextCustomizer@67fdc1e9, org.springframework.boot.test.json.DuplicateJsonObjectContextCustomizerFactory$DuplicateJsonObjectContextCustomizer@451393a9, org.springframework.boot.test.mock.mockito.MockitoContextCustomizer@0, org.springframework.boot.test.web.client.TestRestTemplateContextCustomizer@6b6b4177, org.springframework.boot.test.autoconfigure.actuate.observability.ObservabilityContextCustomizerFactory$DisableObservabilityContextCustomizer@1f, org.springframework.boot.test.autoconfigure.properties.PropertyMappingContextCustomizer@0, org.springframework.boot.test.autoconfigure.web.servlet.WebDriverContextCustomizer@51f91d19, org.springframework.test.context.support.DynamicPropertiesContextCustomizer@18f998aa, org.springframework.boot.testcontainers.service.connection.ServiceConnectionContextCustomizer@0, org.springframework.boot.test.context.SpringBootTestAnnotation@1d50857b], resourceBasePath = "src/main/webapp", contextLoader = org.springframework.boot.test.context.SpringBootContextLoader, parent = null]
	at org.springframework.test.context.cache.DefaultCacheAwareContextLoaderDelegate.loadContext(DefaultCacheAwareContextLoaderDelegate.java:180)
	at org.springframework.test.context.support.DefaultTestContext.getApplicationContext(DefaultTestContext.java:130)
	at org.springframework.test.context.support.DependencyInjectionTestExecutionListener.injectDependencies(DependencyInjectionTestExecutionListener.java:141)
	at org.springframework.test.context.support.DependencyInjectionTestExecutionListener.prepareTestInstance(DependencyInjectionTestExecutionListener.java:97)
	at org.springframework.test.context.TestContextManager.prepareTestInstance(TestContextManager.java:247)
	at org.springframework.test.context.junit.jupiter.SpringExtension.postProcessTestInstance(SpringExtension.java:163)
	at java.base/java.util.stream.ForEachOps$ForEachOp$OfRef.accept(ForEachOps.java:184)
	at java.base/java.util.stream.ReferencePipeline$3$1.accept(ReferencePipeline.java:197)
	at java.base/java.util.stream.ReferencePipeline$2$1.accept(ReferencePipeline.java:179)
	at java.base/java.util.stream.ReferencePipeline$3$1.accept(ReferencePipeline.java:197)
	at java.base/java.util.ArrayList$ArrayListSpliterator.forEachRemaining(ArrayList.java:1708)
	at java.base/java.util.stream.AbstractPipeline.copyInto(AbstractPipeline.java:509)
	at java.base/java.util.stream.AbstractPipeline.wrapAndCopyInto(AbstractPipeline.java:499)
	at java.base/java.util.stream.ForEachOps$ForEachOp.evaluateSequential(ForEachOps.java:151)
	at java.base/java.util.stream.ForEachOps$ForEachOp$OfRef.evaluateSequential(ForEachOps.java:174)
	at java.base/java.util.stream.AbstractPipeline.evaluate(AbstractPipeline.java:234)
	at java.base/java.util.stream.ReferencePipeline.forEach(ReferencePipeline.java:596)
	at java.base/java.util.Optional.orElseGet(Optional.java:364)
	at java.base/java.util.ArrayList.forEach(ArrayList.java:1596)
	at java.base/java.util.ArrayList.forEach(ArrayList.java:1596)
Caused by: org.springframework.context.ApplicationContextException: Unable to start web server
	at org.springframework.boot.web.servlet.context.ServletWebServerApplicationContext.onRefresh(ServletWebServerApplicationContext.java:165)
	at org.springframework.context.support.AbstractApplicationContext.refresh(AbstractApplicationContext.java:610)
	at org.springframework.boot.web.servlet.context.ServletWebServerApplicationContext.refresh(ServletWebServerApplicationContext.java:146)
	at org.springframework.boot.SpringApplication.refresh(SpringApplication.java:753)
	at org.springframework.boot.SpringApplication.refreshContext(SpringApplication.java:455)
	at org.springframework.boot.SpringApplication.run(SpringApplication.java:323)
	at org.springframework.boot.test.context.SpringBootContextLoader.lambda$loadContext$3(SpringBootContextLoader.java:137)
	at org.springframework.util.function.ThrowingSupplier.get(ThrowingSupplier.java:58)
	at org.springframework.util.function.ThrowingSupplier.get(ThrowingSupplier.java:46)
	at org.springframework.boot.SpringApplication.withHook(SpringApplication.java:1442)
	at org.springframework.boot.test.context.SpringBootContextLoader$ContextLoaderHook.run(SpringBootContextLoader.java:552)
	at org.springframework.boot.test.context.SpringBootContextLoader.loadContext(SpringBootContextLoader.java:137)
	at org.springframework.boot.test.context.SpringBootContextLoader.loadContext(SpringBootContextLoader.java:108)
	at org.springframework.test.context.cache.DefaultCacheAwareContextLoaderDelegate.loadContextInternal(DefaultCacheAwareContextLoaderDelegate.java:225)
	at org.springframework.test.context.cache.DefaultCacheAwareContextLoaderDelegate.loadContext(DefaultCacheAwareContextLoaderDelegate.java:152)
	... 19 more
Caused by: org.springframework.boot.web.server.WebServerException: Unable to start embedded Tomcat
	at org.springframework.boot.web.embedded.tomcat.TomcatWebServer.initialize(TomcatWebServer.java:142)
	at org.springframework.boot.web.embedded.tomcat.TomcatWebServer.<init>(TomcatWebServer.java:104)
	at org.springframework.boot.web.embedded.tomcat.TomcatServletWebServerFactory.getTomcatWebServer(TomcatServletWebServerFactory.java:501)
	at org.springframework.boot.web.embedded.tomcat.TomcatServletWebServerFactory.getWebServer(TomcatServletWebServerFactory.java:218)
	at org.springframework.boot.web.servlet.context.ServletWebServerApplicationContext.createWebServer(ServletWebServerApplicationContext.java:188)
	at org.springframework.boot.web.servlet.context.ServletWebServerApplicationContext.onRefresh(ServletWebServerApplicationContext.java:162)
	... 33 more
Caused by: org.springframework.beans.factory.BeanCreationException: Error creating bean with name 'securityConfig': Injection of autowired dependencies failed
	at org.springframework.beans.factory.annotation.AutowiredAnnotationBeanPostProcessor.postProcessProperties(AutowiredAnnotationBeanPostProcessor.java:499)
	at org.springframework.beans.factory.support.AbstractAutowireCapableBeanFactory.populateBean(AbstractAutowireCapableBeanFactory.java:1420)
	at org.springframework.beans.factory.support.AbstractAutowireCapableBeanFactory.doCreateBean(AbstractAutowireCapableBeanFactory.java:600)
	at org.springframework.beans.factory.support.AbstractAutowireCapableBeanFactory.createBean(AbstractAutowireCapableBeanFactory.java:523)
	at org.springframework.beans.factory.support.AbstractBeanFactory.lambda$doGetBean$0(AbstractBeanFactory.java:325)
	at org.springframework.beans.factory.support.DefaultSingletonBeanRegistry.getSingleton(DefaultSingletonBeanRegistry.java:234)
	at org.springframework.beans.factory.support.AbstractBeanFactory.doGetBean(AbstractBeanFactory.java:323)
	at org.springframework.beans.factory.support.AbstractBeanFactory.getBean(AbstractBeanFactory.java:199)
	at org.springframework.beans.factory.support.ConstructorResolver.instantiateUsingFactoryMethod(ConstructorResolver.java:413)
	at org.springframework.beans.factory.support.AbstractAutowireCapableBeanFactory.instantiateUsingFactoryMethod(AbstractAutowireCapableBeanFactory.java:1336)
	at org.springframework.beans.factory.support.AbstractAutowireCapableBeanFactory.createBeanInstance(AbstractAutowireCapableBeanFactory.java:1166)
	at org.springframework.beans.factory.support.AbstractAutowireCapableBeanFactory.doCreateBean(AbstractAutowireCapableBeanFactory.java:563)
	at org.springframework.beans.factory.support.AbstractAutowireCapableBeanFactory.createBean(AbstractAutowireCapableBeanFactory.java:523)
	at org.springframework.beans.factory.support.AbstractBeanFactory.lambda$doGetBean$0(AbstractBeanFactory.java:325)
	at org.springframework.beans.factory.support.DefaultSingletonBeanRegistry.getSingleton(DefaultSingletonBeanRegistry.java:234)
	at org.springframework.beans.factory.support.AbstractBeanFactory.doGetBean(AbstractBeanFactory.java:323)
	at org.springframework.beans.factory.support.AbstractBeanFactory.getBean(AbstractBeanFactory.java:204)
	at org.springframework.boot.web.servlet.ServletContextInitializerBeans.getOrderedBeansOfType(ServletContextInitializerBeans.java:210)
	at org.springframework.boot.web.servlet.ServletContextInitializerBeans.addAsRegistrationBean(ServletContextInitializerBeans.java:173)
	at org.springframework.boot.web.servlet.ServletContextInitializerBeans.addAsRegistrationBean(ServletContextInitializerBeans.java:168)
	at org.springframework.boot.web.servlet.ServletContextInitializerBeans.addAdaptableBeans(ServletContextInitializerBeans.java:153)
	at org.springframework.boot.web.servlet.ServletContextInitializerBeans.<init>(ServletContextInitializerBeans.java:86)
	at org.springframework.boot.web.servlet.context.ServletWebServerApplicationContext.getServletContextInitializerBeans(ServletWebServerApplicationContext.java:266)
	at org.springframework.boot.web.servlet.context.ServletWebServerApplicationContext.selfInitialize(ServletWebServerApplicationContext.java:240)
	at org.springframework.boot.web.embedded.tomcat.TomcatStarter.onStartup(TomcatStarter.java:52)
	at org.apache.catalina.core.StandardContext.startInternal(StandardContext.java:4850)
	at org.apache.catalina.util.LifecycleBase.start(LifecycleBase.java:171)
	at org.apache.catalina.core.ContainerBase$StartChild.call(ContainerBase.java:1332)
	at org.apache.catalina.core.ContainerBase$StartChild.call(ContainerBase.java:1322)
	at java.base/java.util.concurrent.FutureTask.run(FutureTask.java:317)
	at org.apache.tomcat.util.threads.InlineExecutorService.execute(InlineExecutorService.java:75)
	at java.base/java.util.concurrent.AbstractExecutorService.submit(AbstractExecutorService.java:145)
	at org.apache.catalina.core.ContainerBase.startInternal(ContainerBase.java:866)
	at org.apache.catalina.core.StandardHost.startInternal(StandardHost.java:845)
	at org.apache.catalina.util.LifecycleBase.start(LifecycleBase.java:171)
	at org.apache.catalina.core.ContainerBase$StartChild.call(ContainerBase.java:1332)
	at org.apache.catalina.core.ContainerBase$StartChild.call(ContainerBase.java:1322)
	at java.base/java.util.concurrent.FutureTask.run(FutureTask.java:317)
	at org.apache.tomcat.util.threads.InlineExecutorService.execute(InlineExecutorService.java:75)
	at java.base/java.util.concurrent.AbstractExecutorService.submit(AbstractExecutorService.java:145)
	at org.apache.catalina.core.ContainerBase.startInternal(ContainerBase.java:866)
	at org.apache.catalina.core.StandardEngine.startInternal(StandardEngine.java:240)
	at org.apache.catalina.util.LifecycleBase.start(LifecycleBase.java:171)
	at org.apache.catalina.core.StandardService.startInternal(StandardService.java:433)
	at org.apache.catalina.util.LifecycleBase.start(LifecycleBase.java:171)
	at org.apache.catalina.core.StandardServer.startInternal(StandardServer.java:917)
	at org.apache.catalina.util.LifecycleBase.start(LifecycleBase.java:171)
	at org.apache.catalina.startup.Tomcat.start(Tomcat.java:488)
	at org.springframework.boot.web.embedded.tomcat.TomcatWebServer.initialize(TomcatWebServer.java:123)
	... 38 more
Caused by: java.lang.IllegalArgumentException: Could not resolve placeholder 'BACKEND_API_PREFIX' in value "${BACKEND_API_PREFIX}"
	at org.springframework.util.PropertyPlaceholderHelper.parseStringValue(PropertyPlaceholderHelper.java:180)
	at org.springframework.util.PropertyPlaceholderHelper.replacePlaceholders(PropertyPlaceholderHelper.java:126)
	at org.springframework.core.env.AbstractPropertyResolver.doResolvePlaceholders(AbstractPropertyResolver.java:239)
	at org.springframework.core.env.AbstractPropertyResolver.resolveRequiredPlaceholders(AbstractPropertyResolver.java:210)
	at org.springframework.context.support.PropertySourcesPlaceholderConfigurer.lambda$processProperties$0(PropertySourcesPlaceholderConfigurer.java:200)
	at org.springframework.beans.factory.support.AbstractBeanFactory.resolveEmbeddedValue(AbstractBeanFactory.java:921)
	at org.springframework.beans.factory.support.DefaultListableBeanFactory.doResolveDependency(DefaultListableBeanFactory.java:1372)
	at org.springframework.beans.factory.support.DefaultListableBeanFactory.resolveDependency(DefaultListableBeanFactory.java:1348)
	at org.springframework.beans.factory.annotation.AutowiredAnnotationBeanPostProcessor$AutowiredFieldElement.resolveFieldValue(AutowiredAnnotationBeanPostProcessor.java:769)
	at org.springframework.beans.factory.annotation.AutowiredAnnotationBeanPostProcessor$AutowiredFieldElement.inject(AutowiredAnnotationBeanPostProcessor.java:752)
	at org.springframework.beans.factory.annotation.InjectionMetadata.inject(InjectionMetadata.java:145)
	at org.springframework.beans.factory.annotation.AutowiredAnnotationBeanPostProcessor.postProcessProperties(AutowiredAnnotationBeanPostProcessor.java:493)
	... 86 more
]]></error>
<system-out><![CDATA[
unique-id: [engine:junit-jupiter]/[class:ua.tqs.smartvolt.smartvolt.integration.ChargingStationControllerIT]/[method:getAllChargingStations_WhenOperatorNotExists_ThenThrowsResourceNotFoundException()]
display-name: getAllChargingStations_WhenOperatorNotExists_ThenThrowsResourceNotFoundException()
]]></system-out>
<properties>
<property name="requirements" value="SV-34"/>
<property name="tags" value="IT-Fast"/>
<property name="_dummy_" value=""/>
</properties>
</testcase>
<testcase name="checkGreaterThan_shouldThrowException_whenValueIsLessThanThreshold" classname="ua.tqs.smartvolt.smartvolt.utils.validation.ValidatorTest" time="0" started-at="2025-05-29T19:41:46.610659178" finished-at="2025-05-29T19:41:46.618733858">
<system-out><![CDATA[
unique-id: [engine:junit-jupiter]/[class:ua.tqs.smartvolt.smartvolt.utils.validation.ValidatorTest]/[method:checkGreaterThan_shouldThrowException_whenValueIsLessThanThreshold()]
display-name: checkGreaterThan_shouldThrowException_whenValueIsLessThanThreshold()
]]></system-out>
<properties>
<property name="tags" value="UnitTest"/>
<property name="_dummy_" value=""/>
</properties>
</testcase>
<testcase name="checkLessThan_shouldThrowException_whenValueIsEqualToThreshold" classname="ua.tqs.smartvolt.smartvolt.utils.validation.ValidatorTest" time="0" started-at="2025-05-29T19:41:46.694942318" finished-at="2025-05-29T19:41:46.698518177">
<system-out><![CDATA[
unique-id: [engine:junit-jupiter]/[class:ua.tqs.smartvolt.smartvolt.utils.validation.ValidatorTest]/[method:checkLessThan_shouldThrowException_whenValueIsEqualToThreshold()]
display-name: checkLessThan_shouldThrowException_whenValueIsEqualToThreshold()
]]></system-out>
<properties>
<property name="tags" value="UnitTest"/>
<property name="_dummy_" value=""/>
</properties>
</testcase>
<testcase name="checkNotNull_shouldThrowException_whenObjectIsNull" classname="ua.tqs.smartvolt.smartvolt.utils.validation.ValidatorTest" time="0" started-at="2025-05-29T19:41:46.674852507" finished-at="2025-05-29T19:41:46.684344757">
<system-out><![CDATA[
unique-id: [engine:junit-jupiter]/[class:ua.tqs.smartvolt.smartvolt.utils.validation.ValidatorTest]/[method:checkNotNull_shouldThrowException_whenObjectIsNull()]
display-name: checkNotNull_shouldThrowException_whenObjectIsNull()
]]></system-out>
<properties>
<property name="tags" value="UnitTest"/>
<property name="_dummy_" value=""/>
</properties>
</testcase>
<testcase name="checkCoordinates_shouldThrowException_whenCoordinatesAreInvalid" classname="ua.tqs.smartvolt.smartvolt.utils.validation.ValidatorTest" time="0" started-at="2025-05-29T19:41:46.601137849" finished-at="2025-05-29T19:41:46.609201571">
<system-out><![CDATA[
unique-id: [engine:junit-jupiter]/[class:ua.tqs.smartvolt.smartvolt.utils.validation.ValidatorTest]/[method:checkCoordinates_shouldThrowException_whenCoordinatesAreInvalid()]
display-name: checkCoordinates_shouldThrowException_whenCoordinatesAreInvalid()
]]></system-out>
<properties>
<property name="tags" value="UnitTest"/>
<property name="_dummy_" value=""/>
</properties>
</testcase>
<testcase name="checkUrl_shouldThrowException_whenUrlIsInvalid" classname="ua.tqs.smartvolt.smartvolt.utils.validation.ValidatorTest" time="0" started-at="2025-05-29T19:41:46.657243569" finished-at="2025-05-29T19:41:46.662380753">
<system-out><![CDATA[
unique-id: [engine:junit-jupiter]/[class:ua.tqs.smartvolt.smartvolt.utils.validation.ValidatorTest]/[method:checkUrl_shouldThrowException_whenUrlIsInvalid()]
display-name: checkUrl_shouldThrowException_whenUrlIsInvalid()
]]></system-out>
<properties>
<property name="tags" value="UnitTest"/>
<property name="_dummy_" value=""/>
</properties>
</testcase>
<testcase name="createChargingStation_WhenOperatorExists_CreatesChargingStation" classname="ua.tqs.smartvolt.smartvolt.services.ChargingStationServiceTest" time="0" started-at="2025-05-29T19:41:46.497019653" finished-at="2025-05-29T19:41:46.526530734">
<system-out><![CDATA[
unique-id: [engine:junit-jupiter]/[class:ua.tqs.smartvolt.smartvolt.services.ChargingStationServiceTest]/[method:createChargingStation_WhenOperatorExists_CreatesChargingStation()]
display-name: createChargingStation_WhenOperatorExists_CreatesChargingStation()
]]></system-out>
<properties>
<property name="requirements" value="SV-34"/>
<property name="tags" value="UnitTest"/>
<property name="_dummy_" value=""/>
</properties>
</testcase>
<testcase name="checkNotEmptyString_shouldThrowException_whenStringIsNullOrEmpty" classname="ua.tqs.smartvolt.smartvolt.utils.validation.ValidatorTest" time="0" started-at="2025-05-29T19:41:46.638096869" finished-at="2025-05-29T19:41:46.643461653">
<system-out><![CDATA[
unique-id: [engine:junit-jupiter]/[class:ua.tqs.smartvolt.smartvolt.utils.validation.ValidatorTest]/[method:checkNotEmptyString_shouldThrowException_whenStringIsNullOrEmpty()]
display-name: checkNotEmptyString_shouldThrowException_whenStringIsNullOrEmpty()
]]></system-out>
<properties>
<property name="tags" value="UnitTest"/>
<property name="_dummy_" value=""/>
</properties>
</testcase>
<testcase name="checkGreaterThan_shouldThrowException_whenValueIsNull" classname="ua.tqs.smartvolt.smartvolt.utils.validation.ValidatorTest" time="0" started-at="2025-05-29T19:41:46.593491806" finished-at="2025-05-29T19:41:46.59704022">
<system-out><![CDATA[
unique-id: [engine:junit-jupiter]/[class:ua.tqs.smartvolt.smartvolt.utils.validation.ValidatorTest]/[method:checkGreaterThan_shouldThrowException_whenValueIsNull()]
display-name: checkGreaterThan_shouldThrowException_whenValueIsNull()
]]></system-out>
<properties>
<property name="tags" value="UnitTest"/>
<property name="_dummy_" value=""/>
</properties>
</testcase>
<testcase name="checkGreaterThan_shouldNotThrowException_whenValueIsGraterThanThreshold" classname="ua.tqs.smartvolt.smartvolt.utils.validation.ValidatorTest" time="0" started-at="2025-05-29T19:41:46.64454087" finished-at="2025-05-29T19:41:46.650010137">
<system-out><![CDATA[
unique-id: [engine:junit-jupiter]/[class:ua.tqs.smartvolt.smartvolt.utils.validation.ValidatorTest]/[method:checkGreaterThan_shouldNotThrowException_whenValueIsGraterThanThreshold()]
display-name: checkGreaterThan_shouldNotThrowException_whenValueIsGraterThanThreshold()
]]></system-out>
<properties>
<property name="tags" value="UnitTest"/>
<property name="_dummy_" value=""/>
</properties>
</testcase>
<testcase name="checkNotNull_shouldNotThrowException_whenObjectIsNotNull" classname="ua.tqs.smartvolt.smartvolt.utils.validation.ValidatorTest" time="0" started-at="2025-05-29T19:41:46.619787741" finished-at="2025-05-29T19:41:46.625597867">
<system-out><![CDATA[
unique-id: [engine:junit-jupiter]/[class:ua.tqs.smartvolt.smartvolt.utils.validation.ValidatorTest]/[method:checkNotNull_shouldNotThrowException_whenObjectIsNotNull()]
display-name: checkNotNull_shouldNotThrowException_whenObjectIsNotNull()
]]></system-out>
<properties>
<property name="tags" value="UnitTest"/>
<property name="_dummy_" value=""/>
</properties>
</testcase>
<testcase name="checkLessThan_shouldThrowException_whenValueIsEqualToExpected" classname="ua.tqs.smartvolt.smartvolt.utils.validation.ValidatorTest" time="0" started-at="2025-05-29T19:41:46.597648842" finished-at="2025-05-29T19:41:46.599892582">
<system-out><![CDATA[
unique-id: [engine:junit-jupiter]/[class:ua.tqs.smartvolt.smartvolt.utils.validation.ValidatorTest]/[method:checkLessThan_shouldThrowException_whenValueIsEqualToExpected()]
display-name: checkLessThan_shouldThrowException_whenValueIsEqualToExpected()
]]></system-out>
<properties>
<property name="tags" value="UnitTest"/>
<property name="_dummy_" value=""/>
</properties>
</testcase>
<testcase name="checkLessThan_shouldThrowException_whenValueIsNull" classname="ua.tqs.smartvolt.smartvolt.utils.validation.ValidatorTest" time="0" started-at="2025-05-29T19:41:46.706480144" finished-at="2025-05-29T19:41:46.711326006">
<system-out><![CDATA[
unique-id: [engine:junit-jupiter]/[class:ua.tqs.smartvolt.smartvolt.utils.validation.ValidatorTest]/[method:checkLessThan_shouldThrowException_whenValueIsNull()]
display-name: checkLessThan_shouldThrowException_whenValueIsNull()
]]></system-out>
<properties>
<property name="tags" value="UnitTest"/>
<property name="_dummy_" value=""/>
</properties>
</testcase>
<testcase name="checkLessThan_shouldNotThrowException_whenValueIsLessThanThreshold" classname="ua.tqs.smartvolt.smartvolt.utils.validation.ValidatorTest" time="0" started-at="2025-05-29T19:41:46.719086489" finished-at="2025-05-29T19:41:46.726217418">
<system-out><![CDATA[
unique-id: [engine:junit-jupiter]/[class:ua.tqs.smartvolt.smartvolt.utils.validation.ValidatorTest]/[method:checkLessThan_shouldNotThrowException_whenValueIsLessThanThreshold()]
display-name: checkLessThan_shouldNotThrowException_whenValueIsLessThanThreshold()
]]></system-out>
<properties>
<property name="tags" value="UnitTest"/>
<property name="_dummy_" value=""/>
</properties>
</testcase>
<testcase name="checkNotEmptyMap_shouldNotThrowException_whenMapIsNotEmpty" classname="ua.tqs.smartvolt.smartvolt.utils.validation.ValidatorTest" time="0" started-at="2025-05-29T19:41:46.572857402" finished-at="2025-05-29T19:41:46.580756992">
<system-out><![CDATA[
unique-id: [engine:junit-jupiter]/[class:ua.tqs.smartvolt.smartvolt.utils.validation.ValidatorTest]/[method:checkNotEmptyMap_shouldNotThrowException_whenMapIsNotEmpty()]
display-name: checkNotEmptyMap_shouldNotThrowException_whenMapIsNotEmpty()
]]></system-out>
<properties>
<property name="tags" value="UnitTest"/>
<property name="_dummy_" value=""/>
</properties>
</testcase>
<testcase name="getAllChargingStations_WhenOperatorDoesNotExist_ThrowsResourceNotFoundException" classname="ua.tqs.smartvolt.smartvolt.services.ChargingStationServiceTest" time="0" started-at="2025-05-29T19:41:46.527368951" finished-at="2025-05-29T19:41:46.544956361">
<system-out><![CDATA[
unique-id: [engine:junit-jupiter]/[class:ua.tqs.smartvolt.smartvolt.services.ChargingStationServiceTest]/[method:getAllChargingStations_WhenOperatorDoesNotExist_ThrowsResourceNotFoundException()]
display-name: getAllChargingStations_WhenOperatorDoesNotExist_ThrowsResourceNotFoundException()
]]></system-out>
<properties>
<property name="requirements" value="SV-34"/>
<property name="tags" value="UnitTest"/>
<property name="_dummy_" value=""/>
</properties>
</testcase>
<testcase name="createChargingStation_WhenOperatorDoesNotExist_ThrowsResourceNotFoundException" classname="ua.tqs.smartvolt.smartvolt.services.ChargingStationServiceTest" time="0" started-at="2025-05-29T19:41:46.47806177" finished-at="2025-05-29T19:41:46.49549445">
<system-out><![CDATA[
unique-id: [engine:junit-jupiter]/[class:ua.tqs.smartvolt.smartvolt.services.ChargingStationServiceTest]/[method:createChargingStation_WhenOperatorDoesNotExist_ThrowsResourceNotFoundException()]
display-name: createChargingStation_WhenOperatorDoesNotExist_ThrowsResourceNotFoundException()
]]></system-out>
<properties>
<property name="requirements" value="SV-34"/>
<property name="tags" value="UnitTest"/>
<property name="_dummy_" value=""/>
</properties>
</testcase>
<system-out><![CDATA[
unique-id: [engine:junit-jupiter]
display-name: JUnit Jupiter
]]></system-out>
</testsuite>
