<?xml version="1.0" encoding="UTF-8"?>
<testsuite name="JUnit Jupiter" tests="33" skipped="0" failures="0" errors="0" time="14" hostname="lenovo" timestamp="2025-05-30T15:23:55">
<properties>
<property name="CONSOLE_LOG_CHARSET" value="UTF-8"/>
<property name="FILE_LOG_CHARSET" value="UTF-8"/>
<property name="LOGGED_APPLICATION_NAME" value="[smartvolt] "/>
<property name="PID" value="34847"/>
<property name="basedir" value="/home/danilo/Danilo/ua/3ºano/TQS/Project/SmartVolt/backend/smartvolt"/>
<property name="catalina.base" value="/tmp/tomcat.0.16178172077693524354"/>
<property name="catalina.home" value="/tmp/tomcat.0.16178172077693524354"/>
<property name="catalina.useNaming" value="false"/>
<property name="com.zaxxer.hikari.pool_number" value="1"/>
<property name="file.encoding" value="UTF-8"/>
<property name="file.separator" value="/"/>
<property name="java.awt.headless" value="true"/>
<property name="java.class.path" value="/home/danilo/Danilo/ua/3ºano/TQS/Project/SmartVolt/backend/smartvolt/target/test-classes:/home/danilo/Danilo/ua/3ºano/TQS/Project/SmartVolt/backend/smartvolt/target/classes:/home/danilo/.m2/repository/org/springframework/boot/spring-boot-starter/3.2.0/spring-boot-starter-3.2.0.jar:/home/danilo/.m2/repository/org/springframework/boot/spring-boot/3.2.0/spring-boot-3.2.0.jar:/home/danilo/.m2/repository/org/springframework/spring-context/6.1.1/spring-context-6.1.1.jar:/home/danilo/.m2/repository/org/springframework/boot/spring-boot-autoconfigure/3.2.0/spring-boot-autoconfigure-3.2.0.jar:/home/danilo/.m2/repository/jakarta/annotation/jakarta.annotation-api/2.1.1/jakarta.annotation-api-2.1.1.jar:/home/danilo/.m2/repository/org/springframework/spring-core/6.1.1/spring-core-6.1.1.jar:/home/danilo/.m2/repository/org/springframework/spring-jcl/6.1.1/spring-jcl-6.1.1.jar:/home/danilo/.m2/repository/org/yaml/snakeyaml/2.2/snakeyaml-2.2.jar:/home/danilo/.m2/repository/org/springframework/boot/spring-boot-starter-test/3.2.0/spring-boot-starter-test-3.2.0.jar:/home/danilo/.m2/repository/org/springframework/boot/spring-boot-test/3.2.0/spring-boot-test-3.2.0.jar:/home/danilo/.m2/repository/org/springframework/boot/spring-boot-test-autoconfigure/3.2.0/spring-boot-test-autoconfigure-3.2.0.jar:/home/danilo/.m2/repository/com/jayway/jsonpath/json-path/2.8.0/json-path-2.8.0.jar:/home/danilo/.m2/repository/jakarta/xml/bind/jakarta.xml.bind-api/4.0.1/jakarta.xml.bind-api-4.0.1.jar:/home/danilo/.m2/repository/jakarta/activation/jakarta.activation-api/2.1.2/jakarta.activation-api-2.1.2.jar:/home/danilo/.m2/repository/net/minidev/json-smart/2.5.0/json-smart-2.5.0.jar:/home/danilo/.m2/repository/net/minidev/accessors-smart/2.5.0/accessors-smart-2.5.0.jar:/home/danilo/.m2/repository/org/ow2/asm/asm/9.3/asm-9.3.jar:/home/danilo/.m2/repository/org/awaitility/awaitility/4.2.0/awaitility-4.2.0.jar:/home/danilo/.m2/repository/org/hamcrest/hamcrest/2.2/hamcrest-2.2.jar:/home/danilo/.m2/repository/org/mockito/mockito-core/5.7.0/mockito-core-5.7.0.jar:/home/danilo/.m2/repository/net/bytebuddy/byte-buddy-agent/1.14.10/byte-buddy-agent-1.14.10.jar:/home/danilo/.m2/repository/org/objenesis/objenesis/3.3/objenesis-3.3.jar:/home/danilo/.m2/repository/org/mockito/mockito-junit-jupiter/5.7.0/mockito-junit-jupiter-5.7.0.jar:/home/danilo/.m2/repository/org/skyscreamer/jsonassert/1.5.1/jsonassert-1.5.1.jar:/home/danilo/.m2/repository/com/vaadin/external/google/android-json/0.0.20131108.vaadin1/android-json-0.0.20131108.vaadin1.jar:/home/danilo/.m2/repository/org/springframework/spring-test/6.1.1/spring-test-6.1.1.jar:/home/danilo/.m2/repository/org/xmlunit/xmlunit-core/2.9.1/xmlunit-core-2.9.1.jar:/home/danilo/.m2/repository/org/springframework/boot/spring-boot-starter-data-jpa/3.2.0/spring-boot-starter-data-jpa-3.2.0.jar:/home/danilo/.m2/repository/org/springframework/boot/spring-boot-starter-aop/3.2.0/spring-boot-starter-aop-3.2.0.jar:/home/danilo/.m2/repository/org/aspectj/aspectjweaver/1.9.20.1/aspectjweaver-1.9.20.1.jar:/home/danilo/.m2/repository/org/springframework/boot/spring-boot-starter-jdbc/3.2.0/spring-boot-starter-jdbc-3.2.0.jar:/home/danilo/.m2/repository/com/zaxxer/HikariCP/5.0.1/HikariCP-5.0.1.jar:/home/danilo/.m2/repository/org/springframework/spring-jdbc/6.1.1/spring-jdbc-6.1.1.jar:/home/danilo/.m2/repository/org/hibernate/orm/hibernate-core/6.3.1.Final/hibernate-core-6.3.1.Final.jar:/home/danilo/.m2/repository/jakarta/persistence/jakarta.persistence-api/3.1.0/jakarta.persistence-api-3.1.0.jar:/home/danilo/.m2/repository/jakarta/transaction/jakarta.transaction-api/2.0.1/jakarta.transaction-api-2.0.1.jar:/home/danilo/.m2/repository/org/jboss/logging/jboss-logging/3.5.3.Final/jboss-logging-3.5.3.Final.jar:/home/danilo/.m2/repository/org/hibernate/common/hibernate-commons-annotations/6.0.6.Final/hibernate-commons-annotations-6.0.6.Final.jar:/home/danilo/.m2/repository/io/smallrye/jandex/3.1.2/jandex-3.1.2.jar:/home/danilo/.m2/repository/com/fasterxml/classmate/1.6.0/classmate-1.6.0.jar:/home/danilo/.m2/repository/org/glassfish/jaxb/jaxb-runtime/4.0.4/jaxb-runtime-4.0.4.jar:/home/danilo/.m2/repository/org/glassfish/jaxb/jaxb-core/4.0.4/jaxb-core-4.0.4.jar:/home/danilo/.m2/repository/org/eclipse/angus/angus-activation/2.0.1/angus-activation-2.0.1.jar:/home/danilo/.m2/repository/org/glassfish/jaxb/txw2/4.0.4/txw2-4.0.4.jar:/home/danilo/.m2/repository/com/sun/istack/istack-commons-runtime/4.1.2/istack-commons-runtime-4.1.2.jar:/home/danilo/.m2/repository/jakarta/inject/jakarta.inject-api/2.0.1/jakarta.inject-api-2.0.1.jar:/home/danilo/.m2/repository/org/antlr/antlr4-runtime/4.10.1/antlr4-runtime-4.10.1.jar:/home/danilo/.m2/repository/org/springframework/data/spring-data-jpa/3.2.0/spring-data-jpa-3.2.0.jar:/home/danilo/.m2/repository/org/springframework/data/spring-data-commons/3.2.0/spring-data-commons-3.2.0.jar:/home/danilo/.m2/repository/org/springframework/spring-orm/6.1.1/spring-orm-6.1.1.jar:/home/danilo/.m2/repository/org/springframework/spring-tx/6.1.1/spring-tx-6.1.1.jar:/home/danilo/.m2/repository/org/springframework/spring-beans/6.1.1/spring-beans-6.1.1.jar:/home/danilo/.m2/repository/org/springframework/spring-aspects/6.1.1/spring-aspects-6.1.1.jar:/home/danilo/.m2/repository/org/springframework/boot/spring-boot-starter-web/3.2.0/spring-boot-starter-web-3.2.0.jar:/home/danilo/.m2/repository/org/springframework/boot/spring-boot-starter-json/3.2.0/spring-boot-starter-json-3.2.0.jar:/home/danilo/.m2/repository/com/fasterxml/jackson/datatype/jackson-datatype-jdk8/2.15.3/jackson-datatype-jdk8-2.15.3.jar:/home/danilo/.m2/repository/com/fasterxml/jackson/datatype/jackson-datatype-jsr310/2.15.3/jackson-datatype-jsr310-2.15.3.jar:/home/danilo/.m2/repository/com/fasterxml/jackson/module/jackson-module-parameter-names/2.15.3/jackson-module-parameter-names-2.15.3.jar:/home/danilo/.m2/repository/org/springframework/boot/spring-boot-starter-tomcat/3.2.0/spring-boot-starter-tomcat-3.2.0.jar:/home/danilo/.m2/repository/org/apache/tomcat/embed/tomcat-embed-core/10.1.16/tomcat-embed-core-10.1.16.jar:/home/danilo/.m2/repository/org/apache/tomcat/embed/tomcat-embed-websocket/10.1.16/tomcat-embed-websocket-10.1.16.jar:/home/danilo/.m2/repository/org/springframework/package ua.tqs.smartvolt.smartvolt.steps.operator;

import static org.junit.jupiter.api.Assertions.assertEquals;
import static org.junit.jupiter.api.Assertions.assertTrue;

import io.cucumber.java.After;
import io.cucumber.java.Before;
import io.cucumber.java.en.Given;
import io.cucumber.java.en.Then;
import io.cucumber.java.en.When;
import io.github.bonigarcia.wdm.WebDriverManager;

import java.util.List;
import org.openqa.selenium.WebElement;
import org.openqa.selenium.WebDriver;
import org.openqa.selenium.chrome.ChromeDriver;
import org.springframework.boot.test.context.SpringBootTest;

import ua.tqs.smartvolt.smartvolt.pages.auth.LoginPage;
import ua.tqs.smartvolt.smartvolt.pages.operator.BackOfficePage;
import ua.tqs.smartvolt.smartvolt.steps.common.TestContext;

@SpringBootTest(webEnvironment = SpringBootTest.WebEnvironment.RANDOM_PORT)
public class RegisterStationSteps {

  private final TestContext context;
  private BackOfficePage backOfficePage;
  private List<WebElement> stationCards;

  // container {
  // @Container
  // private BrowserWebDriverContainer<?> chrome;
  // // }

  private String frontendProtocol = "http";
  private String frontendIp = "localhost"; // Use host.testcontainers.internal for local testing
  private String frontendPort = "80";

  @Before
  public void setup() {
    System.out.println("Setting up WebDriver...");
    System.out.println(
        "Frontend Full URL: " + frontendProtocol + "://" + frontendIp + ":" + frontendPort);

    WebDriverManager.chromedriver().setup();
    WebDriver driver = new ChromeDriver();
    // driver.navigate().to(frontendProtocol + "://" + frontendIp + ":" +
    // frontendPort);

    this.backOfficePage = new BackOfficePage(driver, frontendProtocol, frontendIp, frontendPort);
    this.loginPage = new LoginPage(driver, frontendProtocol, frontendIp, frontendPort);
  }

  @After
  public void tearDown() {
    backOfficePage.quit();
  }

  @Given("the website is available at page {string}")
  public void givenTheWebsiteIsAvailableAtPage(String page) {
    backOfficePage.navigateTo(page);
  }

  @Given("the operator is logged in with email {string} and password {string}")
  public void theOperatorIsLoggedInWithEmailAndPassword(String email, String password) {
    loginPage.login(email, password, true);
  }

  public RegisterStationSteps(TestContext context) {
    this.context = context;
    this.backOfficePage = this.context.getBackOfficePage();
  }

  @When("the operator clicks on {string}")
  public void theOperatorClicksOn(String button) {
    if (button.equals("Add Station")) {
      backOfficePage.clickAddStation();
    } else {
      throw new IllegalArgumentException("Unknown button: " + button);
    }
  }

  @When("the modal should {string}")
  public void theModalShouldAppear(String condition) {
    assertTrue(
        condition.equals("appear")
            ? backOfficePage.isActionModalVisible()
            : backOfficePage.isActionModalNotVisible(),
        "The modal visibility does not match the expected condition: " + condition);
  }

  @When("the operator fills in the form with name {string}, address {string}, latitude {double}, and longitude {double}")
  public void theOperatorFillsInTheForm(
      String name, String address, double latitude, double longitude) {
    backOfficePage.fillStationDetails(name, address, latitude, longitude);
  }

  @When("the operator confirms the registration")
  public void theOperatorConfirmsTheRegistration() {
    backOfficePage.confirmAddStation();
  }

  @Then("{int} stations should have been found")
  @Then("{int} station should have been found")
  public void stationsShouldHaveBeenFound(int expectedCount) {
    stationCards = backOfficePage.getStationCards();
    assertTrue(
        stationCards.size() == expectedCount,
        "No station cards found. At least one station should be registered.");
  }

  @Then("station {int} should have the name {string}, status {string}, address {string}, and {int} slots")
  public void stationShouldHaveTheNameStatusAddressAndSlots(
      int index, String name, String status, String address, int slots) {
    WebElement stationCard = backOfficePage.getStationByIndex(index);

    assertEquals(
        name,
        backOfficePage.getStationCardTitle(stationCard),
        "The station name does not match the expected value.");
    assertEquals(
        address,
        backOfficePage.getStationCardAddress(stationCard),
        "The station address does not match the expected value.");
    assertEquals(
        status,
        backOfficePage.getStationCardAvailability(stationCard),
        "The station status does not match the expected value.");
    assertEquals(
        slots,
        backOfficePage.getStationCardNumSlots(stationCard),
        "The number of slots in the station card does not match the expected value.");
  }
}
spring-web/6.1.1/spring-web-6.1.1.jar:/home/danilo/.m2/repository/org/springframework/spring-webmvc/6.1.1/spring-webmvc-6.1.1.jar:/home/danilo/.m2/repository/org/springframework/spring-expression/6.1.1/spring-expression-6.1.1.jar:/home/danilo/.m2/repository/org/springframework/boot/spring-boot-starter-log4j2/3.2.0/spring-boot-starter-log4j2-3.2.0.jar:/home/danilo/.m2/repository/org/apache/logging/log4j/log4j-slf4j2-impl/2.21.1/log4j-slf4j2-impl-2.21.1.jar:/home/danilo/.m2/repository/org/apache/logging/log4j/log4j-api/2.21.1/log4j-api-2.21.1.jar:/home/danilo/.m2/repository/org/apache/logging/log4j/log4j-core/2.21.1/log4j-core-2.21.1.jar:/home/danilo/.m2/repository/org/apache/logging/log4j/log4j-jul/2.21.1/log4j-jul-2.21.1.jar:/home/danilo/.m2/repository/org/springframework/boot/spring-boot-starter-actuator/3.2.0/spring-boot-starter-actuator-3.2.0.jar:/home/danilo/.m2/repository/org/springframework/boot/spring-boot-actuator-autoconfigure/3.2.0/spring-boot-actuator-autoconfigure-3.2.0.jar:/home/danilo/.m2/repository/org/springframework/boot/spring-boot-actuator/3.2.0/spring-boot-actuator-3.2.0.jar:/home/danilo/.m2/repository/io/micrometer/micrometer-observation/1.12.0/micrometer-observation-1.12.0.jar:/home/danilo/.m2/repository/io/micrometer/micrometer-commons/1.12.0/micrometer-commons-1.12.0.jar:/home/danilo/.m2/repository/io/micrometer/micrometer-jakarta9/1.12.0/micrometer-jakarta9-1.12.0.jar:/home/danilo/.m2/repository/io/micrometer/micrometer-registry-prometheus/1.12.0/micrometer-registry-prometheus-1.12.0.jar:/home/danilo/.m2/repository/io/micrometer/micrometer-core/1.12.0/micrometer-core-1.12.0.jar:/home/danilo/.m2/repository/org/hdrhistogram/HdrHistogram/2.1.12/HdrHistogram-2.1.12.jar:/home/danilo/.m2/repository/org/latencyutils/LatencyUtils/2.0.3/LatencyUtils-2.0.3.jar:/home/danilo/.m2/repository/io/prometheus/simpleclient_common/0.16.0/simpleclient_common-0.16.0.jar:/home/danilo/.m2/repository/io/prometheus/simpleclient/0.16.0/simpleclient-0.16.0.jar:/home/danilo/.m2/repository/io/prometheus/simpleclient_tracer_otel/0.16.0/simpleclient_tracer_otel-0.16.0.jar:/home/danilo/.m2/repository/io/prometheus/simpleclient_tracer_common/0.16.0/simpleclient_tracer_common-0.16.0.jar:/home/danilo/.m2/repository/io/prometheus/simpleclient_tracer_otel_agent/0.16.0/simpleclient_tracer_otel_agent-0.16.0.jar:/home/danilo/.m2/repository/org/apache/logging/log4j/log4j-layout-template-json/2.21.1/log4j-layout-template-json-2.21.1.jar:/home/danilo/.m2/repository/org/springframework/boot/spring-boot-starter-validation/3.2.0/spring-boot-starter-validation-3.2.0.jar:/home/danilo/.m2/repository/org/apache/tomcat/embed/tomcat-embed-el/10.1.16/tomcat-embed-el-10.1.16.jar:/home/danilo/.m2/repository/org/hibernate/validator/hibernate-validator/8.0.1.Final/hibernate-validator-8.0.1.Final.jar:/home/danilo/.m2/repository/jakarta/validation/jakarta.validation-api/3.0.2/jakarta.validation-api-3.0.2.jar:/home/danilo/.m2/repository/org/springframework/boot/spring-boot-starter-security/3.2.0/spring-boot-starter-security-3.2.0.jar:/home/danilo/.m2/repository/org/springframework/spring-aop/6.1.1/spring-aop-6.1.1.jar:/home/danilo/.m2/repository/org/springframework/security/spring-security-config/6.2.0/spring-security-config-6.2.0.jar:/home/danilo/.m2/repository/org/springframework/security/spring-security-core/6.2.0/spring-security-core-6.2.0.jar:/home/danilo/.m2/repository/org/springframework/security/spring-security-crypto/6.2.0/spring-security-crypto-6.2.0.jar:/home/danilo/.m2/repository/org/springframework/security/spring-security-web/6.2.0/spring-security-web-6.2.0.jar:/home/danilo/.m2/repository/io/jsonwebtoken/jjwt-api/0.11.2/jjwt-api-0.11.2.jar:/home/danilo/.m2/repository/io/jsonwebtoken/jjwt-impl/0.11.2/jjwt-impl-0.11.2.jar:/home/danilo/.m2/repository/io/jsonwebtoken/jjwt-jackson/0.11.2/jjwt-jackson-0.11.2.jar:/home/danilo/.m2/repository/com/fasterxml/jackson/core/jackson-databind/2.15.3/jackson-databind-2.15.3.jar:/home/danilo/.m2/repository/com/fasterxml/jackson/core/jackson-annotations/2.15.3/jackson-annotations-2.15.3.jar:/home/danilo/.m2/repository/com/fasterxml/jackson/core/jackson-core/2.15.3/jackson-core-2.15.3.jar:/home/danilo/.m2/repository/io/cucumber/cucumber-picocontainer/7.22.2/cucumber-picocontainer-7.22.2.jar:/home/danilo/.m2/repository/io/cucumber/cucumber-core/7.22.2/cucumber-core-7.22.2.jar:/home/danilo/.m2/repository/io/cucumber/cucumber-gherkin/7.22.2/cucumber-gherkin-7.22.2.jar:/home/danilo/.m2/repository/io/cucumber/cucumber-gherkin-messages/7.22.2/cucumber-gherkin-messages-7.22.2.jar:/home/danilo/.m2/repository/io/cucumber/gherkin/32.1.1/gherkin-32.1.1.jar:/home/danilo/.m2/repository/io/cucumber/messages/27.2.0/messages-27.2.0.jar:/home/danilo/.m2/repository/io/cucumber/testng-xml-formatter/0.3.1/testng-xml-formatter-0.3.1.jar:/home/danilo/.m2/repository/io/cucumber/query/13.2.0/query-13.2.0.jar:/home/danilo/.m2/repository/io/cucumber/tag-expressions/6.1.2/tag-expressions-6.1.2.jar:/home/danilo/.m2/repository/io/cucumber/cucumber-expressions/18.0.1/cucumber-expressions-18.0.1.jar:/home/danilo/.m2/repository/io/cucumber/datatable/7.22.2/datatable-7.22.2.jar:/home/danilo/.m2/repository/io/cucumber/cucumber-plugin/7.22.2/cucumber-plugin-7.22.2.jar:/home/danilo/.m2/repository/io/cucumber/docstring/7.22.2/docstring-7.22.2.jar:/home/danilo/.m2/repository/io/cucumber/html-formatter/21.10.1/html-formatter-21.10.1.jar:/home/danilo/.m2/repository/io/cucumber/junit-xml-formatter/0.7.1/junit-xml-formatter-0.7.1.jar:/home/danilo/.m2/repository/io/cucumber/ci-environment/10.0.1/ci-environment-10.0.1.jar:/home/danilo/.m2/repository/org/apiguardian/apiguardian-api/1.1.2/apiguardian-api-1.1.2.jar:/home/danilo/.m2/repository/org/picocontainer/picocontainer/2.15.2/picocontainer-2.15.2.jar:/home/danilo/.m2/repository/org/springframework/boot/spring-boot-devtools/3.2.0/spring-boot-devtools-3.2.0.jar:/home/danilo/.m2/repository/org/springframework/boot/spring-boot-starter-thymeleaf/3.2.0/spring-boot-starter-thymeleaf-3.2.0.jar:/home/danilo/.m2/repository/org/thymeleaf/thymeleaf-spring6/3.1.2.RELEASE/thymeleaf-spring6-3.1.2.RELEASE.jar:/home/danilo/.m2/repository/org/thymeleaf/thymeleaf/3.1.2.RELEASE/thymeleaf-3.1.2.RELEASE.jar:/home/danilo/.m2/repository/org/attoparser/attoparser/2.0.7.RELEASE/attoparser-2.0.7.RELEASE.jar:/home/danilo/.m2/repository/org/unbescape/unbescape/1.1.6.RELEASE/unbescape-1.1.6.RELEASE.jar:/home/danilo/.m2/repository/app/getxray/xray-junit-extensions/0.7.3/xray-junit-extensions-0.7.3.jar:/home/danilo/.m2/repository/org/junit/jupiter/junit-jupiter-api/5.11.4/junit-jupiter-api-5.11.4.jar:/home/danilo/.m2/repository/org/opentest4j/opentest4j/1.3.0/opentest4j-1.3.0.jar:/home/danilo/.m2/repository/org/junit/platform/junit-platform-reporting/1.11.4/junit-platform-reporting-1.11.4.jar:/home/danilo/.m2/repository/org/junit/platform/junit-platform-launcher/1.11.4/junit-platform-launcher-1.11.4.jar:/home/danilo/.m2/repository/org/junit/platform/junit-platform-engine/1.11.4/junit-platform-engine-1.11.4.jar:/home/danilo/.m2/repository/org/junit/platform/junit-platform-commons/1.11.4/junit-platform-commons-1.11.4.jar:/home/danilo/.m2/repository/app/getxray/xray-maven-plugin/0.8.0/xray-maven-plugin-0.8.0.jar:/home/danilo/.m2/repository/com/squareup/okhttp3/okhttp/4.12.0/okhttp-4.12.0.jar:/home/danilo/.m2/repository/com/squareup/okio/okio/3.6.0/okio-3.6.0.jar:/home/danilo/.m2/repository/com/squareup/okio/okio-jvm/3.6.0/okio-jvm-3.6.0.jar:/home/danilo/.m2/repository/org/jetbrains/kotlin/kotlin-stdlib-common/1.9.20/kotlin-stdlib-common-1.9.20.jar:/home/danilo/.m2/repository/org/jetbrains/kotlin/kotlin-stdlib-jdk8/1.9.20/kotlin-stdlib-jdk8-1.9.20.jar:/home/danilo/.m2/repository/org/jetbrains/kotlin/kotlin-stdlib/1.9.20/kotlin-stdlib-1.9.20.jar:/home/danilo/.m2/repository/org/jetbrains/kotlin/kotlin-stdlib-jdk7/1.9.20/kotlin-stdlib-jdk7-1.9.20.jar:/home/danilo/.m2/repository/org/json/json/20231013/json-20231013.jar:/home/danilo/.m2/repository/org/codehaus/plexus/plexus-utils/3.4.1/plexus-utils-3.4.1.jar:/home/danilo/.m2/repository/org/postgresql/postgresql/42.6.0/postgresql-42.6.0.jar:/home/danilo/.m2/repository/org/checkerframework/checker-qual/3.31.0/checker-qual-3.31.0.jar:/home/danilo/.m2/repository/org/testcontainers/postgresql/1.19.3/postgresql-1.19.3.jar:/home/danilo/.m2/repository/org/testcontainers/jdbc/1.19.3/jdbc-1.19.3.jar:/home/danilo/.m2/repository/org/testcontainers/database-commons/1.19.3/database-commons-1.19.3.jar:/home/danilo/.m2/repository/org/testcontainers/junit-jupiter/1.19.3/junit-jupiter-1.19.3.jar:/home/danilo/.m2/repository/org/testcontainers/testcontainers/1.19.3/testcontainers-1.19.3.jar:/home/danilo/.m2/repository/junit/junit/4.13.2/junit-4.13.2.jar:/home/danilo/.m2/repository/org/hamcrest/hamcrest-core/2.2/hamcrest-core-2.2.jar:/home/danilo/.m2/repository/org/rnorth/duct-tape/duct-tape/1.0.8/duct-tape-1.0.8.jar:/home/danilo/.m2/repository/org/jetbrains/annotations/17.0.0/annotations-17.0.0.jar:/home/danilo/.m2/repository/com/github/docker-java/docker-java-api/3.3.4/docker-java-api-3.3.4.jar:/home/danilo/.m2/repository/com/github/docker-java/docker-java-transport-zerodep/3.3.4/docker-java-transport-zerodep-3.3.4.jar:/home/danilo/.m2/repository/org/testcontainers/selenium/1.19.3/selenium-1.19.3.jar:/home/danilo/.m2/repository/org/flywaydb/flyway-core/9.22.3/flyway-core-9.22.3.jar:/home/danilo/.m2/repository/com/fasterxml/jackson/dataformat/jackson-dataformat-toml/2.15.3/jackson-dataformat-toml-2.15.3.jar:/home/danilo/.m2/repository/com/google/code/gson/gson/2.10.1/gson-2.10.1.jar:/home/danilo/.m2/repository/org/springdoc/springdoc-openapi-starter-webmvc-ui/2.6.0/springdoc-openapi-starter-webmvc-ui-2.6.0.jar:/home/danilo/.m2/repository/org/springdoc/springdoc-openapi-starter-webmvc-api/2.6.0/springdoc-openapi-starter-webmvc-api-2.6.0.jar:/home/danilo/.m2/repository/org/springdoc/springdoc-openapi-starter-common/2.6.0/springdoc-openapi-starter-common-2.6.0.jar:/home/danilo/.m2/repository/io/swagger/core/v3/swagger-core-jakarta/2.2.22/swagger-core-jakarta-2.2.22.jar:/home/danilo/.m2/repository/io/swagger/core/v3/swagger-annotations-jakarta/2.2.22/swagger-annotations-jakarta-2.2.22.jar:/home/danilo/.m2/repository/io/swagger/core/v3/swagger-models-jakarta/2.2.22/swagger-models-jakarta-2.2.22.jar:/home/danilo/.m2/repository/com/fasterxml/jackson/dataformat/jackson-dataformat-yaml/2.15.3/jackson-dataformat-yaml-2.15.3.jar:/home/danilo/.m2/repository/org/webjars/swagger-ui/5.17.14/swagger-ui-5.17.14.jar:/home/danilo/.m2/repository/org/junit/jupiter/junit-jupiter/5.11.4/junit-jupiter-5.11.4.jar:/home/danilo/.m2/repository/org/junit/jupiter/junit-jupiter-params/5.11.4/junit-jupiter-params-5.11.4.jar:/home/danilo/.m2/repository/org/junit/jupiter/junit-jupiter-engine/5.11.4/junit-jupiter-engine-5.11.4.jar:/home/danilo/.m2/repository/org/assertj/assertj-core/3.26.0/assertj-core-3.26.0.jar:/home/danilo/.m2/repository/net/bytebuddy/byte-buddy/1.14.10/byte-buddy-1.14.10.jar:/home/danilo/.m2/repository/com/h2database/h2/2.2.224/h2-2.2.224.jar:/home/danilo/.m2/repository/org/springframework/boot/spring-boot-testcontainers/3.2.0/spring-boot-testcontainers-3.2.0.jar:/home/danilo/.m2/repository/io/rest-assured/rest-assured/5.5.1/rest-assured-5.5.1.jar:/home/danilo/.m2/repository/org/apache/groovy/groovy/4.0.15/groovy-4.0.15.jar:/home/danilo/.m2/repository/org/apache/groovy/groovy-xml/4.0.15/groovy-xml-4.0.15.jar:/home/danilo/.m2/repository/org/apache/httpcomponents/httpclient/4.5.13/httpclient-4.5.13.jar:/home/danilo/.m2/repository/org/apache/httpcomponents/httpcore/4.4.16/httpcore-4.4.16.jar:/home/danilo/.m2/repository/commons-logging/commons-logging/1.2/commons-logging-1.2.jar:/home/danilo/.m2/repository/commons-codec/commons-codec/1.16.0/commons-codec-1.16.0.jar:/home/danilo/.m2/repository/org/apache/httpcomponents/httpmime/4.5.13/httpmime-4.5.13.jar:/home/danilo/.m2/repository/org/ccil/cowan/tagsoup/tagsoup/1.2.1/tagsoup-1.2.1.jar:/home/danilo/.m2/repository/io/rest-assured/json-path/5.5.1/json-path-5.5.1.jar:/home/danilo/.m2/repository/org/apache/groovy/groovy-json/4.0.15/groovy-json-4.0.15.jar:/home/danilo/.m2/repository/io/rest-assured/rest-assured-common/5.5.1/rest-assured-common-5.5.1.jar:/home/danilo/.m2/repository/io/rest-assured/xml-path/5.5.1/xml-path-5.5.1.jar:/home/danilo/.m2/repository/io/rest-assured/spring-mock-mvc/5.5.1/spring-mock-mvc-5.5.1.jar:/home/danilo/.m2/repository/io/rest-assured/spring-commons/5.5.1/spring-commons-5.5.1.jar:/home/danilo/.m2/repository/org/junit/platform/junit-platform-suite/1.10.1/junit-platform-suite-1.10.1.jar:/home/danilo/.m2/repository/org/junit/platform/junit-platform-suite-api/1.11.4/junit-platform-suite-api-1.11.4.jar:/home/danilo/.m2/repository/org/junit/platform/junit-platform-suite-engine/1.11.4/junit-platform-suite-engine-1.11.4.jar:/home/danilo/.m2/repository/org/junit/platform/junit-platform-suite-commons/1.11.4/junit-platform-suite-commons-1.11.4.jar:/home/danilo/.m2/repository/io/cucumber/cucumber-java/7.15.0/cucumber-java-7.15.0.jar:/home/danilo/.m2/repository/io/cucumber/cucumber-junit-platform-engine/7.15.0/cucumber-junit-platform-engine-7.15.0.jar:/home/danilo/.m2/repository/org/seleniumhq/selenium/selenium-java/4.29.0/selenium-java-4.29.0.jar:/home/danilo/.m2/repository/org/seleniumhq/selenium/selenium-api/4.14.1/selenium-api-4.14.1.jar:/home/danilo/.m2/repository/org/seleniumhq/selenium/selenium-chrome-driver/4.14.1/selenium-chrome-driver-4.14.1.jar:/home/danilo/.m2/repository/com/google/auto/service/auto-service-annotations/1.1.1/auto-service-annotations-1.1.1.jar:/home/danilo/.m2/repository/com/google/guava/guava/32.1.2-jre/guava-32.1.2-jre.jar:/home/danilo/.m2/repository/com/google/guava/failureaccess/1.0.1/failureaccess-1.0.1.jar:/home/danilo/.m2/repository/com/google/guava/listenablefuture/9999.0-empty-to-avoid-conflict-with-guava/listenablefuture-9999.0-empty-to-avoid-conflict-with-guava.jar:/home/danilo/.m2/repository/com/google/code/findbugs/jsr305/3.0.2/jsr305-3.0.2.jar:/home/danilo/.m2/repository/com/google/errorprone/error_prone_annotations/2.18.0/error_prone_annotations-2.18.0.jar:/home/danilo/.m2/repository/com/google/j2objc/j2objc-annotations/2.8/j2objc-annotations-2.8.jar:/home/danilo/.m2/repository/org/seleniumhq/selenium/selenium-chromium-driver/4.14.1/selenium-chromium-driver-4.14.1.jar:/home/danilo/.m2/repository/org/seleniumhq/selenium/selenium-json/4.14.1/selenium-json-4.14.1.jar:/home/danilo/.m2/repository/org/seleniumhq/selenium/selenium-manager/4.14.1/selenium-manager-4.14.1.jar:/home/danilo/.m2/repository/org/seleniumhq/selenium/selenium-devtools-v131/4.29.0/selenium-devtools-v131-4.29.0.jar:/home/danilo/.m2/repository/org/seleniumhq/selenium/selenium-devtools-v132/4.29.0/selenium-devtools-v132-4.29.0.jar:/home/danilo/.m2/repository/org/seleniumhq/selenium/selenium-devtools-v133/4.29.0/selenium-devtools-v133-4.29.0.jar:/home/danilo/.m2/repository/org/seleniumhq/selenium/selenium-devtools-v85/4.14.1/selenium-devtools-v85-4.14.1.jar:/home/danilo/.m2/repository/org/seleniumhq/selenium/selenium-edge-driver/4.14.1/selenium-edge-driver-4.14.1.jar:/home/danilo/.m2/repository/org/seleniumhq/selenium/selenium-firefox-driver/4.14.1/selenium-firefox-driver-4.14.1.jar:/home/danilo/.m2/repository/org/seleniumhq/selenium/selenium-http/4.14.1/selenium-http-4.14.1.jar:/home/danilo/.m2/repository/dev/failsafe/failsafe/3.3.2/failsafe-3.3.2.jar:/home/danilo/.m2/repository/org/seleniumhq/selenium/selenium-ie-driver/4.14.1/selenium-ie-driver-4.14.1.jar:/home/danilo/.m2/repository/org/seleniumhq/selenium/selenium-remote-driver/4.14.1/selenium-remote-driver-4.14.1.jar:/home/danilo/.m2/repository/io/opentelemetry/opentelemetry-api/1.31.0/opentelemetry-api-1.31.0.jar:/home/danilo/.m2/repository/io/opentelemetry/opentelemetry-context/1.31.0/opentelemetry-context-1.31.0.jar:/home/danilo/.m2/repository/io/opentelemetry/opentelemetry-exporter-logging/1.31.0/opentelemetry-exporter-logging-1.31.0.jar:/home/danilo/.m2/repository/io/opentelemetry/opentelemetry-sdk-common/1.31.0/opentelemetry-sdk-common-1.31.0.jar:/home/danilo/.m2/repository/io/opentelemetry/opentelemetry-sdk-extension-autoconfigure-spi/1.31.0/opentelemetry-sdk-extension-autoconfigure-spi-1.31.0.jar:/home/danilo/.m2/repository/io/opentelemetry/opentelemetry-sdk-extension-autoconfigure/1.31.0/opentelemetry-sdk-extension-autoconfigure-1.31.0.jar:/home/danilo/.m2/repository/io/opentelemetry/opentelemetry-api-events/1.31.0-alpha/opentelemetry-api-events-1.31.0-alpha.jar:/home/danilo/.m2/repository/io/opentelemetry/opentelemetry-sdk-trace/1.31.0/opentelemetry-sdk-trace-1.31.0.jar:/home/danilo/.m2/repository/io/opentelemetry/opentelemetry-sdk/1.31.0/opentelemetry-sdk-1.31.0.jar:/home/danilo/.m2/repository/io/opentelemetry/opentelemetry-sdk-metrics/1.31.0/opentelemetry-sdk-metrics-1.31.0.jar:/home/danilo/.m2/repository/io/opentelemetry/opentelemetry-extension-incubator/1.31.0-alpha/opentelemetry-extension-incubator-1.31.0-alpha.jar:/home/danilo/.m2/repository/io/opentelemetry/opentelemetry-sdk-logs/1.31.0/opentelemetry-sdk-logs-1.31.0.jar:/home/danilo/.m2/repository/io/opentelemetry/opentelemetry-semconv/1.28.0-alpha/opentelemetry-semconv-1.28.0-alpha.jar:/home/danilo/.m2/repository/org/seleniumhq/selenium/selenium-os/4.14.1/selenium-os-4.14.1.jar:/home/danilo/.m2/repository/org/apache/commons/commons-exec/1.3/commons-exec-1.3.jar:/home/danilo/.m2/repository/org/seleniumhq/selenium/selenium-safari-driver/4.14.1/selenium-safari-driver-4.14.1.jar:/home/danilo/.m2/repository/org/seleniumhq/selenium/selenium-support/4.14.1/selenium-support-4.14.1.jar:/home/danilo/.m2/repository/io/github/bonigarcia/webdrivermanager/5.9.2/webdrivermanager-5.9.2.jar:/home/danilo/.m2/repository/org/slf4j/slf4j-api/2.0.9/slf4j-api-2.0.9.jar:/home/danilo/.m2/repository/com/github/docker-java/docker-java/3.4.0/docker-java-3.4.0.jar:/home/danilo/.m2/repository/com/github/docker-java/docker-java-core/3.4.0/docker-java-core-3.4.0.jar:/home/danilo/.m2/repository/org/slf4j/jcl-over-slf4j/2.0.9/jcl-over-slf4j-2.0.9.jar:/home/danilo/.m2/repository/com/github/docker-java/docker-java-transport-httpclient5/3.4.0/docker-java-transport-httpclient5-3.4.0.jar:/home/danilo/.m2/repository/com/github/docker-java/docker-java-transport/3.4.0/docker-java-transport-3.4.0.jar:/home/danilo/.m2/repository/net/java/dev/jna/jna/5.13.0/jna-5.13.0.jar:/home/danilo/.m2/repository/org/brotli/dec/0.1.2/dec-0.1.2.jar:/home/danilo/.m2/repository/org/apache/commons/commons-lang3/3.13.0/commons-lang3-3.13.0.jar:/home/danilo/.m2/repository/org/apache/commons/commons-compress/1.26.2/commons-compress-1.26.2.jar:/home/danilo/.m2/repository/commons-io/commons-io/2.16.1/commons-io-2.16.1.jar:/home/danilo/.m2/repository/org/apache/httpcomponents/client5/httpclient5/5.2.1/httpclient5-5.2.1.jar:/home/danilo/.m2/repository/org/apache/httpcomponents/core5/httpcore5/5.2.3/httpcore5-5.2.3.jar:/home/danilo/.m2/repository/org/apache/httpcomponents/core5/httpcore5-h2/5.2.3/httpcore5-h2-5.2.3.jar:/home/danilo/.m2/repository/javax/persistence/javax.persistence-api/2.2/javax.persistence-api-2.2.jar:"/>
<property name="java.class.version" value="65.0"/>
<property name="java.home" value="/usr/lib/jvm/java-21-openjdk-amd64"/>
<property name="java.io.tmpdir" value="/tmp"/>
<property name="java.library.path" value="/usr/java/packages/lib:/usr/lib/x86_64-linux-gnu/jni:/lib/x86_64-linux-gnu:/usr/lib/x86_64-linux-gnu:/usr/lib/jni:/lib:/usr/lib"/>
<property name="java.runtime.name" value="OpenJDK Runtime Environment"/>
<property name="java.runtime.version" value="21.0.7+6-Ubuntu-0ubuntu122.04"/>
<property name="java.specification.name" value="Java Platform API Specification"/>
<property name="java.specification.vendor" value="Oracle Corporation"/>
<property name="java.specification.version" value="21"/>
<property name="java.vendor" value="Ubuntu"/>
<property name="java.vendor.url" value="https://ubuntu.com/"/>
<property name="java.vendor.url.bug" value="https://bugs.launchpad.net/ubuntu/+source/openjdk-21"/>
<property name="java.version" value="21.0.7"/>
<property name="java.version.date" value="2025-04-15"/>
<property name="java.vm.compressedOopsMode" value="Zero based"/>
<property name="java.vm.info" value="mixed mode, sharing"/>
<property name="java.vm.name" value="OpenJDK 64-Bit Server VM"/>
<property name="java.vm.specification.name" value="Java Virtual Machine Specification"/>
<property name="java.vm.specification.vendor" value="Oracle Corporation"/>
<property name="java.vm.specification.version" value="21"/>
<property name="java.vm.vendor" value="Ubuntu"/>
<property name="java.vm.version" value="21.0.7+6-Ubuntu-0ubuntu122.04"/>
<property name="jdk.debug" value="release"/>
<property name="line.separator" value="
"/>
<property name="localRepository" value="/home/danilo/.m2/repository"/>
<property name="native.encoding" value="UTF-8"/>
<property name="os.arch" value="amd64"/>
<property name="os.name" value="Linux"/>
<property name="os.version" value="6.8.0-60-generic"/>
<property name="path.separator" value=":"/>
<property name="stderr.encoding" value="UTF-8"/>
<property name="stdout.encoding" value="UTF-8"/>
<property name="sun.arch.data.model" value="64"/>
<property name="sun.boot.library.path" value="/usr/lib/jvm/java-21-openjdk-amd64/lib"/>
<property name="sun.cpu.endian" value="little"/>
<property name="sun.io.unicode.encoding" value="UnicodeLittle"/>
<property name="sun.java.command" value="/home/danilo/Danilo/ua/3ºano/TQS/Project/SmartVolt/backend/smartvolt/target/surefire/surefirebooter-20250530152340633_3.jar /home/danilo/Danilo/ua/3ºano/TQS/Project/SmartVolt/backend/smartvolt/target/surefire 2025-05-30T15-23-40_568-jvmRun1 surefire-20250530152340633_1tmp surefire_0-20250530152340633_2tmp"/>
<property name="sun.java.launcher" value="SUN_STANDARD"/>
<property name="sun.jnu.encoding" value="UTF-8"/>
<property name="sun.management.compiler" value="HotSpot 64-Bit Tiered Compilers"/>
<property name="surefire.real.class.path" value="/home/danilo/Danilo/ua/3ºano/TQS/Project/SmartVolt/backend/smartvolt/target/surefire/surefirebooter-20250530152340633_3.jar"/>
<property name="surefire.test.class.path" value="/home/danilo/Danilo/ua/3ºano/TQS/Project/SmartVolt/backend/smartvolt/target/test-classes:/home/danilo/Danilo/ua/3ºano/TQS/Project/SmartVolt/backend/smartvolt/target/classes:/home/danilo/.m2/repository/org/springframework/boot/spring-boot-starter/3.2.0/spring-boot-starter-3.2.0.jar:/home/danilo/.m2/repository/org/springframework/boot/spring-boot/3.2.0/spring-boot-3.2.0.jar:/home/danilo/.m2/repository/org/springframework/spring-context/6.1.1/spring-context-6.1.1.jar:/home/danilo/.m2/repository/org/springframework/boot/spring-boot-autoconfigure/3.2.0/spring-boot-autoconfigure-3.2.0.jar:/home/danilo/.m2/repository/jakarta/annotation/jakarta.annotation-api/2.1.1/jakarta.annotation-api-2.1.1.jar:/home/danilo/.m2/repository/org/springframework/spring-core/6.1.1/spring-core-6.1.1.jar:/home/danilo/.m2/repository/org/springframework/spring-jcl/6.1.1/spring-jcl-6.1.1.jar:/home/danilo/.m2/repository/org/yaml/snakeyaml/2.2/snakeyaml-2.2.jar:/home/danilo/.m2/repository/org/springframework/boot/spring-boot-starter-test/3.2.0/spring-boot-starter-test-3.2.0.jar:/home/danilo/.m2/repository/org/springframework/boot/spring-boot-test/3.2.0/spring-boot-test-3.2.0.jar:/home/danilo/.m2/repository/org/springframework/boot/spring-boot-test-autoconfigure/3.2.0/spring-boot-test-autoconfigure-3.2.0.jar:/home/danilo/.m2/repository/com/jayway/jsonpath/json-path/2.8.0/json-path-2.8.0.jar:/home/danilo/.m2/repository/jakarta/xml/bind/jakarta.xml.bind-api/4.0.1/jakarta.xml.bind-api-4.0.1.jar:/home/danilo/.m2/repository/jakarta/activation/jakarta.activation-api/2.1.2/jakarta.activation-api-2.1.2.jar:/home/danilo/.m2/repository/net/minidev/json-smart/2.5.0/json-smart-2.5.0.jar:/home/danilo/.m2/repository/net/minidev/accessors-smart/2.5.0/accessors-smart-2.5.0.jar:/home/danilo/.m2/repository/org/ow2/asm/asm/9.3/asm-9.3.jar:/home/danilo/.m2/repository/org/awaitility/awaitility/4.2.0/awaitility-4.2.0.jar:/home/danilo/.m2/repository/org/hamcrest/hamcrest/2.2/hamcrest-2.2.jar:/home/danilo/.m2/repository/org/mockito/mockito-core/5.7.0/mockito-core-5.7.0.jar:/home/danilo/.m2/repository/net/bytebuddy/byte-buddy-agent/1.14.10/byte-buddy-agent-1.14.10.jar:/home/danilo/.m2/repository/org/objenesis/objenesis/3.3/objenesis-3.3.jar:/home/danilo/.m2/repository/org/mockito/mockito-junit-jupiter/5.7.0/mockito-junit-jupiter-5.7.0.jar:/home/danilo/.m2/repository/org/skyscreamer/jsonassert/1.5.1/jsonassert-1.5.1.jar:/home/danilo/.m2/repository/com/vaadin/external/google/android-json/0.0.20131108.vaadin1/android-json-0.0.20131108.vaadin1.jar:/home/danilo/.m2/repository/org/springframework/spring-test/6.1.1/spring-test-6.1.1.jar:/home/danilo/.m2/repository/org/xmlunit/xmlunit-core/2.9.1/xmlunit-core-2.9.1.jar:/home/danilo/.m2/repository/org/springframework/boot/spring-boot-starter-data-jpa/3.2.0/spring-boot-starter-data-jpa-3.2.0.jar:/home/danilo/.m2/repository/org/springframework/boot/spring-boot-starter-aop/3.2.0/spring-boot-starter-aop-3.2.0.jar:/home/danilo/.m2/repository/org/aspectj/aspectjweaver/1.9.20.1/aspectjweaver-1.9.20.1.jar:/home/danilo/.m2/repository/org/springframework/boot/spring-boot-starter-jdbc/3.2.0/spring-boot-starter-jdbc-3.2.0.jar:/home/danilo/.m2/repository/com/zaxxer/HikariCP/5.0.1/HikariCP-5.0.1.jar:/home/danilo/.m2/repository/org/springframework/spring-jdbc/6.1.1/spring-jdbc-6.1.1.jar:/home/danilo/.m2/repository/org/hibernate/orm/hibernate-core/6.3.1.Final/hibernate-core-6.3.1.Final.jar:/home/danilo/.m2/repository/jakarta/persistence/jakarta.persistence-api/3.1.0/jakarta.persistence-api-3.1.0.jar:/home/danilo/.m2/repository/jakarta/transaction/jakarta.transaction-api/2.0.1/jakarta.transaction-api-2.0.1.jar:/home/danilo/.m2/repository/org/jboss/logging/jboss-logging/3.5.3.Final/jboss-logging-3.5.3.Final.jar:/home/danilo/.m2/repository/org/hibernate/common/hibernate-commons-annotations/6.0.6.Final/hibernate-commons-annotations-6.0.6.Final.jar:/home/danilo/.m2/repository/io/smallrye/jandex/3.1.2/jandex-3.1.2.jar:/home/danilo/.m2/repository/com/fasterxml/classmate/1.6.0/classmate-1.6.0.jar:/home/danilo/.m2/repository/org/glassfish/jaxb/jaxb-runtime/4.0.4/jaxb-runtime-4.0.4.jar:/home/danilo/.m2/repository/org/glassfish/jaxb/jaxb-core/4.0.4/jaxb-core-4.0.4.jar:/home/danilo/.m2/repository/org/eclipse/angus/angus-activation/2.0.1/angus-activation-2.0.1.jar:/home/danilo/.m2/repository/org/glassfish/jaxb/txw2/4.0.4/txw2-4.0.4.jar:/home/danilo/.m2/repository/com/sun/istack/istack-commons-runtime/4.1.2/istack-commons-runtime-4.1.2.jar:/home/danilo/.m2/repository/jakarta/inject/jakarta.inject-api/2.0.1/jakarta.inject-api-2.0.1.jar:/home/danilo/.m2/repository/org/antlr/antlr4-runtime/4.10.1/antlr4-runtime-4.10.1.jar:/home/danilo/.m2/repository/org/springframework/data/spring-data-jpa/3.2.0/spring-data-jpa-3.2.0.jar:/home/danilo/.m2/repository/org/springframework/data/spring-data-commons/3.2.0/spring-data-commons-3.2.0.jar:/home/danilo/.m2/repository/org/springframework/spring-orm/6.1.1/spring-orm-6.1.1.jar:/home/danilo/.m2/repository/org/springframework/spring-tx/6.1.1/spring-tx-6.1.1.jar:/home/danilo/.m2/repository/org/springframework/spring-beans/6.1.1/spring-beans-6.1.1.jar:/home/danilo/.m2/repository/org/springframework/spring-aspects/6.1.1/spring-aspects-6.1.1.jar:/home/danilo/.m2/repository/org/springframework/boot/spring-boot-starter-web/3.2.0/spring-boot-starter-web-3.2.0.jar:/home/danilo/.m2/repository/org/springframework/boot/spring-boot-starter-json/3.2.0/spring-boot-starter-json-3.2.0.jar:/home/danilo/.m2/repository/com/fasterxml/jackson/datatype/jackson-datatype-jdk8/2.15.3/jackson-datatype-jdk8-2.15.3.jar:/home/danilo/.m2/repository/com/fasterxml/jackson/datatype/jackson-datatype-jsr310/2.15.3/jackson-datatype-jsr310-2.15.3.jar:/home/danilo/.m2/repository/com/fasterxml/jackson/module/jackson-module-parameter-names/2.15.3/jackson-module-parameter-names-2.15.3.jar:/home/danilo/.m2/repository/org/springframework/boot/spring-boot-starter-tomcat/3.2.0/spring-boot-starter-tomcat-3.2.0.jar:/home/danilo/.m2/repository/org/apache/tomcat/embed/tomcat-embed-core/10.1.16/tomcat-embed-core-10.1.16.jar:/home/danilo/.m2/repository/org/apache/tomcat/embed/tomcat-embed-websocket/10.1.16/tomcat-embed-websocket-10.1.16.jar:/home/danilo/.m2/repository/org/springframework/spring-web/6.1.1/spring-web-6.1.1.jar:/home/danilo/.m2/repository/org/springframework/spring-webmvc/6.1.1/spring-webmvc-6.1.1.jar:/home/danilo/.m2/repository/org/springframework/spring-expression/6.1.1/spring-expression-6.1.1.jar:/home/danilo/.m2/repository/org/springframework/boot/spring-boot-starter-log4j2/3.2.0/spring-boot-starter-log4j2-3.2.0.jar:/home/danilo/.m2/repository/org/apache/logging/log4j/log4j-slf4j2-impl/2.21.1/log4j-slf4j2-impl-2.21.1.jar:/home/danilo/.m2/repository/org/apache/logging/log4j/log4j-api/2.21.1/log4j-api-2.21.1.jar:/home/danilo/.m2/repository/org/apache/logging/log4j/log4j-core/2.21.1/log4j-core-2.21.1.jar:/home/danilo/.m2/repository/org/apache/logging/log4j/log4j-jul/2.21.1/log4j-jul-2.21.1.jar:/home/danilo/.m2/repository/org/springframework/boot/spring-boot-starter-actuator/3.2.0/spring-boot-starter-actuator-3.2.0.jar:/home/danilo/.m2/repository/org/springframework/boot/spring-boot-actuator-autoconfigure/3.2.0/spring-boot-actuator-autoconfigure-3.2.0.jar:/home/danilo/.m2/repository/org/springframework/boot/spring-boot-actuator/3.2.0/spring-boot-actuator-3.2.0.jar:/home/danilo/.m2/repository/io/micrometer/micrometer-observation/1.12.0/micrometer-observation-1.12.0.jar:/home/danilo/.m2/repository/io/micrometer/micrometer-commons/1.12.0/micrometer-commons-1.12.0.jar:/home/danilo/.m2/repository/io/micrometer/micrometer-jakarta9/1.12.0/micrometer-jakarta9-1.12.0.jar:/home/danilo/.m2/repository/io/micrometer/micrometer-registry-prometheus/1.12.0/micrometer-registry-prometheus-1.12.0.jar:/home/danilo/.m2/repository/io/micrometer/micrometer-core/1.12.0/micrometer-core-1.12.0.jar:/home/danilo/.m2/repository/org/hdrhistogram/HdrHistogram/2.1.12/HdrHistogram-2.1.12.jar:/home/danilo/.m2/repository/org/latencyutils/LatencyUtils/2.0.3/LatencyUtils-2.0.3.jar:/home/danilo/.m2/repository/io/prometheus/simpleclient_common/0.16.0/simpleclient_common-0.16.0.jar:/home/danilo/.m2/repository/io/prometheus/simpleclient/0.16.0/simpleclient-0.16.0.jar:/home/danilo/.m2/repository/io/prometheus/simpleclient_tracer_otel/0.16.0/simpleclient_tracer_otel-0.16.0.jar:/home/danilo/.m2/repository/io/prometheus/simpleclient_tracer_common/0.16.0/simpleclient_tracer_common-0.16.0.jar:/home/danilo/.m2/repository/io/prometheus/simpleclient_tracer_otel_agent/0.16.0/simpleclient_tracer_otel_agent-0.16.0.jar:/home/danilo/.m2/repository/org/apache/logging/log4j/log4j-layout-template-json/2.21.1/log4j-layout-template-json-2.21.1.jar:/home/danilo/.m2/repository/org/springframework/boot/spring-boot-starter-validation/3.2.0/spring-boot-starter-validation-3.2.0.jar:/home/danilo/.m2/repository/org/apache/tomcat/embed/tomcat-embed-el/10.1.16/tomcat-embed-el-10.1.16.jar:/home/danilo/.m2/repository/org/hibernate/validator/hibernate-validator/8.0.1.Final/hibernate-validator-8.0.1.Final.jar:/home/danilo/.m2/repository/jakarta/validation/jakarta.validation-api/3.0.2/jakarta.validation-api-3.0.2.jar:/home/danilo/.m2/repository/org/springframework/boot/spring-boot-starter-security/3.2.0/spring-boot-starter-security-3.2.0.jar:/home/danilo/.m2/repository/org/springframework/spring-aop/6.1.1/spring-aop-6.1.1.jar:/home/danilo/.m2/repository/org/springframework/security/spring-security-config/6.2.0/spring-security-config-6.2.0.jar:/home/danilo/.m2/repository/org/springframework/security/spring-security-core/6.2.0/spring-security-core-6.2.0.jar:/home/danilo/.m2/repository/org/springframework/security/spring-security-crypto/6.2.0/spring-security-crypto-6.2.0.jar:/home/danilo/.m2/repository/org/springframework/security/spring-security-web/6.2.0/spring-security-web-6.2.0.jar:/home/danilo/.m2/repository/io/jsonwebtoken/jjwt-api/0.11.2/jjwt-api-0.11.2.jar:/home/danilo/.m2/repository/io/jsonwebtoken/jjwt-impl/0.11.2/jjwt-impl-0.11.2.jar:/home/danilo/.m2/repository/io/jsonwebtoken/jjwt-jackson/0.11.2/jjwt-jackson-0.11.2.jar:/home/danilo/.m2/repository/com/fasterxml/jackson/core/jackson-databind/2.15.3/jackson-databind-2.15.3.jar:/home/danilo/.m2/repository/com/fasterxml/jackson/core/jackson-annotations/2.15.3/jackson-annotations-2.15.3.jar:/home/danilo/.m2/repository/com/fasterxml/jackson/core/jackson-core/2.15.3/jackson-core-2.15.3.jar:/home/danilo/.m2/repository/io/cucumber/cucumber-picocontainer/7.22.2/cucumber-picocontainer-7.22.2.jar:/home/danilo/.m2/repository/io/cucumber/cucumber-core/7.22.2/cucumber-core-7.22.2.jar:/home/danilo/.m2/repository/io/cucumber/cucumber-gherkin/7.22.2/cucumber-gherkin-7.22.2.jar:/home/danilo/.m2/repository/io/cucumber/cucumber-gherkin-messages/7.22.2/cucumber-gherkin-messages-7.22.2.jar:/home/danilo/.m2/repository/io/cucumber/gherkin/32.1.1/gherkin-32.1.1.jar:/home/danilo/.m2/repository/io/cucumber/messages/27.2.0/messages-27.2.0.jar:/home/danilo/.m2/repository/io/cucumber/testng-xml-formatter/0.3.1/testng-xml-formatter-0.3.1.jar:/home/danilo/.m2/repository/io/cucumber/query/13.2.0/query-13.2.0.jar:/home/danilo/.m2/repository/io/cucumber/tag-expressions/6.1.2/tag-expressions-6.1.2.jar:/home/danilo/.m2/repository/io/cucumber/cucumber-expressions/18.0.1/cucumber-expressions-18.0.1.jar:/home/danilo/.m2/repository/io/cucumber/datatable/7.22.2/datatable-7.22.2.jar:/home/danilo/.m2/repository/io/cucumber/cucumber-plugin/7.22.2/cucumber-plugin-7.22.2.jar:/home/danilo/.m2/repository/io/cucumber/docstring/7.22.2/docstring-7.22.2.jar:/home/danilo/.m2/repository/io/cucumber/html-formatter/21.10.1/html-formatter-21.10.1.jar:/home/danilo/.m2/repository/io/cucumber/junit-xml-formatter/0.7.1/junit-xml-formatter-0.7.1.jar:/home/danilo/.m2/repository/io/cucumber/ci-environment/10.0.1/ci-environment-10.0.1.jar:/home/danilo/.m2/repository/org/apiguardian/apiguardian-api/1.1.2/apiguardian-api-1.1.2.jar:/home/danilo/.m2/repository/org/picocontainer/picocontainer/2.15.2/picocontainer-2.15.2.jar:/home/danilo/.m2/repository/org/springframework/boot/spring-boot-devtools/3.2.0/spring-boot-devtools-3.2.0.jar:/home/danilo/.m2/repository/org/springframework/boot/spring-boot-starter-thymeleaf/3.2.0/spring-boot-starter-thymeleaf-3.2.0.jar:/home/danilo/.m2/repository/org/thymeleaf/thymeleaf-spring6/3.1.2.RELEASE/thymeleaf-spring6-3.1.2.RELEASE.jar:/home/danilo/.m2/repository/org/thymeleaf/thymeleaf/3.1.2.RELEASE/thymeleaf-3.1.2.RELEASE.jar:/home/danilo/.m2/repository/org/attoparser/attoparser/2.0.7.RELEASE/attoparser-2.0.7.RELEASE.jar:/home/danilo/.m2/repository/org/unbescape/unbescape/1.1.6.RELEASE/unbescape-1.1.6.RELEASE.jar:/home/danilo/.m2/repository/app/getxray/xray-junit-extensions/0.7.3/xray-junit-extensions-0.7.3.jar:/home/danilo/.m2/repository/org/junit/jupiter/junit-jupiter-api/5.11.4/junit-jupiter-api-5.11.4.jar:/home/danilo/.m2/repository/org/opentest4j/opentest4j/1.3.0/opentest4j-1.3.0.jar:/home/danilo/.m2/repository/org/junit/platform/junit-platform-reporting/1.11.4/junit-platform-reporting-1.11.4.jar:/home/danilo/.m2/repository/org/junit/platform/junit-platform-launcher/1.11.4/junit-platform-launcher-1.11.4.jar:/home/danilo/.m2/repository/org/junit/platform/junit-platform-engine/1.11.4/junit-platform-engine-1.11.4.jar:/home/danilo/.m2/repository/org/junit/platform/junit-platform-commons/1.11.4/junit-platform-commons-1.11.4.jar:/home/danilo/.m2/repository/app/getxray/xray-maven-plugin/0.8.0/xray-maven-plugin-0.8.0.jar:/home/danilo/.m2/repository/com/squareup/okhttp3/okhttp/4.12.0/okhttp-4.12.0.jar:/home/danilo/.m2/repository/com/squareup/okio/okio/3.6.0/okio-3.6.0.jar:/home/danilo/.m2/repository/com/squareup/okio/okio-jvm/3.6.0/okio-jvm-3.6.0.jar:/home/danilo/.m2/repository/org/jetbrains/kotlin/kotlin-stdlib-common/1.9.20/kotlin-stdlib-common-1.9.20.jar:/home/danilo/.m2/repository/org/jetbrains/kotlin/kotlin-stdlib-jdk8/1.9.20/kotlin-stdlib-jdk8-1.9.20.jar:/home/danilo/.m2/repository/org/jetbrains/kotlin/kotlin-stdlib/1.9.20/kotlin-stdlib-1.9.20.jar:/home/danilo/.m2/repository/org/jetbrains/kotlin/kotlin-stdlib-jdk7/1.9.20/kotlin-stdlib-jdk7-1.9.20.jar:/home/danilo/.m2/repository/org/json/json/20231013/json-20231013.jar:/home/danilo/.m2/repository/org/codehaus/plexus/plexus-utils/3.4.1/plexus-utils-3.4.1.jar:/home/danilo/.m2/repository/org/postgresql/postgresql/42.6.0/postgresql-42.6.0.jar:/home/danilo/.m2/repository/org/checkerframework/checker-qual/3.31.0/checker-qual-3.31.0.jar:/home/danilo/.m2/repository/org/testcontainers/postgresql/1.19.3/postgresql-1.19.3.jar:/home/danilo/.m2/repository/org/testcontainers/jdbc/1.19.3/jdbc-1.19.3.jar:/home/danilo/.m2/repository/org/testcontainers/database-commons/1.19.3/database-commons-1.19.3.jar:/home/danilo/.m2/repository/org/testcontainers/junit-jupiter/1.19.3/junit-jupiter-1.19.3.jar:/home/danilo/.m2/repository/org/testcontainers/testcontainers/1.19.3/testcontainers-1.19.3.jar:/home/danilo/.m2/repository/junit/junit/4.13.2/junit-4.13.2.jar:/home/danilo/.m2/repository/org/hamcrest/hamcrest-core/2.2/hamcrest-core-2.2.jar:/home/danilo/.m2/repository/org/rnorth/duct-tape/duct-tape/1.0.8/duct-tape-1.0.8.jar:/home/danilo/.m2/repository/org/jetbrains/annotations/17.0.0/annotations-17.0.0.jar:/home/danilo/.m2/repository/com/github/docker-java/docker-java-api/3.3.4/docker-java-api-3.3.4.jar:/home/danilo/.m2/repository/com/github/docker-java/docker-java-transport-zerodep/3.3.4/docker-java-transport-zerodep-3.3.4.jar:/home/danilo/.m2/repository/org/testcontainers/selenium/1.19.3/selenium-1.19.3.jar:/home/danilo/.m2/repository/org/flywaydb/flyway-core/9.22.3/flyway-core-9.22.3.jar:/home/danilo/.m2/repository/com/fasterxml/jackson/dataformat/jackson-dataformat-toml/2.15.3/jackson-dataformat-toml-2.15.3.jar:/home/danilo/.m2/repository/com/google/code/gson/gson/2.10.1/gson-2.10.1.jar:/home/danilo/.m2/repository/org/springdoc/springdoc-openapi-starter-webmvc-ui/2.6.0/springdoc-openapi-starter-webmvc-ui-2.6.0.jar:/home/danilo/.m2/repository/org/springdoc/springdoc-openapi-starter-webmvc-api/2.6.0/springdoc-openapi-starter-webmvc-api-2.6.0.jar:/home/danilo/.m2/repository/org/springdoc/springdoc-openapi-starter-common/2.6.0/springdoc-openapi-starter-common-2.6.0.jar:/home/danilo/.m2/repository/io/swagger/core/v3/swagger-core-jakarta/2.2.22/swagger-core-jakarta-2.2.22.jar:/home/danilo/.m2/repository/io/swagger/core/v3/swagger-annotations-jakarta/2.2.22/swagger-annotations-jakarta-2.2.22.jar:/home/danilo/.m2/repository/io/swagger/core/v3/swagger-models-jakarta/2.2.22/swagger-models-jakarta-2.2.22.jar:/home/danilo/.m2/repository/com/fasterxml/jackson/dataformat/jackson-dataformat-yaml/2.15.3/jackson-dataformat-yaml-2.15.3.jar:/home/danilo/.m2/repository/org/webjars/swagger-ui/5.17.14/swagger-ui-5.17.14.jar:/home/danilo/.m2/repository/org/junit/jupiter/junit-jupiter/5.11.4/junit-jupiter-5.11.4.jar:/home/danilo/.m2/repository/org/junit/jupiter/junit-jupiter-params/5.11.4/junit-jupiter-params-5.11.4.jar:/home/danilo/.m2/repository/org/junit/jupiter/junit-jupiter-engine/5.11.4/junit-jupiter-engine-5.11.4.jar:/home/danilo/.m2/repository/org/assertj/assertj-core/3.26.0/assertj-core-3.26.0.jar:/home/danilo/.m2/repository/net/bytebuddy/byte-buddy/1.14.10/byte-buddy-1.14.10.jar:/home/danilo/.m2/repository/com/h2database/h2/2.2.224/h2-2.2.224.jar:/home/danilo/.m2/repository/org/springframework/boot/spring-boot-testcontainers/3.2.0/spring-boot-testcontainers-3.2.0.jar:/home/danilo/.m2/repository/io/rest-assured/rest-assured/5.5.1/rest-assured-5.5.1.jar:/home/danilo/.m2/repository/org/apache/groovy/groovy/4.0.15/groovy-4.0.15.jar:/home/danilo/.m2/repository/org/apache/groovy/groovy-xml/4.0.15/groovy-xml-4.0.15.jar:/home/danilo/.m2/repository/org/apache/httpcomponents/httpclient/4.5.13/httpclient-4.5.13.jar:/home/danilo/.m2/repository/org/apache/httpcomponents/httpcore/4.4.16/httpcore-4.4.16.jar:/home/danilo/.m2/repository/commons-logging/commons-logging/1.2/commons-logging-1.2.jar:/home/danilo/.m2/repository/commons-codec/commons-codec/1.16.0/commons-codec-1.16.0.jar:/home/danilo/.m2/repository/org/apache/httpcomponents/httpmime/4.5.13/httpmime-4.5.13.jar:/home/danilo/.m2/repository/org/ccil/cowan/tagsoup/tagsoup/1.2.1/tagsoup-1.2.1.jar:/home/danilo/.m2/repository/io/rest-assured/json-path/5.5.1/json-path-5.5.1.jar:/home/danilo/.m2/repository/org/apache/groovy/groovy-json/4.0.15/groovy-json-4.0.15.jar:/home/danilo/.m2/repository/io/rest-assured/rest-assured-common/5.5.1/rest-assured-common-5.5.1.jar:/home/danilo/.m2/repository/io/rest-assured/xml-path/5.5.1/xml-path-5.5.1.jar:/home/danilo/.m2/repository/io/rest-assured/spring-mock-mvc/5.5.1/spring-mock-mvc-5.5.1.jar:/home/danilo/.m2/repository/io/rest-assured/spring-commons/5.5.1/spring-commons-5.5.1.jar:/home/danilo/.m2/repository/org/junit/platform/junit-platform-suite/1.10.1/junit-platform-suite-1.10.1.jar:/home/danilo/.m2/repository/org/junit/platform/junit-platform-suite-api/1.11.4/junit-platform-suite-api-1.11.4.jar:/home/danilo/.m2/repository/org/junit/platform/junit-platform-suite-engine/1.11.4/junit-platform-suite-engine-1.11.4.jar:/home/danilo/.m2/repository/org/junit/platform/junit-platform-suite-commons/1.11.4/junit-platform-suite-commons-1.11.4.jar:/home/danilo/.m2/repository/io/cucumber/cucumber-java/7.15.0/cucumber-java-7.15.0.jar:/home/danilo/.m2/repository/io/cucumber/cucumber-junit-platform-engine/7.15.0/cucumber-junit-platform-engine-7.15.0.jar:/home/danilo/.m2/repository/org/seleniumhq/selenium/selenium-java/4.29.0/selenium-java-4.29.0.jar:/home/danilo/.m2/repository/org/seleniumhq/selenium/selenium-api/4.14.1/selenium-api-4.14.1.jar:/home/danilo/.m2/repository/org/seleniumhq/selenium/selenium-chrome-driver/4.14.1/selenium-chrome-driver-4.14.1.jar:/home/danilo/.m2/repository/com/google/auto/service/auto-service-annotations/1.1.1/auto-service-annotations-1.1.1.jar:/home/danilo/.m2/repository/com/google/guava/guava/32.1.2-jre/guava-32.1.2-jre.jar:/home/danilo/.m2/repository/com/google/guava/failureaccess/1.0.1/failureaccess-1.0.1.jar:/home/danilo/.m2/repository/com/google/guava/listenablefuture/9999.0-empty-to-avoid-conflict-with-guava/listenablefuture-9999.0-empty-to-avoid-conflict-with-guava.jar:/home/danilo/.m2/repository/com/google/code/findbugs/jsr305/3.0.2/jsr305-3.0.2.jar:/home/danilo/.m2/repository/com/google/errorprone/error_prone_annotations/2.18.0/error_prone_annotations-2.18.0.jar:/home/danilo/.m2/repository/com/google/j2objc/j2objc-annotations/2.8/j2objc-annotations-2.8.jar:/home/danilo/.m2/repository/org/seleniumhq/selenium/selenium-chromium-driver/4.14.1/selenium-chromium-driver-4.14.1.jar:/home/danilo/.m2/repository/org/seleniumhq/selenium/selenium-json/4.14.1/selenium-json-4.14.1.jar:/home/danilo/.m2/repository/org/seleniumhq/selenium/selenium-manager/4.14.1/selenium-manager-4.14.1.jar:/home/danilo/.m2/repository/org/seleniumhq/selenium/selenium-devtools-v131/4.29.0/selenium-devtools-v131-4.29.0.jar:/home/danilo/.m2/repository/org/seleniumhq/selenium/selenium-devtools-v132/4.29.0/selenium-devtools-v132-4.29.0.jar:/home/danilo/.m2/repository/org/seleniumhq/selenium/selenium-devtools-v133/4.29.0/selenium-devtools-v133-4.29.0.jar:/home/danilo/.m2/repository/org/seleniumhq/selenium/selenium-devtools-v85/4.14.1/selenium-devtools-v85-4.14.1.jar:/home/danilo/.m2/repository/org/seleniumhq/selenium/selenium-edge-driver/4.14.1/selenium-edge-driver-4.14.1.jar:/home/danilo/.m2/repository/org/seleniumhq/selenium/selenium-firefox-driver/4.14.1/selenium-firefox-driver-4.14.1.jar:/home/danilo/.m2/repository/org/seleniumhq/selenium/selenium-http/4.14.1/selenium-http-4.14.1.jar:/home/danilo/.m2/repository/dev/failsafe/failsafe/3.3.2/failsafe-3.3.2.jar:/home/danilo/.m2/repository/org/seleniumhq/selenium/selenium-ie-driver/4.14.1/selenium-ie-driver-4.14.1.jar:/home/danilo/.m2/repository/org/seleniumhq/selenium/selenium-remote-driver/4.14.1/selenium-remote-driver-4.14.1.jar:/home/danilo/.m2/repository/io/opentelemetry/opentelemetry-api/1.31.0/opentelemetry-api-1.31.0.jar:/home/danilo/.m2/repository/io/opentelemetry/opentelemetry-context/1.31.0/opentelemetry-context-1.31.0.jar:/home/danilo/.m2/repository/io/opentelemetry/opentelemetry-exporter-logging/1.31.0/opentelemetry-exporter-logging-1.31.0.jar:/home/danilo/.m2/repository/io/opentelemetry/opentelemetry-sdk-common/1.31.0/opentelemetry-sdk-common-1.31.0.jar:/home/danilo/.m2/repository/io/opentelemetry/opentelemetry-sdk-extension-autoconfigure-spi/1.31.0/opentelemetry-sdk-extension-autoconfigure-spi-1.31.0.jar:/home/danilo/.m2/repository/io/opentelemetry/opentelemetry-sdk-extension-autoconfigure/1.31.0/opentelemetry-sdk-extension-autoconfigure-1.31.0.jar:/home/danilo/.m2/repository/io/opentelemetry/opentelemetry-api-events/1.31.0-alpha/opentelemetry-api-events-1.31.0-alpha.jar:/home/danilo/.m2/repository/io/opentelemetry/opentelemetry-sdk-trace/1.31.0/opentelemetry-sdk-trace-1.31.0.jar:/home/danilo/.m2/repository/io/opentelemetry/opentelemetry-sdk/1.31.0/opentelemetry-sdk-1.31.0.jar:/home/danilo/.m2/repository/io/opentelemetry/opentelemetry-sdk-metrics/1.31.0/opentelemetry-sdk-metrics-1.31.0.jar:/home/danilo/.m2/repository/io/opentelemetry/opentelemetry-extension-incubator/1.31.0-alpha/opentelemetry-extension-incubator-1.31.0-alpha.jar:/home/danilo/.m2/repository/io/opentelemetry/opentelemetry-sdk-logs/1.31.0/opentelemetry-sdk-logs-1.31.0.jar:/home/danilo/.m2/repository/io/opentelemetry/opentelemetry-semconv/1.28.0-alpha/opentelemetry-semconv-1.28.0-alpha.jar:/home/danilo/.m2/repository/org/seleniumhq/selenium/selenium-os/4.14.1/selenium-os-4.14.1.jar:/home/danilo/.m2/repository/org/apache/commons/commons-exec/1.3/commons-exec-1.3.jar:/home/danilo/.m2/repository/org/seleniumhq/selenium/selenium-safari-driver/4.14.1/selenium-safari-driver-4.14.1.jar:/home/danilo/.m2/repository/org/seleniumhq/selenium/selenium-support/4.14.1/selenium-support-4.14.1.jar:/home/danilo/.m2/repository/io/github/bonigarcia/webdrivermanager/5.9.2/webdrivermanager-5.9.2.jar:/home/danilo/.m2/repository/org/slf4j/slf4j-api/2.0.9/slf4j-api-2.0.9.jar:/home/danilo/.m2/repository/com/github/docker-java/docker-java/3.4.0/docker-java-3.4.0.jar:/home/danilo/.m2/repository/com/github/docker-java/docker-java-core/3.4.0/docker-java-core-3.4.0.jar:/home/danilo/.m2/repository/org/slf4j/jcl-over-slf4j/2.0.9/jcl-over-slf4j-2.0.9.jar:/home/danilo/.m2/repository/com/github/docker-java/docker-java-transport-httpclient5/3.4.0/docker-java-transport-httpclient5-3.4.0.jar:/home/danilo/.m2/repository/com/github/docker-java/docker-java-transport/3.4.0/docker-java-transport-3.4.0.jar:/home/danilo/.m2/repository/net/java/dev/jna/jna/5.13.0/jna-5.13.0.jar:/home/danilo/.m2/repository/org/brotli/dec/0.1.2/dec-0.1.2.jar:/home/danilo/.m2/repository/org/apache/commons/commons-lang3/3.13.0/commons-lang3-3.13.0.jar:/home/danilo/.m2/repository/org/apache/commons/commons-compress/1.26.2/commons-compress-1.26.2.jar:/home/danilo/.m2/repository/commons-io/commons-io/2.16.1/commons-io-2.16.1.jar:/home/danilo/.m2/repository/org/apache/httpcomponents/client5/httpclient5/5.2.1/httpclient5-5.2.1.jar:/home/danilo/.m2/repository/org/apache/httpcomponents/core5/httpcore5/5.2.3/httpcore5-5.2.3.jar:/home/danilo/.m2/repository/org/apache/httpcomponents/core5/httpcore5-h2/5.2.3/httpcore5-h2-5.2.3.jar:/home/danilo/.m2/repository/javax/persistence/javax.persistence-api/2.2/javax.persistence-api-2.2.jar:"/>
<property name="user.country" value="US"/>
<property name="user.country.format" value="PT"/>
<property name="user.dir" value="/home/danilo/Danilo/ua/3ºano/TQS/Project/SmartVolt/backend/smartvolt"/>
<property name="user.home" value="/home/danilo"/>
<property name="user.language" value="en"/>
<property name="user.language.format" value="pt"/>
<property name="user.name" value="danilo"/>
<property name="user.timezone" value="Europe/Lisbon"/>
</properties>
<testcase name="getAllChargingStations_WhenOperatorExists_ReturnsListOfChargingStations" classname="ua.tqs.smartvolt.smartvolt.services.ChargingStationServiceTest" time="0" started-at="2025-05-30T14:23:55.731803489" finished-at="2025-05-30T14:23:55.762595664">
<system-out><![CDATA[
unique-id: [engine:junit-jupiter]/[class:ua.tqs.smartvolt.smartvolt.services.ChargingStationServiceTest]/[method:getAllChargingStations_WhenOperatorExists_ReturnsListOfChargingStations()]
display-name: getAllChargingStations_WhenOperatorExists_ReturnsListOfChargingStations()
]]></system-out>
<properties>
<property name="requirements" value="SV-34"/>
<property name="tags" value="UnitTest"/>
<property name="_dummy_" value=""/>
</properties>
</testcase>
<testcase name="checkNotEmptyList_shouldThrowException_whenListIsNullOrEmpty" classname="ua.tqs.smartvolt.smartvolt.utils.validation.ValidatorTest" time="0" started-at="2025-05-30T14:23:54.909460881" finished-at="2025-05-30T14:23:54.910413878">
<system-out><![CDATA[
unique-id: [engine:junit-jupiter]/[class:ua.tqs.smartvolt.smartvolt.utils.validation.ValidatorTest]/[method:checkNotEmptyList_shouldThrowException_whenListIsNullOrEmpty()]
display-name: checkNotEmptyList_shouldThrowException_whenListIsNullOrEmpty()
]]></system-out>
<properties>
<property name="tags" value="UnitTest"/>
<property name="_dummy_" value=""/>
</properties>
</testcase>
<testcase name="activateChargingStation_WhenChargingStationExists_ThenActivatesChargingStation" classname="ua.tqs.smartvolt.smartvolt.integration.ChargingStationControllerIT" time="0" started-at="2025-05-30T14:23:54.26683366" finished-at="2025-05-30T14:23:54.393967703">
<system-out><![CDATA[
unique-id: [engine:junit-jupiter]/[class:ua.tqs.smartvolt.smartvolt.integration.ChargingStationControllerIT]/[method:activateChargingStation_WhenChargingStationExists_ThenActivatesChargingStation()]
display-name: activateChargingStation_WhenChargingStationExists_ThenActivatesChargingStation()
]]></system-out>
<properties>
<property name="requirements" value="SV-35"/>
<property name="tags" value="IT-Fast"/>
<property name="_dummy_" value=""/>
</properties>
</testcase>
<testcase name="checkLessThan_shouldThrowException_whenValueIsGreaterThanThreshold" classname="ua.tqs.smartvolt.smartvolt.utils.validation.ValidatorTest" time="0" started-at="2025-05-30T14:23:54.906959291" finished-at="2025-05-30T14:23:54.907844068">
<system-out><![CDATA[
unique-id: [engine:junit-jupiter]/[class:ua.tqs.smartvolt.smartvolt.utils.validation.ValidatorTest]/[method:checkLessThan_shouldThrowException_whenValueIsGreaterThanThreshold()]
display-name: checkLessThan_shouldThrowException_whenValueIsGreaterThanThreshold()
]]></system-out>
<properties>
<property name="tags" value="UnitTest"/>
<property name="_dummy_" value=""/>
</properties>
</testcase>
<testcase name="checkNotEmptyString_shouldNotThrowException_whenStringIsNotEmpty" classname="ua.tqs.smartvolt.smartvolt.utils.validation.ValidatorTest" time="0" started-at="2025-05-30T14:23:54.903335831" finished-at="2025-05-30T14:23:54.904028753">
<system-out><![CDATA[
unique-id: [engine:junit-jupiter]/[class:ua.tqs.smartvolt.smartvolt.utils.validation.ValidatorTest]/[method:checkNotEmptyString_shouldNotThrowException_whenStringIsNotEmpty()]
display-name: checkNotEmptyString_shouldNotThrowException_whenStringIsNotEmpty()
]]></system-out>
<properties>
<property name="tags" value="UnitTest"/>
<property name="_dummy_" value=""/>
</properties>
</testcase>
<testcase name="checkCoordinates_shouldNotThrowException_whenCoordinatesAreValid" classname="ua.tqs.smartvolt.smartvolt.utils.validation.ValidatorTest" time="0" started-at="2025-05-30T14:23:54.904190481" finished-at="2025-05-30T14:23:54.904963335">
<system-out><![CDATA[
unique-id: [engine:junit-jupiter]/[class:ua.tqs.smartvolt.smartvolt.utils.validation.ValidatorTest]/[method:checkCoordinates_shouldNotThrowException_whenCoordinatesAreValid()]
display-name: checkCoordinates_shouldNotThrowException_whenCoordinatesAreValid()
]]></system-out>
<properties>
<property name="tags" value="UnitTest"/>
<property name="_dummy_" value=""/>
</properties>
</testcase>
<testcase name="checkCoordinates_shouldThrowException_whenLatitudeIsNull" classname="ua.tqs.smartvolt.smartvolt.utils.validation.ValidatorTest" time="0" started-at="2025-05-30T14:23:54.911433733" finished-at="2025-05-30T14:23:54.912179976">
<system-out><![CDATA[
unique-id: [engine:junit-jupiter]/[class:ua.tqs.smartvolt.smartvolt.utils.validation.ValidatorTest]/[method:checkCoordinates_shouldThrowException_whenLatitudeIsNull()]
display-name: checkCoordinates_shouldThrowException_whenLatitudeIsNull()
]]></system-out>
<properties>
<property name="tags" value="UnitTest"/>
<property name="_dummy_" value=""/>
</properties>
</testcase>
<testcase name="checkNotEmptyList_shouldNotThrowException_whenListIsNotEmpty" classname="ua.tqs.smartvolt.smartvolt.utils.validation.ValidatorTest" time="0" started-at="2025-05-30T14:23:54.897814714" finished-at="2025-05-30T14:23:54.898499139">
<system-out><![CDATA[
unique-id: [engine:junit-jupiter]/[class:ua.tqs.smartvolt.smartvolt.utils.validation.ValidatorTest]/[method:checkNotEmptyList_shouldNotThrowException_whenListIsNotEmpty()]
display-name: checkNotEmptyList_shouldNotThrowException_whenListIsNotEmpty()
]]></system-out>
<properties>
<property name="tags" value="UnitTest"/>
<property name="_dummy_" value=""/>
</properties>
</testcase>
<testcase name="checkUrl_shouldNotThrowException_whenUrlIsValid" classname="ua.tqs.smartvolt.smartvolt.utils.validation.ValidatorTest" time="0" started-at="2025-05-30T14:23:54.913309099" finished-at="2025-05-30T14:23:54.914157877">
<system-out><![CDATA[
unique-id: [engine:junit-jupiter]/[class:ua.tqs.smartvolt.smartvolt.utils.validation.ValidatorTest]/[method:checkUrl_shouldNotThrowException_whenUrlIsValid()]
display-name: checkUrl_shouldNotThrowException_whenUrlIsValid()
]]></system-out>
<properties>
<property name="tags" value="UnitTest"/>
<property name="_dummy_" value=""/>
</properties>
</testcase>
<testcase name="createChargingStation_WhenOperatorExists_ThenCreatesChargingStation" classname="ua.tqs.smartvolt.smartvolt.integration.ChargingStationControllerIT" time="0" started-at="2025-05-30T14:23:53.871943111" finished-at="2025-05-30T14:23:54.123382743">
<system-out><![CDATA[
unique-id: [engine:junit-jupiter]/[class:ua.tqs.smartvolt.smartvolt.integration.ChargingStationControllerIT]/[method:createChargingStation_WhenOperatorExists_ThenCreatesChargingStation()]
display-name: createChargingStation_WhenOperatorExists_ThenCreatesChargingStation()
]]></system-out>
<properties>
<property name="requirements" value="SV-34"/>
<property name="tags" value="IT-Fast"/>
<property name="_dummy_" value=""/>
</properties>
</testcase>
<testcase name="getAllChargingStations_WhenOperatorNotExists_ThenThrowsResourceNotFoundException" classname="ua.tqs.smartvolt.smartvolt.integration.ChargingStationControllerIT" time="0" started-at="2025-05-30T14:23:54.517048287" finished-at="2025-05-30T14:23:54.653624965">
<system-out><![CDATA[
unique-id: [engine:junit-jupiter]/[class:ua.tqs.smartvolt.smartvolt.integration.ChargingStationControllerIT]/[method:getAllChargingStations_WhenOperatorNotExists_ThenThrowsResourceNotFoundException()]
display-name: getAllChargingStations_WhenOperatorNotExists_ThenThrowsResourceNotFoundException()
]]></system-out>
<properties>
<property name="requirements" value="SV-34"/>
<property name="tags" value="IT-Fast"/>
<property name="_dummy_" value=""/>
</properties>
</testcase>
<testcase name="checkNotEmptyMap_shouldThrowException_whenMapIsNullOrEmpty" classname="ua.tqs.smartvolt.smartvolt.utils.validation.ValidatorTest" time="0" started-at="2025-05-30T14:23:54.896242536" finished-at="2025-05-30T14:23:54.897648026">
<system-out><![CDATA[
unique-id: [engine:junit-jupiter]/[class:ua.tqs.smartvolt.smartvolt.utils.validation.ValidatorTest]/[method:checkNotEmptyMap_shouldThrowException_whenMapIsNullOrEmpty()]
display-name: checkNotEmptyMap_shouldThrowException_whenMapIsNullOrEmpty()
]]></system-out>
<properties>
<property name="tags" value="UnitTest"/>
<property name="_dummy_" value=""/>
</properties>
</testcase>
<testcase name="checkGreaterThan_shouldThrowException_whenValueIsLessThanThreshold" classname="ua.tqs.smartvolt.smartvolt.utils.validation.ValidatorTest" time="0" started-at="2025-05-30T14:23:54.901729679" finished-at="2025-05-30T14:23:54.902384207">
<system-out><![CDATA[
unique-id: [engine:junit-jupiter]/[class:ua.tqs.smartvolt.smartvolt.utils.validation.ValidatorTest]/[method:checkGreaterThan_shouldThrowException_whenValueIsLessThanThreshold()]
display-name: checkGreaterThan_shouldThrowException_whenValueIsLessThanThreshold()
]]></system-out>
<properties>
<property name="tags" value="UnitTest"/>
<property name="_dummy_" value=""/>
</properties>
</testcase>
<testcase name="checkLessThan_shouldThrowException_whenValueIsEqualToThreshold" classname="ua.tqs.smartvolt.smartvolt.utils.validation.ValidatorTest" time="0" started-at="2025-05-30T14:23:54.912408131" finished-at="2025-05-30T14:23:54.913124196">
<system-out><![CDATA[
unique-id: [engine:junit-jupiter]/[class:ua.tqs.smartvolt.smartvolt.utils.validation.ValidatorTest]/[method:checkLessThan_shouldThrowException_whenValueIsEqualToThreshold()]
display-name: checkLessThan_shouldThrowException_whenValueIsEqualToThreshold()
]]></system-out>
<properties>
<property name="tags" value="UnitTest"/>
<property name="_dummy_" value=""/>
</properties>
</testcase>
<testcase name="checkNotNull_shouldThrowException_whenObjectIsNull" classname="ua.tqs.smartvolt.smartvolt.utils.validation.ValidatorTest" time="0" started-at="2025-05-30T14:23:54.91055624" finished-at="2025-05-30T14:23:54.911229533">
<system-out><![CDATA[
unique-id: [engine:junit-jupiter]/[class:ua.tqs.smartvolt.smartvolt.utils.validation.ValidatorTest]/[method:checkNotNull_shouldThrowException_whenObjectIsNull()]
display-name: checkNotNull_shouldThrowException_whenObjectIsNull()
]]></system-out>
<properties>
<property name="tags" value="UnitTest"/>
<property name="_dummy_" value=""/>
</properties>
</testcase>
<testcase name="updateChargingStationStatus_WhenStationNotExists_ThenThrowsResourceNotFoundException" classname="ua.tqs.smartvolt.smartvolt.integration.ChargingStationControllerIT" time="2" started-at="2025-05-30T14:23:51.603943761" finished-at="2025-05-30T14:23:53.870440606">
<system-out><![CDATA[
unique-id: [engine:junit-jupiter]/[class:ua.tqs.smartvolt.smartvolt.integration.ChargingStationControllerIT]/[method:updateChargingStationStatus_WhenStationNotExists_ThenThrowsResourceNotFoundException()]
display-name: updateChargingStationStatus_WhenStationNotExists_ThenThrowsResourceNotFoundException()
]]></system-out>
<properties>
<property name="requirements" value="SV-35"/>
<property name="tags" value="IT-Fast"/>
<property name="_dummy_" value=""/>
</properties>
</testcase>
<testcase name="checkCoordinates_shouldThrowException_whenCoordinatesAreInvalid" classname="ua.tqs.smartvolt.smartvolt.utils.validation.ValidatorTest" time="0" started-at="2025-05-30T14:23:54.900455108" finished-at="2025-05-30T14:23:54.901540338">
<system-out><![CDATA[
unique-id: [engine:junit-jupiter]/[class:ua.tqs.smartvolt.smartvolt.utils.validation.ValidatorTest]/[method:checkCoordinates_shouldThrowException_whenCoordinatesAreInvalid()]
display-name: checkCoordinates_shouldThrowException_whenCoordinatesAreInvalid()
]]></system-out>
<properties>
<property name="tags" value="UnitTest"/>
<property name="_dummy_" value=""/>
</properties>
</testcase>
<testcase name="checkUrl_shouldThrowException_whenUrlIsInvalid" classname="ua.tqs.smartvolt.smartvolt.utils.validation.ValidatorTest" time="0" started-at="2025-05-30T14:23:54.90800783" finished-at="2025-05-30T14:23:54.909279635">
<system-out><![CDATA[
unique-id: [engine:junit-jupiter]/[class:ua.tqs.smartvolt.smartvolt.utils.validation.ValidatorTest]/[method:checkUrl_shouldThrowException_whenUrlIsInvalid()]
display-name: checkUrl_shouldThrowException_whenUrlIsInvalid()
]]></system-out>
<properties>
<property name="tags" value="UnitTest"/>
<property name="_dummy_" value=""/>
</properties>
</testcase>
<testcase name="checkNotEmptyString_shouldThrowException_whenStringIsNullOrEmpty" classname="ua.tqs.smartvolt.smartvolt.utils.validation.ValidatorTest" time="0" started-at="2025-05-30T14:23:54.905087982" finished-at="2025-05-30T14:23:54.905950126">
<system-out><![CDATA[
unique-id: [engine:junit-jupiter]/[class:ua.tqs.smartvolt.smartvolt.utils.validation.ValidatorTest]/[method:checkNotEmptyString_shouldThrowException_whenStringIsNullOrEmpty()]
display-name: checkNotEmptyString_shouldThrowException_whenStringIsNullOrEmpty()
]]></system-out>
<properties>
<property name="tags" value="UnitTest"/>
<property name="_dummy_" value=""/>
</properties>
</testcase>
<testcase name="createChargingStation_WhenOperatorExists_CreatesChargingStation" classname="ua.tqs.smartvolt.smartvolt.services.ChargingStationServiceTest" time="0" started-at="2025-05-30T14:23:55.775524517" finished-at="2025-05-30T14:23:55.790413869">
<system-out><![CDATA[
unique-id: [engine:junit-jupiter]/[class:ua.tqs.smartvolt.smartvolt.services.ChargingStationServiceTest]/[method:createChargingStation_WhenOperatorExists_CreatesChargingStation()]
display-name: createChargingStation_WhenOperatorExists_CreatesChargingStation()
]]></system-out>
<properties>
<property name="requirements" value="SV-34"/>
<property name="tags" value="UnitTest"/>
<property name="_dummy_" value=""/>
</properties>
</testcase>
<testcase name="checkGreaterThan_shouldThrowException_whenValueIsNull" classname="ua.tqs.smartvolt.smartvolt.utils.validation.ValidatorTest" time="0" started-at="2025-05-30T14:23:54.89864657" finished-at="2025-05-30T14:23:54.899367074">
<system-out><![CDATA[
unique-id: [engine:junit-jupiter]/[class:ua.tqs.smartvolt.smartvolt.utils.validation.ValidatorTest]/[method:checkGreaterThan_shouldThrowException_whenValueIsNull()]
display-name: checkGreaterThan_shouldThrowException_whenValueIsNull()
]]></system-out>
<properties>
<property name="tags" value="UnitTest"/>
<property name="_dummy_" value=""/>
</properties>
</testcase>
<testcase name="checkGreaterThan_shouldNotThrowException_whenValueIsGraterThanThreshold" classname="ua.tqs.smartvolt.smartvolt.utils.validation.ValidatorTest" time="0" started-at="2025-05-30T14:23:54.906084673" finished-at="2025-05-30T14:23:54.906799195">
<system-out><![CDATA[
unique-id: [engine:junit-jupiter]/[class:ua.tqs.smartvolt.smartvolt.utils.validation.ValidatorTest]/[method:checkGreaterThan_shouldNotThrowException_whenValueIsGraterThanThreshold()]
display-name: checkGreaterThan_shouldNotThrowException_whenValueIsGraterThanThreshold()
]]></system-out>
<properties>
<property name="tags" value="UnitTest"/>
<property name="_dummy_" value=""/>
</properties>
</testcase>
<testcase name="getAllChargingStations_WhenOperatorExists_ThenListOfChargingStations" classname="ua.tqs.smartvolt.smartvolt.integration.ChargingStationControllerIT" time="0" started-at="2025-05-30T14:23:54.394681023" finished-at="2025-05-30T14:23:54.516396985">
<system-out><![CDATA[
unique-id: [engine:junit-jupiter]/[class:ua.tqs.smartvolt.smartvolt.integration.ChargingStationControllerIT]/[method:getAllChargingStations_WhenOperatorExists_ThenListOfChargingStations()]
display-name: getAllChargingStations_WhenOperatorExists_ThenListOfChargingStations()
]]></system-out>
<properties>
<property name="requirements" value="SV-34"/>
<property name="tags" value="IT-Fast"/>
<property name="_dummy_" value=""/>
</properties>
</testcase>
<testcase name="checkNotNull_shouldNotThrowException_whenObjectIsNotNull" classname="ua.tqs.smartvolt.smartvolt.utils.validation.ValidatorTest" time="0" started-at="2025-05-30T14:23:54.902533562" finished-at="2025-05-30T14:23:54.903157972">
<system-out><![CDATA[
unique-id: [engine:junit-jupiter]/[class:ua.tqs.smartvolt.smartvolt.utils.validation.ValidatorTest]/[method:checkNotNull_shouldNotThrowException_whenObjectIsNotNull()]
display-name: checkNotNull_shouldNotThrowException_whenObjectIsNotNull()
]]></system-out>
<properties>
<property name="tags" value="UnitTest"/>
<property name="_dummy_" value=""/>
</properties>
</testcase>
<testcase name="checkLessThan_shouldThrowException_whenValueIsEqualToExpected" classname="ua.tqs.smartvolt.smartvolt.utils.validation.ValidatorTest" time="0" started-at="2025-05-30T14:23:54.89955378" finished-at="2025-05-30T14:23:54.900275386">
<system-out><![CDATA[
unique-id: [engine:junit-jupiter]/[class:ua.tqs.smartvolt.smartvolt.utils.validation.ValidatorTest]/[method:checkLessThan_shouldThrowException_whenValueIsEqualToExpected()]
display-name: checkLessThan_shouldThrowException_whenValueIsEqualToExpected()
]]></system-out>
<properties>
<property name="tags" value="UnitTest"/>
<property name="_dummy_" value=""/>
</properties>
</testcase>
<testcase name="checkLessThan_shouldThrowException_whenValueIsNull" classname="ua.tqs.smartvolt.smartvolt.utils.validation.ValidatorTest" time="0" started-at="2025-05-30T14:23:54.914313163" finished-at="2025-05-30T14:23:54.914982129">
<system-out><![CDATA[
unique-id: [engine:junit-jupiter]/[class:ua.tqs.smartvolt.smartvolt.utils.validation.ValidatorTest]/[method:checkLessThan_shouldThrowException_whenValueIsNull()]
display-name: checkLessThan_shouldThrowException_whenValueIsNull()
]]></system-out>
<properties>
<property name="tags" value="UnitTest"/>
<property name="_dummy_" value=""/>
</properties>
</testcase>
<testcase name="updateChargingStationStatus_WhenStationDoesNotExist_ThrowsResourceNotFoundException" classname="ua.tqs.smartvolt.smartvolt.services.ChargingStationServiceTest" time="0" started-at="2025-05-30T14:23:54.922728009" finished-at="2025-05-30T14:23:55.731124574">
<system-out><![CDATA[
unique-id: [engine:junit-jupiter]/[class:ua.tqs.smartvolt.smartvolt.services.ChargingStationServiceTest]/[method:updateChargingStationStatus_WhenStationDoesNotExist_ThrowsResourceNotFoundException()]
display-name: updateChargingStationStatus_WhenStationDoesNotExist_ThrowsResourceNotFoundException()
]]></system-out>
<properties>
<property name="requirements" value="SV-35"/>
<property name="tags" value="UnitTest"/>
<property name="_dummy_" value=""/>
</properties>
</testcase>
<testcase name="deactivateChargingStation_WhenChargingStationExists_ThenDeactivatesChargingStation" classname="ua.tqs.smartvolt.smartvolt.integration.ChargingStationControllerIT" time="0" started-at="2025-05-30T14:23:54.124117795" finished-at="2025-05-30T14:23:54.266169403">
<system-out><![CDATA[
unique-id: [engine:junit-jupiter]/[class:ua.tqs.smartvolt.smartvolt.integration.ChargingStationControllerIT]/[method:deactivateChargingStation_WhenChargingStationExists_ThenDeactivatesChargingStation()]
display-name: deactivateChargingStation_WhenChargingStationExists_ThenDeactivatesChargingStation()
]]></system-out>
<properties>
<property name="requirements" value="SV-35"/>
<property name="tags" value="IT-Fast"/>
<property name="_dummy_" value=""/>
</properties>
</testcase>
<testcase name="checkLessThan_shouldNotThrowException_whenValueIsLessThanThreshold" classname="ua.tqs.smartvolt.smartvolt.utils.validation.ValidatorTest" time="0" started-at="2025-05-30T14:23:54.915108199" finished-at="2025-05-30T14:23:54.915807242">
<system-out><![CDATA[
unique-id: [engine:junit-jupiter]/[class:ua.tqs.smartvolt.smartvolt.utils.validation.ValidatorTest]/[method:checkLessThan_shouldNotThrowException_whenValueIsLessThanThreshold()]
display-name: checkLessThan_shouldNotThrowException_whenValueIsLessThanThreshold()
]]></system-out>
<properties>
<property name="tags" value="UnitTest"/>
<property name="_dummy_" value=""/>
</properties>
</testcase>
<testcase name="updateChargingStationStatus_WhenStationExists_UpdatesAvailability" classname="ua.tqs.smartvolt.smartvolt.services.ChargingStationServiceTest" time="0" started-at="2025-05-30T14:23:55.763225996" finished-at="2025-05-30T14:23:55.769998109">
<system-out><![CDATA[
unique-id: [engine:junit-jupiter]/[class:ua.tqs.smartvolt.smartvolt.services.ChargingStationServiceTest]/[method:updateChargingStationStatus_WhenStationExists_UpdatesAvailability()]
display-name: updateChargingStationStatus_WhenStationExists_UpdatesAvailability()
]]></system-out>
<properties>
<property name="requirements" value="SV-35"/>
<property name="tags" value="UnitTest"/>
<property name="_dummy_" value=""/>
</properties>
</testcase>
<testcase name="checkNotEmptyMap_shouldNotThrowException_whenMapIsNotEmpty" classname="ua.tqs.smartvolt.smartvolt.utils.validation.ValidatorTest" time="0" started-at="2025-05-30T14:23:54.889709238" finished-at="2025-05-30T14:23:54.895969194">
<system-out><![CDATA[
unique-id: [engine:junit-jupiter]/[class:ua.tqs.smartvolt.smartvolt.utils.validation.ValidatorTest]/[method:checkNotEmptyMap_shouldNotThrowException_whenMapIsNotEmpty()]
display-name: checkNotEmptyMap_shouldNotThrowException_whenMapIsNotEmpty()
]]></system-out>
<properties>
<property name="tags" value="UnitTest"/>
<property name="_dummy_" value=""/>
</properties>
</testcase>
<testcase name="getAllChargingStations_WhenOperatorDoesNotExist_ThrowsResourceNotFoundException" classname="ua.tqs.smartvolt.smartvolt.services.ChargingStationServiceTest" time="0" started-at="2025-05-30T14:23:55.79086056" finished-at="2025-05-30T14:23:55.795184966">
<system-out><![CDATA[
unique-id: [engine:junit-jupiter]/[class:ua.tqs.smartvolt.smartvolt.services.ChargingStationServiceTest]/[method:getAllChargingStations_WhenOperatorDoesNotExist_ThrowsResourceNotFoundException()]
display-name: getAllChargingStations_WhenOperatorDoesNotExist_ThrowsResourceNotFoundException()
]]></system-out>
<properties>
<property name="requirements" value="SV-34"/>
<property name="tags" value="UnitTest"/>
<property name="_dummy_" value=""/>
</properties>
</testcase>
<testcase name="createChargingStation_WhenOperatorDoesNotExist_ThrowsResourceNotFoundException" classname="ua.tqs.smartvolt.smartvolt.services.ChargingStationServiceTest" time="0" started-at="2025-05-30T14:23:55.770480299" finished-at="2025-05-30T14:23:55.774997081">
<system-out><![CDATA[
unique-id: [engine:junit-jupiter]/[class:ua.tqs.smartvolt.smartvolt.services.ChargingStationServiceTest]/[method:createChargingStation_WhenOperatorDoesNotExist_ThrowsResourceNotFoundException()]
display-name: createChargingStation_WhenOperatorDoesNotExist_ThrowsResourceNotFoundException()
]]></system-out>
<properties>
<property name="requirements" value="SV-34"/>
<property name="tags" value="UnitTest"/>
<property name="_dummy_" value=""/>
</properties>
</testcase>
<system-out><![CDATA[
unique-id: [engine:junit-jupiter]
display-name: JUnit Jupiter
]]></system-out>
</testsuite>
