<?xml version="1.0" encoding="UTF-8"?>
<testsuite name="JUnit Jupiter" tests="88" skipped="0" failures="0" errors="0" time="28" hostname="lenovo" timestamp="2025-06-04T14:26:47">
<properties>
<property name="CONSOLE_LOG_CHARSET" value="UTF-8"/>
<property name="FILE_LOG_CHARSET" value="UTF-8"/>
<property name="LOGGED_APPLICATION_NAME" value="[smartvolt] "/>
<property name="PID" value="207170"/>
<property name="basedir" value="/home/danilo/Danilo/ua/3ºano/TQS/Project/SmartVolt/backend/smartvolt"/>
<property name="catalina.base" value="/tmp/tomcat.0.2773419388097108519"/>
<property name="catalina.home" value="/tmp/tomcat.0.2230041519843753809"/>
<property name="catalina.useNaming" value="false"/>
<property name="com.zaxxer.hikari.pool_number" value="5"/>
<property name="file.encoding" value="UTF-8"/>
<property name="file.separator" value="/"/>
<property name="java.awt.headless" value="true"/>
<property name="java.class.path" value="/home/danilo/Danilo/ua/3ºano/TQS/Project/SmartVolt/backend/smartvolt/target/test-classes:/home/danilo/Danilo/ua/3ºano/TQS/Project/SmartVolt/backend/smartvolt/target/classes:/home/danilo/.m2/repository/org/springframework/boot/spring-boot-starter/3.2.0/spring-boot-starter-3.2.0.jar:/home/danilo/.m2/repository/org/springframework/boot/spring-boot/3.2.0/spring-boot-3.2.0.jar:/home/danilo/.m2/repository/org/springframework/spring-context/6.1.1/spring-context-6.1.1.jar:/home/danilo/.m2/repository/org/springframework/boot/spring-boot-autoconfigure/3.2.0/spring-boot-autoconfigure-3.2.0.jar:/home/danilo/.m2/repository/jakarta/annotation/jakarta.annotation-api/2.1.1/jakarta.annotation-api-2.1.1.jar:/home/danilo/.m2/repository/org/springframework/spring-core/6.1.1/spring-core-6.1.1.jar:/home/danilo/.m2/repository/org/springframework/spring-jcl/6.1.1/spring-jcl-6.1.1.jar:/home/danilo/.m2/repository/org/yaml/snakeyaml/2.2/snakeyaml-2.2.jar:/home/danilo/.m2/repository/org/springframework/boot/spring-boot-starter-test/3.2.0/spring-boot-starter-test-3.2.0.jar:/home/danilo/.m2/repository/org/springframework/boot/spring-boot-test/3.2.0/spring-boot-test-3.2.0.jar:/home/danilo/.m2/repository/org/springframework/boot/spring-boot-test-autoconfigure/3.2.0/spring-boot-test-autoconfigure-3.2.0.jar:/home/danilo/.m2/repository/com/jayway/jsonpath/json-path/2.8.0/json-path-2.8.0.jar:/home/danilo/.m2/repository/jakarta/xml/bind/jakarta.xml.bind-api/4.0.1/jakarta.xml.bind-api-4.0.1.jar:/home/danilo/.m2/repository/jakarta/activation/jakarta.activation-api/2.1.2/jakarta.activation-api-2.1.2.jar:/home/danilo/.m2/repository/net/minidev/json-smart/2.5.0/json-smart-2.5.0.jar:/home/danilo/.m2/repository/net/minidev/accessors-smart/2.5.0/accessors-smart-2.5.0.jar:/home/danilo/.m2/repository/org/ow2/asm/asm/9.3/asm-9.3.jar:/home/danilo/.m2/repository/org/awaitility/awaitility/4.2.0/awaitility-4.2.0.jar:/home/danilo/.m2/repository/org/hamcrest/hamcrest/2.2/hamcrest-2.2.jar:/home/danilo/.m2/repository/org/mockito/mockito-core/5.7.0/mockito-core-5.7.0.jar:/home/danilo/.m2/repository/net/bytebuddy/byte-buddy-agent/1.14.10/byte-buddy-agent-1.14.10.jar:/home/danilo/.m2/repository/org/objenesis/objenesis/3.3/objenesis-3.3.jar:/home/danilo/.m2/repository/org/mockito/mockito-junit-jupiter/5.7.0/mockito-junit-jupiter-5.7.0.jar:/home/danilo/.m2/repository/org/skyscreamer/jsonassert/1.5.1/jsonassert-1.5.1.jar:/home/danilo/.m2/repository/com/vaadin/external/google/android-json/0.0.20131108.vaadin1/android-json-0.0.20131108.vaadin1.jar:/home/danilo/.m2/repository/org/springframework/spring-test/6.1.1/spring-test-6.1.1.jar:/home/danilo/.m2/repository/org/xmlunit/xmlunit-core/2.9.1/xmlunit-core-2.9.1.jar:/home/danilo/.m2/repository/org/springframework/boot/spring-boot-starter-data-jpa/3.2.0/spring-boot-starter-data-jpa-3.2.0.jar:/home/danilo/.m2/repository/org/springframework/boot/spring-boot-starter-aop/3.2.0/spring-boot-starter-aop-3.2.0.jar:/home/danilo/.m2/repository/org/aspectj/aspectjweaver/1.9.20.1/aspectjweaver-1.9.20.1.jar:/home/danilo/.m2/repository/org/springframework/boot/spring-boot-starter-jdbc/3.2.0/spring-boot-starter-jdbc-3.2.0.jar:/home/danilo/.m2/repository/com/zaxxer/HikariCP/5.0.1/HikariCP-5.0.1.jar:/home/danilo/.m2/repository/org/springframework/spring-jdbc/6.1.1/spring-jdbc-6.1.1.jar:/home/danilo/.m2/repository/org/hibernate/orm/hibernate-core/6.3.1.Final/hibernate-core-6.3.1.Final.jar:/home/danilo/.m2/repository/jakarta/persistence/jakarta.persistence-api/3.1.0/jakarta.persistence-api-3.1.0.jar:/home/danilo/.m2/repository/jakarta/transaction/jakarta.transaction-api/2.0.1/jakarta.transaction-api-2.0.1.jar:/home/danilo/.m2/repository/org/jboss/logging/jboss-logging/3.5.3.Final/jboss-logging-3.5.3.Final.jar:/home/danilo/.m2/repository/org/hibernate/common/hibernate-commons-annotations/6.0.6.Final/hibernate-commons-annotations-6.0.6.Final.jar:/home/danilo/.m2/repository/io/smallrye/jandex/3.1.2/jandex-3.1.2.jar:/home/danilo/.m2/repository/com/fasterxml/classmate/1.6.0/classmate-1.6.0.jar:/home/danilo/.m2/repository/org/glassfish/jaxb/jaxb-runtime/4.0.4/jaxb-runtime-4.0.4.jar:/home/danilo/.m2/repository/org/glassfish/jaxb/jaxb-core/4.0.4/jaxb-core-4.0.4.jar:/home/danilo/.m2/repository/org/eclipse/angus/angus-activation/2.0.1/angus-activation-2.0.1.jar:/home/danilo/.m2/repository/org/glassfish/jaxb/txw2/4.0.4/txw2-4.0.4.jar:/home/danilo/.m2/repository/com/sun/istack/istack-commons-runtime/4.1.2/istack-commons-runtime-4.1.2.jar:/home/danilo/.m2/repository/jakarta/inject/jakarta.inject-api/2.0.1/jakarta.inject-api-2.0.1.jar:/home/danilo/.m2/repository/org/antlr/antlr4-runtime/4.10.1/antlr4-runtime-4.10.1.jar:/home/danilo/.m2/repository/org/springframework/data/spring-data-jpa/3.2.0/spring-data-jpa-3.2.0.jar:/home/danilo/.m2/repository/org/springframework/data/spring-data-commons/3.2.0/spring-data-commons-3.2.0.jar:/home/danilo/.m2/repository/org/springframework/spring-orm/6.1.1/spring-orm-6.1.1.jar:/home/danilo/.m2/repository/org/springframework/spring-tx/6.1.1/spring-tx-6.1.1.jar:/home/danilo/.m2/repository/org/springframework/spring-beans/6.1.1/spring-beans-6.1.1.jar:/home/danilo/.m2/repository/org/springframework/spring-aspects/6.1.1/spring-aspects-6.1.1.jar:/home/danilo/.m2/repository/org/springframework/boot/spring-boot-starter-web/3.2.0/spring-boot-starter-web-3.2.0.jar:/home/danilo/.m2/repository/org/springframework/boot/spring-boot-starter-json/3.2.0/spring-boot-starter-json-3.2.0.jar:/home/danilo/.m2/repository/com/fasterxml/jackson/datatype/jackson-datatype-jdk8/2.15.3/jackson-datatype-jdk8-2.15.3.jar:/home/danilo/.m2/repository/com/fasterxml/jackson/datatype/jackson-datatype-jsr310/2.15.3/jackson-datatype-jsr310-2.15.3.jar:/home/danilo/.m2/repository/com/fasterxml/jackson/module/jackson-module-parameter-names/2.15.3/jackson-module-parameter-names-2.15.3.jar:/home/danilo/.m2/repository/org/springframework/boot/spring-boot-starter-tomcat/3.2.0/spring-boot-starter-tomcat-3.2.0.jar:/home/danilo/.m2/repository/org/apache/tomcat/embed/tomcat-embed-core/10.1.16/tomcat-embed-core-10.1.16.jar:/home/danilo/.m2/repository/org/apache/tomcat/embed/tomcat-embed-websocket/10.1.16/tomcat-embed-websocket-10.1.16.jar:/home/danilo/.m2/repository/org/springframework/spring-web/6.1.1/spring-web-6.1.1.jar:/home/danilo/.m2/repository/org/springframework/spring-webmvc/6.1.1/spring-webmvc-6.1.1.jar:/home/danilo/.m2/repository/org/springframework/spring-expression/6.1.1/spring-expression-6.1.1.jar:/home/danilo/.m2/repository/org/springframework/boot/spring-boot-starter-log4j2/3.2.0/spring-boot-starter-log4j2-3.2.0.jar:/home/danilo/.m2/repository/org/apache/logging/log4j/log4j-slf4j2-impl/2.21.1/log4j-slf4j2-impl-2.21.1.jar:/home/danilo/.m2/repository/org/apache/logging/log4j/log4j-api/2.21.1/log4j-api-2.21.1.jar:/home/danilo/.m2/repository/org/apache/logging/log4j/log4j-core/2.21.1/log4j-core-2.21.1.jar:/home/danilo/.m2/repository/org/apache/logging/log4j/log4j-jul/2.21.1/log4j-jul-2.21.1.jar:/home/danilo/.m2/repository/org/springframework/boot/spring-boot-starter-actuator/3.2.0/spring-boot-starter-actuator-3.2.0.jar:/home/danilo/.m2/repository/org/springframework/boot/spring-boot-actuator-autoconfigure/3.2.0/spring-boot-actuator-autoconfigure-3.2.0.jar:/home/danilo/.m2/repository/org/springframework/boot/spring-boot-actuator/3.2.0/spring-boot-actuator-3.2.0.jar:/home/danilo/.m2/repository/io/micrometer/micrometer-observation/1.12.0/micrometer-observation-1.12.0.jar:/home/danilo/.m2/repository/io/micrometer/micrometer-commons/1.12.0/micrometer-commons-1.12.0.jar:/home/danilo/.m2/repository/io/micrometer/micrometer-jakarta9/1.12.0/micrometer-jakarta9-1.12.0.jar:/home/danilo/.m2/repository/io/micrometer/micrometer-registry-prometheus/1.12.0/micrometer-registry-prometheus-1.12.0.jar:/home/danilo/.m2/repository/io/micrometer/micrometer-core/1.12.0/micrometer-core-1.12.0.jar:/home/danilo/.m2/repository/org/hdrhistogram/HdrHistogram/2.1.12/HdrHistogram-2.1.12.jar:/home/danilo/.m2/repository/org/latencyutils/LatencyUtils/2.0.3/LatencyUtils-2.0.3.jar:/home/danilo/.m2/repository/io/prometheus/simpleclient_common/0.16.0/simpleclient_common-0.16.0.jar:/home/danilo/.m2/repository/io/prometheus/simpleclient/0.16.0/simpleclient-0.16.0.jar:/home/danilo/.m2/repository/io/prometheus/simpleclient_tracer_otel/0.16.0/simpleclient_tracer_otel-0.16.0.jar:/home/danilo/.m2/repository/io/prometheus/simpleclient_tracer_common/0.16.0/simpleclient_tracer_common-0.16.0.jar:/home/danilo/.m2/repository/io/prometheus/simpleclient_tracer_otel_agent/0.16.0/simpleclient_tracer_otel_agent-0.16.0.jar:/home/danilo/.m2/repository/org/apache/logging/log4j/log4j-layout-template-json/2.21.1/log4j-layout-template-json-2.21.1.jar:/home/danilo/.m2/repository/org/springframework/boot/spring-boot-starter-validation/3.2.0/spring-boot-starter-validation-3.2.0.jar:/home/danilo/.m2/repository/org/apache/tomcat/embed/tomcat-embed-el/10.1.16/tomcat-embed-el-10.1.16.jar:/home/danilo/.m2/repository/org/hibernate/validator/hibernate-validator/8.0.1.Final/hibernate-validator-8.0.1.Final.jar:/home/danilo/.m2/repository/jakarta/validation/jakarta.validation-api/3.0.2/jakarta.validation-api-3.0.2.jar:/home/danilo/.m2/repository/org/springframework/boot/spring-boot-starter-security/3.2.0/spring-boot-starter-security-3.2.0.jar:/home/danilo/.m2/repository/org/springframework/spring-aop/6.1.1/spring-aop-6.1.1.jar:/home/danilo/.m2/repository/org/springframework/security/spring-security-config/6.2.0/spring-security-config-6.2.0.jar:/home/danilo/.m2/repository/org/springframework/security/spring-security-core/6.2.0/spring-security-core-6.2.0.jar:/home/danilo/.m2/repository/org/springframework/security/spring-security-crypto/6.2.0/spring-security-crypto-6.2.0.jar:/home/danilo/.m2/repository/org/springframework/security/spring-security-web/6.2.0/spring-security-web-6.2.0.jar:/home/danilo/.m2/repository/io/jsonwebtoken/jjwt-api/0.11.2/jjwt-api-0.11.2.jar:/home/danilo/.m2/repository/io/jsonwebtoken/jjwt-impl/0.11.2/jjwt-impl-0.11.2.jar:/home/danilo/.m2/repository/io/jsonwebtoken/jjwt-jackson/0.11.2/jjwt-jackson-0.11.2.jar:/home/danilo/.m2/repository/com/fasterxml/jackson/core/jackson-databind/2.15.3/jackson-databind-2.15.3.jar:/home/danilo/.m2/repository/com/fasterxml/jackson/core/jackson-annotations/2.15.3/jackson-annotations-2.15.3.jar:/home/danilo/.m2/repository/com/fasterxml/jackson/core/jackson-core/2.15.3/jackson-core-2.15.3.jar:/home/danilo/.m2/repository/io/cucumber/cucumber-picocontainer/7.22.2/cucumber-picocontainer-7.22.2.jar:/home/danilo/.m2/repository/io/cucumber/cucumber-core/7.22.2/cucumber-core-7.22.2.jar:/home/danilo/.m2/repository/io/cucumber/cucumber-gherkin/7.22.2/cucumber-gherkin-7.22.2.jar:/home/danilo/.m2/repository/io/cucumber/cucumber-gherkin-messages/7.22.2/cucumber-gherkin-messages-7.22.2.jar:/home/danilo/.m2/repository/io/cucumber/gherkin/32.1.1/gherkin-32.1.1.jar:/home/danilo/.m2/repository/io/cucumber/messages/27.2.0/messages-27.2.0.jar:/home/danilo/.m2/repository/io/cucumber/testng-xml-formatter/0.3.1/testng-xml-formatter-0.3.1.jar:/home/danilo/.m2/repository/io/cucumber/query/13.2.0/query-13.2.0.jar:/home/danilo/.m2/repository/io/cucumber/tag-expressions/6.1.2/tag-expressions-6.1.2.jar:/home/danilo/.m2/repository/io/cucumber/cucumber-expressions/18.0.1/cucumber-expressions-18.0.1.jar:/home/danilo/.m2/repository/io/cucumber/datatable/7.22.2/datatable-7.22.2.jar:/home/danilo/.m2/repository/io/cucumber/cucumber-plugin/7.22.2/cucumber-plugin-7.22.2.jar:/home/danilo/.m2/repository/io/cucumber/docstring/7.22.2/docstring-7.22.2.jar:/home/danilo/.m2/repository/io/cucumber/html-formatter/21.10.1/html-formatter-21.10.1.jar:/home/danilo/.m2/repository/io/cucumber/junit-xml-formatter/0.7.1/junit-xml-formatter-0.7.1.jar:/home/danilo/.m2/repository/io/cucumber/ci-environment/10.0.1/ci-environment-10.0.1.jar:/home/danilo/.m2/repository/org/apiguardian/apiguardian-api/1.1.2/apiguardian-api-1.1.2.jar:/home/danilo/.m2/repository/org/picocontainer/picocontainer/2.15.2/picocontainer-2.15.2.jar:/home/danilo/.m2/repository/org/springframework/boot/spring-boot-devtools/3.2.0/spring-boot-devtools-3.2.0.jar:/home/danilo/.m2/repository/org/springframework/boot/spring-boot-starter-thymeleaf/3.2.0/spring-boot-starter-thymeleaf-3.2.0.jar:/home/danilo/.m2/repository/org/thymeleaf/thymeleaf-spring6/3.1.2.RELEASE/thymeleaf-spring6-3.1.2.RELEASE.jar:/home/danilo/.m2/repository/org/thymeleaf/thymeleaf/3.1.2.RELEASE/thymeleaf-3.1.2.RELEASE.jar:/home/danilo/.m2/repository/org/attoparser/attoparser/2.0.7.RELEASE/attoparser-2.0.7.RELEASE.jar:/home/danilo/.m2/repository/org/unbescape/unbescape/1.1.6.RELEASE/unbescape-1.1.6.RELEASE.jar:/home/danilo/.m2/repository/app/getxray/xray-junit-extensions/0.7.3/xray-junit-extensions-0.7.3.jar:/home/danilo/.m2/repository/org/junit/jupiter/junit-jupiter-api/5.11.4/junit-jupiter-api-5.11.4.jar:/home/danilo/.m2/repository/org/opentest4j/opentest4j/1.3.0/opentest4j-1.3.0.jar:/home/danilo/.m2/repository/org/junit/platform/junit-platform-reporting/1.11.4/junit-platform-reporting-1.11.4.jar:/home/danilo/.m2/repository/org/junit/platform/junit-platform-launcher/1.11.4/junit-platform-launcher-1.11.4.jar:/home/danilo/.m2/repository/org/junit/platform/junit-platform-engine/1.11.4/junit-platform-engine-1.11.4.jar:/home/danilo/.m2/repository/org/junit/platform/junit-platform-commons/1.11.4/junit-platform-commons-1.11.4.jar:/home/danilo/.m2/repository/app/getxray/xray-maven-plugin/0.8.0/xray-maven-plugin-0.8.0.jar:/home/danilo/.m2/repository/com/squareup/okhttp3/okhttp/4.12.0/okhttp-4.12.0.jar:/home/danilo/.m2/repository/com/squareup/okio/okio/3.6.0/okio-3.6.0.jar:/home/danilo/.m2/repository/com/squareup/okio/okio-jvm/3.6.0/okio-jvm-3.6.0.jar:/home/danilo/.m2/repository/org/jetbrains/kotlin/kotlin-stdlib-common/1.9.20/kotlin-stdlib-common-1.9.20.jar:/home/danilo/.m2/repository/org/jetbrains/kotlin/kotlin-stdlib-jdk8/1.9.20/kotlin-stdlib-jdk8-1.9.20.jar:/home/danilo/.m2/repository/org/jetbrains/kotlin/kotlin-stdlib/1.9.20/kotlin-stdlib-1.9.20.jar:/home/danilo/.m2/repository/org/jetbrains/kotlin/kotlin-stdlib-jdk7/1.9.20/kotlin-stdlib-jdk7-1.9.20.jar:/home/danilo/.m2/repository/org/json/json/20231013/json-20231013.jar:/home/danilo/.m2/repository/org/codehaus/plexus/plexus-utils/3.4.1/plexus-utils-3.4.1.jar:/home/danilo/.m2/repository/org/postgresql/postgresql/42.6.0/postgresql-42.6.0.jar:/home/danilo/.m2/repository/org/checkerframework/checker-qual/3.31.0/checker-qual-3.31.0.jar:/home/danilo/.m2/repository/org/testcontainers/postgresql/1.19.3/postgresql-1.19.3.jar:/home/danilo/.m2/repository/org/testcontainers/jdbc/1.19.3/jdbc-1.19.3.jar:/home/danilo/.m2/repository/org/testcontainers/database-commons/1.19.3/database-commons-1.19.3.jar:/home/danilo/.m2/repository/org/testcontainers/junit-jupiter/1.21.1/junit-jupiter-1.21.1.jar:/home/danilo/.m2/repository/org/testcontainers/testcontainers/1.19.3/testcontainers-1.19.3.jar:/home/danilo/.m2/repository/junit/junit/4.13.2/junit-4.13.2.jar:/home/danilo/.m2/repository/org/hamcrest/hamcrest-core/2.2/hamcrest-core-2.2.jar:/home/danilo/.m2/repository/org/rnorth/duct-tape/duct-tape/1.0.8/duct-tape-1.0.8.jar:/home/danilo/.m2/repository/org/jetbrains/annotations/17.0.0/annotations-17.0.0.jar:/home/danilo/.m2/repository/com/github/docker-java/docker-java-api/3.3.4/docker-java-api-3.3.4.jar:/home/danilo/.m2/repository/com/github/docker-java/docker-java-transport-zerodep/3.3.4/docker-java-transport-zerodep-3.3.4.jar:/home/danilo/.m2/repository/org/testcontainers/selenium/1.21.1/selenium-1.21.1.jar:/home/danilo/.m2/repository/org/flywaydb/flyway-core/9.22.3/flyway-core-9.22.3.jar:/home/danilo/.m2/repository/com/fasterxml/jackson/dataformat/jackson-dataformat-toml/2.15.3/jackson-dataformat-toml-2.15.3.jar:/home/danilo/.m2/repository/com/google/code/gson/gson/2.10.1/gson-2.10.1.jar:/home/danilo/.m2/repository/org/springdoc/springdoc-openapi-starter-webmvc-ui/2.6.0/springdoc-openapi-starter-webmvc-ui-2.6.0.jar:/home/danilo/.m2/repository/org/springdoc/springdoc-openapi-starter-webmvc-api/2.6.0/springdoc-openapi-starter-webmvc-api-2.6.0.jar:/home/danilo/.m2/repository/org/springdoc/springdoc-openapi-starter-common/2.6.0/springdoc-openapi-starter-common-2.6.0.jar:/home/danilo/.m2/repository/io/swagger/core/v3/swagger-core-jakarta/2.2.22/swagger-core-jakarta-2.2.22.jar:/home/danilo/.m2/repository/io/swagger/core/v3/swagger-annotations-jakarta/2.2.22/swagger-annotations-jakarta-2.2.22.jar:/home/danilo/.m2/repository/io/swagger/core/v3/swagger-models-jakarta/2.2.22/swagger-models-jakarta-2.2.22.jar:/home/danilo/.m2/repository/com/fasterxml/jackson/dataformat/jackson-dataformat-yaml/2.15.3/jackson-dataformat-yaml-2.15.3.jar:/home/danilo/.m2/repository/org/webjars/swagger-ui/5.17.14/swagger-ui-5.17.14.jar:/home/danilo/.m2/repository/org/junit/jupiter/junit-jupiter/5.11.4/junit-jupiter-5.11.4.jar:/home/danilo/.m2/repository/org/junit/jupiter/junit-jupiter-params/5.11.4/junit-jupiter-params-5.11.4.jar:/home/danilo/.m2/repository/org/junit/jupiter/junit-jupiter-engine/5.11.4/junit-jupiter-engine-5.11.4.jar:/home/danilo/.m2/repository/org/assertj/assertj-core/3.26.0/assertj-core-3.26.0.jar:/home/danilo/.m2/repository/net/bytebuddy/byte-buddy/1.14.10/byte-buddy-1.14.10.jar:/home/danilo/.m2/repository/com/h2database/h2/2.2.224/h2-2.2.224.jar:/home/danilo/.m2/repository/org/springframework/boot/spring-boot-testcontainers/3.2.0/spring-boot-testcontainers-3.2.0.jar:/home/danilo/.m2/repository/io/rest-assured/rest-assured/5.5.1/rest-assured-5.5.1.jar:/home/danilo/.m2/repository/org/apache/groovy/groovy/4.0.15/groovy-4.0.15.jar:/home/danilo/.m2/repository/org/apache/groovy/groovy-xml/4.0.15/groovy-xml-4.0.15.jar:/home/danilo/.m2/repository/org/apache/httpcomponents/httpclient/4.5.13/httpclient-4.5.13.jar:/home/danilo/.m2/repository/org/apache/httpcomponents/httpcore/4.4.16/httpcore-4.4.16.jar:/home/danilo/.m2/repository/commons-logging/commons-logging/1.2/commons-logging-1.2.jar:/home/danilo/.m2/repository/commons-codec/commons-codec/1.16.0/commons-codec-1.16.0.jar:/home/danilo/.m2/repository/org/apache/httpcomponents/httpmime/4.5.13/httpmime-4.5.13.jar:/home/danilo/.m2/repository/org/ccil/cowan/tagsoup/tagsoup/1.2.1/tagsoup-1.2.1.jar:/home/danilo/.m2/repository/io/rest-assured/json-path/5.5.1/json-path-5.5.1.jar:/home/danilo/.m2/repository/org/apache/groovy/groovy-json/4.0.15/groovy-json-4.0.15.jar:/home/danilo/.m2/repository/io/rest-assured/rest-assured-common/5.5.1/rest-assured-common-5.5.1.jar:/home/danilo/.m2/repository/io/rest-assured/xml-path/5.5.1/xml-path-5.5.1.jar:/home/danilo/.m2/repository/io/rest-assured/spring-mock-mvc/5.5.1/spring-mock-mvc-5.5.1.jar:/home/danilo/.m2/repository/io/rest-assured/spring-commons/5.5.1/spring-commons-5.5.1.jar:/home/danilo/.m2/repository/org/junit/platform/junit-platform-suite/1.10.1/junit-platform-suite-1.10.1.jar:/home/danilo/.m2/repository/org/junit/platform/junit-platform-suite-api/1.11.4/junit-platform-suite-api-1.11.4.jar:/home/danilo/.m2/repository/org/junit/platform/junit-platform-suite-engine/1.11.4/junit-platform-suite-engine-1.11.4.jar:/home/danilo/.m2/repository/org/junit/platform/junit-platform-suite-commons/1.11.4/junit-platform-suite-commons-1.11.4.jar:/home/danilo/.m2/repository/io/cucumber/cucumber-java/7.15.0/cucumber-java-7.15.0.jar:/home/danilo/.m2/repository/io/cucumber/cucumber-junit-platform-engine/7.15.0/cucumber-junit-platform-engine-7.15.0.jar:/home/danilo/.m2/repository/org/seleniumhq/selenium/selenium-java/4.29.0/selenium-java-4.29.0.jar:/home/danilo/.m2/repository/org/seleniumhq/selenium/selenium-api/4.14.1/selenium-api-4.14.1.jar:/home/danilo/.m2/repository/org/seleniumhq/selenium/selenium-chrome-driver/4.14.1/selenium-chrome-driver-4.14.1.jar:/home/danilo/.m2/repository/com/google/auto/service/auto-service-annotations/1.1.1/auto-service-annotations-1.1.1.jar:/home/danilo/.m2/repository/com/google/guava/guava/32.1.2-jre/guava-32.1.2-jre.jar:/home/danilo/.m2/repository/com/google/guava/failureaccess/1.0.1/failureaccess-1.0.1.jar:/home/danilo/.m2/repository/com/google/guava/listenablefuture/9999.0-empty-to-avoid-conflict-with-guava/listenablefuture-9999.0-empty-to-avoid-conflict-with-guava.jar:/home/danilo/.m2/repository/com/google/code/findbugs/jsr305/3.0.2/jsr305-3.0.2.jar:/home/danilo/.m2/repository/com/google/errorprone/error_prone_annotations/2.18.0/error_prone_annotations-2.18.0.jar:/home/danilo/.m2/repository/com/google/j2objc/j2objc-annotations/2.8/j2objc-annotations-2.8.jar:/home/danilo/.m2/repository/org/seleniumhq/selenium/selenium-chromium-driver/4.14.1/selenium-chromium-driver-4.14.1.jar:/home/danilo/.m2/repository/org/seleniumhq/selenium/selenium-json/4.14.1/selenium-json-4.14.1.jar:/home/danilo/.m2/repository/org/seleniumhq/selenium/selenium-manager/4.14.1/selenium-manager-4.14.1.jar:/home/danilo/.m2/repository/org/seleniumhq/selenium/selenium-devtools-v131/4.29.0/selenium-devtools-v131-4.29.0.jar:/home/danilo/.m2/repository/org/seleniumhq/selenium/selenium-devtools-v132/4.29.0/selenium-devtools-v132-4.29.0.jar:/home/danilo/.m2/repository/org/seleniumhq/selenium/selenium-devtools-v133/4.29.0/selenium-devtools-v133-4.29.0.jar:/home/danilo/.m2/repository/org/seleniumhq/selenium/selenium-devtools-v85/4.14.1/selenium-devtools-v85-4.14.1.jar:/home/danilo/.m2/repository/org/seleniumhq/selenium/selenium-edge-driver/4.14.1/selenium-edge-driver-4.14.1.jar:/home/danilo/.m2/repository/org/seleniumhq/selenium/selenium-firefox-driver/4.14.1/selenium-firefox-driver-4.14.1.jar:/home/danilo/.m2/repository/org/seleniumhq/selenium/selenium-http/4.14.1/selenium-http-4.14.1.jar:/home/danilo/.m2/repository/dev/failsafe/failsafe/3.3.2/failsafe-3.3.2.jar:/home/danilo/.m2/repository/org/seleniumhq/selenium/selenium-ie-driver/4.14.1/selenium-ie-driver-4.14.1.jar:/home/danilo/.m2/repository/org/seleniumhq/selenium/selenium-remote-driver/4.14.1/selenium-remote-driver-4.14.1.jar:/home/danilo/.m2/repository/io/opentelemetry/opentelemetry-api/1.31.0/opentelemetry-api-1.31.0.jar:/home/danilo/.m2/repository/io/opentelemetry/opentelemetry-context/1.31.0/opentelemetry-context-1.31.0.jar:/home/danilo/.m2/repository/io/opentelemetry/opentelemetry-exporter-logging/1.31.0/opentelemetry-exporter-logging-1.31.0.jar:/home/danilo/.m2/repository/io/opentelemetry/opentelemetry-sdk-common/1.31.0/opentelemetry-sdk-common-1.31.0.jar:/home/danilo/.m2/repository/io/opentelemetry/opentelemetry-sdk-extension-autoconfigure-spi/1.31.0/opentelemetry-sdk-extension-autoconfigure-spi-1.31.0.jar:/home/danilo/.m2/repository/io/opentelemetry/opentelemetry-sdk-extension-autoconfigure/1.31.0/opentelemetry-sdk-extension-autoconfigure-1.31.0.jar:/home/danilo/.m2/repository/io/opentelemetry/opentelemetry-api-events/1.31.0-alpha/opentelemetry-api-events-1.31.0-alpha.jar:/home/danilo/.m2/repository/io/opentelemetry/opentelemetry-sdk-trace/1.31.0/opentelemetry-sdk-trace-1.31.0.jar:/home/danilo/.m2/repository/io/opentelemetry/opentelemetry-sdk/1.31.0/opentelemetry-sdk-1.31.0.jar:/home/danilo/.m2/repository/io/opentelemetry/opentelemetry-sdk-metrics/1.31.0/opentelemetry-sdk-metrics-1.31.0.jar:/home/danilo/.m2/repository/io/opentelemetry/opentelemetry-extension-incubator/1.31.0-alpha/opentelemetry-extension-incubator-1.31.0-alpha.jar:/home/danilo/.m2/repository/io/opentelemetry/opentelemetry-sdk-logs/1.31.0/opentelemetry-sdk-logs-1.31.0.jar:/home/danilo/.m2/repository/io/opentelemetry/opentelemetry-semconv/1.28.0-alpha/opentelemetry-semconv-1.28.0-alpha.jar:/home/danilo/.m2/repository/org/seleniumhq/selenium/selenium-os/4.14.1/selenium-os-4.14.1.jar:/home/danilo/.m2/repository/org/apache/commons/commons-exec/1.3/commons-exec-1.3.jar:/home/danilo/.m2/repository/org/seleniumhq/selenium/selenium-safari-driver/4.14.1/selenium-safari-driver-4.14.1.jar:/home/danilo/.m2/repository/org/seleniumhq/selenium/selenium-support/4.14.1/selenium-support-4.14.1.jar:/home/danilo/.m2/repository/io/github/bonigarcia/webdrivermanager/5.9.2/webdrivermanager-5.9.2.jar:/home/danilo/.m2/repository/org/slf4j/slf4j-api/2.0.9/slf4j-api-2.0.9.jar:/home/danilo/.m2/repository/com/github/docker-java/docker-java/3.4.0/docker-java-3.4.0.jar:/home/danilo/.m2/repository/com/github/docker-java/docker-java-core/3.4.0/docker-java-core-3.4.0.jar:/home/danilo/.m2/repository/org/slf4j/jcl-over-slf4j/2.0.9/jcl-over-slf4j-2.0.9.jar:/home/danilo/.m2/repository/com/github/docker-java/docker-java-transport-httpclient5/3.4.0/docker-java-transport-httpclient5-3.4.0.jar:/home/danilo/.m2/repository/com/github/docker-java/docker-java-transport/3.4.0/docker-java-transport-3.4.0.jar:/home/danilo/.m2/repository/net/java/dev/jna/jna/5.13.0/jna-5.13.0.jar:/home/danilo/.m2/repository/org/brotli/dec/0.1.2/dec-0.1.2.jar:/home/danilo/.m2/repository/org/apache/commons/commons-lang3/3.13.0/commons-lang3-3.13.0.jar:/home/danilo/.m2/repository/org/apache/commons/commons-compress/1.26.2/commons-compress-1.26.2.jar:/home/danilo/.m2/repository/commons-io/commons-io/2.16.1/commons-io-2.16.1.jar:/home/danilo/.m2/repository/org/apache/httpcomponents/client5/httpclient5/5.2.1/httpclient5-5.2.1.jar:/home/danilo/.m2/repository/org/apache/httpcomponents/core5/httpcore5/5.2.3/httpcore5-5.2.3.jar:/home/danilo/.m2/repository/org/apache/httpcomponents/core5/httpcore5-h2/5.2.3/httpcore5-h2-5.2.3.jar:/home/danilo/.m2/repository/io/github/bonigarcia/selenium-jupiter/5.1.1/selenium-jupiter-5.1.1.jar:/home/danilo/.m2/repository/javax/persistence/javax.persistence-api/2.2/javax.persistence-api-2.2.jar:"/>
<property name="java.class.version" value="65.0"/>
<property name="java.home" value="/usr/lib/jvm/java-21-openjdk-amd64"/>
<property name="java.io.tmpdir" value="/tmp"/>
<property name="java.library.path" value="/usr/java/packages/lib:/usr/lib/x86_64-linux-gnu/jni:/lib/x86_64-linux-gnu:/usr/lib/x86_64-linux-gnu:/usr/lib/jni:/lib:/usr/lib"/>
<property name="java.runtime.name" value="OpenJDK Runtime Environment"/>
<property name="java.runtime.version" value="21.0.7+6-Ubuntu-0ubuntu122.04"/>
<property name="java.specification.name" value="Java Platform API Specification"/>
<property name="java.specification.vendor" value="Oracle Corporation"/>
<property name="java.specification.version" value="21"/>
<property name="java.vendor" value="Ubuntu"/>
<property name="java.vendor.url" value="https://ubuntu.com/"/>
<property name="java.vendor.url.bug" value="https://bugs.launchpad.net/ubuntu/+source/openjdk-21"/>
<property name="java.version" value="21.0.7"/>
<property name="java.version.date" value="2025-04-15"/>
<property name="java.vm.compressedOopsMode" value="Zero based"/>
<property name="java.vm.info" value="mixed mode, sharing"/>
<property name="java.vm.name" value="OpenJDK 64-Bit Server VM"/>
<property name="java.vm.specification.name" value="Java Virtual Machine Specification"/>
<property name="java.vm.specification.vendor" value="Oracle Corporation"/>
<property name="java.vm.specification.version" value="21"/>
<property name="java.vm.vendor" value="Ubuntu"/>
<property name="java.vm.version" value="21.0.7+6-Ubuntu-0ubuntu122.04"/>
<property name="jdk.debug" value="release"/>
<property name="line.separator" value="
"/>
<property name="localRepository" value="/home/danilo/.m2/repository"/>
<property name="native.encoding" value="UTF-8"/>
<property name="os.arch" value="amd64"/>
<property name="os.name" value="Linux"/>
<property name="os.version" value="6.8.0-60-generic"/>
<property name="path.separator" value=":"/>
<property name="stderr.encoding" value="UTF-8"/>
<property name="stdout.encoding" value="UTF-8"/>
<property name="sun.arch.data.model" value="64"/>
<property name="sun.boot.library.path" value="/usr/lib/jvm/java-21-openjdk-amd64/lib"/>
<property name="sun.cpu.endian" value="little"/>
<property name="sun.io.unicode.encoding" value="UnicodeLittle"/>
<property name="sun.java.command" value="/home/danilo/Danilo/ua/3ºano/TQS/Project/SmartVolt/backend/smartvolt/target/surefire/surefirebooter-20250604142617902_3.jar /home/danilo/Danilo/ua/3ºano/TQS/Project/SmartVolt/backend/smartvolt/target/surefire 2025-06-04T14-26-17_842-jvmRun1 surefire-20250604142617902_1tmp surefire_0-20250604142617902_2tmp"/>
<property name="sun.java.launcher" value="SUN_STANDARD"/>
<property name="sun.jnu.encoding" value="UTF-8"/>
<property name="sun.management.compiler" value="HotSpot 64-Bit Tiered Compilers"/>
<property name="surefire.real.class.path" value="/home/danilo/Danilo/ua/3ºano/TQS/Project/SmartVolt/backend/smartvolt/target/surefire/surefirebooter-20250604142617902_3.jar"/>
<property name="surefire.test.class.path" value="/home/danilo/Danilo/ua/3ºano/TQS/Project/SmartVolt/backend/smartvolt/target/test-classes:/home/danilo/Danilo/ua/3ºano/TQS/Project/SmartVolt/backend/smartvolt/target/classes:/home/danilo/.m2/repository/org/springframework/boot/spring-boot-starter/3.2.0/spring-boot-starter-3.2.0.jar:/home/danilo/.m2/repository/org/springframework/boot/spring-boot/3.2.0/spring-boot-3.2.0.jar:/home/danilo/.m2/repository/org/springframework/spring-context/6.1.1/spring-context-6.1.1.jar:/home/danilo/.m2/repository/org/springframework/boot/spring-boot-autoconfigure/3.2.0/spring-boot-autoconfigure-3.2.0.jar:/home/danilo/.m2/repository/jakarta/annotation/jakarta.annotation-api/2.1.1/jakarta.annotation-api-2.1.1.jar:/home/danilo/.m2/repository/org/springframework/spring-core/6.1.1/spring-core-6.1.1.jar:/home/danilo/.m2/repository/org/springframework/spring-jcl/6.1.1/spring-jcl-6.1.1.jar:/home/danilo/.m2/repository/org/yaml/snakeyaml/2.2/snakeyaml-2.2.jar:/home/danilo/.m2/repository/org/springframework/boot/spring-boot-starter-test/3.2.0/spring-boot-starter-test-3.2.0.jar:/home/danilo/.m2/repository/org/springframework/boot/spring-boot-test/3.2.0/spring-boot-test-3.2.0.jar:/home/danilo/.m2/repository/org/springframework/boot/spring-boot-test-autoconfigure/3.2.0/spring-boot-test-autoconfigure-3.2.0.jar:/home/danilo/.m2/repository/com/jayway/jsonpath/json-path/2.8.0/json-path-2.8.0.jar:/home/danilo/.m2/repository/jakarta/xml/bind/jakarta.xml.bind-api/4.0.1/jakarta.xml.bind-api-4.0.1.jar:/home/danilo/.m2/repository/jakarta/activation/jakarta.activation-api/2.1.2/jakarta.activation-api-2.1.2.jar:/home/danilo/.m2/repository/net/minidev/json-smart/2.5.0/json-smart-2.5.0.jar:/home/danilo/.m2/repository/net/minidev/accessors-smart/2.5.0/accessors-smart-2.5.0.jar:/home/danilo/.m2/repository/org/ow2/asm/asm/9.3/asm-9.3.jar:/home/danilo/.m2/repository/org/awaitility/awaitility/4.2.0/awaitility-4.2.0.jar:/home/danilo/.m2/repository/org/hamcrest/hamcrest/2.2/hamcrest-2.2.jar:/home/danilo/.m2/repository/org/mockito/mockito-core/5.7.0/mockito-core-5.7.0.jar:/home/danilo/.m2/repository/net/bytebuddy/byte-buddy-agent/1.14.10/byte-buddy-agent-1.14.10.jar:/home/danilo/.m2/repository/org/objenesis/objenesis/3.3/objenesis-3.3.jar:/home/danilo/.m2/repository/org/mockito/mockito-junit-jupiter/5.7.0/mockito-junit-jupiter-5.7.0.jar:/home/danilo/.m2/repository/org/skyscreamer/jsonassert/1.5.1/jsonassert-1.5.1.jar:/home/danilo/.m2/repository/com/vaadin/external/google/android-json/0.0.20131108.vaadin1/android-json-0.0.20131108.vaadin1.jar:/home/danilo/.m2/repository/org/springframework/spring-test/6.1.1/spring-test-6.1.1.jar:/home/danilo/.m2/repository/org/xmlunit/xmlunit-core/2.9.1/xmlunit-core-2.9.1.jar:/home/danilo/.m2/repository/org/springframework/boot/spring-boot-starter-data-jpa/3.2.0/spring-boot-starter-data-jpa-3.2.0.jar:/home/danilo/.m2/repository/org/springframework/boot/spring-boot-starter-aop/3.2.0/spring-boot-starter-aop-3.2.0.jar:/home/danilo/.m2/repository/org/aspectj/aspectjweaver/1.9.20.1/aspectjweaver-1.9.20.1.jar:/home/danilo/.m2/repository/org/springframework/boot/spring-boot-starter-jdbc/3.2.0/spring-boot-starter-jdbc-3.2.0.jar:/home/danilo/.m2/repository/com/zaxxer/HikariCP/5.0.1/HikariCP-5.0.1.jar:/home/danilo/.m2/repository/org/springframework/spring-jdbc/6.1.1/spring-jdbc-6.1.1.jar:/home/danilo/.m2/repository/org/hibernate/orm/hibernate-core/6.3.1.Final/hibernate-core-6.3.1.Final.jar:/home/danilo/.m2/repository/jakarta/persistence/jakarta.persistence-api/3.1.0/jakarta.persistence-api-3.1.0.jar:/home/danilo/.m2/repository/jakarta/transaction/jakarta.transaction-api/2.0.1/jakarta.transaction-api-2.0.1.jar:/home/danilo/.m2/repository/org/jboss/logging/jboss-logging/3.5.3.Final/jboss-logging-3.5.3.Final.jar:/home/danilo/.m2/repository/org/hibernate/common/hibernate-commons-annotations/6.0.6.Final/hibernate-commons-annotations-6.0.6.Final.jar:/home/danilo/.m2/repository/io/smallrye/jandex/3.1.2/jandex-3.1.2.jar:/home/danilo/.m2/repository/com/fasterxml/classmate/1.6.0/classmate-1.6.0.jar:/home/danilo/.m2/repository/org/glassfish/jaxb/jaxb-runtime/4.0.4/jaxb-runtime-4.0.4.jar:/home/danilo/.m2/repository/org/glassfish/jaxb/jaxb-core/4.0.4/jaxb-core-4.0.4.jar:/home/danilo/.m2/repository/org/eclipse/angus/angus-activation/2.0.1/angus-activation-2.0.1.jar:/home/danilo/.m2/repository/org/glassfish/jaxb/txw2/4.0.4/txw2-4.0.4.jar:/home/danilo/.m2/repository/com/sun/istack/istack-commons-runtime/4.1.2/istack-commons-runtime-4.1.2.jar:/home/danilo/.m2/repository/jakarta/inject/jakarta.inject-api/2.0.1/jakarta.inject-api-2.0.1.jar:/home/danilo/.m2/repository/org/antlr/antlr4-runtime/4.10.1/antlr4-runtime-4.10.1.jar:/home/danilo/.m2/repository/org/springframework/data/spring-data-jpa/3.2.0/spring-data-jpa-3.2.0.jar:/home/danilo/.m2/repository/org/springframework/data/spring-data-commons/3.2.0/spring-data-commons-3.2.0.jar:/home/danilo/.m2/repository/org/springframework/spring-orm/6.1.1/spring-orm-6.1.1.jar:/home/danilo/.m2/repository/org/springframework/spring-tx/6.1.1/spring-tx-6.1.1.jar:/home/danilo/.m2/repository/org/springframework/spring-beans/6.1.1/spring-beans-6.1.1.jar:/home/danilo/.m2/repository/org/springframework/spring-aspects/6.1.1/spring-aspects-6.1.1.jar:/home/danilo/.m2/repository/org/springframework/boot/spring-boot-starter-web/3.2.0/spring-boot-starter-web-3.2.0.jar:/home/danilo/.m2/repository/org/springframework/boot/spring-boot-starter-json/3.2.0/spring-boot-starter-json-3.2.0.jar:/home/danilo/.m2/repository/com/fasterxml/jackson/datatype/jackson-datatype-jdk8/2.15.3/jackson-datatype-jdk8-2.15.3.jar:/home/danilo/.m2/repository/com/fasterxml/jackson/datatype/jackson-datatype-jsr310/2.15.3/jackson-datatype-jsr310-2.15.3.jar:/home/danilo/.m2/repository/com/fasterxml/jackson/module/jackson-module-parameter-names/2.15.3/jackson-module-parameter-names-2.15.3.jar:/home/danilo/.m2/repository/org/springframework/boot/spring-boot-starter-tomcat/3.2.0/spring-boot-starter-tomcat-3.2.0.jar:/home/danilo/.m2/repository/org/apache/tomcat/embed/tomcat-embed-core/10.1.16/tomcat-embed-core-10.1.16.jar:/home/danilo/.m2/repository/org/apache/tomcat/embed/tomcat-embed-websocket/10.1.16/tomcat-embed-websocket-10.1.16.jar:/home/danilo/.m2/repository/org/springframework/spring-web/6.1.1/spring-web-6.1.1.jar:/home/danilo/.m2/repository/org/springframework/spring-webmvc/6.1.1/spring-webmvc-6.1.1.jar:/home/danilo/.m2/repository/org/springframework/spring-expression/6.1.1/spring-expression-6.1.1.jar:/home/danilo/.m2/repository/org/springframework/boot/spring-boot-starter-log4j2/3.2.0/spring-boot-starter-log4j2-3.2.0.jar:/home/danilo/.m2/repository/org/apache/logging/log4j/log4j-slf4j2-impl/2.21.1/log4j-slf4j2-impl-2.21.1.jar:/home/danilo/.m2/repository/org/apache/logging/log4j/log4j-api/2.21.1/log4j-api-2.21.1.jar:/home/danilo/.m2/repository/org/apache/logging/log4j/log4j-core/2.21.1/log4j-core-2.21.1.jar:/home/danilo/.m2/repository/org/apache/logging/log4j/log4j-jul/2.21.1/log4j-jul-2.21.1.jar:/home/danilo/.m2/repository/org/springframework/boot/spring-boot-starter-actuator/3.2.0/spring-boot-starter-actuator-3.2.0.jar:/home/danilo/.m2/repository/org/springframework/boot/spring-boot-actuator-autoconfigure/3.2.0/spring-boot-actuator-autoconfigure-3.2.0.jar:/home/danilo/.m2/repository/org/springframework/boot/spring-boot-actuator/3.2.0/spring-boot-actuator-3.2.0.jar:/home/danilo/.m2/repository/io/micrometer/micrometer-observation/1.12.0/micrometer-observation-1.12.0.jar:/home/danilo/.m2/repository/io/micrometer/micrometer-commons/1.12.0/micrometer-commons-1.12.0.jar:/home/danilo/.m2/repository/io/micrometer/micrometer-jakarta9/1.12.0/micrometer-jakarta9-1.12.0.jar:/home/danilo/.m2/repository/io/micrometer/micrometer-registry-prometheus/1.12.0/micrometer-registry-prometheus-1.12.0.jar:/home/danilo/.m2/repository/io/micrometer/micrometer-core/1.12.0/micrometer-core-1.12.0.jar:/home/danilo/.m2/repository/org/hdrhistogram/HdrHistogram/2.1.12/HdrHistogram-2.1.12.jar:/home/danilo/.m2/repository/org/latencyutils/LatencyUtils/2.0.3/LatencyUtils-2.0.3.jar:/home/danilo/.m2/repository/io/prometheus/simpleclient_common/0.16.0/simpleclient_common-0.16.0.jar:/home/danilo/.m2/repository/io/prometheus/simpleclient/0.16.0/simpleclient-0.16.0.jar:/home/danilo/.m2/repository/io/prometheus/simpleclient_tracer_otel/0.16.0/simpleclient_tracer_otel-0.16.0.jar:/home/danilo/.m2/repository/io/prometheus/simpleclient_tracer_common/0.16.0/simpleclient_tracer_common-0.16.0.jar:/home/danilo/.m2/repository/io/prometheus/simpleclient_tracer_otel_agent/0.16.0/simpleclient_tracer_otel_agent-0.16.0.jar:/home/danilo/.m2/repository/org/apache/logging/log4j/log4j-layout-template-json/2.21.1/log4j-layout-template-json-2.21.1.jar:/home/danilo/.m2/repository/org/springframework/boot/spring-boot-starter-validation/3.2.0/spring-boot-starter-validation-3.2.0.jar:/home/danilo/.m2/repository/org/apache/tomcat/embed/tomcat-embed-el/10.1.16/tomcat-embed-el-10.1.16.jar:/home/danilo/.m2/repository/org/hibernate/validator/hibernate-validator/8.0.1.Final/hibernate-validator-8.0.1.Final.jar:/home/danilo/.m2/repository/jakarta/validation/jakarta.validation-api/3.0.2/jakarta.validation-api-3.0.2.jar:/home/danilo/.m2/repository/org/springframework/boot/spring-boot-starter-security/3.2.0/spring-boot-starter-security-3.2.0.jar:/home/danilo/.m2/repository/org/springframework/spring-aop/6.1.1/spring-aop-6.1.1.jar:/home/danilo/.m2/repository/org/springframework/security/spring-security-config/6.2.0/spring-security-config-6.2.0.jar:/home/danilo/.m2/repository/org/springframework/security/spring-security-core/6.2.0/spring-security-core-6.2.0.jar:/home/danilo/.m2/repository/org/springframework/security/spring-security-crypto/6.2.0/spring-security-crypto-6.2.0.jar:/home/danilo/.m2/repository/org/springframework/security/spring-security-web/6.2.0/spring-security-web-6.2.0.jar:/home/danilo/.m2/repository/io/jsonwebtoken/jjwt-api/0.11.2/jjwt-api-0.11.2.jar:/home/danilo/.m2/repository/io/jsonwebtoken/jjwt-impl/0.11.2/jjwt-impl-0.11.2.jar:/home/danilo/.m2/repository/io/jsonwebtoken/jjwt-jackson/0.11.2/jjwt-jackson-0.11.2.jar:/home/danilo/.m2/repository/com/fasterxml/jackson/core/jackson-databind/2.15.3/jackson-databind-2.15.3.jar:/home/danilo/.m2/repository/com/fasterxml/jackson/core/jackson-annotations/2.15.3/jackson-annotations-2.15.3.jar:/home/danilo/.m2/repository/com/fasterxml/jackson/core/jackson-core/2.15.3/jackson-core-2.15.3.jar:/home/danilo/.m2/repository/io/cucumber/cucumber-picocontainer/7.22.2/cucumber-picocontainer-7.22.2.jar:/home/danilo/.m2/repository/io/cucumber/cucumber-core/7.22.2/cucumber-core-7.22.2.jar:/home/danilo/.m2/repository/io/cucumber/cucumber-gherkin/7.22.2/cucumber-gherkin-7.22.2.jar:/home/danilo/.m2/repository/io/cucumber/cucumber-gherkin-messages/7.22.2/cucumber-gherkin-messages-7.22.2.jar:/home/danilo/.m2/repository/io/cucumber/gherkin/32.1.1/gherkin-32.1.1.jar:/home/danilo/.m2/repository/io/cucumber/messages/27.2.0/messages-27.2.0.jar:/home/danilo/.m2/repository/io/cucumber/testng-xml-formatter/0.3.1/testng-xml-formatter-0.3.1.jar:/home/danilo/.m2/repository/io/cucumber/query/13.2.0/query-13.2.0.jar:/home/danilo/.m2/repository/io/cucumber/tag-expressions/6.1.2/tag-expressions-6.1.2.jar:/home/danilo/.m2/repository/io/cucumber/cucumber-expressions/18.0.1/cucumber-expressions-18.0.1.jar:/home/danilo/.m2/repository/io/cucumber/datatable/7.22.2/datatable-7.22.2.jar:/home/danilo/.m2/repository/io/cucumber/cucumber-plugin/7.22.2/cucumber-plugin-7.22.2.jar:/home/danilo/.m2/repository/io/cucumber/docstring/7.22.2/docstring-7.22.2.jar:/home/danilo/.m2/repository/io/cucumber/html-formatter/21.10.1/html-formatter-21.10.1.jar:/home/danilo/.m2/repository/io/cucumber/junit-xml-formatter/0.7.1/junit-xml-formatter-0.7.1.jar:/home/danilo/.m2/repository/io/cucumber/ci-environment/10.0.1/ci-environment-10.0.1.jar:/home/danilo/.m2/repository/org/apiguardian/apiguardian-api/1.1.2/apiguardian-api-1.1.2.jar:/home/danilo/.m2/repository/org/picocontainer/picocontainer/2.15.2/picocontainer-2.15.2.jar:/home/danilo/.m2/repository/org/springframework/boot/spring-boot-devtools/3.2.0/spring-boot-devtools-3.2.0.jar:/home/danilo/.m2/repository/org/springframework/boot/spring-boot-starter-thymeleaf/3.2.0/spring-boot-starter-thymeleaf-3.2.0.jar:/home/danilo/.m2/repository/org/thymeleaf/thymeleaf-spring6/3.1.2.RELEASE/thymeleaf-spring6-3.1.2.RELEASE.jar:/home/danilo/.m2/repository/org/thymeleaf/thymeleaf/3.1.2.RELEASE/thymeleaf-3.1.2.RELEASE.jar:/home/danilo/.m2/repository/org/attoparser/attoparser/2.0.7.RELEASE/attoparser-2.0.7.RELEASE.jar:/home/danilo/.m2/repository/org/unbescape/unbescape/1.1.6.RELEASE/unbescape-1.1.6.RELEASE.jar:/home/danilo/.m2/repository/app/getxray/xray-junit-extensions/0.7.3/xray-junit-extensions-0.7.3.jar:/home/danilo/.m2/repository/org/junit/jupiter/junit-jupiter-api/5.11.4/junit-jupiter-api-5.11.4.jar:/home/danilo/.m2/repository/org/opentest4j/opentest4j/1.3.0/opentest4j-1.3.0.jar:/home/danilo/.m2/repository/org/junit/platform/junit-platform-reporting/1.11.4/junit-platform-reporting-1.11.4.jar:/home/danilo/.m2/repository/org/junit/platform/junit-platform-launcher/1.11.4/junit-platform-launcher-1.11.4.jar:/home/danilo/.m2/repository/org/junit/platform/junit-platform-engine/1.11.4/junit-platform-engine-1.11.4.jar:/home/danilo/.m2/repository/org/junit/platform/junit-platform-commons/1.11.4/junit-platform-commons-1.11.4.jar:/home/danilo/.m2/repository/app/getxray/xray-maven-plugin/0.8.0/xray-maven-plugin-0.8.0.jar:/home/danilo/.m2/repository/com/squareup/okhttp3/okhttp/4.12.0/okhttp-4.12.0.jar:/home/danilo/.m2/repository/com/squareup/okio/okio/3.6.0/okio-3.6.0.jar:/home/danilo/.m2/repository/com/squareup/okio/okio-jvm/3.6.0/okio-jvm-3.6.0.jar:/home/danilo/.m2/repository/org/jetbrains/kotlin/kotlin-stdlib-common/1.9.20/kotlin-stdlib-common-1.9.20.jar:/home/danilo/.m2/repository/org/jetbrains/kotlin/kotlin-stdlib-jdk8/1.9.20/kotlin-stdlib-jdk8-1.9.20.jar:/home/danilo/.m2/repository/org/jetbrains/kotlin/kotlin-stdlib/1.9.20/kotlin-stdlib-1.9.20.jar:/home/danilo/.m2/repository/org/jetbrains/kotlin/kotlin-stdlib-jdk7/1.9.20/kotlin-stdlib-jdk7-1.9.20.jar:/home/danilo/.m2/repository/org/json/json/20231013/json-20231013.jar:/home/danilo/.m2/repository/org/codehaus/plexus/plexus-utils/3.4.1/plexus-utils-3.4.1.jar:/home/danilo/.m2/repository/org/postgresql/postgresql/42.6.0/postgresql-42.6.0.jar:/home/danilo/.m2/repository/org/checkerframework/checker-qual/3.31.0/checker-qual-3.31.0.jar:/home/danilo/.m2/repository/org/testcontainers/postgresql/1.19.3/postgresql-1.19.3.jar:/home/danilo/.m2/repository/org/testcontainers/jdbc/1.19.3/jdbc-1.19.3.jar:/home/danilo/.m2/repository/org/testcontainers/database-commons/1.19.3/database-commons-1.19.3.jar:/home/danilo/.m2/repository/org/testcontainers/junit-jupiter/1.21.1/junit-jupiter-1.21.1.jar:/home/danilo/.m2/repository/org/testcontainers/testcontainers/1.19.3/testcontainers-1.19.3.jar:/home/danilo/.m2/repository/junit/junit/4.13.2/junit-4.13.2.jar:/home/danilo/.m2/repository/org/hamcrest/hamcrest-core/2.2/hamcrest-core-2.2.jar:/home/danilo/.m2/repository/org/rnorth/duct-tape/duct-tape/1.0.8/duct-tape-1.0.8.jar:/home/danilo/.m2/repository/org/jetbrains/annotations/17.0.0/annotations-17.0.0.jar:/home/danilo/.m2/repository/com/github/docker-java/docker-java-api/3.3.4/docker-java-api-3.3.4.jar:/home/danilo/.m2/repository/com/github/docker-java/docker-java-transport-zerodep/3.3.4/docker-java-transport-zerodep-3.3.4.jar:/home/danilo/.m2/repository/org/testcontainers/selenium/1.21.1/selenium-1.21.1.jar:/home/danilo/.m2/repository/org/flywaydb/flyway-core/9.22.3/flyway-core-9.22.3.jar:/home/danilo/.m2/repository/com/fasterxml/jackson/dataformat/jackson-dataformat-toml/2.15.3/jackson-dataformat-toml-2.15.3.jar:/home/danilo/.m2/repository/com/google/code/gson/gson/2.10.1/gson-2.10.1.jar:/home/danilo/.m2/repository/org/springdoc/springdoc-openapi-starter-webmvc-ui/2.6.0/springdoc-openapi-starter-webmvc-ui-2.6.0.jar:/home/danilo/.m2/repository/org/springdoc/springdoc-openapi-starter-webmvc-api/2.6.0/springdoc-openapi-starter-webmvc-api-2.6.0.jar:/home/danilo/.m2/repository/org/springdoc/springdoc-openapi-starter-common/2.6.0/springdoc-openapi-starter-common-2.6.0.jar:/home/danilo/.m2/repository/io/swagger/core/v3/swagger-core-jakarta/2.2.22/swagger-core-jakarta-2.2.22.jar:/home/danilo/.m2/repository/io/swagger/core/v3/swagger-annotations-jakarta/2.2.22/swagger-annotations-jakarta-2.2.22.jar:/home/danilo/.m2/repository/io/swagger/core/v3/swagger-models-jakarta/2.2.22/swagger-models-jakarta-2.2.22.jar:/home/danilo/.m2/repository/com/fasterxml/jackson/dataformat/jackson-dataformat-yaml/2.15.3/jackson-dataformat-yaml-2.15.3.jar:/home/danilo/.m2/repository/org/webjars/swagger-ui/5.17.14/swagger-ui-5.17.14.jar:/home/danilo/.m2/repository/org/junit/jupiter/junit-jupiter/5.11.4/junit-jupiter-5.11.4.jar:/home/danilo/.m2/repository/org/junit/jupiter/junit-jupiter-params/5.11.4/junit-jupiter-params-5.11.4.jar:/home/danilo/.m2/repository/org/junit/jupiter/junit-jupiter-engine/5.11.4/junit-jupiter-engine-5.11.4.jar:/home/danilo/.m2/repository/org/assertj/assertj-core/3.26.0/assertj-core-3.26.0.jar:/home/danilo/.m2/repository/net/bytebuddy/byte-buddy/1.14.10/byte-buddy-1.14.10.jar:/home/danilo/.m2/repository/com/h2database/h2/2.2.224/h2-2.2.224.jar:/home/danilo/.m2/repository/org/springframework/boot/spring-boot-testcontainers/3.2.0/spring-boot-testcontainers-3.2.0.jar:/home/danilo/.m2/repository/io/rest-assured/rest-assured/5.5.1/rest-assured-5.5.1.jar:/home/danilo/.m2/repository/org/apache/groovy/groovy/4.0.15/groovy-4.0.15.jar:/home/danilo/.m2/repository/org/apache/groovy/groovy-xml/4.0.15/groovy-xml-4.0.15.jar:/home/danilo/.m2/repository/org/apache/httpcomponents/httpclient/4.5.13/httpclient-4.5.13.jar:/home/danilo/.m2/repository/org/apache/httpcomponents/httpcore/4.4.16/httpcore-4.4.16.jar:/home/danilo/.m2/repository/commons-logging/commons-logging/1.2/commons-logging-1.2.jar:/home/danilo/.m2/repository/commons-codec/commons-codec/1.16.0/commons-codec-1.16.0.jar:/home/danilo/.m2/repository/org/apache/httpcomponents/httpmime/4.5.13/httpmime-4.5.13.jar:/home/danilo/.m2/repository/org/ccil/cowan/tagsoup/tagsoup/1.2.1/tagsoup-1.2.1.jar:/home/danilo/.m2/repository/io/rest-assured/json-path/5.5.1/json-path-5.5.1.jar:/home/danilo/.m2/repository/org/apache/groovy/groovy-json/4.0.15/groovy-json-4.0.15.jar:/home/danilo/.m2/repository/io/rest-assured/rest-assured-common/5.5.1/rest-assured-common-5.5.1.jar:/home/danilo/.m2/repository/io/rest-assured/xml-path/5.5.1/xml-path-5.5.1.jar:/home/danilo/.m2/repository/io/rest-assured/spring-mock-mvc/5.5.1/spring-mock-mvc-5.5.1.jar:/home/danilo/.m2/repository/io/rest-assured/spring-commons/5.5.1/spring-commons-5.5.1.jar:/home/danilo/.m2/repository/org/junit/platform/junit-platform-suite/1.10.1/junit-platform-suite-1.10.1.jar:/home/danilo/.m2/repository/org/junit/platform/junit-platform-suite-api/1.11.4/junit-platform-suite-api-1.11.4.jar:/home/danilo/.m2/repository/org/junit/platform/junit-platform-suite-engine/1.11.4/junit-platform-suite-engine-1.11.4.jar:/home/danilo/.m2/repository/org/junit/platform/junit-platform-suite-commons/1.11.4/junit-platform-suite-commons-1.11.4.jar:/home/danilo/.m2/repository/io/cucumber/cucumber-java/7.15.0/cucumber-java-7.15.0.jar:/home/danilo/.m2/repository/io/cucumber/cucumber-junit-platform-engine/7.15.0/cucumber-junit-platform-engine-7.15.0.jar:/home/danilo/.m2/repository/org/seleniumhq/selenium/selenium-java/4.29.0/selenium-java-4.29.0.jar:/home/danilo/.m2/repository/org/seleniumhq/selenium/selenium-api/4.14.1/selenium-api-4.14.1.jar:/home/danilo/.m2/repository/org/seleniumhq/selenium/selenium-chrome-driver/4.14.1/selenium-chrome-driver-4.14.1.jar:/home/danilo/.m2/repository/com/google/auto/service/auto-service-annotations/1.1.1/auto-service-annotations-1.1.1.jar:/home/danilo/.m2/repository/com/google/guava/guava/32.1.2-jre/guava-32.1.2-jre.jar:/home/danilo/.m2/repository/com/google/guava/failureaccess/1.0.1/failureaccess-1.0.1.jar:/home/danilo/.m2/repository/com/google/guava/listenablefuture/9999.0-empty-to-avoid-conflict-with-guava/listenablefuture-9999.0-empty-to-avoid-conflict-with-guava.jar:/home/danilo/.m2/repository/com/google/code/findbugs/jsr305/3.0.2/jsr305-3.0.2.jar:/home/danilo/.m2/repository/com/google/errorprone/error_prone_annotations/2.18.0/error_prone_annotations-2.18.0.jar:/home/danilo/.m2/repository/com/google/j2objc/j2objc-annotations/2.8/j2objc-annotations-2.8.jar:/home/danilo/.m2/repository/org/seleniumhq/selenium/selenium-chromium-driver/4.14.1/selenium-chromium-driver-4.14.1.jar:/home/danilo/.m2/repository/org/seleniumhq/selenium/selenium-json/4.14.1/selenium-json-4.14.1.jar:/home/danilo/.m2/repository/org/seleniumhq/selenium/selenium-manager/4.14.1/selenium-manager-4.14.1.jar:/home/danilo/.m2/repository/org/seleniumhq/selenium/selenium-devtools-v131/4.29.0/selenium-devtools-v131-4.29.0.jar:/home/danilo/.m2/repository/org/seleniumhq/selenium/selenium-devtools-v132/4.29.0/selenium-devtools-v132-4.29.0.jar:/home/danilo/.m2/repository/org/seleniumhq/selenium/selenium-devtools-v133/4.29.0/selenium-devtools-v133-4.29.0.jar:/home/danilo/.m2/repository/org/seleniumhq/selenium/selenium-devtools-v85/4.14.1/selenium-devtools-v85-4.14.1.jar:/home/danilo/.m2/repository/org/seleniumhq/selenium/selenium-edge-driver/4.14.1/selenium-edge-driver-4.14.1.jar:/home/danilo/.m2/repository/org/seleniumhq/selenium/selenium-firefox-driver/4.14.1/selenium-firefox-driver-4.14.1.jar:/home/danilo/.m2/repository/org/seleniumhq/selenium/selenium-http/4.14.1/selenium-http-4.14.1.jar:/home/danilo/.m2/repository/dev/failsafe/failsafe/3.3.2/failsafe-3.3.2.jar:/home/danilo/.m2/repository/org/seleniumhq/selenium/selenium-ie-driver/4.14.1/selenium-ie-driver-4.14.1.jar:/home/danilo/.m2/repository/org/seleniumhq/selenium/selenium-remote-driver/4.14.1/selenium-remote-driver-4.14.1.jar:/home/danilo/.m2/repository/io/opentelemetry/opentelemetry-api/1.31.0/opentelemetry-api-1.31.0.jar:/home/danilo/.m2/repository/io/opentelemetry/opentelemetry-context/1.31.0/opentelemetry-context-1.31.0.jar:/home/danilo/.m2/repository/io/opentelemetry/opentelemetry-exporter-logging/1.31.0/opentelemetry-exporter-logging-1.31.0.jar:/home/danilo/.m2/repository/io/opentelemetry/opentelemetry-sdk-common/1.31.0/opentelemetry-sdk-common-1.31.0.jar:/home/danilo/.m2/repository/io/opentelemetry/opentelemetry-sdk-extension-autoconfigure-spi/1.31.0/opentelemetry-sdk-extension-autoconfigure-spi-1.31.0.jar:/home/danilo/.m2/repository/io/opentelemetry/opentelemetry-sdk-extension-autoconfigure/1.31.0/opentelemetry-sdk-extension-autoconfigure-1.31.0.jar:/home/danilo/.m2/repository/io/opentelemetry/opentelemetry-api-events/1.31.0-alpha/opentelemetry-api-events-1.31.0-alpha.jar:/home/danilo/.m2/repository/io/opentelemetry/opentelemetry-sdk-trace/1.31.0/opentelemetry-sdk-trace-1.31.0.jar:/home/danilo/.m2/repository/io/opentelemetry/opentelemetry-sdk/1.31.0/opentelemetry-sdk-1.31.0.jar:/home/danilo/.m2/repository/io/opentelemetry/opentelemetry-sdk-metrics/1.31.0/opentelemetry-sdk-metrics-1.31.0.jar:/home/danilo/.m2/repository/io/opentelemetry/opentelemetry-extension-incubator/1.31.0-alpha/opentelemetry-extension-incubator-1.31.0-alpha.jar:/home/danilo/.m2/repository/io/opentelemetry/opentelemetry-sdk-logs/1.31.0/opentelemetry-sdk-logs-1.31.0.jar:/home/danilo/.m2/repository/io/opentelemetry/opentelemetry-semconv/1.28.0-alpha/opentelemetry-semconv-1.28.0-alpha.jar:/home/danilo/.m2/repository/org/seleniumhq/selenium/selenium-os/4.14.1/selenium-os-4.14.1.jar:/home/danilo/.m2/repository/org/apache/commons/commons-exec/1.3/commons-exec-1.3.jar:/home/danilo/.m2/repository/org/seleniumhq/selenium/selenium-safari-driver/4.14.1/selenium-safari-driver-4.14.1.jar:/home/danilo/.m2/repository/org/seleniumhq/selenium/selenium-support/4.14.1/selenium-support-4.14.1.jar:/home/danilo/.m2/repository/io/github/bonigarcia/webdrivermanager/5.9.2/webdrivermanager-5.9.2.jar:/home/danilo/.m2/repository/org/slf4j/slf4j-api/2.0.9/slf4j-api-2.0.9.jar:/home/danilo/.m2/repository/com/github/docker-java/docker-java/3.4.0/docker-java-3.4.0.jar:/home/danilo/.m2/repository/com/github/docker-java/docker-java-core/3.4.0/docker-java-core-3.4.0.jar:/home/danilo/.m2/repository/org/slf4j/jcl-over-slf4j/2.0.9/jcl-over-slf4j-2.0.9.jar:/home/danilo/.m2/repository/com/github/docker-java/docker-java-transport-httpclient5/3.4.0/docker-java-transport-httpclient5-3.4.0.jar:/home/danilo/.m2/repository/com/github/docker-java/docker-java-transport/3.4.0/docker-java-transport-3.4.0.jar:/home/danilo/.m2/repository/net/java/dev/jna/jna/5.13.0/jna-5.13.0.jar:/home/danilo/.m2/repository/org/brotli/dec/0.1.2/dec-0.1.2.jar:/home/danilo/.m2/repository/org/apache/commons/commons-lang3/3.13.0/commons-lang3-3.13.0.jar:/home/danilo/.m2/repository/org/apache/commons/commons-compress/1.26.2/commons-compress-1.26.2.jar:/home/danilo/.m2/repository/commons-io/commons-io/2.16.1/commons-io-2.16.1.jar:/home/danilo/.m2/repository/org/apache/httpcomponents/client5/httpclient5/5.2.1/httpclient5-5.2.1.jar:/home/danilo/.m2/repository/org/apache/httpcomponents/core5/httpcore5/5.2.3/httpcore5-5.2.3.jar:/home/danilo/.m2/repository/org/apache/httpcomponents/core5/httpcore5-h2/5.2.3/httpcore5-h2-5.2.3.jar:/home/danilo/.m2/repository/io/github/bonigarcia/selenium-jupiter/5.1.1/selenium-jupiter-5.1.1.jar:/home/danilo/.m2/repository/javax/persistence/javax.persistence-api/2.2/javax.persistence-api-2.2.jar:"/>
<property name="user.country" value="US"/>
<property name="user.country.format" value="PT"/>
<property name="user.dir" value="/home/danilo/Danilo/ua/3ºano/TQS/Project/SmartVolt/backend/smartvolt"/>
<property name="user.home" value="/home/danilo"/>
<property name="user.language" value="en"/>
<property name="user.language.format" value="pt"/>
<property name="user.name" value="danilo"/>
<property name="user.timezone" value="Europe/Lisbon"/>
</properties>
<testcase name="getAllChargingStations_WhenOperatorExists_ReturnsListOfChargingStations" classname="ua.tqs.smartvolt.smartvolt.services.ChargingStationServiceTest" time="0" started-at="2025-06-04T13:26:47.227241682" finished-at="2025-06-04T13:26:47.257270628">
<system-out><![CDATA[
unique-id: [engine:junit-jupiter]/[class:ua.tqs.smartvolt.smartvolt.services.ChargingStationServiceTest]/[method:getAllChargingStations_WhenOperatorExists_ReturnsListOfChargingStations()]
display-name: getAllChargingStations_WhenOperatorExists_ReturnsListOfChargingStations()
]]></system-out>
<properties>
<property name="requirements" value="SV-34"/>
<property name="tags" value="UnitTest"/>
<property name="_dummy_" value=""/>
</properties>
</testcase>
<testcase name="checkNotEmptyList_shouldThrowException_whenListIsNullOrEmpty" classname="ua.tqs.smartvolt.smartvolt.utils.validation.ValidatorTest" time="0" started-at="2025-06-04T13:26:46.38083791" finished-at="2025-06-04T13:26:46.381219303">
<system-out><![CDATA[
unique-id: [engine:junit-jupiter]/[class:ua.tqs.smartvolt.smartvolt.utils.validation.ValidatorTest]/[method:checkNotEmptyList_shouldThrowException_whenListIsNullOrEmpty()]
display-name: checkNotEmptyList_shouldThrowException_whenListIsNullOrEmpty()
]]></system-out>
<properties>
<property name="tags" value="UnitTest"/>
<property name="_dummy_" value=""/>
</properties>
</testcase>
<testcase name="activateChargingStation_WhenChargingStationExists_ThenActivatesChargingStation" classname="ua.tqs.smartvolt.smartvolt.integration.ChargingStationControllerIT" time="0" started-at="2025-06-04T13:26:31.340075835" finished-at="2025-06-04T13:26:31.455786972">
<system-out><![CDATA[
unique-id: [engine:junit-jupiter]/[class:ua.tqs.smartvolt.smartvolt.integration.ChargingStationControllerIT]/[method:activateChargingStation_WhenChargingStationExists_ThenActivatesChargingStation()]
display-name: activateChargingStation_WhenChargingStationExists_ThenActivatesChargingStation()
]]></system-out>
<properties>
<property name="requirements" value="SV-35"/>
<property name="tags" value="IT-Fast"/>
<property name="_dummy_" value=""/>
</properties>
</testcase>
<testcase name="checkLessThan_shouldThrowException_whenValueIsGreaterThanThreshold" classname="ua.tqs.smartvolt.smartvolt.utils.validation.ValidatorTest" time="0" started-at="2025-06-04T13:26:46.379684105" finished-at="2025-06-04T13:26:46.380037045">
<system-out><![CDATA[
unique-id: [engine:junit-jupiter]/[class:ua.tqs.smartvolt.smartvolt.utils.validation.ValidatorTest]/[method:checkLessThan_shouldThrowException_whenValueIsGreaterThanThreshold()]
display-name: checkLessThan_shouldThrowException_whenValueIsGreaterThanThreshold()
]]></system-out>
<properties>
<property name="tags" value="UnitTest"/>
<property name="_dummy_" value=""/>
</properties>
</testcase>
<testcase name="createBooking_NegativePower_ThrowsIllegalArgumentException" classname="ua.tqs.smartvolt.smartvolt.services.BookingServiceTest" time="0" started-at="2025-06-04T13:26:47.678745997" finished-at="2025-06-04T13:26:47.682243338">
<system-out><![CDATA[
unique-id: [engine:junit-jupiter]/[class:ua.tqs.smartvolt.smartvolt.services.BookingServiceTest]/[method:createBooking_NegativePower_ThrowsIllegalArgumentException()]
display-name: createBooking_NegativePower_ThrowsIllegalArgumentException()
]]></system-out>
<properties>
<property name="requirements" value="SV-242"/>
<property name="tags" value="UnitTest"/>
<property name="_dummy_" value=""/>
</properties>
</testcase>
<testcase name="getChargingStationsByChargingSpeed_WhenNoStationsFound_ThrowsResourceNotFoundException" classname="ua.tqs.smartvolt.smartvolt.services.ChargingStationServiceTest" time="0" started-at="2025-06-04T13:26:47.287254021" finished-at="2025-06-04T13:26:47.29044054">
<system-out><![CDATA[
unique-id: [engine:junit-jupiter]/[class:ua.tqs.smartvolt.smartvolt.services.ChargingStationServiceTest]/[method:getChargingStationsByChargingSpeed_WhenNoStationsFound_ThrowsResourceNotFoundException()]
display-name: getChargingStationsByChargingSpeed_WhenNoStationsFound_ThrowsResourceNotFoundException()
]]></system-out>
<properties>
<property name="requirements" value="SV-19"/>
<property name="tags" value="UnitTest"/>
<property name="_dummy_" value=""/>
</properties>
</testcase>
<testcase name="getChargingStationsByChargingSpeed_Unauthorized_ReturnsForbidden" classname="ua.tqs.smartvolt.smartvolt.integration.ServiceStationsMapControllerIT" time="0" started-at="2025-06-04T13:26:39.653337015" finished-at="2025-06-04T13:26:39.744336591">
<system-out><![CDATA[
unique-id: [engine:junit-jupiter]/[class:ua.tqs.smartvolt.smartvolt.integration.ServiceStationsMapControllerIT]/[method:getChargingStationsByChargingSpeed_Unauthorized_ReturnsForbidden()]
display-name: getChargingStationsByChargingSpeed_Unauthorized_ReturnsForbidden()
]]></system-out>
<properties>
<property name="requirements" value="SV-19"/>
<property name="tags" value="IT-Fast"/>
<property name="_dummy_" value=""/>
</properties>
</testcase>
<testcase name="createBooking_AlreadyOccupiedSlot_ReturnsConflict" classname="ua.tqs.smartvolt.smartvolt.integration.BookingControllerIT" time="0" started-at="2025-06-04T13:26:45.7539374" finished-at="2025-06-04T13:26:45.94864047">
<system-out><![CDATA[
unique-id: [engine:junit-jupiter]/[class:ua.tqs.smartvolt.smartvolt.integration.BookingControllerIT]/[method:createBooking_AlreadyOccupiedSlot_ReturnsConflict()]
display-name: createBooking_AlreadyOccupiedSlot_ReturnsConflict()
]]></system-out>
<properties>
<property name="requirements" value="SV-242"/>
<property name="tags" value="IT-Fast,IT-Booking"/>
<property name="_dummy_" value=""/>
</properties>
</testcase>
<testcase name="createBooking_InvalidSlotId_ThrowsResourceNotFoundException" classname="ua.tqs.smartvolt.smartvolt.services.BookingServiceTest" time="0" started-at="2025-06-04T13:26:47.629347306" finished-at="2025-06-04T13:26:47.6337963">
<system-out><![CDATA[
unique-id: [engine:junit-jupiter]/[class:ua.tqs.smartvolt.smartvolt.services.BookingServiceTest]/[method:createBooking_InvalidSlotId_ThrowsResourceNotFoundException()]
display-name: createBooking_InvalidSlotId_ThrowsResourceNotFoundException()
]]></system-out>
<properties>
<property name="requirements" value="SV-242"/>
<property name="tags" value="UnitTest"/>
<property name="_dummy_" value=""/>
</properties>
</testcase>
<testcase name="createBooking_PriceNotFoundForSlot_ThrowsResourceNotFoundException" classname="ua.tqs.smartvolt.smartvolt.services.BookingServiceTest" time="0" started-at="2025-06-04T13:26:47.671298481" finished-at="2025-06-04T13:26:47.675247003">
<system-out><![CDATA[
unique-id: [engine:junit-jupiter]/[class:ua.tqs.smartvolt.smartvolt.services.BookingServiceTest]/[method:createBooking_PriceNotFoundForSlot_ThrowsResourceNotFoundException()]
display-name: createBooking_PriceNotFoundForSlot_ThrowsResourceNotFoundException()
]]></system-out>
<properties>
<property name="requirements" value="SV-242"/>
<property name="tags" value="UnitTest"/>
<property name="_dummy_" value=""/>
</properties>
</testcase>
<testcase name="createBooking_StartTimeInPast_ThrowsIllegalArgumentException" classname="ua.tqs.smartvolt.smartvolt.services.BookingServiceTest" time="0" started-at="2025-06-04T13:26:47.667060896" finished-at="2025-06-04T13:26:47.671018805">
<system-out><![CDATA[
unique-id: [engine:junit-jupiter]/[class:ua.tqs.smartvolt.smartvolt.services.BookingServiceTest]/[method:createBooking_StartTimeInPast_ThrowsIllegalArgumentException()]
display-name: createBooking_StartTimeInPast_ThrowsIllegalArgumentException()
]]></system-out>
<properties>
<property name="requirements" value="SV-242"/>
<property name="tags" value="UnitTest"/>
<property name="_dummy_" value=""/>
</properties>
</testcase>
<testcase name="createBooking_ValidRequest_ReturnsCreatedBookingAndSavesToDb" classname="ua.tqs.smartvolt.smartvolt.integration.BookingControllerIT" time="0" started-at="2025-06-04T13:26:45.199413969" finished-at="2025-06-04T13:26:45.410847864">
<system-out><![CDATA[
unique-id: [engine:junit-jupiter]/[class:ua.tqs.smartvolt.smartvolt.integration.BookingControllerIT]/[method:createBooking_ValidRequest_ReturnsCreatedBookingAndSavesToDb()]
display-name: createBooking_ValidRequest_ReturnsCreatedBookingAndSavesToDb()
]]></system-out>
<properties>
<property name="requirements" value="SV-242"/>
<property name="tags" value="IT-Fast,IT-Booking"/>
<property name="_dummy_" value=""/>
</properties>
</testcase>
<testcase name="finalizeBookingPayment_BookingAlreadyPaid_ThrowsException" classname="ua.tqs.smartvolt.smartvolt.services.BookingServiceTest" time="0" started-at="2025-06-04T13:26:47.655021322" finished-at="2025-06-04T13:26:47.658883686">
<system-out><![CDATA[
unique-id: [engine:junit-jupiter]/[class:ua.tqs.smartvolt.smartvolt.services.BookingServiceTest]/[method:finalizeBookingPayment_BookingAlreadyPaid_ThrowsException()]
display-name: finalizeBookingPayment_BookingAlreadyPaid_ThrowsException()
]]></system-out>
<properties>
<property name="requirements" value="SV-243"/>
<property name="tags" value="UnitTest"/>
<property name="_dummy_" value=""/>
</properties>
</testcase>
<testcase name="getAllChargingStations_WhenOperatorNotExists_ThenThrowsResourceNotFoundException" classname="ua.tqs.smartvolt.smartvolt.integration.ChargingStationControllerIT" time="0" started-at="2025-06-04T13:26:31.598532154" finished-at="2025-06-04T13:26:31.726939356">
<system-out><![CDATA[
unique-id: [engine:junit-jupiter]/[class:ua.tqs.smartvolt.smartvolt.integration.ChargingStationControllerIT]/[method:getAllChargingStations_WhenOperatorNotExists_ThenThrowsResourceNotFoundException()]
display-name: getAllChargingStations_WhenOperatorNotExists_ThenThrowsResourceNotFoundException()
]]></system-out>
<properties>
<property name="requirements" value="SV-34"/>
<property name="tags" value="IT-Fast"/>
<property name="_dummy_" value=""/>
</properties>
</testcase>
<testcase name="getSessions_ValidRequest_ReturnsSessions" classname="ua.tqs.smartvolt.smartvolt.integration.ChargingSessionControllerIT" time="0" started-at="2025-06-04T13:26:42.271168511" finished-at="2025-06-04T13:26:42.420201761">
<system-out><![CDATA[
unique-id: [engine:junit-jupiter]/[class:ua.tqs.smartvolt.smartvolt.integration.ChargingSessionControllerIT]/[method:getSessions_ValidRequest_ReturnsSessions()]
display-name: getSessions_ValidRequest_ReturnsSessions()
]]></system-out>
<properties>
<property name="requirements" value="SV-36"/>
<property name="tags" value="IT-Fast"/>
<property name="_dummy_" value=""/>
</properties>
</testcase>
<testcase name="checkNotEmptyMap_shouldThrowException_whenMapIsNullOrEmpty" classname="ua.tqs.smartvolt.smartvolt.utils.validation.ValidatorTest" time="0" started-at="2025-06-04T13:26:46.373456646" finished-at="2025-06-04T13:26:46.374193162">
<system-out><![CDATA[
unique-id: [engine:junit-jupiter]/[class:ua.tqs.smartvolt.smartvolt.utils.validation.ValidatorTest]/[method:checkNotEmptyMap_shouldThrowException_whenMapIsNullOrEmpty()]
display-name: checkNotEmptyMap_shouldThrowException_whenMapIsNullOrEmpty()
]]></system-out>
<properties>
<property name="tags" value="UnitTest"/>
<property name="_dummy_" value=""/>
</properties>
</testcase>
<testcase name="createBooking_SlotAlreadyBooked_ThrowsSlotAlreadyBookedException" classname="ua.tqs.smartvolt.smartvolt.services.BookingServiceTest" time="0" started-at="2025-06-04T13:26:47.650921411" finished-at="2025-06-04T13:26:47.654724085">
<system-out><![CDATA[
unique-id: [engine:junit-jupiter]/[class:ua.tqs.smartvolt.smartvolt.services.BookingServiceTest]/[method:createBooking_SlotAlreadyBooked_ThrowsSlotAlreadyBookedException()]
display-name: createBooking_SlotAlreadyBooked_ThrowsSlotAlreadyBookedException()
]]></system-out>
<properties>
<property name="requirements" value="SV-242"/>
<property name="tags" value="UnitTest"/>
<property name="_dummy_" value=""/>
</properties>
</testcase>
<testcase name="createChargingSlot_WhenValidRequest_ReturnsCreatedSlot" classname="ua.tqs.smartvolt.smartvolt.services.ChargingSlotServiceTest" time="0" started-at="2025-06-04T13:26:47.705838265" finished-at="2025-06-04T13:26:47.709461398">
<system-out><![CDATA[
unique-id: [engine:junit-jupiter]/[class:ua.tqs.smartvolt.smartvolt.services.ChargingSlotServiceTest]/[method:createChargingSlot_WhenValidRequest_ReturnsCreatedSlot()]
display-name: createChargingSlot_WhenValidRequest_ReturnsCreatedSlot()
]]></system-out>
<properties>
<property name="requirements" value="SV-68"/>
<property name="tags" value="UnitTest"/>
<property name="_dummy_" value=""/>
</properties>
</testcase>
<testcase name="createChargingSlot_WhenValidRequest_ReturnsCreatedSlot" classname="ua.tqs.smartvolt.smartvolt.integration.ChargingStationSlotsControllerIT" time="0" started-at="2025-06-04T13:26:35.93939428" finished-at="2025-06-04T13:26:36.132841952">
<system-out><![CDATA[
unique-id: [engine:junit-jupiter]/[class:ua.tqs.smartvolt.smartvolt.integration.ChargingStationSlotsControllerIT]/[method:createChargingSlot_WhenValidRequest_ReturnsCreatedSlot()]
display-name: createChargingSlot_WhenValidRequest_ReturnsCreatedSlot()
]]></system-out>
<properties>
<property name="requirements" value="SV-68"/>
<property name="tags" value="IT-Fast"/>
<property name="_dummy_" value=""/>
</properties>
</testcase>
<testcase name="getChargingSlotsByStationId_MixedStationFiltersBySpeed_ReturnsCorrectSlots" classname="ua.tqs.smartvolt.smartvolt.integration.ChargingStationSlotsControllerIT" time="0" started-at="2025-06-04T13:26:35.227122685" finished-at="2025-06-04T13:26:35.53726281">
<system-out><![CDATA[
unique-id: [engine:junit-jupiter]/[class:ua.tqs.smartvolt.smartvolt.integration.ChargingStationSlotsControllerIT]/[method:getChargingSlotsByStationId_MixedStationFiltersBySpeed_ReturnsCorrectSlots()]
display-name: getChargingSlotsByStationId_MixedStationFiltersBySpeed_ReturnsCorrectSlots()
]]></system-out>
<properties>
<property name="requirements" value="SV-24"/>
<property name="tags" value="IT-Fast"/>
<property name="_dummy_" value=""/>
</properties>
</testcase>
<testcase name="checkCoordinates_shouldThrowException_whenCoordinatesAreInvalid" classname="ua.tqs.smartvolt.smartvolt.utils.validation.ValidatorTest" time="0" started-at="2025-06-04T13:26:46.375664793" finished-at="2025-06-04T13:26:46.376350175">
<system-out><![CDATA[
unique-id: [engine:junit-jupiter]/[class:ua.tqs.smartvolt.smartvolt.utils.validation.ValidatorTest]/[method:checkCoordinates_shouldThrowException_whenCoordinatesAreInvalid()]
display-name: checkCoordinates_shouldThrowException_whenCoordinatesAreInvalid()
]]></system-out>
<properties>
<property name="tags" value="UnitTest"/>
<property name="_dummy_" value=""/>
</properties>
</testcase>
<testcase name="finalizeBookingPayment_BookingExpired_ThrowsExceptionAndDeletesBooking" classname="ua.tqs.smartvolt.smartvolt.services.BookingServiceTest" time="0" started-at="2025-06-04T13:26:47.638649208" finished-at="2025-06-04T13:26:47.642690301">
<system-out><![CDATA[
unique-id: [engine:junit-jupiter]/[class:ua.tqs.smartvolt.smartvolt.services.BookingServiceTest]/[method:finalizeBookingPayment_BookingExpired_ThrowsExceptionAndDeletesBooking()]
display-name: finalizeBookingPayment_BookingExpired_ThrowsExceptionAndDeletesBooking()
]]></system-out>
<properties>
<property name="requirements" value="SV-243"/>
<property name="tags" value="UnitTest"/>
<property name="_dummy_" value=""/>
</properties>
</testcase>
<testcase name="createBooking_Unauthorized_ReturnsForbidden" classname="ua.tqs.smartvolt.smartvolt.integration.BookingControllerIT" time="0" started-at="2025-06-04T13:26:44.779541855" finished-at="2025-06-04T13:26:45.012612973">
<system-out><![CDATA[
unique-id: [engine:junit-jupiter]/[class:ua.tqs.smartvolt.smartvolt.integration.BookingControllerIT]/[method:createBooking_Unauthorized_ReturnsForbidden()]
display-name: createBooking_Unauthorized_ReturnsForbidden()
]]></system-out>
<properties>
<property name="requirements" value="SV-242"/>
<property name="tags" value="IT-Fast,IT-Booking"/>
<property name="_dummy_" value=""/>
</properties>
</testcase>
<testcase name="checkGreaterThan_shouldThrowException_whenValueIsNull" classname="ua.tqs.smartvolt.smartvolt.utils.validation.ValidatorTest" time="0" started-at="2025-06-04T13:26:46.374802114" finished-at="2025-06-04T13:26:46.37514767">
<system-out><![CDATA[
unique-id: [engine:junit-jupiter]/[class:ua.tqs.smartvolt.smartvolt.utils.validation.ValidatorTest]/[method:checkGreaterThan_shouldThrowException_whenValueIsNull()]
display-name: checkGreaterThan_shouldThrowException_whenValueIsNull()
]]></system-out>
<properties>
<property name="tags" value="UnitTest"/>
<property name="_dummy_" value=""/>
</properties>
</testcase>
<testcase name="createBooking_PowerNotFoundForSlot_ThrowsResourceNotFoundException" classname="ua.tqs.smartvolt.smartvolt.services.BookingServiceTest" time="0" started-at="2025-06-04T13:26:47.414829825" finished-at="2025-06-04T13:26:47.622375586">
<system-out><![CDATA[
unique-id: [engine:junit-jupiter]/[class:ua.tqs.smartvolt.smartvolt.services.BookingServiceTest]/[method:createBooking_PowerNotFoundForSlot_ThrowsResourceNotFoundException()]
display-name: createBooking_PowerNotFoundForSlot_ThrowsResourceNotFoundException()
]]></system-out>
<properties>
<property name="requirements" value="SV-242"/>
<property name="tags" value="UnitTest"/>
<property name="_dummy_" value=""/>
</properties>
</testcase>
<testcase name="createBooking_InvalidStartTimeInterval_ReturnsBadRequest" classname="ua.tqs.smartvolt.smartvolt.integration.BookingControllerIT" time="0" started-at="2025-06-04T13:26:45.949087003" finished-at="2025-06-04T13:26:46.116789112">
<system-out><![CDATA[
unique-id: [engine:junit-jupiter]/[class:ua.tqs.smartvolt.smartvolt.integration.BookingControllerIT]/[method:createBooking_InvalidStartTimeInterval_ReturnsBadRequest()]
display-name: createBooking_InvalidStartTimeInterval_ReturnsBadRequest()
]]></system-out>
<properties>
<property name="requirements" value="SV-242"/>
<property name="tags" value="IT-Fast,IT-Booking"/>
<property name="_dummy_" value=""/>
</properties>
</testcase>
<testcase name="getAvailableSlots_NoSlotsForSelectedSpeed_ReturnsEmptyListAndZeroPrice" classname="ua.tqs.smartvolt.smartvolt.services.ChargingSlotServiceTest" time="0" started-at="2025-06-04T13:26:47.709747465" finished-at="2025-06-04T13:26:47.712517576">
<system-out><![CDATA[
unique-id: [engine:junit-jupiter]/[class:ua.tqs.smartvolt.smartvolt.services.ChargingSlotServiceTest]/[method:getAvailableSlots_NoSlotsForSelectedSpeed_ReturnsEmptyListAndZeroPrice()]
display-name: getAvailableSlots_NoSlotsForSelectedSpeed_ReturnsEmptyListAndZeroPrice()
]]></system-out>
<properties>
<property name="requirements" value="SV-24"/>
<property name="tags" value="UnitTest"/>
<property name="_dummy_" value=""/>
</properties>
</testcase>
<testcase name="getAllChargingStations_WhenOperatorExists_ThenListOfChargingStations" classname="ua.tqs.smartvolt.smartvolt.integration.ChargingStationControllerIT" time="0" started-at="2025-06-04T13:26:31.456524952" finished-at="2025-06-04T13:26:31.597924725">
<system-out><![CDATA[
unique-id: [engine:junit-jupiter]/[class:ua.tqs.smartvolt.smartvolt.integration.ChargingStationControllerIT]/[method:getAllChargingStations_WhenOperatorExists_ThenListOfChargingStations()]
display-name: getAllChargingStations_WhenOperatorExists_ThenListOfChargingStations()
]]></system-out>
<properties>
<property name="requirements" value="SV-34"/>
<property name="tags" value="IT-Fast"/>
<property name="_dummy_" value=""/>
</properties>
</testcase>
<testcase name="checkNotNull_shouldNotThrowException_whenObjectIsNotNull" classname="ua.tqs.smartvolt.smartvolt.utils.validation.ValidatorTest" time="0" started-at="2025-06-04T13:26:46.376908012" finished-at="2025-06-04T13:26:46.377320913">
<system-out><![CDATA[
unique-id: [engine:junit-jupiter]/[class:ua.tqs.smartvolt.smartvolt.utils.validation.ValidatorTest]/[method:checkNotNull_shouldNotThrowException_whenObjectIsNotNull()]
display-name: checkNotNull_shouldNotThrowException_whenObjectIsNotNull()
]]></system-out>
<properties>
<property name="tags" value="UnitTest"/>
<property name="_dummy_" value=""/>
</properties>
</testcase>
<testcase name="checkLessThan_shouldThrowException_whenValueIsNull" classname="ua.tqs.smartvolt.smartvolt.utils.validation.ValidatorTest" time="0" started-at="2025-06-04T13:26:46.383202946" finished-at="2025-06-04T13:26:46.383543493">
<system-out><![CDATA[
unique-id: [engine:junit-jupiter]/[class:ua.tqs.smartvolt.smartvolt.utils.validation.ValidatorTest]/[method:checkLessThan_shouldThrowException_whenValueIsNull()]
display-name: checkLessThan_shouldThrowException_whenValueIsNull()
]]></system-out>
<properties>
<property name="tags" value="UnitTest"/>
<property name="_dummy_" value=""/>
</properties>
</testcase>
<testcase name="getChargingStationsByChargingSpeed_FilterMedium_ReturnsOnlyMediumStations" classname="ua.tqs.smartvolt.smartvolt.integration.ServiceStationsMapControllerIT" time="0" started-at="2025-06-04T13:26:39.092268323" finished-at="2025-06-04T13:26:39.235561835">
<system-out><![CDATA[
unique-id: [engine:junit-jupiter]/[class:ua.tqs.smartvolt.smartvolt.integration.ServiceStationsMapControllerIT]/[method:getChargingStationsByChargingSpeed_FilterMedium_ReturnsOnlyMediumStations()]
display-name: getChargingStationsByChargingSpeed_FilterMedium_ReturnsOnlyMediumStations()
]]></system-out>
<properties>
<property name="requirements" value="SV-19"/>
<property name="tags" value="IT-Fast"/>
<property name="_dummy_" value=""/>
</properties>
</testcase>
<testcase name="createBooking_InvalidDriverId_ThrowsResourceNotFoundException" classname="ua.tqs.smartvolt.smartvolt.services.BookingServiceTest" time="0" started-at="2025-06-04T13:26:47.646987385" finished-at="2025-06-04T13:26:47.650609326">
<system-out><![CDATA[
unique-id: [engine:junit-jupiter]/[class:ua.tqs.smartvolt.smartvolt.services.BookingServiceTest]/[method:createBooking_InvalidDriverId_ThrowsResourceNotFoundException()]
display-name: createBooking_InvalidDriverId_ThrowsResourceNotFoundException()
]]></system-out>
<properties>
<property name="requirements" value="SV-242"/>
<property name="tags" value="UnitTest"/>
<property name="_dummy_" value=""/>
</properties>
</testcase>
<testcase name="createChargingSlot_WhenInvalidChargingSpeed_ThrowsInvalidRequestException" classname="ua.tqs.smartvolt.smartvolt.services.ChargingSlotServiceTest" time="0" started-at="2025-06-04T13:26:47.690838308" finished-at="2025-06-04T13:26:47.693916227">
<system-out><![CDATA[
unique-id: [engine:junit-jupiter]/[class:ua.tqs.smartvolt.smartvolt.services.ChargingSlotServiceTest]/[method:createChargingSlot_WhenInvalidChargingSpeed_ThrowsInvalidRequestException()]
display-name: createChargingSlot_WhenInvalidChargingSpeed_ThrowsInvalidRequestException()
]]></system-out>
<properties>
<property name="requirements" value="SV-68"/>
<property name="tags" value="UnitTest"/>
<property name="_dummy_" value=""/>
</properties>
</testcase>
<testcase name="checkLessThan_shouldNotThrowException_whenValueIsLessThanThreshold" classname="ua.tqs.smartvolt.smartvolt.utils.validation.ValidatorTest" time="0" started-at="2025-06-04T13:26:46.383623641" finished-at="2025-06-04T13:26:46.383951936">
<system-out><![CDATA[
unique-id: [engine:junit-jupiter]/[class:ua.tqs.smartvolt.smartvolt.utils.validation.ValidatorTest]/[method:checkLessThan_shouldNotThrowException_whenValueIsLessThanThreshold()]
display-name: checkLessThan_shouldNotThrowException_whenValueIsLessThanThreshold()
]]></system-out>
<properties>
<property name="tags" value="UnitTest"/>
<property name="_dummy_" value=""/>
</properties>
</testcase>
<testcase name="finalizeBookingPayment_ValidBookingNotUsed_StatusChangesToPaid" classname="ua.tqs.smartvolt.smartvolt.services.BookingServiceTest" time="0" started-at="2025-06-04T13:26:47.659191943" finished-at="2025-06-04T13:26:47.662569935">
<system-out><![CDATA[
unique-id: [engine:junit-jupiter]/[class:ua.tqs.smartvolt.smartvolt.services.BookingServiceTest]/[method:finalizeBookingPayment_ValidBookingNotUsed_StatusChangesToPaid()]
display-name: finalizeBookingPayment_ValidBookingNotUsed_StatusChangesToPaid()
]]></system-out>
<properties>
<property name="requirements" value="SV-26"/>
<property name="tags" value="UnitTest"/>
<property name="_dummy_" value=""/>
</properties>
</testcase>
<testcase name="getChargingSlotsByStationId_PastDate_ReturnsEmptyListAndZeroPrice" classname="ua.tqs.smartvolt.smartvolt.integration.ChargingStationSlotsControllerIT" time="0" started-at="2025-06-04T13:26:34.67295898" finished-at="2025-06-04T13:26:34.856344882">
<system-out><![CDATA[
unique-id: [engine:junit-jupiter]/[class:ua.tqs.smartvolt.smartvolt.integration.ChargingStationSlotsControllerIT]/[method:getChargingSlotsByStationId_PastDate_ReturnsEmptyListAndZeroPrice()]
display-name: getChargingSlotsByStationId_PastDate_ReturnsEmptyListAndZeroPrice()
]]></system-out>
<properties>
<property name="requirements" value="SV-24"/>
<property name="tags" value="IT-Fast"/>
<property name="_dummy_" value=""/>
</properties>
</testcase>
<testcase name="updateChargingStationStatus_WhenStationExists_UpdatesAvailability" classname="ua.tqs.smartvolt.smartvolt.services.ChargingStationServiceTest" time="0" started-at="2025-06-04T13:26:47.257777472" finished-at="2025-06-04T13:26:47.263020318">
<system-out><![CDATA[
unique-id: [engine:junit-jupiter]/[class:ua.tqs.smartvolt.smartvolt.services.ChargingStationServiceTest]/[method:updateChargingStationStatus_WhenStationExists_UpdatesAvailability()]
display-name: updateChargingStationStatus_WhenStationExists_UpdatesAvailability()
]]></system-out>
<properties>
<property name="requirements" value="SV-35"/>
<property name="tags" value="UnitTest"/>
<property name="_dummy_" value=""/>
</properties>
</testcase>
<testcase name="getChargingStationsByChargingSpeed_NoFilters_ReturnsBadRequest" classname="ua.tqs.smartvolt.smartvolt.integration.ServiceStationsMapControllerIT" time="0" started-at="2025-06-04T13:26:39.330529048" finished-at="2025-06-04T13:26:39.419392179">
<system-out><![CDATA[
unique-id: [engine:junit-jupiter]/[class:ua.tqs.smartvolt.smartvolt.integration.ServiceStationsMapControllerIT]/[method:getChargingStationsByChargingSpeed_NoFilters_ReturnsBadRequest()]
display-name: getChargingStationsByChargingSpeed_NoFilters_ReturnsBadRequest()
]]></system-out>
<properties>
<property name="requirements" value="SV-19"/>
<property name="tags" value="IT-Fast"/>
<property name="_dummy_" value=""/>
</properties>
</testcase>
<testcase name="getChargingSlotsByStationId_NoSlotsForSelectedSpeed_ReturnsEmptyListAndZeroPrice" classname="ua.tqs.smartvolt.smartvolt.integration.ChargingStationSlotsControllerIT" time="0" started-at="2025-06-04T13:26:36.476800022" finished-at="2025-06-04T13:26:36.64903286">
<system-out><![CDATA[
unique-id: [engine:junit-jupiter]/[class:ua.tqs.smartvolt.smartvolt.integration.ChargingStationSlotsControllerIT]/[method:getChargingSlotsByStationId_NoSlotsForSelectedSpeed_ReturnsEmptyListAndZeroPrice()]
display-name: getChargingSlotsByStationId_NoSlotsForSelectedSpeed_ReturnsEmptyListAndZeroPrice()
]]></system-out>
<properties>
<property name="requirements" value="SV-24"/>
<property name="tags" value="IT-Fast"/>
<property name="_dummy_" value=""/>
</properties>
</testcase>
<testcase name="createBooking_InvalidSlotId_ReturnsNotFound" classname="ua.tqs.smartvolt.smartvolt.integration.BookingControllerIT" time="0" started-at="2025-06-04T13:26:45.584082755" finished-at="2025-06-04T13:26:45.753489856">
<system-out><![CDATA[
unique-id: [engine:junit-jupiter]/[class:ua.tqs.smartvolt.smartvolt.integration.BookingControllerIT]/[method:createBooking_InvalidSlotId_ReturnsNotFound()]
display-name: createBooking_InvalidSlotId_ReturnsNotFound()
]]></system-out>
<properties>
<property name="requirements" value="SV-242"/>
<property name="tags" value="IT-Fast,IT-Booking"/>
<property name="_dummy_" value=""/>
</properties>
</testcase>
<testcase name="createChargingStation_WhenOperatorDoesNotExist_ThrowsResourceNotFoundException" classname="ua.tqs.smartvolt.smartvolt.services.ChargingStationServiceTest" time="0" started-at="2025-06-04T13:26:47.263486687" finished-at="2025-06-04T13:26:47.267318003">
<system-out><![CDATA[
unique-id: [engine:junit-jupiter]/[class:ua.tqs.smartvolt.smartvolt.services.ChargingStationServiceTest]/[method:createChargingStation_WhenOperatorDoesNotExist_ThrowsResourceNotFoundException()]
display-name: createChargingStation_WhenOperatorDoesNotExist_ThrowsResourceNotFoundException()
]]></system-out>
<properties>
<property name="requirements" value="SV-34"/>
<property name="tags" value="UnitTest"/>
<property name="_dummy_" value=""/>
</properties>
</testcase>
<testcase name="createChargingSlot_WhenStationNotFound_ReturnsNotFound" classname="ua.tqs.smartvolt.smartvolt.integration.ChargingStationSlotsControllerIT" time="0" started-at="2025-06-04T13:26:35.039593652" finished-at="2025-06-04T13:26:35.226355992">
<system-out><![CDATA[
unique-id: [engine:junit-jupiter]/[class:ua.tqs.smartvolt.smartvolt.integration.ChargingStationSlotsControllerIT]/[method:createChargingSlot_WhenStationNotFound_ReturnsNotFound()]
display-name: createChargingSlot_WhenStationNotFound_ReturnsNotFound()
]]></system-out>
<properties>
<property name="requirements" value="SV-68"/>
<property name="tags" value="IT-Fast"/>
<property name="_dummy_" value=""/>
</properties>
</testcase>
<testcase name="getEnergyConsumption_ReturnsOperatorEnergyResponse" classname="ua.tqs.smartvolt.smartvolt.services.BookingServiceTest" time="0" started-at="2025-06-04T13:26:47.675504237" finished-at="2025-06-04T13:26:47.678495376">
<system-out><![CDATA[
unique-id: [engine:junit-jupiter]/[class:ua.tqs.smartvolt.smartvolt.services.BookingServiceTest]/[method:getEnergyConsumption_ReturnsOperatorEnergyResponse()]
display-name: getEnergyConsumption_ReturnsOperatorEnergyResponse()
]]></system-out>
<properties>
<property name="requirements" value="SV-36"/>
<property name="tags" value="UnitTest"/>
<property name="_dummy_" value=""/>
</properties>
</testcase>
<testcase name="createBooking_MissingStartTime_ReturnsInternalServerError" classname="ua.tqs.smartvolt.smartvolt.integration.BookingControllerIT" time="0" started-at="2025-06-04T13:26:45.411312169" finished-at="2025-06-04T13:26:45.583623619">
<system-out><![CDATA[
unique-id: [engine:junit-jupiter]/[class:ua.tqs.smartvolt.smartvolt.integration.BookingControllerIT]/[method:createBooking_MissingStartTime_ReturnsInternalServerError()]
display-name: createBooking_MissingStartTime_ReturnsInternalServerError()
]]></system-out>
<properties>
<property name="requirements" value="SV-242"/>
<property name="tags" value="IT-Fast,IT-Booking"/>
<property name="_dummy_" value=""/>
</properties>
</testcase>
<testcase name="getAvailableSlots_SomeSlotsBooked_ReturnsOnlyAvailableSlots" classname="ua.tqs.smartvolt.smartvolt.services.ChargingSlotServiceTest" time="0" started-at="2025-06-04T13:26:47.697158028" finished-at="2025-06-04T13:26:47.705468163">
<system-out><![CDATA[
unique-id: [engine:junit-jupiter]/[class:ua.tqs.smartvolt.smartvolt.services.ChargingSlotServiceTest]/[method:getAvailableSlots_SomeSlotsBooked_ReturnsOnlyAvailableSlots()]
display-name: getAvailableSlots_SomeSlotsBooked_ReturnsOnlyAvailableSlots()
]]></system-out>
<properties>
<property name="requirements" value="SV-24"/>
<property name="tags" value="UnitTest"/>
<property name="_dummy_" value=""/>
</properties>
</testcase>
<testcase name="checkNotEmptyString_shouldNotThrowException_whenStringIsNotEmpty" classname="ua.tqs.smartvolt.smartvolt.utils.validation.ValidatorTest" time="0" started-at="2025-06-04T13:26:46.377403425" finished-at="2025-06-04T13:26:46.377733593">
<system-out><![CDATA[
unique-id: [engine:junit-jupiter]/[class:ua.tqs.smartvolt.smartvolt.utils.validation.ValidatorTest]/[method:checkNotEmptyString_shouldNotThrowException_whenStringIsNotEmpty()]
display-name: checkNotEmptyString_shouldNotThrowException_whenStringIsNotEmpty()
]]></system-out>
<properties>
<property name="tags" value="UnitTest"/>
<property name="_dummy_" value=""/>
</properties>
</testcase>
<testcase name="checkCoordinates_shouldNotThrowException_whenCoordinatesAreValid" classname="ua.tqs.smartvolt.smartvolt.utils.validation.ValidatorTest" time="0" started-at="2025-06-04T13:26:46.377827546" finished-at="2025-06-04T13:26:46.378604687">
<system-out><![CDATA[
unique-id: [engine:junit-jupiter]/[class:ua.tqs.smartvolt.smartvolt.utils.validation.ValidatorTest]/[method:checkCoordinates_shouldNotThrowException_whenCoordinatesAreValid()]
display-name: checkCoordinates_shouldNotThrowException_whenCoordinatesAreValid()
]]></system-out>
<properties>
<property name="tags" value="UnitTest"/>
<property name="_dummy_" value=""/>
</properties>
</testcase>
<testcase name="checkCoordinates_shouldThrowException_whenLatitudeIsNull" classname="ua.tqs.smartvolt.smartvolt.utils.validation.ValidatorTest" time="0" started-at="2025-06-04T13:26:46.381780026" finished-at="2025-06-04T13:26:46.382161017">
<system-out><![CDATA[
unique-id: [engine:junit-jupiter]/[class:ua.tqs.smartvolt.smartvolt.utils.validation.ValidatorTest]/[method:checkCoordinates_shouldThrowException_whenLatitudeIsNull()]
display-name: checkCoordinates_shouldThrowException_whenLatitudeIsNull()
]]></system-out>
<properties>
<property name="tags" value="UnitTest"/>
<property name="_dummy_" value=""/>
</properties>
</testcase>
<testcase name="getChargingSlotsByStationId_Unauthorized_ReturnsForbidden" classname="ua.tqs.smartvolt.smartvolt.integration.ChargingStationSlotsControllerIT" time="0" started-at="2025-06-04T13:26:34.856822632" finished-at="2025-06-04T13:26:35.03901692">
<system-out><![CDATA[
unique-id: [engine:junit-jupiter]/[class:ua.tqs.smartvolt.smartvolt.integration.ChargingStationSlotsControllerIT]/[method:getChargingSlotsByStationId_Unauthorized_ReturnsForbidden()]
display-name: getChargingSlotsByStationId_Unauthorized_ReturnsForbidden()
]]></system-out>
<properties>
<property name="requirements" value="SV-24"/>
<property name="tags" value="IT-Fast"/>
<property name="_dummy_" value=""/>
</properties>
</testcase>
<testcase name="getChargingStationsByChargingSpeed_WhenInputSpeedsAreNull_ThrowsResourceNotFoundException" classname="ua.tqs.smartvolt.smartvolt.services.ChargingStationServiceTest" time="0" started-at="2025-06-04T13:26:47.275741217" finished-at="2025-06-04T13:26:47.279140237">
<system-out><![CDATA[
unique-id: [engine:junit-jupiter]/[class:ua.tqs.smartvolt.smartvolt.services.ChargingStationServiceTest]/[method:getChargingStationsByChargingSpeed_WhenInputSpeedsAreNull_ThrowsResourceNotFoundException()]
display-name: getChargingStationsByChargingSpeed_WhenInputSpeedsAreNull_ThrowsResourceNotFoundException()
]]></system-out>
<properties>
<property name="requirements" value="SV-19"/>
<property name="tags" value="UnitTest"/>
<property name="_dummy_" value=""/>
</properties>
</testcase>
<testcase name="createChargingSlot_WhenStationNotFound_ThrowsResourceNotFoundException" classname="ua.tqs.smartvolt.smartvolt.services.ChargingSlotServiceTest" time="0" started-at="2025-06-04T13:26:47.726101665" finished-at="2025-06-04T13:26:47.729039797">
<system-out><![CDATA[
unique-id: [engine:junit-jupiter]/[class:ua.tqs.smartvolt.smartvolt.services.ChargingSlotServiceTest]/[method:createChargingSlot_WhenStationNotFound_ThrowsResourceNotFoundException()]
display-name: createChargingSlot_WhenStationNotFound_ThrowsResourceNotFoundException()
]]></system-out>
<properties>
<property name="requirements" value="SV-68"/>
<property name="tags" value="UnitTest"/>
<property name="_dummy_" value=""/>
</properties>
</testcase>
<testcase name="createBooking_ValidRequest_ReturnsCreatedBooking" classname="ua.tqs.smartvolt.smartvolt.services.BookingServiceTest" time="0" started-at="2025-06-04T13:26:47.622778098" finished-at="2025-06-04T13:26:47.628971755">
<system-out><![CDATA[
unique-id: [engine:junit-jupiter]/[class:ua.tqs.smartvolt.smartvolt.services.BookingServiceTest]/[method:createBooking_ValidRequest_ReturnsCreatedBooking()]
display-name: createBooking_ValidRequest_ReturnsCreatedBooking()
]]></system-out>
<properties>
<property name="requirements" value="SV-242"/>
<property name="tags" value="UnitTest"/>
<property name="_dummy_" value=""/>
</properties>
</testcase>
<testcase name="finalizeBookingPayment_BookingNotFound_ThrowsException" classname="ua.tqs.smartvolt.smartvolt.services.BookingServiceTest" time="0" started-at="2025-06-04T13:26:47.634109688" finished-at="2025-06-04T13:26:47.638325222">
<system-out><![CDATA[
unique-id: [engine:junit-jupiter]/[class:ua.tqs.smartvolt.smartvolt.services.BookingServiceTest]/[method:finalizeBookingPayment_BookingNotFound_ThrowsException()]
display-name: finalizeBookingPayment_BookingNotFound_ThrowsException()
]]></system-out>
<properties>
<property name="requirements" value="SV-243"/>
<property name="tags" value="UnitTest"/>
<property name="_dummy_" value=""/>
</properties>
</testcase>
<testcase name="checkNotEmptyList_shouldNotThrowException_whenListIsNotEmpty" classname="ua.tqs.smartvolt.smartvolt.utils.validation.ValidatorTest" time="0" started-at="2025-06-04T13:26:46.37431659" finished-at="2025-06-04T13:26:46.374717578">
<system-out><![CDATA[
unique-id: [engine:junit-jupiter]/[class:ua.tqs.smartvolt.smartvolt.utils.validation.ValidatorTest]/[method:checkNotEmptyList_shouldNotThrowException_whenListIsNotEmpty()]
display-name: checkNotEmptyList_shouldNotThrowException_whenListIsNotEmpty()
]]></system-out>
<properties>
<property name="tags" value="UnitTest"/>
<property name="_dummy_" value=""/>
</properties>
</testcase>
<testcase name="checkUrl_shouldNotThrowException_whenUrlIsValid" classname="ua.tqs.smartvolt.smartvolt.utils.validation.ValidatorTest" time="0" started-at="2025-06-04T13:26:46.382643416" finished-at="2025-06-04T13:26:46.383121606">
<system-out><![CDATA[
unique-id: [engine:junit-jupiter]/[class:ua.tqs.smartvolt.smartvolt.utils.validation.ValidatorTest]/[method:checkUrl_shouldNotThrowException_whenUrlIsValid()]
display-name: checkUrl_shouldNotThrowException_whenUrlIsValid()
]]></system-out>
<properties>
<property name="tags" value="UnitTest"/>
<property name="_dummy_" value=""/>
</properties>
</testcase>
<testcase name="getChargingStationsByChargingSpeed_FilterSlowAndMedium_ReturnsCorrectStations" classname="ua.tqs.smartvolt.smartvolt.integration.ServiceStationsMapControllerIT" time="0" started-at="2025-06-04T13:26:39.744955731" finished-at="2025-06-04T13:26:39.853235624">
<system-out><![CDATA[
unique-id: [engine:junit-jupiter]/[class:ua.tqs.smartvolt.smartvolt.integration.ServiceStationsMapControllerIT]/[method:getChargingStationsByChargingSpeed_FilterSlowAndMedium_ReturnsCorrectStations()]
display-name: getChargingStationsByChargingSpeed_FilterSlowAndMedium_ReturnsCorrectStations()
]]></system-out>
<properties>
<property name="requirements" value="SV-19"/>
<property name="tags" value="IT-Fast"/>
<property name="_dummy_" value=""/>
</properties>
</testcase>
<testcase name="createChargingStation_WhenOperatorExists_ThenCreatesChargingStation" classname="ua.tqs.smartvolt.smartvolt.integration.ChargingStationControllerIT" time="0" started-at="2025-06-04T13:26:30.983573926" finished-at="2025-06-04T13:26:31.214664621">
<system-out><![CDATA[
unique-id: [engine:junit-jupiter]/[class:ua.tqs.smartvolt.smartvolt.integration.ChargingStationControllerIT]/[method:createChargingStation_WhenOperatorExists_ThenCreatesChargingStation()]
display-name: createChargingStation_WhenOperatorExists_ThenCreatesChargingStation()
]]></system-out>
<properties>
<property name="requirements" value="SV-34"/>
<property name="tags" value="IT-Fast"/>
<property name="_dummy_" value=""/>
</properties>
</testcase>
<testcase name="checkGreaterThan_shouldThrowException_whenValueIsLessThanThreshold" classname="ua.tqs.smartvolt.smartvolt.utils.validation.ValidatorTest" time="0" started-at="2025-06-04T13:26:46.376476798" finished-at="2025-06-04T13:26:46.376816043">
<system-out><![CDATA[
unique-id: [engine:junit-jupiter]/[class:ua.tqs.smartvolt.smartvolt.utils.validation.ValidatorTest]/[method:checkGreaterThan_shouldThrowException_whenValueIsLessThanThreshold()]
display-name: checkGreaterThan_shouldThrowException_whenValueIsLessThanThreshold()
]]></system-out>
<properties>
<property name="tags" value="UnitTest"/>
<property name="_dummy_" value=""/>
</properties>
</testcase>
<testcase name="checkLessThan_shouldThrowException_whenValueIsEqualToThreshold" classname="ua.tqs.smartvolt.smartvolt.utils.validation.ValidatorTest" time="0" started-at="2025-06-04T13:26:46.382245443" finished-at="2025-06-04T13:26:46.38256422">
<system-out><![CDATA[
unique-id: [engine:junit-jupiter]/[class:ua.tqs.smartvolt.smartvolt.utils.validation.ValidatorTest]/[method:checkLessThan_shouldThrowException_whenValueIsEqualToThreshold()]
display-name: checkLessThan_shouldThrowException_whenValueIsEqualToThreshold()
]]></system-out>
<properties>
<property name="tags" value="UnitTest"/>
<property name="_dummy_" value=""/>
</properties>
</testcase>
<testcase name="checkNotNull_shouldThrowException_whenObjectIsNull" classname="ua.tqs.smartvolt.smartvolt.utils.validation.ValidatorTest" time="0" started-at="2025-06-04T13:26:46.381318375" finished-at="2025-06-04T13:26:46.381694859">
<system-out><![CDATA[
unique-id: [engine:junit-jupiter]/[class:ua.tqs.smartvolt.smartvolt.utils.validation.ValidatorTest]/[method:checkNotNull_shouldThrowException_whenObjectIsNull()]
display-name: checkNotNull_shouldThrowException_whenObjectIsNull()
]]></system-out>
<properties>
<property name="tags" value="UnitTest"/>
<property name="_dummy_" value=""/>
</properties>
</testcase>
<testcase name="getChargingStationsByChargingSpeed_WhenStationsFound_ReturnsChargingStationsResponse" classname="ua.tqs.smartvolt.smartvolt.services.ChargingStationServiceTest" time="0" started-at="2025-06-04T13:26:47.2676585" finished-at="2025-06-04T13:26:47.275287621">
<system-out><![CDATA[
unique-id: [engine:junit-jupiter]/[class:ua.tqs.smartvolt.smartvolt.services.ChargingStationServiceTest]/[method:getChargingStationsByChargingSpeed_WhenStationsFound_ReturnsChargingStationsResponse()]
display-name: getChargingStationsByChargingSpeed_WhenStationsFound_ReturnsChargingStationsResponse()
]]></system-out>
<properties>
<property name="requirements" value="SV-19"/>
<property name="tags" value="UnitTest"/>
<property name="_dummy_" value=""/>
</properties>
</testcase>
<testcase name="updateChargingStationStatus_WhenStationNotExists_ThenThrowsResourceNotFoundException" classname="ua.tqs.smartvolt.smartvolt.integration.ChargingStationControllerIT" time="2" started-at="2025-06-04T13:26:28.869873286" finished-at="2025-06-04T13:26:30.982285813">
<system-out><![CDATA[
unique-id: [engine:junit-jupiter]/[class:ua.tqs.smartvolt.smartvolt.integration.ChargingStationControllerIT]/[method:updateChargingStationStatus_WhenStationNotExists_ThenThrowsResourceNotFoundException()]
display-name: updateChargingStationStatus_WhenStationNotExists_ThenThrowsResourceNotFoundException()
]]></system-out>
<properties>
<property name="requirements" value="SV-35"/>
<property name="tags" value="IT-Fast"/>
<property name="_dummy_" value=""/>
</properties>
</testcase>
<testcase name="checkUrl_shouldThrowException_whenUrlIsInvalid" classname="ua.tqs.smartvolt.smartvolt.utils.validation.ValidatorTest" time="0" started-at="2025-06-04T13:26:46.38012617" finished-at="2025-06-04T13:26:46.380759656">
<system-out><![CDATA[
unique-id: [engine:junit-jupiter]/[class:ua.tqs.smartvolt.smartvolt.utils.validation.ValidatorTest]/[method:checkUrl_shouldThrowException_whenUrlIsInvalid()]
display-name: checkUrl_shouldThrowException_whenUrlIsInvalid()
]]></system-out>
<properties>
<property name="tags" value="UnitTest"/>
<property name="_dummy_" value=""/>
</properties>
</testcase>
<testcase name="checkNotEmptyString_shouldThrowException_whenStringIsNullOrEmpty" classname="ua.tqs.smartvolt.smartvolt.utils.validation.ValidatorTest" time="0" started-at="2025-06-04T13:26:46.378694032" finished-at="2025-06-04T13:26:46.379184084">
<system-out><![CDATA[
unique-id: [engine:junit-jupiter]/[class:ua.tqs.smartvolt.smartvolt.utils.validation.ValidatorTest]/[method:checkNotEmptyString_shouldThrowException_whenStringIsNullOrEmpty()]
display-name: checkNotEmptyString_shouldThrowException_whenStringIsNullOrEmpty()
]]></system-out>
<properties>
<property name="tags" value="UnitTest"/>
<property name="_dummy_" value=""/>
</properties>
</testcase>
<testcase name="createChargingStation_WhenOperatorExists_CreatesChargingStation" classname="ua.tqs.smartvolt.smartvolt.services.ChargingStationServiceTest" time="0" started-at="2025-06-04T13:26:47.279484571" finished-at="2025-06-04T13:26:47.283535532">
<system-out><![CDATA[
unique-id: [engine:junit-jupiter]/[class:ua.tqs.smartvolt.smartvolt.services.ChargingStationServiceTest]/[method:createChargingStation_WhenOperatorExists_CreatesChargingStation()]
display-name: createChargingStation_WhenOperatorExists_CreatesChargingStation()
]]></system-out>
<properties>
<property name="requirements" value="SV-34"/>
<property name="tags" value="UnitTest"/>
<property name="_dummy_" value=""/>
</properties>
</testcase>
<testcase name="checkGreaterThan_shouldNotThrowException_whenValueIsGraterThanThreshold" classname="ua.tqs.smartvolt.smartvolt.utils.validation.ValidatorTest" time="0" started-at="2025-06-04T13:26:46.379280161" finished-at="2025-06-04T13:26:46.379598949">
<system-out><![CDATA[
unique-id: [engine:junit-jupiter]/[class:ua.tqs.smartvolt.smartvolt.utils.validation.ValidatorTest]/[method:checkGreaterThan_shouldNotThrowException_whenValueIsGraterThanThreshold()]
display-name: checkGreaterThan_shouldNotThrowException_whenValueIsGraterThanThreshold()
]]></system-out>
<properties>
<property name="tags" value="UnitTest"/>
<property name="_dummy_" value=""/>
</properties>
</testcase>
<testcase name="getAvailableSlots_FutureDate_ReturnsAvailableSlots" classname="ua.tqs.smartvolt.smartvolt.services.ChargingSlotServiceTest" time="0" started-at="2025-06-04T13:26:47.712785119" finished-at="2025-06-04T13:26:47.719509935">
<system-out><![CDATA[
unique-id: [engine:junit-jupiter]/[class:ua.tqs.smartvolt.smartvolt.services.ChargingSlotServiceTest]/[method:getAvailableSlots_FutureDate_ReturnsAvailableSlots()]
display-name: getAvailableSlots_FutureDate_ReturnsAvailableSlots()
]]></system-out>
<properties>
<property name="requirements" value="SV-24"/>
<property name="tags" value="UnitTest"/>
<property name="_dummy_" value=""/>
</properties>
</testcase>
<testcase name="createBooking_NegativePricePerKWh_ThrowsIllegalArgumentException" classname="ua.tqs.smartvolt.smartvolt.services.BookingServiceTest" time="0" started-at="2025-06-04T13:26:47.662866581" finished-at="2025-06-04T13:26:47.666760994">
<system-out><![CDATA[
unique-id: [engine:junit-jupiter]/[class:ua.tqs.smartvolt.smartvolt.services.BookingServiceTest]/[method:createBooking_NegativePricePerKWh_ThrowsIllegalArgumentException()]
display-name: createBooking_NegativePricePerKWh_ThrowsIllegalArgumentException()
]]></system-out>
<properties>
<property name="requirements" value="SV-242"/>
<property name="tags" value="UnitTest"/>
<property name="_dummy_" value=""/>
</properties>
</testcase>
<testcase name="checkLessThan_shouldThrowException_whenValueIsEqualToExpected" classname="ua.tqs.smartvolt.smartvolt.utils.validation.ValidatorTest" time="0" started-at="2025-06-04T13:26:46.37523957" finished-at="2025-06-04T13:26:46.375584695">
<system-out><![CDATA[
unique-id: [engine:junit-jupiter]/[class:ua.tqs.smartvolt.smartvolt.utils.validation.ValidatorTest]/[method:checkLessThan_shouldThrowException_whenValueIsEqualToExpected()]
display-name: checkLessThan_shouldThrowException_whenValueIsEqualToExpected()
]]></system-out>
<properties>
<property name="tags" value="UnitTest"/>
<property name="_dummy_" value=""/>
</properties>
</testcase>
<testcase name="createBooking_InvalidStartTimeInterval_ThrowsIllegalArgumentException" classname="ua.tqs.smartvolt.smartvolt.services.BookingServiceTest" time="0" started-at="2025-06-04T13:26:47.642964306" finished-at="2025-06-04T13:26:47.646714763">
<system-out><![CDATA[
unique-id: [engine:junit-jupiter]/[class:ua.tqs.smartvolt.smartvolt.services.BookingServiceTest]/[method:createBooking_InvalidStartTimeInterval_ThrowsIllegalArgumentException()]
display-name: createBooking_InvalidStartTimeInterval_ThrowsIllegalArgumentException()
]]></system-out>
<properties>
<property name="requirements" value="SV-242"/>
<property name="tags" value="UnitTest"/>
<property name="_dummy_" value=""/>
</properties>
</testcase>
<testcase name="getAvailableSlots_PastDate_ReturnsEmptyListAndZeroPrice" classname="ua.tqs.smartvolt.smartvolt.services.ChargingSlotServiceTest" time="0" started-at="2025-06-04T13:26:47.729363934" finished-at="2025-06-04T13:26:47.731307543">
<system-out><![CDATA[
unique-id: [engine:junit-jupiter]/[class:ua.tqs.smartvolt.smartvolt.services.ChargingSlotServiceTest]/[method:getAvailableSlots_PastDate_ReturnsEmptyListAndZeroPrice()]
display-name: getAvailableSlots_PastDate_ReturnsEmptyListAndZeroPrice()
]]></system-out>
<properties>
<property name="requirements" value="SV-24"/>
<property name="tags" value="UnitTest"/>
<property name="_dummy_" value=""/>
</properties>
</testcase>
<testcase name="updateChargingStationStatus_WhenStationDoesNotExist_ThrowsResourceNotFoundException" classname="ua.tqs.smartvolt.smartvolt.services.ChargingStationServiceTest" time="0" started-at="2025-06-04T13:26:47.191296119" finished-at="2025-06-04T13:26:47.22668104">
<system-out><![CDATA[
unique-id: [engine:junit-jupiter]/[class:ua.tqs.smartvolt.smartvolt.services.ChargingStationServiceTest]/[method:updateChargingStationStatus_WhenStationDoesNotExist_ThrowsResourceNotFoundException()]
display-name: updateChargingStationStatus_WhenStationDoesNotExist_ThrowsResourceNotFoundException()
]]></system-out>
<properties>
<property name="requirements" value="SV-35"/>
<property name="tags" value="UnitTest"/>
<property name="_dummy_" value=""/>
</properties>
</testcase>
<testcase name="deactivateChargingStation_WhenChargingStationExists_ThenDeactivatesChargingStation" classname="ua.tqs.smartvolt.smartvolt.integration.ChargingStationControllerIT" time="0" started-at="2025-06-04T13:26:31.215283801" finished-at="2025-06-04T13:26:31.339526904">
<system-out><![CDATA[
unique-id: [engine:junit-jupiter]/[class:ua.tqs.smartvolt.smartvolt.integration.ChargingStationControllerIT]/[method:deactivateChargingStation_WhenChargingStationExists_ThenDeactivatesChargingStation()]
display-name: deactivateChargingStation_WhenChargingStationExists_ThenDeactivatesChargingStation()
]]></system-out>
<properties>
<property name="requirements" value="SV-35"/>
<property name="tags" value="IT-Fast"/>
<property name="_dummy_" value=""/>
</properties>
</testcase>
<testcase name="getChargingStationsByChargingSpeed_FilterFast_ReturnsOnlyFastStations" classname="ua.tqs.smartvolt.smartvolt.integration.ServiceStationsMapControllerIT" time="0" started-at="2025-06-04T13:26:39.54256372" finished-at="2025-06-04T13:26:39.652745195">
<system-out><![CDATA[
unique-id: [engine:junit-jupiter]/[class:ua.tqs.smartvolt.smartvolt.integration.ServiceStationsMapControllerIT]/[method:getChargingStationsByChargingSpeed_FilterFast_ReturnsOnlyFastStations()]
display-name: getChargingStationsByChargingSpeed_FilterFast_ReturnsOnlyFastStations()
]]></system-out>
<properties>
<property name="requirements" value="SV-19"/>
<property name="tags" value="IT-Fast"/>
<property name="_dummy_" value=""/>
</properties>
</testcase>
<testcase name="checkNotEmptyMap_shouldNotThrowException_whenMapIsNotEmpty" classname="ua.tqs.smartvolt.smartvolt.utils.validation.ValidatorTest" time="0" started-at="2025-06-04T13:26:46.371644979" finished-at="2025-06-04T13:26:46.373346192">
<system-out><![CDATA[
unique-id: [engine:junit-jupiter]/[class:ua.tqs.smartvolt.smartvolt.utils.validation.ValidatorTest]/[method:checkNotEmptyMap_shouldNotThrowException_whenMapIsNotEmpty()]
display-name: checkNotEmptyMap_shouldNotThrowException_whenMapIsNotEmpty()
]]></system-out>
<properties>
<property name="tags" value="UnitTest"/>
<property name="_dummy_" value=""/>
</properties>
</testcase>
<testcase name="getChargingStationsByChargingSpeed_FilterSlow_ReturnsOnlySlowStations" classname="ua.tqs.smartvolt.smartvolt.integration.ServiceStationsMapControllerIT" time="0" started-at="2025-06-04T13:26:39.419849832" finished-at="2025-06-04T13:26:39.541995543">
<system-out><![CDATA[
unique-id: [engine:junit-jupiter]/[class:ua.tqs.smartvolt.smartvolt.integration.ServiceStationsMapControllerIT]/[method:getChargingStationsByChargingSpeed_FilterSlow_ReturnsOnlySlowStations()]
display-name: getChargingStationsByChargingSpeed_FilterSlow_ReturnsOnlySlowStations()
]]></system-out>
<properties>
<property name="requirements" value="SV-19"/>
<property name="tags" value="IT-Fast"/>
<property name="_dummy_" value=""/>
</properties>
</testcase>
<testcase name="getAvailableSlots_InvalidStationId_ThrowsResourceNotFoundException" classname="ua.tqs.smartvolt.smartvolt.services.ChargingSlotServiceTest" time="0" started-at="2025-06-04T13:26:47.694201232" finished-at="2025-06-04T13:26:47.696924408">
<system-out><![CDATA[
unique-id: [engine:junit-jupiter]/[class:ua.tqs.smartvolt.smartvolt.services.ChargingSlotServiceTest]/[method:getAvailableSlots_InvalidStationId_ThrowsResourceNotFoundException()]
display-name: getAvailableSlots_InvalidStationId_ThrowsResourceNotFoundException()
]]></system-out>
<properties>
<property name="requirements" value="SV-24"/>
<property name="tags" value="UnitTest"/>
<property name="_dummy_" value=""/>
</properties>
</testcase>
<testcase name="getChargingSlotsByStationId_InvalidStationId_ReturnsNotFound" classname="ua.tqs.smartvolt.smartvolt.integration.ChargingStationSlotsControllerIT" time="0" started-at="2025-06-04T13:26:35.53776274" finished-at="2025-06-04T13:26:35.70971384">
<system-out><![CDATA[
unique-id: [engine:junit-jupiter]/[class:ua.tqs.smartvolt.smartvolt.integration.ChargingStationSlotsControllerIT]/[method:getChargingSlotsByStationId_InvalidStationId_ReturnsNotFound()]
display-name: getChargingSlotsByStationId_InvalidStationId_ReturnsNotFound()
]]></system-out>
<properties>
<property name="requirements" value="SV-24"/>
<property name="tags" value="IT-Fast"/>
<property name="_dummy_" value=""/>
</properties>
</testcase>
<testcase name="getChargingStationsByChargingSpeed_InvalidSpeed_ReturnsEmptyListOrError" classname="ua.tqs.smartvolt.smartvolt.integration.ServiceStationsMapControllerIT" time="0" started-at="2025-06-04T13:26:39.236106478" finished-at="2025-06-04T13:26:39.330026923">
<system-out><![CDATA[
unique-id: [engine:junit-jupiter]/[class:ua.tqs.smartvolt.smartvolt.integration.ServiceStationsMapControllerIT]/[method:getChargingStationsByChargingSpeed_InvalidSpeed_ReturnsEmptyListOrError()]
display-name: getChargingStationsByChargingSpeed_InvalidSpeed_ReturnsEmptyListOrError()
]]></system-out>
<properties>
<property name="requirements" value="SV-19"/>
<property name="tags" value="IT-Fast"/>
<property name="_dummy_" value=""/>
</properties>
</testcase>
<testcase name="getChargingSlotsByStationId_ValidRequest_ReturnsAvailableSlots" classname="ua.tqs.smartvolt.smartvolt.integration.ChargingStationSlotsControllerIT" time="0" started-at="2025-06-04T13:26:34.336416172" finished-at="2025-06-04T13:26:34.672324892">
<system-out><![CDATA[
unique-id: [engine:junit-jupiter]/[class:ua.tqs.smartvolt.smartvolt.integration.ChargingStationSlotsControllerIT]/[method:getChargingSlotsByStationId_ValidRequest_ReturnsAvailableSlots()]
display-name: getChargingSlotsByStationId_ValidRequest_ReturnsAvailableSlots()
]]></system-out>
<properties>
<property name="requirements" value="SV-24"/>
<property name="tags" value="IT-Fast"/>
<property name="_dummy_" value=""/>
</properties>
</testcase>
<testcase name="getChargingSlotsByStationId_FutureDate_ReturnsAvailableSlots" classname="ua.tqs.smartvolt.smartvolt.integration.ChargingStationSlotsControllerIT" time="0" started-at="2025-06-04T13:26:35.710241522" finished-at="2025-06-04T13:26:35.938800015">
<system-out><![CDATA[
unique-id: [engine:junit-jupiter]/[class:ua.tqs.smartvolt.smartvolt.integration.ChargingStationSlotsControllerIT]/[method:getChargingSlotsByStationId_FutureDate_ReturnsAvailableSlots()]
display-name: getChargingSlotsByStationId_FutureDate_ReturnsAvailableSlots()
]]></system-out>
<properties>
<property name="requirements" value="SV-24"/>
<property name="tags" value="IT-Fast"/>
<property name="_dummy_" value=""/>
</properties>
</testcase>
<testcase name="getSessions_ShouldReturnOperatorSessionsResponse" classname="ua.tqs.smartvolt.smartvolt.services.ChargingSessionServiceTest" time="0" started-at="2025-06-04T13:26:47.299369936" finished-at="2025-06-04T13:26:47.404872827">
<system-out><![CDATA[
unique-id: [engine:junit-jupiter]/[class:ua.tqs.smartvolt.smartvolt.services.ChargingSessionServiceTest]/[method:getSessions_ShouldReturnOperatorSessionsResponse()]
display-name: getSessions_ShouldReturnOperatorSessionsResponse()
]]></system-out>
<properties>
<property name="requirements" value="SV-36"/>
<property name="tags" value="UnitTest"/>
<property name="_dummy_" value=""/>
</properties>
</testcase>
<testcase name="createChargingSlot_WhenInvalidChargingSpeed_ReturnsBadRequest" classname="ua.tqs.smartvolt.smartvolt.integration.ChargingStationSlotsControllerIT" time="0" started-at="2025-06-04T13:26:36.13333453" finished-at="2025-06-04T13:26:36.297537617">
<system-out><![CDATA[
unique-id: [engine:junit-jupiter]/[class:ua.tqs.smartvolt.smartvolt.integration.ChargingStationSlotsControllerIT]/[method:createChargingSlot_WhenInvalidChargingSpeed_ReturnsBadRequest()]
display-name: createChargingSlot_WhenInvalidChargingSpeed_ReturnsBadRequest()
]]></system-out>
<properties>
<property name="requirements" value="SV-68"/>
<property name="tags" value="IT-Fast"/>
<property name="_dummy_" value=""/>
</properties>
</testcase>
<testcase name="getChargingStationsByChargingSpeed_WhenInputSpeedsAreEmpty_ThrowsResourceNotFoundException" classname="ua.tqs.smartvolt.smartvolt.services.ChargingStationServiceTest" time="0" started-at="2025-06-04T13:26:46.387785106" finished-at="2025-06-04T13:26:47.190658274">
<system-out><![CDATA[
unique-id: [engine:junit-jupiter]/[class:ua.tqs.smartvolt.smartvolt.services.ChargingStationServiceTest]/[method:getChargingStationsByChargingSpeed_WhenInputSpeedsAreEmpty_ThrowsResourceNotFoundException()]
display-name: getChargingStationsByChargingSpeed_WhenInputSpeedsAreEmpty_ThrowsResourceNotFoundException()
]]></system-out>
<properties>
<property name="requirements" value="SV-19"/>
<property name="tags" value="UnitTest"/>
<property name="_dummy_" value=""/>
</properties>
</testcase>
<testcase name="getEnergyConsumption_ValidRequest_ReturnsEnergyConsumption" classname="ua.tqs.smartvolt.smartvolt.integration.BookingControllerIT" time="0" started-at="2025-06-04T13:26:45.013076957" finished-at="2025-06-04T13:26:45.198911153">
<system-out><![CDATA[
unique-id: [engine:junit-jupiter]/[class:ua.tqs.smartvolt.smartvolt.integration.BookingControllerIT]/[method:getEnergyConsumption_ValidRequest_ReturnsEnergyConsumption()]
display-name: getEnergyConsumption_ValidRequest_ReturnsEnergyConsumption()
]]></system-out>
<properties>
<property name="requirements" value="SV-36"/>
<property name="tags" value="IT-Fast,IT-Booking"/>
<property name="_dummy_" value=""/>
</properties>
</testcase>
<testcase name="getAllChargingStations_WhenOperatorDoesNotExist_ThrowsResourceNotFoundException" classname="ua.tqs.smartvolt.smartvolt.services.ChargingStationServiceTest" time="0" started-at="2025-06-04T13:26:47.283856684" finished-at="2025-06-04T13:26:47.286932689">
<system-out><![CDATA[
unique-id: [engine:junit-jupiter]/[class:ua.tqs.smartvolt.smartvolt.services.ChargingStationServiceTest]/[method:getAllChargingStations_WhenOperatorDoesNotExist_ThrowsResourceNotFoundException()]
display-name: getAllChargingStations_WhenOperatorDoesNotExist_ThrowsResourceNotFoundException()
]]></system-out>
<properties>
<property name="requirements" value="SV-34"/>
<property name="tags" value="UnitTest"/>
<property name="_dummy_" value=""/>
</properties>
</testcase>
<testcase name="getAvailableSlots_ValidRequest_ReturnsCorrectSlots" classname="ua.tqs.smartvolt.smartvolt.services.ChargingSlotServiceTest" time="0" started-at="2025-06-04T13:26:47.719818864" finished-at="2025-06-04T13:26:47.725803897">
<system-out><![CDATA[
unique-id: [engine:junit-jupiter]/[class:ua.tqs.smartvolt.smartvolt.services.ChargingSlotServiceTest]/[method:getAvailableSlots_ValidRequest_ReturnsCorrectSlots()]
display-name: getAvailableSlots_ValidRequest_ReturnsCorrectSlots()
]]></system-out>
<properties>
<property name="requirements" value="SV-24"/>
<property name="tags" value="UnitTest"/>
<property name="_dummy_" value=""/>
</properties>
</testcase>
<testcase name="createChargingSlot_WhenValidRequestFastSpeed_ReturnsCreatedSlot" classname="ua.tqs.smartvolt.smartvolt.integration.ChargingStationSlotsControllerIT" time="0" started-at="2025-06-04T13:26:36.298032769" finished-at="2025-06-04T13:26:36.476332912">
<system-out><![CDATA[
unique-id: [engine:junit-jupiter]/[class:ua.tqs.smartvolt.smartvolt.integration.ChargingStationSlotsControllerIT]/[method:createChargingSlot_WhenValidRequestFastSpeed_ReturnsCreatedSlot()]
display-name: createChargingSlot_WhenValidRequestFastSpeed_ReturnsCreatedSlot()
]]></system-out>
<properties>
<property name="requirements" value="SV-68"/>
<property name="tags" value="IT-Fast"/>
<property name="_dummy_" value=""/>
</properties>
</testcase>
<system-out><![CDATA[
unique-id: [engine:junit-jupiter]
display-name: JUnit Jupiter
]]></system-out>
</testsuite>
