<?xml version="1.0" encoding="UTF-8"?>
<testsuite name="JUnit Jupiter" tests="116" skipped="0" failures="0" errors="0" time="35" hostname="lenovo" timestamp="2025-06-05T16:49:49">
<properties>
<property name="CONSOLE_LOG_CHARSET" value="UTF-8"/>
<property name="FILE_LOG_CHARSET" value="UTF-8"/>
<property name="LOGGED_APPLICATION_NAME" value="[smartvolt] "/>
<property name="PID" value="436977"/>
<property name="basedir" value="/home/danilo/Danilo/ua/3ºano/TQS/Project/SmartVolt/backend/smartvolt"/>
<property name="catalina.base" value="/tmp/tomcat.0.11470932739237041542"/>
<property name="catalina.home" value="/tmp/tomcat.0.8159047107428178637"/>
<property name="catalina.useNaming" value="false"/>
<property name="com.zaxxer.hikari.pool_number" value="6"/>
<property name="file.encoding" value="UTF-8"/>
<property name="file.separator" value="/"/>
<property name="java.awt.headless" value="true"/>
<property name="java.class.path" value="/home/danilo/Danilo/ua/3ºano/TQS/Project/SmartVolt/backend/smartvolt/target/test-classes:/home/danilo/Danilo/ua/3ºano/TQS/Project/SmartVolt/backend/smartvolt/target/classes:/home/danilo/.m2/repository/org/springframework/boot/spring-boot-starter/3.2.0/spring-boot-starter-3.2.0.jar:/home/danilo/.m2/repository/org/springframework/boot/spring-boot/3.2.0/spring-boot-3.2.0.jar:/home/danilo/.m2/repository/org/springframework/spring-context/6.1.1/spring-context-6.1.1.jar:/home/danilo/.m2/repository/org/springframework/boot/spring-boot-autoconfigure/3.2.0/spring-boot-autoconfigure-3.2.0.jar:/home/danilo/.m2/repository/jakarta/annotation/jakarta.annotation-api/2.1.1/jakarta.annotation-api-2.1.1.jar:/home/danilo/.m2/repository/org/springframework/spring-core/6.1.1/spring-core-6.1.1.jar:/home/danilo/.m2/repository/org/springframework/spring-jcl/6.1.1/spring-jcl-6.1.1.jar:/home/danilo/.m2/repository/org/yaml/snakeyaml/2.2/snakeyaml-2.2.jar:/home/danilo/.m2/repository/org/springframework/boot/spring-boot-starter-test/3.2.0/spring-boot-starter-test-3.2.0.jar:/home/danilo/.m2/repository/org/springframework/boot/spring-boot-test/3.2.0/spring-boot-test-3.2.0.jar:/home/danilo/.m2/repository/org/springframework/boot/spring-boot-test-autoconfigure/3.2.0/spring-boot-test-autoconfigure-3.2.0.jar:/home/danilo/.m2/repository/com/jayway/jsonpath/json-path/2.8.0/json-path-2.8.0.jar:/home/danilo/.m2/repository/jakarta/xml/bind/jakarta.xml.bind-api/4.0.1/jakarta.xml.bind-api-4.0.1.jar:/home/danilo/.m2/repository/jakarta/activation/jakarta.activation-api/2.1.2/jakarta.activation-api-2.1.2.jar:/home/danilo/.m2/repository/net/minidev/json-smart/2.5.0/json-smart-2.5.0.jar:/home/danilo/.m2/repository/net/minidev/accessors-smart/2.5.0/accessors-smart-2.5.0.jar:/home/danilo/.m2/repository/org/ow2/asm/asm/9.3/asm-9.3.jar:/home/danilo/.m2/repository/org/awaitility/awaitility/4.2.0/awaitility-4.2.0.jar:/home/danilo/.m2/repository/org/hamcrest/hamcrest/2.2/hamcrest-2.2.jar:/home/danilo/.m2/repository/org/mockito/mockito-core/5.7.0/mockito-core-5.7.0.jar:/home/danilo/.m2/repository/net/bytebuddy/byte-buddy-agent/1.14.10/byte-buddy-agent-1.14.10.jar:/home/danilo/.m2/repository/org/objenesis/objenesis/3.3/objenesis-3.3.jar:/home/danilo/.m2/repository/org/mockito/mockito-junit-jupiter/5.7.0/mockito-junit-jupiter-5.7.0.jar:/home/danilo/.m2/repository/org/skyscreamer/jsonassert/1.5.1/jsonassert-1.5.1.jar:/home/danilo/.m2/repository/com/vaadin/external/google/android-json/0.0.20131108.vaadin1/android-json-0.0.20131108.vaadin1.jar:/home/danilo/.m2/repository/org/springframework/spring-test/6.1.1/spring-test-6.1.1.jar:/home/danilo/.m2/repository/org/xmlunit/xmlunit-core/2.9.1/xmlunit-core-2.9.1.jar:/home/danilo/.m2/repository/org/springframework/boot/spring-boot-starter-data-jpa/3.2.0/spring-boot-starter-data-jpa-3.2.0.jar:/home/danilo/.m2/repository/org/springframework/boot/spring-boot-starter-aop/3.2.0/spring-boot-starter-aop-3.2.0.jar:/home/danilo/.m2/repository/org/aspectj/aspectjweaver/1.9.20.1/aspectjweaver-1.9.20.1.jar:/home/danilo/.m2/repository/org/springframework/boot/spring-boot-starter-jdbc/3.2.0/spring-boot-starter-jdbc-3.2.0.jar:/home/danilo/.m2/repository/com/zaxxer/HikariCP/5.0.1/HikariCP-5.0.1.jar:/home/danilo/.m2/repository/org/springframework/spring-jdbc/6.1.1/spring-jdbc-6.1.1.jar:/home/danilo/.m2/repository/org/hibernate/orm/hibernate-core/6.3.1.Final/hibernate-core-6.3.1.Final.jar:/home/danilo/.m2/repository/jakarta/persistence/jakarta.persistence-api/3.1.0/jakarta.persistence-api-3.1.0.jar:/home/danilo/.m2/repository/jakarta/transaction/jakarta.transaction-api/2.0.1/jakarta.transaction-api-2.0.1.jar:/home/danilo/.m2/repository/org/jboss/logging/jboss-logging/3.5.3.Final/jboss-logging-3.5.3.Final.jar:/home/danilo/.m2/repository/org/hibernate/common/hibernate-commons-annotations/6.0.6.Final/hibernate-commons-annotations-6.0.6.Final.jar:/home/danilo/.m2/repository/io/smallrye/jandex/3.1.2/jandex-3.1.2.jar:/home/danilo/.m2/repository/com/fasterxml/classmate/1.6.0/classmate-1.6.0.jar:/home/danilo/.m2/repository/org/glassfish/jaxb/jaxb-runtime/4.0.4/jaxb-runtime-4.0.4.jar:/home/danilo/.m2/repository/org/glassfish/jaxb/jaxb-core/4.0.4/jaxb-core-4.0.4.jar:/home/danilo/.m2/repository/org/eclipse/angus/angus-activation/2.0.1/angus-activation-2.0.1.jar:/home/danilo/.m2/repository/org/glassfish/jaxb/txw2/4.0.4/txw2-4.0.4.jar:/home/danilo/.m2/repository/com/sun/istack/istack-commons-runtime/4.1.2/istack-commons-runtime-4.1.2.jar:/home/danilo/.m2/repository/jakarta/inject/jakarta.inject-api/2.0.1/jakarta.inject-api-2.0.1.jar:/home/danilo/.m2/repository/org/antlr/antlr4-runtime/4.10.1/antlr4-runtime-4.10.1.jar:/home/danilo/.m2/repository/org/springframework/data/spring-data-jpa/3.2.0/spring-data-jpa-3.2.0.jar:/home/danilo/.m2/repository/org/springframework/data/spring-data-commons/3.2.0/spring-data-commons-3.2.0.jar:/home/danilo/.m2/repository/org/springframework/spring-orm/6.1.1/spring-orm-6.1.1.jar:/home/danilo/.m2/repository/org/springframework/spring-tx/6.1.1/spring-tx-6.1.1.jar:/home/danilo/.m2/repository/org/springframework/spring-beans/6.1.1/spring-beans-6.1.1.jar:/home/danilo/.m2/repository/org/springframework/spring-aspects/6.1.1/spring-aspects-6.1.1.jar:/home/danilo/.m2/repository/org/springframework/boot/spring-boot-starter-web/3.2.0/spring-boot-starter-web-3.2.0.jar:/home/danilo/.m2/repository/org/springframework/boot/spring-boot-starter-json/3.2.0/spring-boot-starter-json-3.2.0.jar:/home/danilo/.m2/repository/com/fasterxml/jackson/datatype/jackson-datatype-jdk8/2.15.3/jackson-datatype-jdk8-2.15.3.jar:/home/danilo/.m2/repository/com/fasterxml/jackson/datatype/jackson-datatype-jsr310/2.15.3/jackson-datatype-jsr310-2.15.3.jar:/home/danilo/.m2/repository/com/fasterxml/jackson/module/jackson-module-parameter-names/2.15.3/jackson-module-parameter-names-2.15.3.jar:/home/danilo/.m2/repository/org/springframework/boot/spring-boot-starter-tomcat/3.2.0/spring-boot-starter-tomcat-3.2.0.jar:/home/danilo/.m2/repository/org/apache/tomcat/embed/tomcat-embed-core/10.1.16/tomcat-embed-core-10.1.16.jar:/home/danilo/.m2/repository/org/apache/tomcat/embed/tomcat-embed-websocket/10.1.16/tomcat-embed-websocket-10.1.16.jar:/home/danilo/.m2/repository/org/springframework/spring-web/6.1.1/spring-web-6.1.1.jar:/home/danilo/.m2/repository/org/springframework/spring-webmvc/6.1.1/spring-webmvc-6.1.1.jar:/home/danilo/.m2/repository/org/springframework/spring-expression/6.1.1/spring-expression-6.1.1.jar:/home/danilo/.m2/repository/org/springframework/boot/spring-boot-starter-log4j2/3.2.0/spring-boot-starter-log4j2-3.2.0.jar:/home/danilo/.m2/repository/org/apache/logging/log4j/log4j-slf4j2-impl/2.21.1/log4j-slf4j2-impl-2.21.1.jar:/home/danilo/.m2/repository/org/apache/logging/log4j/log4j-api/2.21.1/log4j-api-2.21.1.jar:/home/danilo/.m2/repository/org/apache/logging/log4j/log4j-core/2.21.1/log4j-core-2.21.1.jar:/home/danilo/.m2/repository/org/apache/logging/log4j/log4j-jul/2.21.1/log4j-jul-2.21.1.jar:/home/danilo/.m2/repository/org/springframework/boot/spring-boot-starter-actuator/3.2.0/spring-boot-starter-actuator-3.2.0.jar:/home/danilo/.m2/repository/org/springframework/boot/spring-boot-actuator-autoconfigure/3.2.0/spring-boot-actuator-autoconfigure-3.2.0.jar:/home/danilo/.m2/repository/org/springframework/boot/spring-boot-actuator/3.2.0/spring-boot-actuator-3.2.0.jar:/home/danilo/.m2/repository/io/micrometer/micrometer-observation/1.12.0/micrometer-observation-1.12.0.jar:/home/danilo/.m2/repository/io/micrometer/micrometer-commons/1.12.0/micrometer-commons-1.12.0.jar:/home/danilo/.m2/repository/io/micrometer/micrometer-jakarta9/1.12.0/micrometer-jakarta9-1.12.0.jar:/home/danilo/.m2/repository/io/micrometer/micrometer-registry-prometheus/1.12.0/micrometer-registry-prometheus-1.12.0.jar:/home/danilo/.m2/repository/io/micrometer/micrometer-core/1.12.0/micrometer-core-1.12.0.jar:/home/danilo/.m2/repository/org/hdrhistogram/HdrHistogram/2.1.12/HdrHistogram-2.1.12.jar:/home/danilo/.m2/repository/org/latencyutils/LatencyUtils/2.0.3/LatencyUtils-2.0.3.jar:/home/danilo/.m2/repository/io/prometheus/simpleclient_common/0.16.0/simpleclient_common-0.16.0.jar:/home/danilo/.m2/repository/io/prometheus/simpleclient/0.16.0/simpleclient-0.16.0.jar:/home/danilo/.m2/repository/io/prometheus/simpleclient_tracer_otel/0.16.0/simpleclient_tracer_otel-0.16.0.jar:/home/danilo/.m2/repository/io/prometheus/simpleclient_tracer_common/0.16.0/simpleclient_tracer_common-0.16.0.jar:/home/danilo/.m2/repository/io/prometheus/simpleclient_tracer_otel_agent/0.16.0/simpleclient_tracer_otel_agent-0.16.0.jar:/home/danilo/.m2/repository/org/apache/logging/log4j/log4j-layout-template-json/2.21.1/log4j-layout-template-json-2.21.1.jar:/home/danilo/.m2/repository/org/springframework/boot/spring-boot-starter-validation/3.2.0/spring-boot-starter-validation-3.2.0.jar:/home/danilo/.m2/repository/org/apache/tomcat/embed/tomcat-embed-el/10.1.16/tomcat-embed-el-10.1.16.jar:/home/danilo/.m2/repository/org/hibernate/validator/hibernate-validator/8.0.1.Final/hibernate-validator-8.0.1.Final.jar:/home/danilo/.m2/repository/jakarta/validation/jakarta.validation-api/3.0.2/jakarta.validation-api-3.0.2.jar:/home/danilo/.m2/repository/org/springframework/boot/spring-boot-starter-security/3.2.0/spring-boot-starter-security-3.2.0.jar:/home/danilo/.m2/repository/org/springframework/spring-aop/6.1.1/spring-aop-6.1.1.jar:/home/danilo/.m2/repository/org/springframework/security/spring-security-config/6.2.0/spring-security-config-6.2.0.jar:/home/danilo/.m2/repository/org/springframework/security/spring-security-core/6.2.0/spring-security-core-6.2.0.jar:/home/danilo/.m2/repository/org/springframework/security/spring-security-crypto/6.2.0/spring-security-crypto-6.2.0.jar:/home/danilo/.m2/repository/org/springframework/security/spring-security-web/6.2.0/spring-security-web-6.2.0.jar:/home/danilo/.m2/repository/io/jsonwebtoken/jjwt-api/0.11.2/jjwt-api-0.11.2.jar:/home/danilo/.m2/repository/io/jsonwebtoken/jjwt-impl/0.11.2/jjwt-impl-0.11.2.jar:/home/danilo/.m2/repository/io/jsonwebtoken/jjwt-jackson/0.11.2/jjwt-jackson-0.11.2.jar:/home/danilo/.m2/repository/com/fasterxml/jackson/core/jackson-databind/2.15.3/jackson-databind-2.15.3.jar:/home/danilo/.m2/repository/com/fasterxml/jackson/core/jackson-annotations/2.15.3/jackson-annotations-2.15.3.jar:/home/danilo/.m2/repository/com/fasterxml/jackson/core/jackson-core/2.15.3/jackson-core-2.15.3.jar:/home/danilo/.m2/repository/io/cucumber/cucumber-picocontainer/7.22.2/cucumber-picocontainer-7.22.2.jar:/home/danilo/.m2/repository/io/cucumber/cucumber-core/7.22.2/cucumber-core-7.22.2.jar:/home/danilo/.m2/repository/io/cucumber/cucumber-gherkin/7.22.2/cucumber-gherkin-7.22.2.jar:/home/danilo/.m2/repository/io/cucumber/cucumber-gherkin-messages/7.22.2/cucumber-gherkin-messages-7.22.2.jar:/home/danilo/.m2/repository/io/cucumber/gherkin/32.1.1/gherkin-32.1.1.jar:/home/danilo/.m2/repository/io/cucumber/messages/27.2.0/messages-27.2.0.jar:/home/danilo/.m2/repository/io/cucumber/testng-xml-formatter/0.3.1/testng-xml-formatter-0.3.1.jar:/home/danilo/.m2/repository/io/cucumber/query/13.2.0/query-13.2.0.jar:/home/danilo/.m2/repository/io/cucumber/tag-expressions/6.1.2/tag-expressions-6.1.2.jar:/home/danilo/.m2/repository/io/cucumber/cucumber-expressions/18.0.1/cucumber-expressions-18.0.1.jar:/home/danilo/.m2/repository/io/cucumber/datatable/7.22.2/datatable-7.22.2.jar:/home/danilo/.m2/repository/io/cucumber/cucumber-plugin/7.22.2/cucumber-plugin-7.22.2.jar:/home/danilo/.m2/repository/io/cucumber/docstring/7.22.2/docstring-7.22.2.jar:/home/danilo/.m2/repository/io/cucumber/html-formatter/21.10.1/html-formatter-21.10.1.jar:/home/danilo/.m2/repository/io/cucumber/junit-xml-formatter/0.7.1/junit-xml-formatter-0.7.1.jar:/home/danilo/.m2/repository/io/cucumber/ci-environment/10.0.1/ci-environment-10.0.1.jar:/home/danilo/.m2/repository/org/apiguardian/apiguardian-api/1.1.2/apiguardian-api-1.1.2.jar:/home/danilo/.m2/repository/org/picocontainer/picocontainer/2.15.2/picocontainer-2.15.2.jar:/home/danilo/.m2/repository/org/springframework/boot/spring-boot-devtools/3.2.0/spring-boot-devtools-3.2.0.jar:/home/danilo/.m2/repository/org/springframework/boot/spring-boot-starter-thymeleaf/3.2.0/spring-boot-starter-thymeleaf-3.2.0.jar:/home/danilo/.m2/repository/org/thymeleaf/thymeleaf-spring6/3.1.2.RELEASE/thymeleaf-spring6-3.1.2.RELEASE.jar:/home/danilo/.m2/repository/org/thymeleaf/thymeleaf/3.1.2.RELEASE/thymeleaf-3.1.2.RELEASE.jar:/home/danilo/.m2/repository/org/attoparser/attoparser/2.0.7.RELEASE/attoparser-2.0.7.RELEASE.jar:/home/danilo/.m2/repository/org/unbescape/unbescape/1.1.6.RELEASE/unbescape-1.1.6.RELEASE.jar:/home/danilo/.m2/repository/app/getxray/xray-junit-extensions/0.7.3/xray-junit-extensions-0.7.3.jar:/home/danilo/.m2/repository/org/junit/jupiter/junit-jupiter-api/5.11.4/junit-jupiter-api-5.11.4.jar:/home/danilo/.m2/repository/org/opentest4j/opentest4j/1.3.0/opentest4j-1.3.0.jar:/home/danilo/.m2/repository/org/junit/platform/junit-platform-reporting/1.11.4/junit-platform-reporting-1.11.4.jar:/home/danilo/.m2/repository/org/junit/platform/junit-platform-launcher/1.11.4/junit-platform-launcher-1.11.4.jar:/home/danilo/.m2/repository/org/junit/platform/junit-platform-engine/1.11.4/junit-platform-engine-1.11.4.jar:/home/danilo/.m2/repository/org/junit/platform/junit-platform-commons/1.11.4/junit-platform-commons-1.11.4.jar:/home/danilo/.m2/repository/app/getxray/xray-maven-plugin/0.8.0/xray-maven-plugin-0.8.0.jar:/home/danilo/.m2/repository/com/squareup/okhttp3/okhttp/4.12.0/okhttp-4.12.0.jar:/home/danilo/.m2/repository/com/squareup/okio/okio/3.6.0/okio-3.6.0.jar:/home/danilo/.m2/repository/com/squareup/okio/okio-jvm/3.6.0/okio-jvm-3.6.0.jar:/home/danilo/.m2/repository/org/jetbrains/kotlin/kotlin-stdlib-common/1.9.20/kotlin-stdlib-common-1.9.20.jar:/home/danilo/.m2/repository/org/jetbrains/kotlin/kotlin-stdlib-jdk8/1.9.20/kotlin-stdlib-jdk8-1.9.20.jar:/home/danilo/.m2/repository/org/jetbrains/kotlin/kotlin-stdlib/1.9.20/kotlin-stdlib-1.9.20.jar:/home/danilo/.m2/repository/org/jetbrains/kotlin/kotlin-stdlib-jdk7/1.9.20/kotlin-stdlib-jdk7-1.9.20.jar:/home/danilo/.m2/repository/org/json/json/20231013/json-20231013.jar:/home/danilo/.m2/repository/org/codehaus/plexus/plexus-utils/3.4.1/plexus-utils-3.4.1.jar:/home/danilo/.m2/repository/org/postgresql/postgresql/42.6.0/postgresql-42.6.0.jar:/home/danilo/.m2/repository/org/checkerframework/checker-qual/3.31.0/checker-qual-3.31.0.jar:/home/danilo/.m2/repository/org/testcontainers/postgresql/1.19.3/postgresql-1.19.3.jar:/home/danilo/.m2/repository/org/testcontainers/jdbc/1.19.3/jdbc-1.19.3.jar:/home/danilo/.m2/repository/org/testcontainers/database-commons/1.19.3/database-commons-1.19.3.jar:/home/danilo/.m2/repository/org/testcontainers/junit-jupiter/1.21.1/junit-jupiter-1.21.1.jar:/home/danilo/.m2/repository/org/testcontainers/testcontainers/1.19.3/testcontainers-1.19.3.jar:/home/danilo/.m2/repository/junit/junit/4.13.2/junit-4.13.2.jar:/home/danilo/.m2/repository/org/hamcrest/hamcrest-core/2.2/hamcrest-core-2.2.jar:/home/danilo/.m2/repository/org/rnorth/duct-tape/duct-tape/1.0.8/duct-tape-1.0.8.jar:/home/danilo/.m2/repository/org/jetbrains/annotations/17.0.0/annotations-17.0.0.jar:/home/danilo/.m2/repository/com/github/docker-java/docker-java-api/3.3.4/docker-java-api-3.3.4.jar:/home/danilo/.m2/repository/com/github/docker-java/docker-java-transport-zerodep/3.3.4/docker-java-transport-zerodep-3.3.4.jar:/home/danilo/.m2/repository/org/testcontainers/selenium/1.21.1/selenium-1.21.1.jar:/home/danilo/.m2/repository/org/flywaydb/flyway-core/9.22.3/flyway-core-9.22.3.jar:/home/danilo/.m2/repository/com/fasterxml/jackson/dataformat/jackson-dataformat-toml/2.15.3/jackson-dataformat-toml-2.15.3.jar:/home/danilo/.m2/repository/com/google/code/gson/gson/2.10.1/gson-2.10.1.jar:/home/danilo/.m2/repository/org/springdoc/springdoc-openapi-starter-webmvc-ui/2.6.0/springdoc-openapi-starter-webmvc-ui-2.6.0.jar:/home/danilo/.m2/repository/org/springdoc/springdoc-openapi-starter-webmvc-api/2.6.0/springdoc-openapi-starter-webmvc-api-2.6.0.jar:/home/danilo/.m2/repository/org/springdoc/springdoc-openapi-starter-common/2.6.0/springdoc-openapi-starter-common-2.6.0.jar:/home/danilo/.m2/repository/io/swagger/core/v3/swagger-core-jakarta/2.2.22/swagger-core-jakarta-2.2.22.jar:/home/danilo/.m2/repository/io/swagger/core/v3/swagger-annotations-jakarta/2.2.22/swagger-annotations-jakarta-2.2.22.jar:/home/danilo/.m2/repository/io/swagger/core/v3/swagger-models-jakarta/2.2.22/swagger-models-jakarta-2.2.22.jar:/home/danilo/.m2/repository/com/fasterxml/jackson/dataformat/jackson-dataformat-yaml/2.15.3/jackson-dataformat-yaml-2.15.3.jar:/home/danilo/.m2/repository/org/webjars/swagger-ui/5.17.14/swagger-ui-5.17.14.jar:/home/danilo/.m2/repository/org/junit/jupiter/junit-jupiter/5.11.4/junit-jupiter-5.11.4.jar:/home/danilo/.m2/repository/org/junit/jupiter/junit-jupiter-params/5.11.4/junit-jupiter-params-5.11.4.jar:/home/danilo/.m2/repository/org/junit/jupiter/junit-jupiter-engine/5.11.4/junit-jupiter-engine-5.11.4.jar:/home/danilo/.m2/repository/org/assertj/assertj-core/3.26.0/assertj-core-3.26.0.jar:/home/danilo/.m2/repository/net/bytebuddy/byte-buddy/1.14.10/byte-buddy-1.14.10.jar:/home/danilo/.m2/repository/com/h2database/h2/2.2.224/h2-2.2.224.jar:/home/danilo/.m2/repository/org/springframework/boot/spring-boot-testcontainers/3.2.0/spring-boot-testcontainers-3.2.0.jar:/home/danilo/.m2/repository/io/rest-assured/rest-assured/5.5.1/rest-assured-5.5.1.jar:/home/danilo/.m2/repository/org/apache/groovy/groovy/4.0.15/groovy-4.0.15.jar:/home/danilo/.m2/repository/org/apache/groovy/groovy-xml/4.0.15/groovy-xml-4.0.15.jar:/home/danilo/.m2/repository/org/apache/httpcomponents/httpclient/4.5.13/httpclient-4.5.13.jar:/home/danilo/.m2/repository/org/apache/httpcomponents/httpcore/4.4.16/httpcore-4.4.16.jar:/home/danilo/.m2/repository/commons-logging/commons-logging/1.2/commons-logging-1.2.jar:/home/danilo/.m2/repository/commons-codec/commons-codec/1.16.0/commons-codec-1.16.0.jar:/home/danilo/.m2/repository/org/apache/httpcomponents/httpmime/4.5.13/httpmime-4.5.13.jar:/home/danilo/.m2/repository/org/ccil/cowan/tagsoup/tagsoup/1.2.1/tagsoup-1.2.1.jar:/home/danilo/.m2/repository/io/rest-assured/json-path/5.5.1/json-path-5.5.1.jar:/home/danilo/.m2/repository/org/apache/groovy/groovy-json/4.0.15/groovy-json-4.0.15.jar:/home/danilo/.m2/repository/io/rest-assured/rest-assured-common/5.5.1/rest-assured-common-5.5.1.jar:/home/danilo/.m2/repository/io/rest-assured/xml-path/5.5.1/xml-path-5.5.1.jar:/home/danilo/.m2/repository/io/rest-assured/spring-mock-mvc/5.5.1/spring-mock-mvc-5.5.1.jar:/home/danilo/.m2/repository/io/rest-assured/spring-commons/5.5.1/spring-commons-5.5.1.jar:/home/danilo/.m2/repository/org/junit/platform/junit-platform-suite/1.10.1/junit-platform-suite-1.10.1.jar:/home/danilo/.m2/repository/org/junit/platform/junit-platform-suite-api/1.11.4/junit-platform-suite-api-1.11.4.jar:/home/danilo/.m2/repository/org/junit/platform/junit-platform-suite-engine/1.11.4/junit-platform-suite-engine-1.11.4.jar:/home/danilo/.m2/repository/org/junit/platform/junit-platform-suite-commons/1.11.4/junit-platform-suite-commons-1.11.4.jar:/home/danilo/.m2/repository/io/cucumber/cucumber-java/7.15.0/cucumber-java-7.15.0.jar:/home/danilo/.m2/repository/io/cucumber/cucumber-junit-platform-engine/7.15.0/cucumber-junit-platform-engine-7.15.0.jar:/home/danilo/.m2/repository/org/seleniumhq/selenium/selenium-java/4.29.0/selenium-java-4.29.0.jar:/home/danilo/.m2/repository/org/seleniumhq/selenium/selenium-api/4.14.1/selenium-api-4.14.1.jar:/home/danilo/.m2/repository/org/seleniumhq/selenium/selenium-chrome-driver/4.14.1/selenium-chrome-driver-4.14.1.jar:/home/danilo/.m2/repository/com/google/auto/service/auto-service-annotations/1.1.1/auto-service-annotations-1.1.1.jar:/home/danilo/.m2/repository/com/google/guava/guava/32.1.2-jre/guava-32.1.2-jre.jar:/home/danilo/.m2/repository/com/google/guava/failureaccess/1.0.1/failureaccess-1.0.1.jar:/home/danilo/.m2/repository/com/google/guava/listenablefuture/9999.0-empty-to-avoid-conflict-with-guava/listenablefuture-9999.0-empty-to-avoid-conflict-with-guava.jar:/home/danilo/.m2/repository/com/google/code/findbugs/jsr305/3.0.2/jsr305-3.0.2.jar:/home/danilo/.m2/repository/com/google/errorprone/error_prone_annotations/2.18.0/error_prone_annotations-2.18.0.jar:/home/danilo/.m2/repository/com/google/j2objc/j2objc-annotations/2.8/j2objc-annotations-2.8.jar:/home/danilo/.m2/repository/org/seleniumhq/selenium/selenium-chromium-driver/4.14.1/selenium-chromium-driver-4.14.1.jar:/home/danilo/.m2/repository/org/seleniumhq/selenium/selenium-json/4.14.1/selenium-json-4.14.1.jar:/home/danilo/.m2/repository/org/seleniumhq/selenium/selenium-manager/4.14.1/selenium-manager-4.14.1.jar:/home/danilo/.m2/repository/org/seleniumhq/selenium/selenium-devtools-v131/4.29.0/selenium-devtools-v131-4.29.0.jar:/home/danilo/.m2/repository/org/seleniumhq/selenium/selenium-devtools-v132/4.29.0/selenium-devtools-v132-4.29.0.jar:/home/danilo/.m2/repository/org/seleniumhq/selenium/selenium-devtools-v133/4.29.0/selenium-devtools-v133-4.29.0.jar:/home/danilo/.m2/repository/org/seleniumhq/selenium/selenium-devtools-v85/4.14.1/selenium-devtools-v85-4.14.1.jar:/home/danilo/.m2/repository/org/seleniumhq/selenium/selenium-edge-driver/4.14.1/selenium-edge-driver-4.14.1.jar:/home/danilo/.m2/repository/org/seleniumhq/selenium/selenium-firefox-driver/4.14.1/selenium-firefox-driver-4.14.1.jar:/home/danilo/.m2/repository/org/seleniumhq/selenium/selenium-http/4.14.1/selenium-http-4.14.1.jar:/home/danilo/.m2/repository/dev/failsafe/failsafe/3.3.2/failsafe-3.3.2.jar:/home/danilo/.m2/repository/org/seleniumhq/selenium/selenium-ie-driver/4.14.1/selenium-ie-driver-4.14.1.jar:/home/danilo/.m2/repository/org/seleniumhq/selenium/selenium-remote-driver/4.14.1/selenium-remote-driver-4.14.1.jar:/home/danilo/.m2/repository/io/opentelemetry/opentelemetry-api/1.31.0/opentelemetry-api-1.31.0.jar:/home/danilo/.m2/repository/io/opentelemetry/opentelemetry-context/1.31.0/opentelemetry-context-1.31.0.jar:/home/danilo/.m2/repository/io/opentelemetry/opentelemetry-exporter-logging/1.31.0/opentelemetry-exporter-logging-1.31.0.jar:/home/danilo/.m2/repository/io/opentelemetry/opentelemetry-sdk-common/1.31.0/opentelemetry-sdk-common-1.31.0.jar:/home/danilo/.m2/repository/io/opentelemetry/opentelemetry-sdk-extension-autoconfigure-spi/1.31.0/opentelemetry-sdk-extension-autoconfigure-spi-1.31.0.jar:/home/danilo/.m2/repository/io/opentelemetry/opentelemetry-sdk-extension-autoconfigure/1.31.0/opentelemetry-sdk-extension-autoconfigure-1.31.0.jar:/home/danilo/.m2/repository/io/opentelemetry/opentelemetry-api-events/1.31.0-alpha/opentelemetry-api-events-1.31.0-alpha.jar:/home/danilo/.m2/repository/io/opentelemetry/opentelemetry-sdk-trace/1.31.0/opentelemetry-sdk-trace-1.31.0.jar:/home/danilo/.m2/repository/io/opentelemetry/opentelemetry-sdk/1.31.0/opentelemetry-sdk-1.31.0.jar:/home/danilo/.m2/repository/io/opentelemetry/opentelemetry-sdk-metrics/1.31.0/opentelemetry-sdk-metrics-1.31.0.jar:/home/danilo/.m2/repository/io/opentelemetry/opentelemetry-extension-incubator/1.31.0-alpha/opentelemetry-extension-incubator-1.31.0-alpha.jar:/home/danilo/.m2/repository/io/opentelemetry/opentelemetry-sdk-logs/1.31.0/opentelemetry-sdk-logs-1.31.0.jar:/home/danilo/.m2/repository/io/opentelemetry/opentelemetry-semconv/1.28.0-alpha/opentelemetry-semconv-1.28.0-alpha.jar:/home/danilo/.m2/repository/org/seleniumhq/selenium/selenium-os/4.14.1/selenium-os-4.14.1.jar:/home/danilo/.m2/repository/org/apache/commons/commons-exec/1.3/commons-exec-1.3.jar:/home/danilo/.m2/repository/org/seleniumhq/selenium/selenium-safari-driver/4.14.1/selenium-safari-driver-4.14.1.jar:/home/danilo/.m2/repository/org/seleniumhq/selenium/selenium-support/4.14.1/selenium-support-4.14.1.jar:/home/danilo/.m2/repository/io/github/bonigarcia/webdrivermanager/5.9.2/webdrivermanager-5.9.2.jar:/home/danilo/.m2/repository/org/slf4j/slf4j-api/2.0.9/slf4j-api-2.0.9.jar:/home/danilo/.m2/repository/com/github/docker-java/docker-java/3.4.0/docker-java-3.4.0.jar:/home/danilo/.m2/repository/com/github/docker-java/docker-java-core/3.4.0/docker-java-core-3.4.0.jar:/home/danilo/.m2/repository/org/slf4j/jcl-over-slf4j/2.0.9/jcl-over-slf4j-2.0.9.jar:/home/danilo/.m2/repository/com/github/docker-java/docker-java-transport-httpclient5/3.4.0/docker-java-transport-httpclient5-3.4.0.jar:/home/danilo/.m2/repository/com/github/docker-java/docker-java-transport/3.4.0/docker-java-transport-3.4.0.jar:/home/danilo/.m2/repository/net/java/dev/jna/jna/5.13.0/jna-5.13.0.jar:/home/danilo/.m2/repository/org/brotli/dec/0.1.2/dec-0.1.2.jar:/home/danilo/.m2/repository/org/apache/commons/commons-lang3/3.13.0/commons-lang3-3.13.0.jar:/home/danilo/.m2/repository/org/apache/commons/commons-compress/1.26.2/commons-compress-1.26.2.jar:/home/danilo/.m2/repository/commons-io/commons-io/2.16.1/commons-io-2.16.1.jar:/home/danilo/.m2/repository/org/apache/httpcomponents/client5/httpclient5/5.2.1/httpclient5-5.2.1.jar:/home/danilo/.m2/repository/org/apache/httpcomponents/core5/httpcore5/5.2.3/httpcore5-5.2.3.jar:/home/danilo/.m2/repository/org/apache/httpcomponents/core5/httpcore5-h2/5.2.3/httpcore5-h2-5.2.3.jar:/home/danilo/.m2/repository/io/github/bonigarcia/selenium-jupiter/5.1.1/selenium-jupiter-5.1.1.jar:/home/danilo/.m2/repository/javax/persistence/javax.persistence-api/2.2/javax.persistence-api-2.2.jar:"/>
<property name="java.class.version" value="65.0"/>
<property name="java.home" value="/usr/lib/jvm/java-21-openjdk-amd64"/>
<property name="java.io.tmpdir" value="/tmp"/>
<property name="java.library.path" value="/usr/java/packages/lib:/usr/lib/x86_64-linux-gnu/jni:/lib/x86_64-linux-gnu:/usr/lib/x86_64-linux-gnu:/usr/lib/jni:/lib:/usr/lib"/>
<property name="java.runtime.name" value="OpenJDK Runtime Environment"/>
<property name="java.runtime.version" value="21.0.7+6-Ubuntu-0ubuntu122.04"/>
<property name="java.specification.name" value="Java Platform API Specification"/>
<property name="java.specification.vendor" value="Oracle Corporation"/>
<property name="java.specification.version" value="21"/>
<property name="java.vendor" value="Ubuntu"/>
<property name="java.vendor.url" value="https://ubuntu.com/"/>
<property name="java.vendor.url.bug" value="https://bugs.launchpad.net/ubuntu/+source/openjdk-21"/>
<property name="java.version" value="21.0.7"/>
<property name="java.version.date" value="2025-04-15"/>
<property name="java.vm.compressedOopsMode" value="Zero based"/>
<property name="java.vm.info" value="mixed mode, sharing"/>
<property name="java.vm.name" value="OpenJDK 64-Bit Server VM"/>
<property name="java.vm.specification.name" value="Java Virtual Machine Specification"/>
<property name="java.vm.specification.vendor" value="Oracle Corporation"/>
<property name="java.vm.specification.version" value="21"/>
<property name="java.vm.vendor" value="Ubuntu"/>
<property name="java.vm.version" value="21.0.7+6-Ubuntu-0ubuntu122.04"/>
<property name="jdk.debug" value="release"/>
<property name="line.separator" value="
"/>
<property name="localRepository" value="/home/danilo/.m2/repository"/>
<property name="native.encoding" value="UTF-8"/>
<property name="os.arch" value="amd64"/>
<property name="os.name" value="Linux"/>
<property name="os.version" value="6.8.0-60-generic"/>
<property name="path.separator" value=":"/>
<property name="stderr.encoding" value="UTF-8"/>
<property name="stdout.encoding" value="UTF-8"/>
<property name="sun.arch.data.model" value="64"/>
<property name="sun.boot.library.path" value="/usr/lib/jvm/java-21-openjdk-amd64/lib"/>
<property name="sun.cpu.endian" value="little"/>
<property name="sun.io.unicode.encoding" value="UnicodeLittle"/>
<property name="sun.java.command" value="/home/danilo/Danilo/ua/3ºano/TQS/Project/SmartVolt/backend/smartvolt/target/surefire/surefirebooter-20250605164913697_3.jar /home/danilo/Danilo/ua/3ºano/TQS/Project/SmartVolt/backend/smartvolt/target/surefire 2025-06-05T16-49-13_645-jvmRun1 surefire-20250605164913697_1tmp surefire_0-20250605164913697_2tmp"/>
<property name="sun.java.launcher" value="SUN_STANDARD"/>
<property name="sun.jnu.encoding" value="UTF-8"/>
<property name="sun.management.compiler" value="HotSpot 64-Bit Tiered Compilers"/>
<property name="surefire.real.class.path" value="/home/danilo/Danilo/ua/3ºano/TQS/Project/SmartVolt/backend/smartvolt/target/surefire/surefirebooter-20250605164913697_3.jar"/>
<property name="surefire.test.class.path" value="/home/danilo/Danilo/ua/3ºano/TQS/Project/SmartVolt/backend/smartvolt/target/test-classes:/home/danilo/Danilo/ua/3ºano/TQS/Project/SmartVolt/backend/smartvolt/target/classes:/home/danilo/.m2/repository/org/springframework/boot/spring-boot-starter/3.2.0/spring-boot-starter-3.2.0.jar:/home/danilo/.m2/repository/org/springframework/boot/spring-boot/3.2.0/spring-boot-3.2.0.jar:/home/danilo/.m2/repository/org/springframework/spring-context/6.1.1/spring-context-6.1.1.jar:/home/danilo/.m2/repository/org/springframework/boot/spring-boot-autoconfigure/3.2.0/spring-boot-autoconfigure-3.2.0.jar:/home/danilo/.m2/repository/jakarta/annotation/jakarta.annotation-api/2.1.1/jakarta.annotation-api-2.1.1.jar:/home/danilo/.m2/repository/org/springframework/spring-core/6.1.1/spring-core-6.1.1.jar:/home/danilo/.m2/repository/org/springframework/spring-jcl/6.1.1/spring-jcl-6.1.1.jar:/home/danilo/.m2/repository/org/yaml/snakeyaml/2.2/snakeyaml-2.2.jar:/home/danilo/.m2/repository/org/springframework/boot/spring-boot-starter-test/3.2.0/spring-boot-starter-test-3.2.0.jar:/home/danilo/.m2/repository/org/springframework/boot/spring-boot-test/3.2.0/spring-boot-test-3.2.0.jar:/home/danilo/.m2/repository/org/springframework/boot/spring-boot-test-autoconfigure/3.2.0/spring-boot-test-autoconfigure-3.2.0.jar:/home/danilo/.m2/repository/com/jayway/jsonpath/json-path/2.8.0/json-path-2.8.0.jar:/home/danilo/.m2/repository/jakarta/xml/bind/jakarta.xml.bind-api/4.0.1/jakarta.xml.bind-api-4.0.1.jar:/home/danilo/.m2/repository/jakarta/activation/jakarta.activation-api/2.1.2/jakarta.activation-api-2.1.2.jar:/home/danilo/.m2/repository/net/minidev/json-smart/2.5.0/json-smart-2.5.0.jar:/home/danilo/.m2/repository/net/minidev/accessors-smart/2.5.0/accessors-smart-2.5.0.jar:/home/danilo/.m2/repository/org/ow2/asm/asm/9.3/asm-9.3.jar:/home/danilo/.m2/repository/org/awaitility/awaitility/4.2.0/awaitility-4.2.0.jar:/home/danilo/.m2/repository/org/hamcrest/hamcrest/2.2/hamcrest-2.2.jar:/home/danilo/.m2/repository/org/mockito/mockito-core/5.7.0/mockito-core-5.7.0.jar:/home/danilo/.m2/repository/net/bytebuddy/byte-buddy-agent/1.14.10/byte-buddy-agent-1.14.10.jar:/home/danilo/.m2/repository/org/objenesis/objenesis/3.3/objenesis-3.3.jar:/home/danilo/.m2/repository/org/mockito/mockito-junit-jupiter/5.7.0/mockito-junit-jupiter-5.7.0.jar:/home/danilo/.m2/repository/org/skyscreamer/jsonassert/1.5.1/jsonassert-1.5.1.jar:/home/danilo/.m2/repository/com/vaadin/external/google/android-json/0.0.20131108.vaadin1/android-json-0.0.20131108.vaadin1.jar:/home/danilo/.m2/repository/org/springframework/spring-test/6.1.1/spring-test-6.1.1.jar:/home/danilo/.m2/repository/org/xmlunit/xmlunit-core/2.9.1/xmlunit-core-2.9.1.jar:/home/danilo/.m2/repository/org/springframework/boot/spring-boot-starter-data-jpa/3.2.0/spring-boot-starter-data-jpa-3.2.0.jar:/home/danilo/.m2/repository/org/springframework/boot/spring-boot-starter-aop/3.2.0/spring-boot-starter-aop-3.2.0.jar:/home/danilo/.m2/repository/org/aspectj/aspectjweaver/1.9.20.1/aspectjweaver-1.9.20.1.jar:/home/danilo/.m2/repository/org/springframework/boot/spring-boot-starter-jdbc/3.2.0/spring-boot-starter-jdbc-3.2.0.jar:/home/danilo/.m2/repository/com/zaxxer/HikariCP/5.0.1/HikariCP-5.0.1.jar:/home/danilo/.m2/repository/org/springframework/spring-jdbc/6.1.1/spring-jdbc-6.1.1.jar:/home/danilo/.m2/repository/org/hibernate/orm/hibernate-core/6.3.1.Final/hibernate-core-6.3.1.Final.jar:/home/danilo/.m2/repository/jakarta/persistence/jakarta.persistence-api/3.1.0/jakarta.persistence-api-3.1.0.jar:/home/danilo/.m2/repository/jakarta/transaction/jakarta.transaction-api/2.0.1/jakarta.transaction-api-2.0.1.jar:/home/danilo/.m2/repository/org/jboss/logging/jboss-logging/3.5.3.Final/jboss-logging-3.5.3.Final.jar:/home/danilo/.m2/repository/org/hibernate/common/hibernate-commons-annotations/6.0.6.Final/hibernate-commons-annotations-6.0.6.Final.jar:/home/danilo/.m2/repository/io/smallrye/jandex/3.1.2/jandex-3.1.2.jar:/home/danilo/.m2/repository/com/fasterxml/classmate/1.6.0/classmate-1.6.0.jar:/home/danilo/.m2/repository/org/glassfish/jaxb/jaxb-runtime/4.0.4/jaxb-runtime-4.0.4.jar:/home/danilo/.m2/repository/org/glassfish/jaxb/jaxb-core/4.0.4/jaxb-core-4.0.4.jar:/home/danilo/.m2/repository/org/eclipse/angus/angus-activation/2.0.1/angus-activation-2.0.1.jar:/home/danilo/.m2/repository/org/glassfish/jaxb/txw2/4.0.4/txw2-4.0.4.jar:/home/danilo/.m2/repository/com/sun/istack/istack-commons-runtime/4.1.2/istack-commons-runtime-4.1.2.jar:/home/danilo/.m2/repository/jakarta/inject/jakarta.inject-api/2.0.1/jakarta.inject-api-2.0.1.jar:/home/danilo/.m2/repository/org/antlr/antlr4-runtime/4.10.1/antlr4-runtime-4.10.1.jar:/home/danilo/.m2/repository/org/springframework/data/spring-data-jpa/3.2.0/spring-data-jpa-3.2.0.jar:/home/danilo/.m2/repository/org/springframework/data/spring-data-commons/3.2.0/spring-data-commons-3.2.0.jar:/home/danilo/.m2/repository/org/springframework/spring-orm/6.1.1/spring-orm-6.1.1.jar:/home/danilo/.m2/repository/org/springframework/spring-tx/6.1.1/spring-tx-6.1.1.jar:/home/danilo/.m2/repository/org/springframework/spring-beans/6.1.1/spring-beans-6.1.1.jar:/home/danilo/.m2/repository/org/springframework/spring-aspects/6.1.1/spring-aspects-6.1.1.jar:/home/danilo/.m2/repository/org/springframework/boot/spring-boot-starter-web/3.2.0/spring-boot-starter-web-3.2.0.jar:/home/danilo/.m2/repository/org/springframework/boot/spring-boot-starter-json/3.2.0/spring-boot-starter-json-3.2.0.jar:/home/danilo/.m2/repository/com/fasterxml/jackson/datatype/jackson-datatype-jdk8/2.15.3/jackson-datatype-jdk8-2.15.3.jar:/home/danilo/.m2/repository/com/fasterxml/jackson/datatype/jackson-datatype-jsr310/2.15.3/jackson-datatype-jsr310-2.15.3.jar:/home/danilo/.m2/repository/com/fasterxml/jackson/module/jackson-module-parameter-names/2.15.3/jackson-module-parameter-names-2.15.3.jar:/home/danilo/.m2/repository/org/springframework/boot/spring-boot-starter-tomcat/3.2.0/spring-boot-starter-tomcat-3.2.0.jar:/home/danilo/.m2/repository/org/apache/tomcat/embed/tomcat-embed-core/10.1.16/tomcat-embed-core-10.1.16.jar:/home/danilo/.m2/repository/org/apache/tomcat/embed/tomcat-embed-websocket/10.1.16/tomcat-embed-websocket-10.1.16.jar:/home/danilo/.m2/repository/org/springframework/spring-web/6.1.1/spring-web-6.1.1.jar:/home/danilo/.m2/repository/org/springframework/spring-webmvc/6.1.1/spring-webmvc-6.1.1.jar:/home/danilo/.m2/repository/org/springframework/spring-expression/6.1.1/spring-expression-6.1.1.jar:/home/danilo/.m2/repository/org/springframework/boot/spring-boot-starter-log4j2/3.2.0/spring-boot-starter-log4j2-3.2.0.jar:/home/danilo/.m2/repository/org/apache/logging/log4j/log4j-slf4j2-impl/2.21.1/log4j-slf4j2-impl-2.21.1.jar:/home/danilo/.m2/repository/org/apache/logging/log4j/log4j-api/2.21.1/log4j-api-2.21.1.jar:/home/danilo/.m2/repository/org/apache/logging/log4j/log4j-core/2.21.1/log4j-core-2.21.1.jar:/home/danilo/.m2/repository/org/apache/logging/log4j/log4j-jul/2.21.1/log4j-jul-2.21.1.jar:/home/danilo/.m2/repository/org/springframework/boot/spring-boot-starter-actuator/3.2.0/spring-boot-starter-actuator-3.2.0.jar:/home/danilo/.m2/repository/org/springframework/boot/spring-boot-actuator-autoconfigure/3.2.0/spring-boot-actuator-autoconfigure-3.2.0.jar:/home/danilo/.m2/repository/org/springframework/boot/spring-boot-actuator/3.2.0/spring-boot-actuator-3.2.0.jar:/home/danilo/.m2/repository/io/micrometer/micrometer-observation/1.12.0/micrometer-observation-1.12.0.jar:/home/danilo/.m2/repository/io/micrometer/micrometer-commons/1.12.0/micrometer-commons-1.12.0.jar:/home/danilo/.m2/repository/io/micrometer/micrometer-jakarta9/1.12.0/micrometer-jakarta9-1.12.0.jar:/home/danilo/.m2/repository/io/micrometer/micrometer-registry-prometheus/1.12.0/micrometer-registry-prometheus-1.12.0.jar:/home/danilo/.m2/repository/io/micrometer/micrometer-core/1.12.0/micrometer-core-1.12.0.jar:/home/danilo/.m2/repository/org/hdrhistogram/HdrHistogram/2.1.12/HdrHistogram-2.1.12.jar:/home/danilo/.m2/repository/org/latencyutils/LatencyUtils/2.0.3/LatencyUtils-2.0.3.jar:/home/danilo/.m2/repository/io/prometheus/simpleclient_common/0.16.0/simpleclient_common-0.16.0.jar:/home/danilo/.m2/repository/io/prometheus/simpleclient/0.16.0/simpleclient-0.16.0.jar:/home/danilo/.m2/repository/io/prometheus/simpleclient_tracer_otel/0.16.0/simpleclient_tracer_otel-0.16.0.jar:/home/danilo/.m2/repository/io/prometheus/simpleclient_tracer_common/0.16.0/simpleclient_tracer_common-0.16.0.jar:/home/danilo/.m2/repository/io/prometheus/simpleclient_tracer_otel_agent/0.16.0/simpleclient_tracer_otel_agent-0.16.0.jar:/home/danilo/.m2/repository/org/apache/logging/log4j/log4j-layout-template-json/2.21.1/log4j-layout-template-json-2.21.1.jar:/home/danilo/.m2/repository/org/springframework/boot/spring-boot-starter-validation/3.2.0/spring-boot-starter-validation-3.2.0.jar:/home/danilo/.m2/repository/org/apache/tomcat/embed/tomcat-embed-el/10.1.16/tomcat-embed-el-10.1.16.jar:/home/danilo/.m2/repository/org/hibernate/validator/hibernate-validator/8.0.1.Final/hibernate-validator-8.0.1.Final.jar:/home/danilo/.m2/repository/jakarta/validation/jakarta.validation-api/3.0.2/jakarta.validation-api-3.0.2.jar:/home/danilo/.m2/repository/org/springframework/boot/spring-boot-starter-security/3.2.0/spring-boot-starter-security-3.2.0.jar:/home/danilo/.m2/repository/org/springframework/spring-aop/6.1.1/spring-aop-6.1.1.jar:/home/danilo/.m2/repository/org/springframework/security/spring-security-config/6.2.0/spring-security-config-6.2.0.jar:/home/danilo/.m2/repository/org/springframework/security/spring-security-core/6.2.0/spring-security-core-6.2.0.jar:/home/danilo/.m2/repository/org/springframework/security/spring-security-crypto/6.2.0/spring-security-crypto-6.2.0.jar:/home/danilo/.m2/repository/org/springframework/security/spring-security-web/6.2.0/spring-security-web-6.2.0.jar:/home/danilo/.m2/repository/io/jsonwebtoken/jjwt-api/0.11.2/jjwt-api-0.11.2.jar:/home/danilo/.m2/repository/io/jsonwebtoken/jjwt-impl/0.11.2/jjwt-impl-0.11.2.jar:/home/danilo/.m2/repository/io/jsonwebtoken/jjwt-jackson/0.11.2/jjwt-jackson-0.11.2.jar:/home/danilo/.m2/repository/com/fasterxml/jackson/core/jackson-databind/2.15.3/jackson-databind-2.15.3.jar:/home/danilo/.m2/repository/com/fasterxml/jackson/core/jackson-annotations/2.15.3/jackson-annotations-2.15.3.jar:/home/danilo/.m2/repository/com/fasterxml/jackson/core/jackson-core/2.15.3/jackson-core-2.15.3.jar:/home/danilo/.m2/repository/io/cucumber/cucumber-picocontainer/7.22.2/cucumber-picocontainer-7.22.2.jar:/home/danilo/.m2/repository/io/cucumber/cucumber-core/7.22.2/cucumber-core-7.22.2.jar:/home/danilo/.m2/repository/io/cucumber/cucumber-gherkin/7.22.2/cucumber-gherkin-7.22.2.jar:/home/danilo/.m2/repository/io/cucumber/cucumber-gherkin-messages/7.22.2/cucumber-gherkin-messages-7.22.2.jar:/home/danilo/.m2/repository/io/cucumber/gherkin/32.1.1/gherkin-32.1.1.jar:/home/danilo/.m2/repository/io/cucumber/messages/27.2.0/messages-27.2.0.jar:/home/danilo/.m2/repository/io/cucumber/testng-xml-formatter/0.3.1/testng-xml-formatter-0.3.1.jar:/home/danilo/.m2/repository/io/cucumber/query/13.2.0/query-13.2.0.jar:/home/danilo/.m2/repository/io/cucumber/tag-expressions/6.1.2/tag-expressions-6.1.2.jar:/home/danilo/.m2/repository/io/cucumber/cucumber-expressions/18.0.1/cucumber-expressions-18.0.1.jar:/home/danilo/.m2/repository/io/cucumber/datatable/7.22.2/datatable-7.22.2.jar:/home/danilo/.m2/repository/io/cucumber/cucumber-plugin/7.22.2/cucumber-plugin-7.22.2.jar:/home/danilo/.m2/repository/io/cucumber/docstring/7.22.2/docstring-7.22.2.jar:/home/danilo/.m2/repository/io/cucumber/html-formatter/21.10.1/html-formatter-21.10.1.jar:/home/danilo/.m2/repository/io/cucumber/junit-xml-formatter/0.7.1/junit-xml-formatter-0.7.1.jar:/home/danilo/.m2/repository/io/cucumber/ci-environment/10.0.1/ci-environment-10.0.1.jar:/home/danilo/.m2/repository/org/apiguardian/apiguardian-api/1.1.2/apiguardian-api-1.1.2.jar:/home/danilo/.m2/repository/org/picocontainer/picocontainer/2.15.2/picocontainer-2.15.2.jar:/home/danilo/.m2/repository/org/springframework/boot/spring-boot-devtools/3.2.0/spring-boot-devtools-3.2.0.jar:/home/danilo/.m2/repository/org/springframework/boot/spring-boot-starter-thymeleaf/3.2.0/spring-boot-starter-thymeleaf-3.2.0.jar:/home/danilo/.m2/repository/org/thymeleaf/thymeleaf-spring6/3.1.2.RELEASE/thymeleaf-spring6-3.1.2.RELEASE.jar:/home/danilo/.m2/repository/org/thymeleaf/thymeleaf/3.1.2.RELEASE/thymeleaf-3.1.2.RELEASE.jar:/home/danilo/.m2/repository/org/attoparser/attoparser/2.0.7.RELEASE/attoparser-2.0.7.RELEASE.jar:/home/danilo/.m2/repository/org/unbescape/unbescape/1.1.6.RELEASE/unbescape-1.1.6.RELEASE.jar:/home/danilo/.m2/repository/app/getxray/xray-junit-extensions/0.7.3/xray-junit-extensions-0.7.3.jar:/home/danilo/.m2/repository/org/junit/jupiter/junit-jupiter-api/5.11.4/junit-jupiter-api-5.11.4.jar:/home/danilo/.m2/repository/org/opentest4j/opentest4j/1.3.0/opentest4j-1.3.0.jar:/home/danilo/.m2/repository/org/junit/platform/junit-platform-reporting/1.11.4/junit-platform-reporting-1.11.4.jar:/home/danilo/.m2/repository/org/junit/platform/junit-platform-launcher/1.11.4/junit-platform-launcher-1.11.4.jar:/home/danilo/.m2/repository/org/junit/platform/junit-platform-engine/1.11.4/junit-platform-engine-1.11.4.jar:/home/danilo/.m2/repository/org/junit/platform/junit-platform-commons/1.11.4/junit-platform-commons-1.11.4.jar:/home/danilo/.m2/repository/app/getxray/xray-maven-plugin/0.8.0/xray-maven-plugin-0.8.0.jar:/home/danilo/.m2/repository/com/squareup/okhttp3/okhttp/4.12.0/okhttp-4.12.0.jar:/home/danilo/.m2/repository/com/squareup/okio/okio/3.6.0/okio-3.6.0.jar:/home/danilo/.m2/repository/com/squareup/okio/okio-jvm/3.6.0/okio-jvm-3.6.0.jar:/home/danilo/.m2/repository/org/jetbrains/kotlin/kotlin-stdlib-common/1.9.20/kotlin-stdlib-common-1.9.20.jar:/home/danilo/.m2/repository/org/jetbrains/kotlin/kotlin-stdlib-jdk8/1.9.20/kotlin-stdlib-jdk8-1.9.20.jar:/home/danilo/.m2/repository/org/jetbrains/kotlin/kotlin-stdlib/1.9.20/kotlin-stdlib-1.9.20.jar:/home/danilo/.m2/repository/org/jetbrains/kotlin/kotlin-stdlib-jdk7/1.9.20/kotlin-stdlib-jdk7-1.9.20.jar:/home/danilo/.m2/repository/org/json/json/20231013/json-20231013.jar:/home/danilo/.m2/repository/org/codehaus/plexus/plexus-utils/3.4.1/plexus-utils-3.4.1.jar:/home/danilo/.m2/repository/org/postgresql/postgresql/42.6.0/postgresql-42.6.0.jar:/home/danilo/.m2/repository/org/checkerframework/checker-qual/3.31.0/checker-qual-3.31.0.jar:/home/danilo/.m2/repository/org/testcontainers/postgresql/1.19.3/postgresql-1.19.3.jar:/home/danilo/.m2/repository/org/testcontainers/jdbc/1.19.3/jdbc-1.19.3.jar:/home/danilo/.m2/repository/org/testcontainers/database-commons/1.19.3/database-commons-1.19.3.jar:/home/danilo/.m2/repository/org/testcontainers/junit-jupiter/1.21.1/junit-jupiter-1.21.1.jar:/home/danilo/.m2/repository/org/testcontainers/testcontainers/1.19.3/testcontainers-1.19.3.jar:/home/danilo/.m2/repository/junit/junit/4.13.2/junit-4.13.2.jar:/home/danilo/.m2/repository/org/hamcrest/hamcrest-core/2.2/hamcrest-core-2.2.jar:/home/danilo/.m2/repository/org/rnorth/duct-tape/duct-tape/1.0.8/duct-tape-1.0.8.jar:/home/danilo/.m2/repository/org/jetbrains/annotations/17.0.0/annotations-17.0.0.jar:/home/danilo/.m2/repository/com/github/docker-java/docker-java-api/3.3.4/docker-java-api-3.3.4.jar:/home/danilo/.m2/repository/com/github/docker-java/docker-java-transport-zerodep/3.3.4/docker-java-transport-zerodep-3.3.4.jar:/home/danilo/.m2/repository/org/testcontainers/selenium/1.21.1/selenium-1.21.1.jar:/home/danilo/.m2/repository/org/flywaydb/flyway-core/9.22.3/flyway-core-9.22.3.jar:/home/danilo/.m2/repository/com/fasterxml/jackson/dataformat/jackson-dataformat-toml/2.15.3/jackson-dataformat-toml-2.15.3.jar:/home/danilo/.m2/repository/com/google/code/gson/gson/2.10.1/gson-2.10.1.jar:/home/danilo/.m2/repository/org/springdoc/springdoc-openapi-starter-webmvc-ui/2.6.0/springdoc-openapi-starter-webmvc-ui-2.6.0.jar:/home/danilo/.m2/repository/org/springdoc/springdoc-openapi-starter-webmvc-api/2.6.0/springdoc-openapi-starter-webmvc-api-2.6.0.jar:/home/danilo/.m2/repository/org/springdoc/springdoc-openapi-starter-common/2.6.0/springdoc-openapi-starter-common-2.6.0.jar:/home/danilo/.m2/repository/io/swagger/core/v3/swagger-core-jakarta/2.2.22/swagger-core-jakarta-2.2.22.jar:/home/danilo/.m2/repository/io/swagger/core/v3/swagger-annotations-jakarta/2.2.22/swagger-annotations-jakarta-2.2.22.jar:/home/danilo/.m2/repository/io/swagger/core/v3/swagger-models-jakarta/2.2.22/swagger-models-jakarta-2.2.22.jar:/home/danilo/.m2/repository/com/fasterxml/jackson/dataformat/jackson-dataformat-yaml/2.15.3/jackson-dataformat-yaml-2.15.3.jar:/home/danilo/.m2/repository/org/webjars/swagger-ui/5.17.14/swagger-ui-5.17.14.jar:/home/danilo/.m2/repository/org/junit/jupiter/junit-jupiter/5.11.4/junit-jupiter-5.11.4.jar:/home/danilo/.m2/repository/org/junit/jupiter/junit-jupiter-params/5.11.4/junit-jupiter-params-5.11.4.jar:/home/danilo/.m2/repository/org/junit/jupiter/junit-jupiter-engine/5.11.4/junit-jupiter-engine-5.11.4.jar:/home/danilo/.m2/repository/org/assertj/assertj-core/3.26.0/assertj-core-3.26.0.jar:/home/danilo/.m2/repository/net/bytebuddy/byte-buddy/1.14.10/byte-buddy-1.14.10.jar:/home/danilo/.m2/repository/com/h2database/h2/2.2.224/h2-2.2.224.jar:/home/danilo/.m2/repository/org/springframework/boot/spring-boot-testcontainers/3.2.0/spring-boot-testcontainers-3.2.0.jar:/home/danilo/.m2/repository/io/rest-assured/rest-assured/5.5.1/rest-assured-5.5.1.jar:/home/danilo/.m2/repository/org/apache/groovy/groovy/4.0.15/groovy-4.0.15.jar:/home/danilo/.m2/repository/org/apache/groovy/groovy-xml/4.0.15/groovy-xml-4.0.15.jar:/home/danilo/.m2/repository/org/apache/httpcomponents/httpclient/4.5.13/httpclient-4.5.13.jar:/home/danilo/.m2/repository/org/apache/httpcomponents/httpcore/4.4.16/httpcore-4.4.16.jar:/home/danilo/.m2/repository/commons-logging/commons-logging/1.2/commons-logging-1.2.jar:/home/danilo/.m2/repository/commons-codec/commons-codec/1.16.0/commons-codec-1.16.0.jar:/home/danilo/.m2/repository/org/apache/httpcomponents/httpmime/4.5.13/httpmime-4.5.13.jar:/home/danilo/.m2/repository/org/ccil/cowan/tagsoup/tagsoup/1.2.1/tagsoup-1.2.1.jar:/home/danilo/.m2/repository/io/rest-assured/json-path/5.5.1/json-path-5.5.1.jar:/home/danilo/.m2/repository/org/apache/groovy/groovy-json/4.0.15/groovy-json-4.0.15.jar:/home/danilo/.m2/repository/io/rest-assured/rest-assured-common/5.5.1/rest-assured-common-5.5.1.jar:/home/danilo/.m2/repository/io/rest-assured/xml-path/5.5.1/xml-path-5.5.1.jar:/home/danilo/.m2/repository/io/rest-assured/spring-mock-mvc/5.5.1/spring-mock-mvc-5.5.1.jar:/home/danilo/.m2/repository/io/rest-assured/spring-commons/5.5.1/spring-commons-5.5.1.jar:/home/danilo/.m2/repository/org/junit/platform/junit-platform-suite/1.10.1/junit-platform-suite-1.10.1.jar:/home/danilo/.m2/repository/org/junit/platform/junit-platform-suite-api/1.11.4/junit-platform-suite-api-1.11.4.jar:/home/danilo/.m2/repository/org/junit/platform/junit-platform-suite-engine/1.11.4/junit-platform-suite-engine-1.11.4.jar:/home/danilo/.m2/repository/org/junit/platform/junit-platform-suite-commons/1.11.4/junit-platform-suite-commons-1.11.4.jar:/home/danilo/.m2/repository/io/cucumber/cucumber-java/7.15.0/cucumber-java-7.15.0.jar:/home/danilo/.m2/repository/io/cucumber/cucumber-junit-platform-engine/7.15.0/cucumber-junit-platform-engine-7.15.0.jar:/home/danilo/.m2/repository/org/seleniumhq/selenium/selenium-java/4.29.0/selenium-java-4.29.0.jar:/home/danilo/.m2/repository/org/seleniumhq/selenium/selenium-api/4.14.1/selenium-api-4.14.1.jar:/home/danilo/.m2/repository/org/seleniumhq/selenium/selenium-chrome-driver/4.14.1/selenium-chrome-driver-4.14.1.jar:/home/danilo/.m2/repository/com/google/auto/service/auto-service-annotations/1.1.1/auto-service-annotations-1.1.1.jar:/home/danilo/.m2/repository/com/google/guava/guava/32.1.2-jre/guava-32.1.2-jre.jar:/home/danilo/.m2/repository/com/google/guava/failureaccess/1.0.1/failureaccess-1.0.1.jar:/home/danilo/.m2/repository/com/google/guava/listenablefuture/9999.0-empty-to-avoid-conflict-with-guava/listenablefuture-9999.0-empty-to-avoid-conflict-with-guava.jar:/home/danilo/.m2/repository/com/google/code/findbugs/jsr305/3.0.2/jsr305-3.0.2.jar:/home/danilo/.m2/repository/com/google/errorprone/error_prone_annotations/2.18.0/error_prone_annotations-2.18.0.jar:/home/danilo/.m2/repository/com/google/j2objc/j2objc-annotations/2.8/j2objc-annotations-2.8.jar:/home/danilo/.m2/repository/org/seleniumhq/selenium/selenium-chromium-driver/4.14.1/selenium-chromium-driver-4.14.1.jar:/home/danilo/.m2/repository/org/seleniumhq/selenium/selenium-json/4.14.1/selenium-json-4.14.1.jar:/home/danilo/.m2/repository/org/seleniumhq/selenium/selenium-manager/4.14.1/selenium-manager-4.14.1.jar:/home/danilo/.m2/repository/org/seleniumhq/selenium/selenium-devtools-v131/4.29.0/selenium-devtools-v131-4.29.0.jar:/home/danilo/.m2/repository/org/seleniumhq/selenium/selenium-devtools-v132/4.29.0/selenium-devtools-v132-4.29.0.jar:/home/danilo/.m2/repository/org/seleniumhq/selenium/selenium-devtools-v133/4.29.0/selenium-devtools-v133-4.29.0.jar:/home/danilo/.m2/repository/org/seleniumhq/selenium/selenium-devtools-v85/4.14.1/selenium-devtools-v85-4.14.1.jar:/home/danilo/.m2/repository/org/seleniumhq/selenium/selenium-edge-driver/4.14.1/selenium-edge-driver-4.14.1.jar:/home/danilo/.m2/repository/org/seleniumhq/selenium/selenium-firefox-driver/4.14.1/selenium-firefox-driver-4.14.1.jar:/home/danilo/.m2/repository/org/seleniumhq/selenium/selenium-http/4.14.1/selenium-http-4.14.1.jar:/home/danilo/.m2/repository/dev/failsafe/failsafe/3.3.2/failsafe-3.3.2.jar:/home/danilo/.m2/repository/org/seleniumhq/selenium/selenium-ie-driver/4.14.1/selenium-ie-driver-4.14.1.jar:/home/danilo/.m2/repository/org/seleniumhq/selenium/selenium-remote-driver/4.14.1/selenium-remote-driver-4.14.1.jar:/home/danilo/.m2/repository/io/opentelemetry/opentelemetry-api/1.31.0/opentelemetry-api-1.31.0.jar:/home/danilo/.m2/repository/io/opentelemetry/opentelemetry-context/1.31.0/opentelemetry-context-1.31.0.jar:/home/danilo/.m2/repository/io/opentelemetry/opentelemetry-exporter-logging/1.31.0/opentelemetry-exporter-logging-1.31.0.jar:/home/danilo/.m2/repository/io/opentelemetry/opentelemetry-sdk-common/1.31.0/opentelemetry-sdk-common-1.31.0.jar:/home/danilo/.m2/repository/io/opentelemetry/opentelemetry-sdk-extension-autoconfigure-spi/1.31.0/opentelemetry-sdk-extension-autoconfigure-spi-1.31.0.jar:/home/danilo/.m2/repository/io/opentelemetry/opentelemetry-sdk-extension-autoconfigure/1.31.0/opentelemetry-sdk-extension-autoconfigure-1.31.0.jar:/home/danilo/.m2/repository/io/opentelemetry/opentelemetry-api-events/1.31.0-alpha/opentelemetry-api-events-1.31.0-alpha.jar:/home/danilo/.m2/repository/io/opentelemetry/opentelemetry-sdk-trace/1.31.0/opentelemetry-sdk-trace-1.31.0.jar:/home/danilo/.m2/repository/io/opentelemetry/opentelemetry-sdk/1.31.0/opentelemetry-sdk-1.31.0.jar:/home/danilo/.m2/repository/io/opentelemetry/opentelemetry-sdk-metrics/1.31.0/opentelemetry-sdk-metrics-1.31.0.jar:/home/danilo/.m2/repository/io/opentelemetry/opentelemetry-extension-incubator/1.31.0-alpha/opentelemetry-extension-incubator-1.31.0-alpha.jar:/home/danilo/.m2/repository/io/opentelemetry/opentelemetry-sdk-logs/1.31.0/opentelemetry-sdk-logs-1.31.0.jar:/home/danilo/.m2/repository/io/opentelemetry/opentelemetry-semconv/1.28.0-alpha/opentelemetry-semconv-1.28.0-alpha.jar:/home/danilo/.m2/repository/org/seleniumhq/selenium/selenium-os/4.14.1/selenium-os-4.14.1.jar:/home/danilo/.m2/repository/org/apache/commons/commons-exec/1.3/commons-exec-1.3.jar:/home/danilo/.m2/repository/org/seleniumhq/selenium/selenium-safari-driver/4.14.1/selenium-safari-driver-4.14.1.jar:/home/danilo/.m2/repository/org/seleniumhq/selenium/selenium-support/4.14.1/selenium-support-4.14.1.jar:/home/danilo/.m2/repository/io/github/bonigarcia/webdrivermanager/5.9.2/webdrivermanager-5.9.2.jar:/home/danilo/.m2/repository/org/slf4j/slf4j-api/2.0.9/slf4j-api-2.0.9.jar:/home/danilo/.m2/repository/com/github/docker-java/docker-java/3.4.0/docker-java-3.4.0.jar:/home/danilo/.m2/repository/com/github/docker-java/docker-java-core/3.4.0/docker-java-core-3.4.0.jar:/home/danilo/.m2/repository/org/slf4j/jcl-over-slf4j/2.0.9/jcl-over-slf4j-2.0.9.jar:/home/danilo/.m2/repository/com/github/docker-java/docker-java-transport-httpclient5/3.4.0/docker-java-transport-httpclient5-3.4.0.jar:/home/danilo/.m2/repository/com/github/docker-java/docker-java-transport/3.4.0/docker-java-transport-3.4.0.jar:/home/danilo/.m2/repository/net/java/dev/jna/jna/5.13.0/jna-5.13.0.jar:/home/danilo/.m2/repository/org/brotli/dec/0.1.2/dec-0.1.2.jar:/home/danilo/.m2/repository/org/apache/commons/commons-lang3/3.13.0/commons-lang3-3.13.0.jar:/home/danilo/.m2/repository/org/apache/commons/commons-compress/1.26.2/commons-compress-1.26.2.jar:/home/danilo/.m2/repository/commons-io/commons-io/2.16.1/commons-io-2.16.1.jar:/home/danilo/.m2/repository/org/apache/httpcomponents/client5/httpclient5/5.2.1/httpclient5-5.2.1.jar:/home/danilo/.m2/repository/org/apache/httpcomponents/core5/httpcore5/5.2.3/httpcore5-5.2.3.jar:/home/danilo/.m2/repository/org/apache/httpcomponents/core5/httpcore5-h2/5.2.3/httpcore5-h2-5.2.3.jar:/home/danilo/.m2/repository/io/github/bonigarcia/selenium-jupiter/5.1.1/selenium-jupiter-5.1.1.jar:/home/danilo/.m2/repository/javax/persistence/javax.persistence-api/2.2/javax.persistence-api-2.2.jar:"/>
<property name="user.country" value="US"/>
<property name="user.country.format" value="PT"/>
<property name="user.dir" value="/home/danilo/Danilo/ua/3ºano/TQS/Project/SmartVolt/backend/smartvolt"/>
<property name="user.home" value="/home/danilo"/>
<property name="user.language" value="en"/>
<property name="user.language.format" value="pt"/>
<property name="user.name" value="danilo"/>
<property name="user.timezone" value="Europe/Lisbon"/>
</properties>
<testcase name="activateChargingStation_WhenChargingStationExists_ThenActivatesChargingStation" classname="ua.tqs.smartvolt.smartvolt.integration.ChargingStationControllerIT" time="0" started-at="2025-06-05T15:49:27.592898089" finished-at="2025-06-05T15:49:27.716699251">
<system-out><![CDATA[
unique-id: [engine:junit-jupiter]/[class:ua.tqs.smartvolt.smartvolt.integration.ChargingStationControllerIT]/[method:activateChargingStation_WhenChargingStationExists_ThenActivatesChargingStation()]
display-name: activateChargingStation_WhenChargingStationExists_ThenActivatesChargingStation()
]]></system-out>
<properties>
<property name="requirements" value="SV-35"/>
<property name="tags" value="IT-Fast"/>
<property name="_dummy_" value=""/>
</properties>
</testcase>
<testcase name="getChargingStationsByChargingSpeed_WhenNoStationsFound_ThrowsResourceNotFoundException" classname="ua.tqs.smartvolt.smartvolt.services.ChargingStationServiceTest" time="0" started-at="2025-06-05T15:49:49.414006142" finished-at="2025-06-05T15:49:49.417492043">
<system-out><![CDATA[
unique-id: [engine:junit-jupiter]/[class:ua.tqs.smartvolt.smartvolt.services.ChargingStationServiceTest]/[method:getChargingStationsByChargingSpeed_WhenNoStationsFound_ThrowsResourceNotFoundException()]
display-name: getChargingStationsByChargingSpeed_WhenNoStationsFound_ThrowsResourceNotFoundException()
]]></system-out>
<properties>
<property name="requirements" value="SV-19"/>
<property name="tags" value="UnitTest"/>
<property name="_dummy_" value=""/>
</properties>
</testcase>
<testcase name="getChargingStationsByChargingSpeed_Unauthorized_ReturnsForbidden" classname="ua.tqs.smartvolt.smartvolt.integration.ServiceStationsMapControllerIT" time="0" started-at="2025-06-05T15:49:36.934901716" finished-at="2025-06-05T15:49:37.026163982">
<system-out><![CDATA[
unique-id: [engine:junit-jupiter]/[class:ua.tqs.smartvolt.smartvolt.integration.ServiceStationsMapControllerIT]/[method:getChargingStationsByChargingSpeed_Unauthorized_ReturnsForbidden()]
display-name: getChargingStationsByChargingSpeed_Unauthorized_ReturnsForbidden()
]]></system-out>
<properties>
<property name="requirements" value="SV-19"/>
<property name="tags" value="IT-Fast"/>
<property name="_dummy_" value=""/>
</properties>
</testcase>
<testcase name="createBooking_AlreadyOccupiedSlot_ReturnsConflict" classname="ua.tqs.smartvolt.smartvolt.integration.BookingControllerIT" time="0" started-at="2025-06-05T15:49:47.91755148" finished-at="2025-06-05T15:49:48.164663506">
<system-out><![CDATA[
unique-id: [engine:junit-jupiter]/[class:ua.tqs.smartvolt.smartvolt.integration.BookingControllerIT]/[method:createBooking_AlreadyOccupiedSlot_ReturnsConflict()]
display-name: createBooking_AlreadyOccupiedSlot_ReturnsConflict()
]]></system-out>
<properties>
<property name="requirements" value="SV-242"/>
<property name="tags" value="IT-Fast,IT-Booking"/>
<property name="_dummy_" value=""/>
</properties>
</testcase>
<testcase name="getUserInfo_ValidDriver_ReturnsUserInfo" classname="ua.tqs.smartvolt.smartvolt.integration.UserControllerIT" time="0" started-at="2025-06-05T15:49:43.249796943" finished-at="2025-06-05T15:49:43.5107564">
<system-out><![CDATA[
unique-id: [engine:junit-jupiter]/[class:ua.tqs.smartvolt.smartvolt.integration.UserControllerIT]/[method:getUserInfo_ValidDriver_ReturnsUserInfo()]
display-name: getUserInfo_ValidDriver_ReturnsUserInfo()
]]></system-out>
<properties>
<property name="requirements" value="SV-34"/>
<property name="tags" value="IT-Fast,IT-User"/>
<property name="_dummy_" value=""/>
</properties>
</testcase>
<testcase name="createBooking_StartTimeInPast_ThrowsIllegalArgumentException" classname="ua.tqs.smartvolt.smartvolt.services.BookingServiceTest" time="0" started-at="2025-06-05T15:49:49.814625238" finished-at="2025-06-05T15:49:49.817991045">
<system-out><![CDATA[
unique-id: [engine:junit-jupiter]/[class:ua.tqs.smartvolt.smartvolt.services.BookingServiceTest]/[method:createBooking_StartTimeInPast_ThrowsIllegalArgumentException()]
display-name: createBooking_StartTimeInPast_ThrowsIllegalArgumentException()
]]></system-out>
<properties>
<property name="requirements" value="SV-242"/>
<property name="tags" value="UnitTest"/>
<property name="_dummy_" value=""/>
</properties>
</testcase>
<testcase name="createBooking_ValidRequest_ReturnsCreatedBookingAndSavesToDb" classname="ua.tqs.smartvolt.smartvolt.integration.BookingControllerIT" time="0" started-at="2025-06-05T15:49:47.224783245" finished-at="2025-06-05T15:49:47.47896881">
<system-out><![CDATA[
unique-id: [engine:junit-jupiter]/[class:ua.tqs.smartvolt.smartvolt.integration.BookingControllerIT]/[method:createBooking_ValidRequest_ReturnsCreatedBookingAndSavesToDb()]
display-name: createBooking_ValidRequest_ReturnsCreatedBookingAndSavesToDb()
]]></system-out>
<properties>
<property name="requirements" value="SV-242"/>
<property name="tags" value="IT-Fast,IT-Booking"/>
<property name="_dummy_" value=""/>
</properties>
</testcase>
<testcase name="finalizeBookingPayment_BookingAlreadyPaid_ThrowsException" classname="ua.tqs.smartvolt.smartvolt.services.BookingServiceTest" time="0" started-at="2025-06-05T15:49:49.805243096" finished-at="2025-06-05T15:49:49.807763473">
<system-out><![CDATA[
unique-id: [engine:junit-jupiter]/[class:ua.tqs.smartvolt.smartvolt.services.BookingServiceTest]/[method:finalizeBookingPayment_BookingAlreadyPaid_ThrowsException()]
display-name: finalizeBookingPayment_BookingAlreadyPaid_ThrowsException()
]]></system-out>
<properties>
<property name="requirements" value="SV-26"/>
<property name="tags" value="UnitTest"/>
<property name="_dummy_" value=""/>
</properties>
</testcase>
<testcase name="getAllChargingStations_WhenOperatorNotExists_ThenThrowsResourceNotFoundException" classname="ua.tqs.smartvolt.smartvolt.integration.ChargingStationControllerIT" time="0" started-at="2025-06-05T15:49:27.892633981" finished-at="2025-06-05T15:49:28.027836356">
<system-out><![CDATA[
unique-id: [engine:junit-jupiter]/[class:ua.tqs.smartvolt.smartvolt.integration.ChargingStationControllerIT]/[method:getAllChargingStations_WhenOperatorNotExists_ThenThrowsResourceNotFoundException()]
display-name: getAllChargingStations_WhenOperatorNotExists_ThenThrowsResourceNotFoundException()
]]></system-out>
<properties>
<property name="requirements" value="SV-34"/>
<property name="tags" value="IT-Fast"/>
<property name="_dummy_" value=""/>
</properties>
</testcase>
<testcase name="getSessions_ValidRequest_ReturnsSessions" classname="ua.tqs.smartvolt.smartvolt.integration.ChargingSessionControllerIT" time="0" started-at="2025-06-05T15:49:39.586072812" finished-at="2025-06-05T15:49:39.739303941">
<system-out><![CDATA[
unique-id: [engine:junit-jupiter]/[class:ua.tqs.smartvolt.smartvolt.integration.ChargingSessionControllerIT]/[method:getSessions_ValidRequest_ReturnsSessions()]
display-name: getSessions_ValidRequest_ReturnsSessions()
]]></system-out>
<properties>
<property name="requirements" value="SV-36"/>
<property name="tags" value="IT-Fast"/>
<property name="_dummy_" value=""/>
</properties>
</testcase>
<testcase name="getChargingSlotsByStationId_MixedStationFiltersBySpeed_ReturnsCorrectSlots" classname="ua.tqs.smartvolt.smartvolt.integration.ChargingStationSlotsControllerIT" time="0" started-at="2025-06-05T15:49:31.728592937" finished-at="2025-06-05T15:49:32.038335017">
<system-out><![CDATA[
unique-id: [engine:junit-jupiter]/[class:ua.tqs.smartvolt.smartvolt.integration.ChargingStationSlotsControllerIT]/[method:getChargingSlotsByStationId_MixedStationFiltersBySpeed_ReturnsCorrectSlots()]
display-name: getChargingSlotsByStationId_MixedStationFiltersBySpeed_ReturnsCorrectSlots()
]]></system-out>
<properties>
<property name="requirements" value="SV-24"/>
<property name="tags" value="IT-Fast"/>
<property name="_dummy_" value=""/>
</properties>
</testcase>
<testcase name="finalizeBookingPayment_BookingExpired_ThrowsExceptionAndDeletesBooking" classname="ua.tqs.smartvolt.smartvolt.services.BookingServiceTest" time="0" started-at="2025-06-05T15:49:49.783896518" finished-at="2025-06-05T15:49:49.787001477">
<system-out><![CDATA[
unique-id: [engine:junit-jupiter]/[class:ua.tqs.smartvolt.smartvolt.services.BookingServiceTest]/[method:finalizeBookingPayment_BookingExpired_ThrowsExceptionAndDeletesBooking()]
display-name: finalizeBookingPayment_BookingExpired_ThrowsExceptionAndDeletesBooking()
]]></system-out>
<properties>
<property name="requirements" value="SV-26"/>
<property name="tags" value="UnitTest"/>
<property name="_dummy_" value=""/>
</properties>
</testcase>
<testcase name="createBooking_Unauthorized_ReturnsForbidden" classname="ua.tqs.smartvolt.smartvolt.integration.BookingControllerIT" time="0" started-at="2025-06-05T15:49:46.69741075" finished-at="2025-06-05T15:49:46.924960607">
<system-out><![CDATA[
unique-id: [engine:junit-jupiter]/[class:ua.tqs.smartvolt.smartvolt.integration.BookingControllerIT]/[method:createBooking_Unauthorized_ReturnsForbidden()]
display-name: createBooking_Unauthorized_ReturnsForbidden()
]]></system-out>
<properties>
<property name="requirements" value="SV-242"/>
<property name="tags" value="IT-Fast,IT-Booking"/>
<property name="_dummy_" value=""/>
</properties>
</testcase>
<testcase name="checkGreaterThan_shouldThrowException_whenValueIsNull" classname="ua.tqs.smartvolt.smartvolt.utils.validation.ValidatorTest" time="0" started-at="2025-06-05T15:49:48.613191285" finished-at="2025-06-05T15:49:48.613536429">
<system-out><![CDATA[
unique-id: [engine:junit-jupiter]/[class:ua.tqs.smartvolt.smartvolt.utils.validation.ValidatorTest]/[method:checkGreaterThan_shouldThrowException_whenValueIsNull()]
display-name: checkGreaterThan_shouldThrowException_whenValueIsNull()
]]></system-out>
<properties>
<property name="tags" value="UnitTest"/>
<property name="_dummy_" value=""/>
</properties>
</testcase>
<testcase name="createBooking_InvalidStartTimeInterval_ReturnsBadRequest" classname="ua.tqs.smartvolt.smartvolt.integration.BookingControllerIT" time="0" started-at="2025-06-05T15:49:48.165078441" finished-at="2025-06-05T15:49:48.377508714">
<system-out><![CDATA[
unique-id: [engine:junit-jupiter]/[class:ua.tqs.smartvolt.smartvolt.integration.BookingControllerIT]/[method:createBooking_InvalidStartTimeInterval_ReturnsBadRequest()]
display-name: createBooking_InvalidStartTimeInterval_ReturnsBadRequest()
]]></system-out>
<properties>
<property name="requirements" value="SV-242"/>
<property name="tags" value="IT-Fast,IT-Booking"/>
<property name="_dummy_" value=""/>
</properties>
</testcase>
<testcase name="getAvailableSlots_NoSlotsForSelectedSpeed_ReturnsEmptyListAndZeroPrice" classname="ua.tqs.smartvolt.smartvolt.services.ChargingSlotServiceTest" time="0" started-at="2025-06-05T15:49:49.854350722" finished-at="2025-06-05T15:49:49.856339907">
<system-out><![CDATA[
unique-id: [engine:junit-jupiter]/[class:ua.tqs.smartvolt.smartvolt.services.ChargingSlotServiceTest]/[method:getAvailableSlots_NoSlotsForSelectedSpeed_ReturnsEmptyListAndZeroPrice()]
display-name: getAvailableSlots_NoSlotsForSelectedSpeed_ReturnsEmptyListAndZeroPrice()
]]></system-out>
<properties>
<property name="requirements" value="SV-24"/>
<property name="tags" value="UnitTest"/>
<property name="_dummy_" value=""/>
</properties>
</testcase>
<testcase name="checkNotNull_shouldNotThrowException_whenObjectIsNotNull" classname="ua.tqs.smartvolt.smartvolt.utils.validation.ValidatorTest" time="0" started-at="2025-06-05T15:49:48.615224512" finished-at="2025-06-05T15:49:48.615574315">
<system-out><![CDATA[
unique-id: [engine:junit-jupiter]/[class:ua.tqs.smartvolt.smartvolt.utils.validation.ValidatorTest]/[method:checkNotNull_shouldNotThrowException_whenObjectIsNotNull()]
display-name: checkNotNull_shouldNotThrowException_whenObjectIsNotNull()
]]></system-out>
<properties>
<property name="tags" value="UnitTest"/>
<property name="_dummy_" value=""/>
</properties>
</testcase>
<testcase name="checkLessThan_shouldThrowException_whenValueIsNull" classname="ua.tqs.smartvolt.smartvolt.utils.validation.ValidatorTest" time="0" started-at="2025-06-05T15:49:48.621700046" finished-at="2025-06-05T15:49:48.622056261">
<system-out><![CDATA[
unique-id: [engine:junit-jupiter]/[class:ua.tqs.smartvolt.smartvolt.utils.validation.ValidatorTest]/[method:checkLessThan_shouldThrowException_whenValueIsNull()]
display-name: checkLessThan_shouldThrowException_whenValueIsNull()
]]></system-out>
<properties>
<property name="tags" value="UnitTest"/>
<property name="_dummy_" value=""/>
</properties>
</testcase>
<testcase name="createBooking_InvalidDriverId_ThrowsResourceNotFoundException" classname="ua.tqs.smartvolt.smartvolt.services.BookingServiceTest" time="0" started-at="2025-06-05T15:49:49.791539182" finished-at="2025-06-05T15:49:49.795712626">
<system-out><![CDATA[
unique-id: [engine:junit-jupiter]/[class:ua.tqs.smartvolt.smartvolt.services.BookingServiceTest]/[method:createBooking_InvalidDriverId_ThrowsResourceNotFoundException()]
display-name: createBooking_InvalidDriverId_ThrowsResourceNotFoundException()
]]></system-out>
<properties>
<property name="requirements" value="SV-242"/>
<property name="tags" value="UnitTest"/>
<property name="_dummy_" value=""/>
</properties>
</testcase>
<testcase name="createChargingSlot_WhenInvalidChargingSpeed_ThrowsInvalidRequestException" classname="ua.tqs.smartvolt.smartvolt.services.ChargingSlotServiceTest" time="0" started-at="2025-06-05T15:49:49.837253801" finished-at="2025-06-05T15:49:49.840473013">
<system-out><![CDATA[
unique-id: [engine:junit-jupiter]/[class:ua.tqs.smartvolt.smartvolt.services.ChargingSlotServiceTest]/[method:createChargingSlot_WhenInvalidChargingSpeed_ThrowsInvalidRequestException()]
display-name: createChargingSlot_WhenInvalidChargingSpeed_ThrowsInvalidRequestException()
]]></system-out>
<properties>
<property name="requirements" value="SV-68"/>
<property name="tags" value="UnitTest"/>
<property name="_dummy_" value=""/>
</properties>
</testcase>
<testcase name="getChargingSlotsByStationId_PastDate_ReturnsEmptyListAndZeroPrice" classname="ua.tqs.smartvolt.smartvolt.integration.ChargingStationSlotsControllerIT" time="0" started-at="2025-06-05T15:49:31.164664266" finished-at="2025-06-05T15:49:31.357496959">
<system-out><![CDATA[
unique-id: [engine:junit-jupiter]/[class:ua.tqs.smartvolt.smartvolt.integration.ChargingStationSlotsControllerIT]/[method:getChargingSlotsByStationId_PastDate_ReturnsEmptyListAndZeroPrice()]
display-name: getChargingSlotsByStationId_PastDate_ReturnsEmptyListAndZeroPrice()
]]></system-out>
<properties>
<property name="requirements" value="SV-24"/>
<property name="tags" value="IT-Fast"/>
<property name="_dummy_" value=""/>
</properties>
</testcase>
<testcase name="updateChargingStationStatus_WhenStationExists_UpdatesAvailability" classname="ua.tqs.smartvolt.smartvolt.services.ChargingStationServiceTest" time="0" started-at="2025-06-05T15:49:49.385378156" finished-at="2025-06-05T15:49:49.390077993">
<system-out><![CDATA[
unique-id: [engine:junit-jupiter]/[class:ua.tqs.smartvolt.smartvolt.services.ChargingStationServiceTest]/[method:updateChargingStationStatus_WhenStationExists_UpdatesAvailability()]
display-name: updateChargingStationStatus_WhenStationExists_UpdatesAvailability()
]]></system-out>
<properties>
<property name="requirements" value="SV-35"/>
<property name="tags" value="UnitTest"/>
<property name="_dummy_" value=""/>
</properties>
</testcase>
<testcase name="getEvDriverById_NonExistingId_ReturnsEmptyOptional" classname="ua.tqs.smartvolt.smartvolt.services.EvDriverServiceTest" time="0" started-at="2025-06-05T15:49:49.912819391" finished-at="2025-06-05T15:49:49.914167508">
<system-out><![CDATA[
unique-id: [engine:junit-jupiter]/[class:ua.tqs.smartvolt.smartvolt.services.EvDriverServiceTest]/[method:getEvDriverById_NonExistingId_ReturnsEmptyOptional()]
display-name: getEvDriverById_NonExistingId_ReturnsEmptyOptional()
]]></system-out>
<properties>
<property name="requirements" value="SV-32"/>
<property name="tags" value="UnitTest"/>
<property name="_dummy_" value=""/>
</properties>
</testcase>
<testcase name="getEvDriverByEmail_NonExistingEmail_ReturnsEmptyOptional" classname="ua.tqs.smartvolt.smartvolt.services.EvDriverServiceTest" time="0" started-at="2025-06-05T15:49:49.901350531" finished-at="2025-06-05T15:49:49.905652375">
<system-out><![CDATA[
unique-id: [engine:junit-jupiter]/[class:ua.tqs.smartvolt.smartvolt.services.EvDriverServiceTest]/[method:getEvDriverByEmail_NonExistingEmail_ReturnsEmptyOptional()]
display-name: getEvDriverByEmail_NonExistingEmail_ReturnsEmptyOptional()
]]></system-out>
<properties>
<property name="requirements" value="SV-32"/>
<property name="tags" value="UnitTest"/>
<property name="_dummy_" value=""/>
</properties>
</testcase>
<testcase name="createBooking_MissingStartTime_ReturnsInternalServerError" classname="ua.tqs.smartvolt.smartvolt.integration.BookingControllerIT" time="0" started-at="2025-06-05T15:49:47.4795632" finished-at="2025-06-05T15:49:47.701128402">
<system-out><![CDATA[
unique-id: [engine:junit-jupiter]/[class:ua.tqs.smartvolt.smartvolt.integration.BookingControllerIT]/[method:createBooking_MissingStartTime_ReturnsInternalServerError()]
display-name: createBooking_MissingStartTime_ReturnsInternalServerError()
]]></system-out>
<properties>
<property name="requirements" value="SV-242"/>
<property name="tags" value="IT-Fast,IT-Booking"/>
<property name="_dummy_" value=""/>
</properties>
</testcase>
<testcase name="getAvailableSlots_SomeSlotsBooked_ReturnsOnlyAvailableSlots" classname="ua.tqs.smartvolt.smartvolt.services.ChargingSlotServiceTest" time="0" started-at="2025-06-05T15:49:49.843838999" finished-at="2025-06-05T15:49:49.850797636">
<system-out><![CDATA[
unique-id: [engine:junit-jupiter]/[class:ua.tqs.smartvolt.smartvolt.services.ChargingSlotServiceTest]/[method:getAvailableSlots_SomeSlotsBooked_ReturnsOnlyAvailableSlots()]
display-name: getAvailableSlots_SomeSlotsBooked_ReturnsOnlyAvailableSlots()
]]></system-out>
<properties>
<property name="requirements" value="SV-24"/>
<property name="tags" value="UnitTest"/>
<property name="_dummy_" value=""/>
</properties>
</testcase>
<testcase name="checkCoordinates_shouldNotThrowException_whenCoordinatesAreValid" classname="ua.tqs.smartvolt.smartvolt.utils.validation.ValidatorTest" time="0" started-at="2025-06-05T15:49:48.616189284" finished-at="2025-06-05T15:49:48.616626611">
<system-out><![CDATA[
unique-id: [engine:junit-jupiter]/[class:ua.tqs.smartvolt.smartvolt.utils.validation.ValidatorTest]/[method:checkCoordinates_shouldNotThrowException_whenCoordinatesAreValid()]
display-name: checkCoordinates_shouldNotThrowException_whenCoordinatesAreValid()
]]></system-out>
<properties>
<property name="tags" value="UnitTest"/>
<property name="_dummy_" value=""/>
</properties>
</testcase>
<testcase name="checkCoordinates_shouldThrowException_whenLatitudeIsNull" classname="ua.tqs.smartvolt.smartvolt.utils.validation.ValidatorTest" time="0" started-at="2025-06-05T15:49:48.619769911" finished-at="2025-06-05T15:49:48.620530422">
<system-out><![CDATA[
unique-id: [engine:junit-jupiter]/[class:ua.tqs.smartvolt.smartvolt.utils.validation.ValidatorTest]/[method:checkCoordinates_shouldThrowException_whenLatitudeIsNull()]
display-name: checkCoordinates_shouldThrowException_whenLatitudeIsNull()
]]></system-out>
<properties>
<property name="tags" value="UnitTest"/>
<property name="_dummy_" value=""/>
</properties>
</testcase>
<testcase name="getChargingSlotsByStationId_Unauthorized_ReturnsForbidden" classname="ua.tqs.smartvolt.smartvolt.integration.ChargingStationSlotsControllerIT" time="0" started-at="2025-06-05T15:49:31.357992314" finished-at="2025-06-05T15:49:31.53723598">
<system-out><![CDATA[
unique-id: [engine:junit-jupiter]/[class:ua.tqs.smartvolt.smartvolt.integration.ChargingStationSlotsControllerIT]/[method:getChargingSlotsByStationId_Unauthorized_ReturnsForbidden()]
display-name: getChargingSlotsByStationId_Unauthorized_ReturnsForbidden()
]]></system-out>
<properties>
<property name="requirements" value="SV-24"/>
<property name="tags" value="IT-Fast"/>
<property name="_dummy_" value=""/>
</properties>
</testcase>
<testcase name="getChargingStationsByChargingSpeed_WhenInputSpeedsAreNull_ThrowsResourceNotFoundException" classname="ua.tqs.smartvolt.smartvolt.services.ChargingStationServiceTest" time="0" started-at="2025-06-05T15:49:49.403482197" finished-at="2025-06-05T15:49:49.40646027">
<system-out><![CDATA[
unique-id: [engine:junit-jupiter]/[class:ua.tqs.smartvolt.smartvolt.services.ChargingStationServiceTest]/[method:getChargingStationsByChargingSpeed_WhenInputSpeedsAreNull_ThrowsResourceNotFoundException()]
display-name: getChargingStationsByChargingSpeed_WhenInputSpeedsAreNull_ThrowsResourceNotFoundException()
]]></system-out>
<properties>
<property name="requirements" value="SV-19"/>
<property name="tags" value="UnitTest"/>
<property name="_dummy_" value=""/>
</properties>
</testcase>
<testcase name="getEvDriverInfo_ValidDriver_ReturnsUserInfoResponse" classname="ua.tqs.smartvolt.smartvolt.services.EvDriverServiceTest" time="0" started-at="2025-06-05T15:49:49.875784042" finished-at="2025-06-05T15:49:49.880328198">
<system-out><![CDATA[
unique-id: [engine:junit-jupiter]/[class:ua.tqs.smartvolt.smartvolt.services.EvDriverServiceTest]/[method:getEvDriverInfo_ValidDriver_ReturnsUserInfoResponse()]
display-name: getEvDriverInfo_ValidDriver_ReturnsUserInfoResponse()
]]></system-out>
<properties>
<property name="requirements" value="SV-31"/>
<property name="tags" value="UnitTest"/>
<property name="_dummy_" value=""/>
</properties>
</testcase>
<testcase name="finalizeBookingPayment_BookingNotFound_ThrowsException" classname="ua.tqs.smartvolt.smartvolt.services.BookingServiceTest" time="0" started-at="2025-06-05T15:49:49.780306563" finished-at="2025-06-05T15:49:49.783685574">
<system-out><![CDATA[
unique-id: [engine:junit-jupiter]/[class:ua.tqs.smartvolt.smartvolt.services.BookingServiceTest]/[method:finalizeBookingPayment_BookingNotFound_ThrowsException()]
display-name: finalizeBookingPayment_BookingNotFound_ThrowsException()
]]></system-out>
<properties>
<property name="requirements" value="SV-26"/>
<property name="tags" value="UnitTest"/>
<property name="_dummy_" value=""/>
</properties>
</testcase>
<testcase name="unlockChargingSlot_BookingNotPaidOrAlreadyUsed_ThrowsException" classname="ua.tqs.smartvolt.smartvolt.services.BookingServiceTest" time="0" started-at="2025-06-05T15:49:49.802205342" finished-at="2025-06-05T15:49:49.804987418">
<system-out><![CDATA[
unique-id: [engine:junit-jupiter]/[class:ua.tqs.smartvolt.smartvolt.services.BookingServiceTest]/[method:unlockChargingSlot_BookingNotPaidOrAlreadyUsed_ThrowsException()]
display-name: unlockChargingSlot_BookingNotPaidOrAlreadyUsed_ThrowsException()
]]></system-out>
<properties>
<property name="tags" value="UnitTest"/>
<property name="_dummy_" value=""/>
</properties>
</testcase>
<testcase name="checkUrl_shouldNotThrowException_whenUrlIsValid" classname="ua.tqs.smartvolt.smartvolt.utils.validation.ValidatorTest" time="0" started-at="2025-06-05T15:49:48.621133718" finished-at="2025-06-05T15:49:48.621613354">
<system-out><![CDATA[
unique-id: [engine:junit-jupiter]/[class:ua.tqs.smartvolt.smartvolt.utils.validation.ValidatorTest]/[method:checkUrl_shouldNotThrowException_whenUrlIsValid()]
display-name: checkUrl_shouldNotThrowException_whenUrlIsValid()
]]></system-out>
<properties>
<property name="tags" value="UnitTest"/>
<property name="_dummy_" value=""/>
</properties>
</testcase>
<testcase name="getChargingStationsByChargingSpeed_FilterSlowAndMedium_ReturnsCorrectStations" classname="ua.tqs.smartvolt.smartvolt.integration.ServiceStationsMapControllerIT" time="0" started-at="2025-06-05T15:49:37.026857728" finished-at="2025-06-05T15:49:37.137907658">
<system-out><![CDATA[
unique-id: [engine:junit-jupiter]/[class:ua.tqs.smartvolt.smartvolt.integration.ServiceStationsMapControllerIT]/[method:getChargingStationsByChargingSpeed_FilterSlowAndMedium_ReturnsCorrectStations()]
display-name: getChargingStationsByChargingSpeed_FilterSlowAndMedium_ReturnsCorrectStations()
]]></system-out>
<properties>
<property name="requirements" value="SV-19"/>
<property name="tags" value="IT-Fast"/>
<property name="_dummy_" value=""/>
</properties>
</testcase>
<testcase name="createChargingStation_WhenOperatorExists_ThenCreatesChargingStation" classname="ua.tqs.smartvolt.smartvolt.integration.ChargingStationControllerIT" time="0" started-at="2025-06-05T15:49:27.207612996" finished-at="2025-06-05T15:49:27.45704035">
<system-out><![CDATA[
unique-id: [engine:junit-jupiter]/[class:ua.tqs.smartvolt.smartvolt.integration.ChargingStationControllerIT]/[method:createChargingStation_WhenOperatorExists_ThenCreatesChargingStation()]
display-name: createChargingStation_WhenOperatorExists_ThenCreatesChargingStation()
]]></system-out>
<properties>
<property name="requirements" value="SV-34"/>
<property name="tags" value="IT-Fast"/>
<property name="_dummy_" value=""/>
</properties>
</testcase>
<testcase name="checkGreaterThan_shouldThrowException_whenValueIsLessThanThreshold" classname="ua.tqs.smartvolt.smartvolt.utils.validation.ValidatorTest" time="0" started-at="2025-06-05T15:49:48.614733164" finished-at="2025-06-05T15:49:48.615141317">
<system-out><![CDATA[
unique-id: [engine:junit-jupiter]/[class:ua.tqs.smartvolt.smartvolt.utils.validation.ValidatorTest]/[method:checkGreaterThan_shouldThrowException_whenValueIsLessThanThreshold()]
display-name: checkGreaterThan_shouldThrowException_whenValueIsLessThanThreshold()
]]></system-out>
<properties>
<property name="tags" value="UnitTest"/>
<property name="_dummy_" value=""/>
</properties>
</testcase>
<testcase name="updateChargingStationStatus_WhenStationNotExists_ThenThrowsResourceNotFoundException" classname="ua.tqs.smartvolt.smartvolt.integration.ChargingStationControllerIT" time="2" started-at="2025-06-05T15:49:24.93886781" finished-at="2025-06-05T15:49:27.206017998">
<system-out><![CDATA[
unique-id: [engine:junit-jupiter]/[class:ua.tqs.smartvolt.smartvolt.integration.ChargingStationControllerIT]/[method:updateChargingStationStatus_WhenStationNotExists_ThenThrowsResourceNotFoundException()]
display-name: updateChargingStationStatus_WhenStationNotExists_ThenThrowsResourceNotFoundException()
]]></system-out>
<properties>
<property name="requirements" value="SV-35"/>
<property name="tags" value="IT-Fast"/>
<property name="_dummy_" value=""/>
</properties>
</testcase>
<testcase name="createChargingStation_WhenOperatorExists_CreatesChargingStation" classname="ua.tqs.smartvolt.smartvolt.services.ChargingStationServiceTest" time="0" started-at="2025-06-05T15:49:49.406794093" finished-at="2025-06-05T15:49:49.410046628">
<system-out><![CDATA[
unique-id: [engine:junit-jupiter]/[class:ua.tqs.smartvolt.smartvolt.services.ChargingStationServiceTest]/[method:createChargingStation_WhenOperatorExists_CreatesChargingStation()]
display-name: createChargingStation_WhenOperatorExists_CreatesChargingStation()
]]></system-out>
<properties>
<property name="requirements" value="SV-34"/>
<property name="tags" value="UnitTest"/>
<property name="_dummy_" value=""/>
</properties>
</testcase>
<testcase name="checkGreaterThan_shouldNotThrowException_whenValueIsGraterThanThreshold" classname="ua.tqs.smartvolt.smartvolt.utils.validation.ValidatorTest" time="0" started-at="2025-06-05T15:49:48.617294188" finished-at="2025-06-05T15:49:48.617669749">
<system-out><![CDATA[
unique-id: [engine:junit-jupiter]/[class:ua.tqs.smartvolt.smartvolt.utils.validation.ValidatorTest]/[method:checkGreaterThan_shouldNotThrowException_whenValueIsGraterThanThreshold()]
display-name: checkGreaterThan_shouldNotThrowException_whenValueIsGraterThanThreshold()
]]></system-out>
<properties>
<property name="tags" value="UnitTest"/>
<property name="_dummy_" value=""/>
</properties>
</testcase>
<testcase name="getAvailableSlots_FutureDate_ReturnsAvailableSlots" classname="ua.tqs.smartvolt.smartvolt.services.ChargingSlotServiceTest" time="0" started-at="2025-06-05T15:49:49.856548106" finished-at="2025-06-05T15:49:49.863219145">
<system-out><![CDATA[
unique-id: [engine:junit-jupiter]/[class:ua.tqs.smartvolt.smartvolt.services.ChargingSlotServiceTest]/[method:getAvailableSlots_FutureDate_ReturnsAvailableSlots()]
display-name: getAvailableSlots_FutureDate_ReturnsAvailableSlots()
]]></system-out>
<properties>
<property name="requirements" value="SV-24"/>
<property name="tags" value="UnitTest"/>
<property name="_dummy_" value=""/>
</properties>
</testcase>
<testcase name="getUserStatistics_AfterNewBookings_UpdatesCorrectly" classname="ua.tqs.smartvolt.smartvolt.integration.UserControllerIT" time="0" started-at="2025-06-05T15:49:42.093553255" finished-at="2025-06-05T15:49:42.592877446">
<system-out><![CDATA[
unique-id: [engine:junit-jupiter]/[class:ua.tqs.smartvolt.smartvolt.integration.UserControllerIT]/[method:getUserStatistics_AfterNewBookings_UpdatesCorrectly()]
display-name: getUserStatistics_AfterNewBookings_UpdatesCorrectly()
]]></system-out>
<properties>
<property name="requirements" value="SV-33"/>
<property name="tags" value="IT-Fast,IT-User"/>
<property name="_dummy_" value=""/>
</properties>
</testcase>
<testcase name="getEvDriverConsumption_DriverNotFound_ThrowsResourceNotFoundException" classname="ua.tqs.smartvolt.smartvolt.services.EvDriverServiceTest" time="0" started-at="2025-06-05T15:49:49.916049113" finished-at="2025-06-05T15:49:49.918104481">
<system-out><![CDATA[
unique-id: [engine:junit-jupiter]/[class:ua.tqs.smartvolt.smartvolt.services.EvDriverServiceTest]/[method:getEvDriverConsumption_DriverNotFound_ThrowsResourceNotFoundException()]
display-name: getEvDriverConsumption_DriverNotFound_ThrowsResourceNotFoundException()
]]></system-out>
<properties>
<property name="requirements" value="SV-33"/>
<property name="tags" value="UnitTest"/>
<property name="_dummy_" value=""/>
</properties>
</testcase>
<testcase name="checkLessThan_shouldThrowException_whenValueIsEqualToExpected" classname="ua.tqs.smartvolt.smartvolt.utils.validation.ValidatorTest" time="0" started-at="2025-06-05T15:49:48.613626047" finished-at="2025-06-05T15:49:48.613994916">
<system-out><![CDATA[
unique-id: [engine:junit-jupiter]/[class:ua.tqs.smartvolt.smartvolt.utils.validation.ValidatorTest]/[method:checkLessThan_shouldThrowException_whenValueIsEqualToExpected()]
display-name: checkLessThan_shouldThrowException_whenValueIsEqualToExpected()
]]></system-out>
<properties>
<property name="tags" value="UnitTest"/>
<property name="_dummy_" value=""/>
</properties>
</testcase>
<testcase name="createBooking_InvalidStartTimeInterval_ThrowsIllegalArgumentException" classname="ua.tqs.smartvolt.smartvolt.services.BookingServiceTest" time="0" started-at="2025-06-05T15:49:49.787243729" finished-at="2025-06-05T15:49:49.790810381">
<system-out><![CDATA[
unique-id: [engine:junit-jupiter]/[class:ua.tqs.smartvolt.smartvolt.services.BookingServiceTest]/[method:createBooking_InvalidStartTimeInterval_ThrowsIllegalArgumentException()]
display-name: createBooking_InvalidStartTimeInterval_ThrowsIllegalArgumentException()
]]></system-out>
<properties>
<property name="requirements" value="SV-242"/>
<property name="tags" value="UnitTest"/>
<property name="_dummy_" value=""/>
</properties>
</testcase>
<testcase name="getAvailableSlots_PastDate_ReturnsEmptyListAndZeroPrice" classname="ua.tqs.smartvolt.smartvolt.services.ChargingSlotServiceTest" time="0" started-at="2025-06-05T15:49:49.870734992" finished-at="2025-06-05T15:49:49.872679363">
<system-out><![CDATA[
unique-id: [engine:junit-jupiter]/[class:ua.tqs.smartvolt.smartvolt.services.ChargingSlotServiceTest]/[method:getAvailableSlots_PastDate_ReturnsEmptyListAndZeroPrice()]
display-name: getAvailableSlots_PastDate_ReturnsEmptyListAndZeroPrice()
]]></system-out>
<properties>
<property name="requirements" value="SV-24"/>
<property name="tags" value="UnitTest"/>
<property name="_dummy_" value=""/>
</properties>
</testcase>
<testcase name="updateChargingStationStatus_WhenStationDoesNotExist_ThrowsResourceNotFoundException" classname="ua.tqs.smartvolt.smartvolt.services.ChargingStationServiceTest" time="0" started-at="2025-06-05T15:49:49.335888246" finished-at="2025-06-05T15:49:49.359241752">
<system-out><![CDATA[
unique-id: [engine:junit-jupiter]/[class:ua.tqs.smartvolt.smartvolt.services.ChargingStationServiceTest]/[method:updateChargingStationStatus_WhenStationDoesNotExist_ThrowsResourceNotFoundException()]
display-name: updateChargingStationStatus_WhenStationDoesNotExist_ThrowsResourceNotFoundException()
]]></system-out>
<properties>
<property name="requirements" value="SV-35"/>
<property name="tags" value="UnitTest"/>
<property name="_dummy_" value=""/>
</properties>
</testcase>
<testcase name="getChargingStationsByChargingSpeed_FilterSlow_ReturnsOnlySlowStations" classname="ua.tqs.smartvolt.smartvolt.integration.ServiceStationsMapControllerIT" time="0" started-at="2025-06-05T15:49:36.695595864" finished-at="2025-06-05T15:49:36.821403244">
<system-out><![CDATA[
unique-id: [engine:junit-jupiter]/[class:ua.tqs.smartvolt.smartvolt.integration.ServiceStationsMapControllerIT]/[method:getChargingStationsByChargingSpeed_FilterSlow_ReturnsOnlySlowStations()]
display-name: getChargingStationsByChargingSpeed_FilterSlow_ReturnsOnlySlowStations()
]]></system-out>
<properties>
<property name="requirements" value="SV-19"/>
<property name="tags" value="IT-Fast"/>
<property name="_dummy_" value=""/>
</properties>
</testcase>
<testcase name="getAvailableSlots_InvalidStationId_ThrowsResourceNotFoundException" classname="ua.tqs.smartvolt.smartvolt.services.ChargingSlotServiceTest" time="0" started-at="2025-06-05T15:49:49.840742997" finished-at="2025-06-05T15:49:49.843543417">
<system-out><![CDATA[
unique-id: [engine:junit-jupiter]/[class:ua.tqs.smartvolt.smartvolt.services.ChargingSlotServiceTest]/[method:getAvailableSlots_InvalidStationId_ThrowsResourceNotFoundException()]
display-name: getAvailableSlots_InvalidStationId_ThrowsResourceNotFoundException()
]]></system-out>
<properties>
<property name="requirements" value="SV-24"/>
<property name="tags" value="UnitTest"/>
<property name="_dummy_" value=""/>
</properties>
</testcase>
<testcase name="getChargingSlotsByStationId_InvalidStationId_ReturnsNotFound" classname="ua.tqs.smartvolt.smartvolt.integration.ChargingStationSlotsControllerIT" time="0" started-at="2025-06-05T15:49:32.039347748" finished-at="2025-06-05T15:49:32.237603441">
<system-out><![CDATA[
unique-id: [engine:junit-jupiter]/[class:ua.tqs.smartvolt.smartvolt.integration.ChargingStationSlotsControllerIT]/[method:getChargingSlotsByStationId_InvalidStationId_ReturnsNotFound()]
display-name: getChargingSlotsByStationId_InvalidStationId_ReturnsNotFound()
]]></system-out>
<properties>
<property name="requirements" value="SV-24"/>
<property name="tags" value="IT-Fast"/>
<property name="_dummy_" value=""/>
</properties>
</testcase>
<testcase name="getChargingSlotsByStationId_ValidRequest_ReturnsAvailableSlots" classname="ua.tqs.smartvolt.smartvolt.integration.ChargingStationSlotsControllerIT" time="0" started-at="2025-06-05T15:49:30.700788926" finished-at="2025-06-05T15:49:31.163902774">
<system-out><![CDATA[
unique-id: [engine:junit-jupiter]/[class:ua.tqs.smartvolt.smartvolt.integration.ChargingStationSlotsControllerIT]/[method:getChargingSlotsByStationId_ValidRequest_ReturnsAvailableSlots()]
display-name: getChargingSlotsByStationId_ValidRequest_ReturnsAvailableSlots()
]]></system-out>
<properties>
<property name="requirements" value="SV-24"/>
<property name="tags" value="IT-Fast"/>
<property name="_dummy_" value=""/>
</properties>
</testcase>
<testcase name="getSessions_ShouldReturnOperatorSessionsResponse" classname="ua.tqs.smartvolt.smartvolt.services.ChargingSessionServiceTest" time="0" started-at="2025-06-05T15:49:49.421834764" finished-at="2025-06-05T15:49:49.535969116">
<system-out><![CDATA[
unique-id: [engine:junit-jupiter]/[class:ua.tqs.smartvolt.smartvolt.services.ChargingSessionServiceTest]/[method:getSessions_ShouldReturnOperatorSessionsResponse()]
display-name: getSessions_ShouldReturnOperatorSessionsResponse()
]]></system-out>
<properties>
<property name="requirements" value="SV-36"/>
<property name="tags" value="UnitTest"/>
<property name="_dummy_" value=""/>
</properties>
</testcase>
<testcase name="getEvDriverById_ExistingId_ReturnsEvDriver" classname="ua.tqs.smartvolt.smartvolt.services.EvDriverServiceTest" time="0" started-at="2025-06-05T15:49:49.91845183" finished-at="2025-06-05T15:49:49.920878572">
<system-out><![CDATA[
unique-id: [engine:junit-jupiter]/[class:ua.tqs.smartvolt.smartvolt.services.EvDriverServiceTest]/[method:getEvDriverById_ExistingId_ReturnsEvDriver()]
display-name: getEvDriverById_ExistingId_ReturnsEvDriver()
]]></system-out>
<properties>
<property name="requirements" value="SV-32"/>
<property name="tags" value="UnitTest"/>
<property name="_dummy_" value=""/>
</properties>
</testcase>
<testcase name="createChargingSlot_WhenInvalidChargingSpeed_ReturnsBadRequest" classname="ua.tqs.smartvolt.smartvolt.integration.ChargingStationSlotsControllerIT" time="0" started-at="2025-06-05T15:49:32.662227415" finished-at="2025-06-05T15:49:32.831378364">
<system-out><![CDATA[
unique-id: [engine:junit-jupiter]/[class:ua.tqs.smartvolt.smartvolt.integration.ChargingStationSlotsControllerIT]/[method:createChargingSlot_WhenInvalidChargingSpeed_ReturnsBadRequest()]
display-name: createChargingSlot_WhenInvalidChargingSpeed_ReturnsBadRequest()
]]></system-out>
<properties>
<property name="requirements" value="SV-68"/>
<property name="tags" value="IT-Fast"/>
<property name="_dummy_" value=""/>
</properties>
</testcase>
<testcase name="getAvailableSlots_ValidRequest_ReturnsCorrectSlots" classname="ua.tqs.smartvolt.smartvolt.services.ChargingSlotServiceTest" time="0" started-at="2025-06-05T15:49:49.863482567" finished-at="2025-06-05T15:49:49.867574128">
<system-out><![CDATA[
unique-id: [engine:junit-jupiter]/[class:ua.tqs.smartvolt.smartvolt.services.ChargingSlotServiceTest]/[method:getAvailableSlots_ValidRequest_ReturnsCorrectSlots()]
display-name: getAvailableSlots_ValidRequest_ReturnsCorrectSlots()
]]></system-out>
<properties>
<property name="requirements" value="SV-24"/>
<property name="tags" value="UnitTest"/>
<property name="_dummy_" value=""/>
</properties>
</testcase>
<testcase name="createChargingSlot_WhenValidRequestFastSpeed_ReturnsCreatedSlot" classname="ua.tqs.smartvolt.smartvolt.integration.ChargingStationSlotsControllerIT" time="0" started-at="2025-06-05T15:49:32.831987312" finished-at="2025-06-05T15:49:33.02196784">
<system-out><![CDATA[
unique-id: [engine:junit-jupiter]/[class:ua.tqs.smartvolt.smartvolt.integration.ChargingStationSlotsControllerIT]/[method:createChargingSlot_WhenValidRequestFastSpeed_ReturnsCreatedSlot()]
display-name: createChargingSlot_WhenValidRequestFastSpeed_ReturnsCreatedSlot()
]]></system-out>
<properties>
<property name="requirements" value="SV-68"/>
<property name="tags" value="IT-Fast"/>
<property name="_dummy_" value=""/>
</properties>
</testcase>
<testcase name="getAllChargingStations_WhenOperatorExists_ReturnsListOfChargingStations" classname="ua.tqs.smartvolt.smartvolt.services.ChargingStationServiceTest" time="0" started-at="2025-06-05T15:49:49.360222353" finished-at="2025-06-05T15:49:49.384917665">
<system-out><![CDATA[
unique-id: [engine:junit-jupiter]/[class:ua.tqs.smartvolt.smartvolt.services.ChargingStationServiceTest]/[method:getAllChargingStations_WhenOperatorExists_ReturnsListOfChargingStations()]
display-name: getAllChargingStations_WhenOperatorExists_ReturnsListOfChargingStations()
]]></system-out>
<properties>
<property name="requirements" value="SV-34"/>
<property name="tags" value="UnitTest"/>
<property name="_dummy_" value=""/>
</properties>
</testcase>
<testcase name="checkNotEmptyList_shouldThrowException_whenListIsNullOrEmpty" classname="ua.tqs.smartvolt.smartvolt.utils.validation.ValidatorTest" time="0" started-at="2025-06-05T15:49:48.618736782" finished-at="2025-06-05T15:49:48.619156145">
<system-out><![CDATA[
unique-id: [engine:junit-jupiter]/[class:ua.tqs.smartvolt.smartvolt.utils.validation.ValidatorTest]/[method:checkNotEmptyList_shouldThrowException_whenListIsNullOrEmpty()]
display-name: checkNotEmptyList_shouldThrowException_whenListIsNullOrEmpty()
]]></system-out>
<properties>
<property name="tags" value="UnitTest"/>
<property name="_dummy_" value=""/>
</properties>
</testcase>
<testcase name="getEvDriverBookings_ValidDriverWithBookings_ReturnsChargingHistory" classname="ua.tqs.smartvolt.smartvolt.services.EvDriverServiceTest" time="0" started-at="2025-06-05T15:49:49.893972992" finished-at="2025-06-05T15:49:49.896939633">
<system-out><![CDATA[
unique-id: [engine:junit-jupiter]/[class:ua.tqs.smartvolt.smartvolt.services.EvDriverServiceTest]/[method:getEvDriverBookings_ValidDriverWithBookings_ReturnsChargingHistory()]
display-name: getEvDriverBookings_ValidDriverWithBookings_ReturnsChargingHistory()
]]></system-out>
<properties>
<property name="requirements" value="SV-32"/>
<property name="tags" value="UnitTest"/>
<property name="_dummy_" value=""/>
</properties>
</testcase>
<testcase name="getChargingHistory_ValidDriver_ReturnsHistoryInTableFormat" classname="ua.tqs.smartvolt.smartvolt.integration.UserControllerIT" time="0" started-at="2025-06-05T15:49:42.593472748" finished-at="2025-06-05T15:49:43.025282271">
<system-out><![CDATA[
unique-id: [engine:junit-jupiter]/[class:ua.tqs.smartvolt.smartvolt.integration.UserControllerIT]/[method:getChargingHistory_ValidDriver_ReturnsHistoryInTableFormat()]
display-name: getChargingHistory_ValidDriver_ReturnsHistoryInTableFormat()
]]></system-out>
<properties>
<property name="requirements" value="SV-32"/>
<property name="tags" value="IT-Fast,IT-User"/>
<property name="_dummy_" value=""/>
</properties>
</testcase>
<testcase name="checkLessThan_shouldThrowException_whenValueIsGreaterThanThreshold" classname="ua.tqs.smartvolt.smartvolt.utils.validation.ValidatorTest" time="0" started-at="2025-06-05T15:49:48.617760278" finished-at="2025-06-05T15:49:48.618108288">
<system-out><![CDATA[
unique-id: [engine:junit-jupiter]/[class:ua.tqs.smartvolt.smartvolt.utils.validation.ValidatorTest]/[method:checkLessThan_shouldThrowException_whenValueIsGreaterThanThreshold()]
display-name: checkLessThan_shouldThrowException_whenValueIsGreaterThanThreshold()
]]></system-out>
<properties>
<property name="tags" value="UnitTest"/>
<property name="_dummy_" value=""/>
</properties>
</testcase>
<testcase name="createBooking_NegativePower_ThrowsIllegalArgumentException" classname="ua.tqs.smartvolt.smartvolt.services.BookingServiceTest" time="0" started-at="2025-06-05T15:49:49.83058201" finished-at="2025-06-05T15:49:49.833321837">
<system-out><![CDATA[
unique-id: [engine:junit-jupiter]/[class:ua.tqs.smartvolt.smartvolt.services.BookingServiceTest]/[method:createBooking_NegativePower_ThrowsIllegalArgumentException()]
display-name: createBooking_NegativePower_ThrowsIllegalArgumentException()
]]></system-out>
<properties>
<property name="requirements" value="SV-242"/>
<property name="tags" value="UnitTest"/>
<property name="_dummy_" value=""/>
</properties>
</testcase>
<testcase name="deleteNotUsedBookings_DeletesExpiredNotUsedBookings" classname="ua.tqs.smartvolt.smartvolt.services.BookingServiceTest" time="0" started-at="2025-06-05T15:49:49.799424198" finished-at="2025-06-05T15:49:49.801904921">
<system-out><![CDATA[
unique-id: [engine:junit-jupiter]/[class:ua.tqs.smartvolt.smartvolt.services.BookingServiceTest]/[method:deleteNotUsedBookings_DeletesExpiredNotUsedBookings()]
display-name: deleteNotUsedBookings_DeletesExpiredNotUsedBookings()
]]></system-out>
<properties>
<property name="requirements" value="SV-27"/>
<property name="tags" value="UnitTest"/>
<property name="_dummy_" value=""/>
</properties>
</testcase>
<testcase name="whenUnlockChargingStation_thenStatusUpdated" classname="ua.tqs.smartvolt.smartvolt.integration.BookingControllerIT" time="0" started-at="2025-06-05T15:49:46.402532589" finished-at="2025-06-05T15:49:46.696883465">
<system-out><![CDATA[
unique-id: [engine:junit-jupiter]/[class:ua.tqs.smartvolt.smartvolt.integration.BookingControllerIT]/[method:whenUnlockChargingStation_thenStatusUpdated()]
display-name: whenUnlockChargingStation_thenStatusUpdated()
]]></system-out>
<properties>
<property name="requirements" value="SV-27"/>
<property name="tags" value="IT-Fast,IT-Booking"/>
<property name="_dummy_" value=""/>
</properties>
</testcase>
<testcase name="createBooking_InvalidSlotId_ThrowsResourceNotFoundException" classname="ua.tqs.smartvolt.smartvolt.services.BookingServiceTest" time="0" started-at="2025-06-05T15:49:49.776340376" finished-at="2025-06-05T15:49:49.780027773">
<system-out><![CDATA[
unique-id: [engine:junit-jupiter]/[class:ua.tqs.smartvolt.smartvolt.services.BookingServiceTest]/[method:createBooking_InvalidSlotId_ThrowsResourceNotFoundException()]
display-name: createBooking_InvalidSlotId_ThrowsResourceNotFoundException()
]]></system-out>
<properties>
<property name="requirements" value="SV-242"/>
<property name="tags" value="UnitTest"/>
<property name="_dummy_" value=""/>
</properties>
</testcase>
<testcase name="createBooking_PriceNotFoundForSlot_ThrowsResourceNotFoundException" classname="ua.tqs.smartvolt.smartvolt.services.BookingServiceTest" time="0" started-at="2025-06-05T15:49:49.818436807" finished-at="2025-06-05T15:49:49.822017595">
<system-out><![CDATA[
unique-id: [engine:junit-jupiter]/[class:ua.tqs.smartvolt.smartvolt.services.BookingServiceTest]/[method:createBooking_PriceNotFoundForSlot_ThrowsResourceNotFoundException()]
display-name: createBooking_PriceNotFoundForSlot_ThrowsResourceNotFoundException()
]]></system-out>
<properties>
<property name="requirements" value="SV-242"/>
<property name="tags" value="UnitTest"/>
<property name="_dummy_" value=""/>
</properties>
</testcase>
<testcase name="checkNotEmptyMap_shouldThrowException_whenMapIsNullOrEmpty" classname="ua.tqs.smartvolt.smartvolt.utils.validation.ValidatorTest" time="0" started-at="2025-06-05T15:49:48.611937573" finished-at="2025-06-05T15:49:48.61265891">
<system-out><![CDATA[
unique-id: [engine:junit-jupiter]/[class:ua.tqs.smartvolt.smartvolt.utils.validation.ValidatorTest]/[method:checkNotEmptyMap_shouldThrowException_whenMapIsNullOrEmpty()]
display-name: checkNotEmptyMap_shouldThrowException_whenMapIsNullOrEmpty()
]]></system-out>
<properties>
<property name="tags" value="UnitTest"/>
<property name="_dummy_" value=""/>
</properties>
</testcase>
<testcase name="createBooking_SlotAlreadyBooked_ThrowsSlotAlreadyBookedException" classname="ua.tqs.smartvolt.smartvolt.services.BookingServiceTest" time="0" started-at="2025-06-05T15:49:49.796001967" finished-at="2025-06-05T15:49:49.799135459">
<system-out><![CDATA[
unique-id: [engine:junit-jupiter]/[class:ua.tqs.smartvolt.smartvolt.services.BookingServiceTest]/[method:createBooking_SlotAlreadyBooked_ThrowsSlotAlreadyBookedException()]
display-name: createBooking_SlotAlreadyBooked_ThrowsSlotAlreadyBookedException()
]]></system-out>
<properties>
<property name="requirements" value="SV-242"/>
<property name="tags" value="UnitTest"/>
<property name="_dummy_" value=""/>
</properties>
</testcase>
<testcase name="unlockChargingSlot_DriverDoesNotMatch_ThrowsException" classname="ua.tqs.smartvolt.smartvolt.services.BookingServiceTest" time="0" started-at="2025-06-05T15:49:49.828089495" finished-at="2025-06-05T15:49:49.830337363">
<system-out><![CDATA[
unique-id: [engine:junit-jupiter]/[class:ua.tqs.smartvolt.smartvolt.services.BookingServiceTest]/[method:unlockChargingSlot_DriverDoesNotMatch_ThrowsException()]
display-name: unlockChargingSlot_DriverDoesNotMatch_ThrowsException()
]]></system-out>
<properties>
<property name="requirements" value="SV-27"/>
<property name="tags" value="UnitTest"/>
<property name="_dummy_" value=""/>
</properties>
</testcase>
<testcase name="createChargingSlot_WhenValidRequest_ReturnsCreatedSlot" classname="ua.tqs.smartvolt.smartvolt.services.ChargingSlotServiceTest" time="0" started-at="2025-06-05T15:49:49.851074553" finished-at="2025-06-05T15:49:49.853898136">
<system-out><![CDATA[
unique-id: [engine:junit-jupiter]/[class:ua.tqs.smartvolt.smartvolt.services.ChargingSlotServiceTest]/[method:createChargingSlot_WhenValidRequest_ReturnsCreatedSlot()]
display-name: createChargingSlot_WhenValidRequest_ReturnsCreatedSlot()
]]></system-out>
<properties>
<property name="requirements" value="SV-68"/>
<property name="tags" value="UnitTest"/>
<property name="_dummy_" value=""/>
</properties>
</testcase>
<testcase name="getEvDriverBookings_ValidDriverNoBookings_ReturnsEmptyList" classname="ua.tqs.smartvolt.smartvolt.services.EvDriverServiceTest" time="0" started-at="2025-06-05T15:49:49.910956802" finished-at="2025-06-05T15:49:49.912570416">
<system-out><![CDATA[
unique-id: [engine:junit-jupiter]/[class:ua.tqs.smartvolt.smartvolt.services.EvDriverServiceTest]/[method:getEvDriverBookings_ValidDriverNoBookings_ReturnsEmptyList()]
display-name: getEvDriverBookings_ValidDriverNoBookings_ReturnsEmptyList()
]]></system-out>
<properties>
<property name="requirements" value="SV-32"/>
<property name="tags" value="UnitTest"/>
<property name="_dummy_" value=""/>
</properties>
</testcase>
<testcase name="createChargingSlot_WhenValidRequest_ReturnsCreatedSlot" classname="ua.tqs.smartvolt.smartvolt.integration.ChargingStationSlotsControllerIT" time="0" started-at="2025-06-05T15:49:32.465296447" finished-at="2025-06-05T15:49:32.661636171">
<system-out><![CDATA[
unique-id: [engine:junit-jupiter]/[class:ua.tqs.smartvolt.smartvolt.integration.ChargingStationSlotsControllerIT]/[method:createChargingSlot_WhenValidRequest_ReturnsCreatedSlot()]
display-name: createChargingSlot_WhenValidRequest_ReturnsCreatedSlot()
]]></system-out>
<properties>
<property name="requirements" value="SV-68"/>
<property name="tags" value="IT-Fast"/>
<property name="_dummy_" value=""/>
</properties>
</testcase>
<testcase name="checkCoordinates_shouldThrowException_whenCoordinatesAreInvalid" classname="ua.tqs.smartvolt.smartvolt.utils.validation.ValidatorTest" time="0" started-at="2025-06-05T15:49:48.614088831" finished-at="2025-06-05T15:49:48.614614513">
<system-out><![CDATA[
unique-id: [engine:junit-jupiter]/[class:ua.tqs.smartvolt.smartvolt.utils.validation.ValidatorTest]/[method:checkCoordinates_shouldThrowException_whenCoordinatesAreInvalid()]
display-name: checkCoordinates_shouldThrowException_whenCoordinatesAreInvalid()
]]></system-out>
<properties>
<property name="tags" value="UnitTest"/>
<property name="_dummy_" value=""/>
</properties>
</testcase>
<testcase name="createBooking_PowerNotFoundForSlot_ThrowsResourceNotFoundException" classname="ua.tqs.smartvolt.smartvolt.services.BookingServiceTest" time="0" started-at="2025-06-05T15:49:49.542465429" finished-at="2025-06-05T15:49:49.76948359">
<system-out><![CDATA[
unique-id: [engine:junit-jupiter]/[class:ua.tqs.smartvolt.smartvolt.services.BookingServiceTest]/[method:createBooking_PowerNotFoundForSlot_ThrowsResourceNotFoundException()]
display-name: createBooking_PowerNotFoundForSlot_ThrowsResourceNotFoundException()
]]></system-out>
<properties>
<property name="requirements" value="SV-242"/>
<property name="tags" value="UnitTest"/>
<property name="_dummy_" value=""/>
</properties>
</testcase>
<testcase name="getAllChargingStations_WhenOperatorExists_ThenListOfChargingStations" classname="ua.tqs.smartvolt.smartvolt.integration.ChargingStationControllerIT" time="0" started-at="2025-06-05T15:49:27.717360957" finished-at="2025-06-05T15:49:27.891913927">
<system-out><![CDATA[
unique-id: [engine:junit-jupiter]/[class:ua.tqs.smartvolt.smartvolt.integration.ChargingStationControllerIT]/[method:getAllChargingStations_WhenOperatorExists_ThenListOfChargingStations()]
display-name: getAllChargingStations_WhenOperatorExists_ThenListOfChargingStations()
]]></system-out>
<properties>
<property name="requirements" value="SV-34"/>
<property name="tags" value="IT-Fast"/>
<property name="_dummy_" value=""/>
</properties>
</testcase>
<testcase name="getChargingStationsByChargingSpeed_FilterMedium_ReturnsOnlyMediumStations" classname="ua.tqs.smartvolt.smartvolt.integration.ServiceStationsMapControllerIT" time="0" started-at="2025-06-05T15:49:36.362321954" finished-at="2025-06-05T15:49:36.508696363">
<system-out><![CDATA[
unique-id: [engine:junit-jupiter]/[class:ua.tqs.smartvolt.smartvolt.integration.ServiceStationsMapControllerIT]/[method:getChargingStationsByChargingSpeed_FilterMedium_ReturnsOnlyMediumStations()]
display-name: getChargingStationsByChargingSpeed_FilterMedium_ReturnsOnlyMediumStations()
]]></system-out>
<properties>
<property name="requirements" value="SV-19"/>
<property name="tags" value="IT-Fast"/>
<property name="_dummy_" value=""/>
</properties>
</testcase>
<testcase name="getChargingHistory_NonEvDriverRole_ReturnsForbidden" classname="ua.tqs.smartvolt.smartvolt.integration.UserControllerIT" time="0" started-at="2025-06-05T15:49:43.025785921" finished-at="2025-06-05T15:49:43.249259389">
<system-out><![CDATA[
unique-id: [engine:junit-jupiter]/[class:ua.tqs.smartvolt.smartvolt.integration.UserControllerIT]/[method:getChargingHistory_NonEvDriverRole_ReturnsForbidden()]
display-name: getChargingHistory_NonEvDriverRole_ReturnsForbidden()
]]></system-out>
<properties>
<property name="requirements" value="SV-32"/>
<property name="tags" value="IT-Fast,IT-User"/>
<property name="_dummy_" value=""/>
</properties>
</testcase>
<testcase name="googleMapsDirectionsUrl_IsAccessible" classname="ua.tqs.smartvolt.smartvolt.integration.ExternalServicesIT" time="0" started-at="2025-06-05T15:49:33.430275197" finished-at="2025-06-05T15:49:34.071841588">
<system-out><![CDATA[
unique-id: [engine:junit-jupiter]/[class:ua.tqs.smartvolt.smartvolt.integration.ExternalServicesIT]/[method:googleMapsDirectionsUrl_IsAccessible()]
display-name: googleMapsDirectionsUrl_IsAccessible()
]]></system-out>
<properties>
<property name="tags" value="IT-Slow"/>
<property name="_dummy_" value=""/>
</properties>
</testcase>
<testcase name="checkLessThan_shouldNotThrowException_whenValueIsLessThanThreshold" classname="ua.tqs.smartvolt.smartvolt.utils.validation.ValidatorTest" time="0" started-at="2025-06-05T15:49:48.622135619" finished-at="2025-06-05T15:49:48.622475815">
<system-out><![CDATA[
unique-id: [engine:junit-jupiter]/[class:ua.tqs.smartvolt.smartvolt.utils.validation.ValidatorTest]/[method:checkLessThan_shouldNotThrowException_whenValueIsLessThanThreshold()]
display-name: checkLessThan_shouldNotThrowException_whenValueIsLessThanThreshold()
]]></system-out>
<properties>
<property name="tags" value="UnitTest"/>
<property name="_dummy_" value=""/>
</properties>
</testcase>
<testcase name="finalizeBookingPayment_ValidBookingNotUsed_StatusChangesToPaid" classname="ua.tqs.smartvolt.smartvolt.services.BookingServiceTest" time="0" started-at="2025-06-05T15:49:49.807975619" finished-at="2025-06-05T15:49:49.810700388">
<system-out><![CDATA[
unique-id: [engine:junit-jupiter]/[class:ua.tqs.smartvolt.smartvolt.services.BookingServiceTest]/[method:finalizeBookingPayment_ValidBookingNotUsed_StatusChangesToPaid()]
display-name: finalizeBookingPayment_ValidBookingNotUsed_StatusChangesToPaid()
]]></system-out>
<properties>
<property name="requirements" value="SV-26"/>
<property name="tags" value="UnitTest"/>
<property name="_dummy_" value=""/>
</properties>
</testcase>
<testcase name="getEvDriverConsumption_ValidDriverWithBookingsForCurrentMonth_ReturnsCorrectMonthlyConsumption" classname="ua.tqs.smartvolt.smartvolt.services.EvDriverServiceTest" time="0" started-at="2025-06-05T15:49:49.883533174" finished-at="2025-06-05T15:49:49.885840894">
<system-out><![CDATA[
unique-id: [engine:junit-jupiter]/[class:ua.tqs.smartvolt.smartvolt.services.EvDriverServiceTest]/[method:getEvDriverConsumption_ValidDriverWithBookingsForCurrentMonth_ReturnsCorrectMonthlyConsumption()]
display-name: getEvDriverConsumption_ValidDriverWithBookingsForCurrentMonth_ReturnsCorrectMonthlyConsumption()
]]></system-out>
<properties>
<property name="requirements" value="SV-33"/>
<property name="tags" value="UnitTest"/>
<property name="_dummy_" value=""/>
</properties>
</testcase>
<testcase name="getEvDriverConsumption_ValidDriverNoBookings_ReturnsEmptyConsumptionResponse" classname="ua.tqs.smartvolt.smartvolt.services.EvDriverServiceTest" time="0" started-at="2025-06-05T15:49:49.888359698" finished-at="2025-06-05T15:49:49.890693197">
<system-out><![CDATA[
unique-id: [engine:junit-jupiter]/[class:ua.tqs.smartvolt.smartvolt.services.EvDriverServiceTest]/[method:getEvDriverConsumption_ValidDriverNoBookings_ReturnsEmptyConsumptionResponse()]
display-name: getEvDriverConsumption_ValidDriverNoBookings_ReturnsEmptyConsumptionResponse()
]]></system-out>
<properties>
<property name="requirements" value="SV-33"/>
<property name="tags" value="UnitTest"/>
<property name="_dummy_" value=""/>
</properties>
</testcase>
<testcase name="getChargingStationsByChargingSpeed_NoFilters_ReturnsBadRequest" classname="ua.tqs.smartvolt.smartvolt.integration.ServiceStationsMapControllerIT" time="0" started-at="2025-06-05T15:49:36.603545397" finished-at="2025-06-05T15:49:36.695114986">
<system-out><![CDATA[
unique-id: [engine:junit-jupiter]/[class:ua.tqs.smartvolt.smartvolt.integration.ServiceStationsMapControllerIT]/[method:getChargingStationsByChargingSpeed_NoFilters_ReturnsBadRequest()]
display-name: getChargingStationsByChargingSpeed_NoFilters_ReturnsBadRequest()
]]></system-out>
<properties>
<property name="requirements" value="SV-19"/>
<property name="tags" value="IT-Fast"/>
<property name="_dummy_" value=""/>
</properties>
</testcase>
<testcase name="getChargingSlotsByStationId_NoSlotsForSelectedSpeed_ReturnsEmptyListAndZeroPrice" classname="ua.tqs.smartvolt.smartvolt.integration.ChargingStationSlotsControllerIT" time="0" started-at="2025-06-05T15:49:33.022459028" finished-at="2025-06-05T15:49:33.203039152">
<system-out><![CDATA[
unique-id: [engine:junit-jupiter]/[class:ua.tqs.smartvolt.smartvolt.integration.ChargingStationSlotsControllerIT]/[method:getChargingSlotsByStationId_NoSlotsForSelectedSpeed_ReturnsEmptyListAndZeroPrice()]
display-name: getChargingSlotsByStationId_NoSlotsForSelectedSpeed_ReturnsEmptyListAndZeroPrice()
]]></system-out>
<properties>
<property name="requirements" value="SV-24"/>
<property name="tags" value="IT-Fast"/>
<property name="_dummy_" value=""/>
</properties>
</testcase>
<testcase name="getEvDriverByEmail_ExistingEmail_ReturnsEvDriver" classname="ua.tqs.smartvolt.smartvolt.services.EvDriverServiceTest" time="0" started-at="2025-06-05T15:49:49.914406525" finished-at="2025-06-05T15:49:49.915761445">
<system-out><![CDATA[
unique-id: [engine:junit-jupiter]/[class:ua.tqs.smartvolt.smartvolt.services.EvDriverServiceTest]/[method:getEvDriverByEmail_ExistingEmail_ReturnsEvDriver()]
display-name: getEvDriverByEmail_ExistingEmail_ReturnsEvDriver()
]]></system-out>
<properties>
<property name="requirements" value="SV-32"/>
<property name="tags" value="UnitTest"/>
<property name="_dummy_" value=""/>
</properties>
</testcase>
<testcase name="createBooking_InvalidSlotId_ReturnsNotFound" classname="ua.tqs.smartvolt.smartvolt.integration.BookingControllerIT" time="0" started-at="2025-06-05T15:49:47.701558916" finished-at="2025-06-05T15:49:47.916993198">
<system-out><![CDATA[
unique-id: [engine:junit-jupiter]/[class:ua.tqs.smartvolt.smartvolt.integration.BookingControllerIT]/[method:createBooking_InvalidSlotId_ReturnsNotFound()]
display-name: createBooking_InvalidSlotId_ReturnsNotFound()
]]></system-out>
<properties>
<property name="requirements" value="SV-242"/>
<property name="tags" value="IT-Fast,IT-Booking"/>
<property name="_dummy_" value=""/>
</properties>
</testcase>
<testcase name="createChargingStation_WhenOperatorDoesNotExist_ThrowsResourceNotFoundException" classname="ua.tqs.smartvolt.smartvolt.services.ChargingStationServiceTest" time="0" started-at="2025-06-05T15:49:49.390578738" finished-at="2025-06-05T15:49:49.394059329">
<system-out><![CDATA[
unique-id: [engine:junit-jupiter]/[class:ua.tqs.smartvolt.smartvolt.services.ChargingStationServiceTest]/[method:createChargingStation_WhenOperatorDoesNotExist_ThrowsResourceNotFoundException()]
display-name: createChargingStation_WhenOperatorDoesNotExist_ThrowsResourceNotFoundException()
]]></system-out>
<properties>
<property name="requirements" value="SV-34"/>
<property name="tags" value="UnitTest"/>
<property name="_dummy_" value=""/>
</properties>
</testcase>
<testcase name="createChargingSlot_WhenStationNotFound_ReturnsNotFound" classname="ua.tqs.smartvolt.smartvolt.integration.ChargingStationSlotsControllerIT" time="0" started-at="2025-06-05T15:49:31.537769987" finished-at="2025-06-05T15:49:31.727953352">
<system-out><![CDATA[
unique-id: [engine:junit-jupiter]/[class:ua.tqs.smartvolt.smartvolt.integration.ChargingStationSlotsControllerIT]/[method:createChargingSlot_WhenStationNotFound_ReturnsNotFound()]
display-name: createChargingSlot_WhenStationNotFound_ReturnsNotFound()
]]></system-out>
<properties>
<property name="requirements" value="SV-68"/>
<property name="tags" value="IT-Fast"/>
<property name="_dummy_" value=""/>
</properties>
</testcase>
<testcase name="getEnergyConsumption_ReturnsOperatorEnergyResponse" classname="ua.tqs.smartvolt.smartvolt.services.BookingServiceTest" time="0" started-at="2025-06-05T15:49:49.82229352" finished-at="2025-06-05T15:49:49.824979406">
<system-out><![CDATA[
unique-id: [engine:junit-jupiter]/[class:ua.tqs.smartvolt.smartvolt.services.BookingServiceTest]/[method:getEnergyConsumption_ReturnsOperatorEnergyResponse()]
display-name: getEnergyConsumption_ReturnsOperatorEnergyResponse()
]]></system-out>
<properties>
<property name="requirements" value="SV-36"/>
<property name="tags" value="UnitTest"/>
<property name="_dummy_" value=""/>
</properties>
</testcase>
<testcase name="getEvDriverSpending_ValidDriverNoBookings_ReturnsEmptySpendingResponse" classname="ua.tqs.smartvolt.smartvolt.services.EvDriverServiceTest" time="0" started-at="2025-06-05T15:49:49.906026384" finished-at="2025-06-05T15:49:49.908479435">
<system-out><![CDATA[
unique-id: [engine:junit-jupiter]/[class:ua.tqs.smartvolt.smartvolt.services.EvDriverServiceTest]/[method:getEvDriverSpending_ValidDriverNoBookings_ReturnsEmptySpendingResponse()]
display-name: getEvDriverSpending_ValidDriverNoBookings_ReturnsEmptySpendingResponse()
]]></system-out>
<properties>
<property name="requirements" value="SV-33"/>
<property name="tags" value="UnitTest"/>
<property name="_dummy_" value=""/>
</properties>
</testcase>
<testcase name="checkNotEmptyString_shouldNotThrowException_whenStringIsNotEmpty" classname="ua.tqs.smartvolt.smartvolt.utils.validation.ValidatorTest" time="0" started-at="2025-06-05T15:49:48.615652682" finished-at="2025-06-05T15:49:48.616061175">
<system-out><![CDATA[
unique-id: [engine:junit-jupiter]/[class:ua.tqs.smartvolt.smartvolt.utils.validation.ValidatorTest]/[method:checkNotEmptyString_shouldNotThrowException_whenStringIsNotEmpty()]
display-name: checkNotEmptyString_shouldNotThrowException_whenStringIsNotEmpty()
]]></system-out>
<properties>
<property name="tags" value="UnitTest"/>
<property name="_dummy_" value=""/>
</properties>
</testcase>
<testcase name="getEvDriverInfo_ValidDriverWithBookings_ReturnsUserInfoResponseWithTotals" classname="ua.tqs.smartvolt.smartvolt.services.EvDriverServiceTest" time="0" started-at="2025-06-05T15:49:49.88605796" finished-at="2025-06-05T15:49:49.888161588">
<system-out><![CDATA[
unique-id: [engine:junit-jupiter]/[class:ua.tqs.smartvolt.smartvolt.services.EvDriverServiceTest]/[method:getEvDriverInfo_ValidDriverWithBookings_ReturnsUserInfoResponseWithTotals()]
display-name: getEvDriverInfo_ValidDriverWithBookings_ReturnsUserInfoResponseWithTotals()
]]></system-out>
<properties>
<property name="requirements" value="SV-31"/>
<property name="tags" value="UnitTest"/>
<property name="_dummy_" value=""/>
</properties>
</testcase>
<testcase name="createChargingSlot_WhenStationNotFound_ThrowsResourceNotFoundException" classname="ua.tqs.smartvolt.smartvolt.services.ChargingSlotServiceTest" time="0" started-at="2025-06-05T15:49:49.867899616" finished-at="2025-06-05T15:49:49.870518527">
<system-out><![CDATA[
unique-id: [engine:junit-jupiter]/[class:ua.tqs.smartvolt.smartvolt.services.ChargingSlotServiceTest]/[method:createChargingSlot_WhenStationNotFound_ThrowsResourceNotFoundException()]
display-name: createChargingSlot_WhenStationNotFound_ThrowsResourceNotFoundException()
]]></system-out>
<properties>
<property name="requirements" value="SV-68"/>
<property name="tags" value="UnitTest"/>
<property name="_dummy_" value=""/>
</properties>
</testcase>
<testcase name="createBooking_ValidRequest_ReturnsCreatedBooking" classname="ua.tqs.smartvolt.smartvolt.services.BookingServiceTest" time="0" started-at="2025-06-05T15:49:49.77001933" finished-at="2025-06-05T15:49:49.776034825">
<system-out><![CDATA[
unique-id: [engine:junit-jupiter]/[class:ua.tqs.smartvolt.smartvolt.services.BookingServiceTest]/[method:createBooking_ValidRequest_ReturnsCreatedBooking()]
display-name: createBooking_ValidRequest_ReturnsCreatedBooking()
]]></system-out>
<properties>
<property name="requirements" value="SV-242"/>
<property name="tags" value="UnitTest"/>
<property name="_dummy_" value=""/>
</properties>
</testcase>
<testcase name="checkNotEmptyList_shouldNotThrowException_whenListIsNotEmpty" classname="ua.tqs.smartvolt.smartvolt.utils.validation.ValidatorTest" time="0" started-at="2025-06-05T15:49:48.612740022" finished-at="2025-06-05T15:49:48.613112057">
<system-out><![CDATA[
unique-id: [engine:junit-jupiter]/[class:ua.tqs.smartvolt.smartvolt.utils.validation.ValidatorTest]/[method:checkNotEmptyList_shouldNotThrowException_whenListIsNotEmpty()]
display-name: checkNotEmptyList_shouldNotThrowException_whenListIsNotEmpty()
]]></system-out>
<properties>
<property name="tags" value="UnitTest"/>
<property name="_dummy_" value=""/>
</properties>
</testcase>
<testcase name="getEvDriverBookings_DriverNotFound_ThrowsResourceNotFoundException" classname="ua.tqs.smartvolt.smartvolt.services.EvDriverServiceTest" time="0" started-at="2025-06-05T15:49:49.890915081" finished-at="2025-06-05T15:49:49.893659006">
<system-out><![CDATA[
unique-id: [engine:junit-jupiter]/[class:ua.tqs.smartvolt.smartvolt.services.EvDriverServiceTest]/[method:getEvDriverBookings_DriverNotFound_ThrowsResourceNotFoundException()]
display-name: getEvDriverBookings_DriverNotFound_ThrowsResourceNotFoundException()
]]></system-out>
<properties>
<property name="requirements" value="SV-32"/>
<property name="tags" value="UnitTest"/>
<property name="_dummy_" value=""/>
</properties>
</testcase>
<testcase name="checkLessThan_shouldThrowException_whenValueIsEqualToThreshold" classname="ua.tqs.smartvolt.smartvolt.utils.validation.ValidatorTest" time="0" started-at="2025-06-05T15:49:48.620630048" finished-at="2025-06-05T15:49:48.621050533">
<system-out><![CDATA[
unique-id: [engine:junit-jupiter]/[class:ua.tqs.smartvolt.smartvolt.utils.validation.ValidatorTest]/[method:checkLessThan_shouldThrowException_whenValueIsEqualToThreshold()]
display-name: checkLessThan_shouldThrowException_whenValueIsEqualToThreshold()
]]></system-out>
<properties>
<property name="tags" value="UnitTest"/>
<property name="_dummy_" value=""/>
</properties>
</testcase>
<testcase name="checkNotNull_shouldThrowException_whenObjectIsNull" classname="ua.tqs.smartvolt.smartvolt.utils.validation.ValidatorTest" time="0" started-at="2025-06-05T15:49:48.619274997" finished-at="2025-06-05T15:49:48.619676266">
<system-out><![CDATA[
unique-id: [engine:junit-jupiter]/[class:ua.tqs.smartvolt.smartvolt.utils.validation.ValidatorTest]/[method:checkNotNull_shouldThrowException_whenObjectIsNull()]
display-name: checkNotNull_shouldThrowException_whenObjectIsNull()
]]></system-out>
<properties>
<property name="tags" value="UnitTest"/>
<property name="_dummy_" value=""/>
</properties>
</testcase>
<testcase name="getChargingStationsByChargingSpeed_WhenStationsFound_ReturnsChargingStationsResponse" classname="ua.tqs.smartvolt.smartvolt.services.ChargingStationServiceTest" time="0" started-at="2025-06-05T15:49:49.394534056" finished-at="2025-06-05T15:49:49.403107207">
<system-out><![CDATA[
unique-id: [engine:junit-jupiter]/[class:ua.tqs.smartvolt.smartvolt.services.ChargingStationServiceTest]/[method:getChargingStationsByChargingSpeed_WhenStationsFound_ReturnsChargingStationsResponse()]
display-name: getChargingStationsByChargingSpeed_WhenStationsFound_ReturnsChargingStationsResponse()
]]></system-out>
<properties>
<property name="requirements" value="SV-19"/>
<property name="tags" value="UnitTest"/>
<property name="_dummy_" value=""/>
</properties>
</testcase>
<testcase name="checkUrl_shouldThrowException_whenUrlIsInvalid" classname="ua.tqs.smartvolt.smartvolt.utils.validation.ValidatorTest" time="0" started-at="2025-06-05T15:49:48.618186053" finished-at="2025-06-05T15:49:48.618657935">
<system-out><![CDATA[
unique-id: [engine:junit-jupiter]/[class:ua.tqs.smartvolt.smartvolt.utils.validation.ValidatorTest]/[method:checkUrl_shouldThrowException_whenUrlIsInvalid()]
display-name: checkUrl_shouldThrowException_whenUrlIsInvalid()
]]></system-out>
<properties>
<property name="tags" value="UnitTest"/>
<property name="_dummy_" value=""/>
</properties>
</testcase>
<testcase name="getEvDriverSpending_DriverNotFound_ThrowsResourceNotFoundException" classname="ua.tqs.smartvolt.smartvolt.services.EvDriverServiceTest" time="0" started-at="2025-06-05T15:49:49.897223022" finished-at="2025-06-05T15:49:49.900774305">
<system-out><![CDATA[
unique-id: [engine:junit-jupiter]/[class:ua.tqs.smartvolt.smartvolt.services.EvDriverServiceTest]/[method:getEvDriverSpending_DriverNotFound_ThrowsResourceNotFoundException()]
display-name: getEvDriverSpending_DriverNotFound_ThrowsResourceNotFoundException()
]]></system-out>
<properties>
<property name="requirements" value="SV-33"/>
<property name="tags" value="UnitTest"/>
<property name="_dummy_" value=""/>
</properties>
</testcase>
<testcase name="checkNotEmptyString_shouldThrowException_whenStringIsNullOrEmpty" classname="ua.tqs.smartvolt.smartvolt.utils.validation.ValidatorTest" time="0" started-at="2025-06-05T15:49:48.616713503" finished-at="2025-06-05T15:49:48.617214749">
<system-out><![CDATA[
unique-id: [engine:junit-jupiter]/[class:ua.tqs.smartvolt.smartvolt.utils.validation.ValidatorTest]/[method:checkNotEmptyString_shouldThrowException_whenStringIsNullOrEmpty()]
display-name: checkNotEmptyString_shouldThrowException_whenStringIsNullOrEmpty()
]]></system-out>
<properties>
<property name="tags" value="UnitTest"/>
<property name="_dummy_" value=""/>
</properties>
</testcase>
<testcase name="createBooking_NegativePricePerKWh_ThrowsIllegalArgumentException" classname="ua.tqs.smartvolt.smartvolt.services.BookingServiceTest" time="0" started-at="2025-06-05T15:49:49.811035143" finished-at="2025-06-05T15:49:49.814317393">
<system-out><![CDATA[
unique-id: [engine:junit-jupiter]/[class:ua.tqs.smartvolt.smartvolt.services.BookingServiceTest]/[method:createBooking_NegativePricePerKWh_ThrowsIllegalArgumentException()]
display-name: createBooking_NegativePricePerKWh_ThrowsIllegalArgumentException()
]]></system-out>
<properties>
<property name="requirements" value="SV-242"/>
<property name="tags" value="UnitTest"/>
<property name="_dummy_" value=""/>
</properties>
</testcase>
<testcase name="getBookingsToUnlock_InvalidDriver_ThrowsResourceNotFoundException" classname="ua.tqs.smartvolt.smartvolt.services.BookingServiceTest" time="0" started-at="2025-06-05T15:49:49.825221909" finished-at="2025-06-05T15:49:49.827835631">
<system-out><![CDATA[
unique-id: [engine:junit-jupiter]/[class:ua.tqs.smartvolt.smartvolt.services.BookingServiceTest]/[method:getBookingsToUnlock_InvalidDriver_ThrowsResourceNotFoundException()]
display-name: getBookingsToUnlock_InvalidDriver_ThrowsResourceNotFoundException()
]]></system-out>
<properties>
<property name="requirements" value="SV-27"/>
<property name="tags" value="UnitTest"/>
<property name="_dummy_" value=""/>
</properties>
</testcase>
<testcase name="whenGetCurrentBookings_thenReturnListOfBookings" classname="ua.tqs.smartvolt.smartvolt.integration.BookingControllerIT" time="0" started-at="2025-06-05T15:49:46.120912839" finished-at="2025-06-05T15:49:46.402086666">
<system-out><![CDATA[
unique-id: [engine:junit-jupiter]/[class:ua.tqs.smartvolt.smartvolt.integration.BookingControllerIT]/[method:whenGetCurrentBookings_thenReturnListOfBookings()]
display-name: whenGetCurrentBookings_thenReturnListOfBookings()
]]></system-out>
<properties>
<property name="requirements" value="SV-27"/>
<property name="tags" value="IT-Fast,IT-Booking"/>
<property name="_dummy_" value=""/>
</properties>
</testcase>
<testcase name="deactivateChargingStation_WhenChargingStationExists_ThenDeactivatesChargingStation" classname="ua.tqs.smartvolt.smartvolt.integration.ChargingStationControllerIT" time="0" started-at="2025-06-05T15:49:27.457796923" finished-at="2025-06-05T15:49:27.592168997">
<system-out><![CDATA[
unique-id: [engine:junit-jupiter]/[class:ua.tqs.smartvolt.smartvolt.integration.ChargingStationControllerIT]/[method:deactivateChargingStation_WhenChargingStationExists_ThenDeactivatesChargingStation()]
display-name: deactivateChargingStation_WhenChargingStationExists_ThenDeactivatesChargingStation()
]]></system-out>
<properties>
<property name="requirements" value="SV-35"/>
<property name="tags" value="IT-Fast"/>
<property name="_dummy_" value=""/>
</properties>
</testcase>
<testcase name="getChargingHistory_Unauthorized_ReturnsForbidden" classname="ua.tqs.smartvolt.smartvolt.integration.UserControllerIT" time="0" started-at="2025-06-05T15:49:43.511380967" finished-at="2025-06-05T15:49:43.738554435">
<system-out><![CDATA[
unique-id: [engine:junit-jupiter]/[class:ua.tqs.smartvolt.smartvolt.integration.UserControllerIT]/[method:getChargingHistory_Unauthorized_ReturnsForbidden()]
display-name: getChargingHistory_Unauthorized_ReturnsForbidden()
]]></system-out>
<properties>
<property name="requirements" value="SV-32"/>
<property name="tags" value="IT-Fast,IT-User"/>
<property name="_dummy_" value=""/>
</properties>
</testcase>
<testcase name="getChargingStationsByChargingSpeed_FilterFast_ReturnsOnlyFastStations" classname="ua.tqs.smartvolt.smartvolt.integration.ServiceStationsMapControllerIT" time="0" started-at="2025-06-05T15:49:36.822133929" finished-at="2025-06-05T15:49:36.934299432">
<system-out><![CDATA[
unique-id: [engine:junit-jupiter]/[class:ua.tqs.smartvolt.smartvolt.integration.ServiceStationsMapControllerIT]/[method:getChargingStationsByChargingSpeed_FilterFast_ReturnsOnlyFastStations()]
display-name: getChargingStationsByChargingSpeed_FilterFast_ReturnsOnlyFastStations()
]]></system-out>
<properties>
<property name="requirements" value="SV-19"/>
<property name="tags" value="IT-Fast"/>
<property name="_dummy_" value=""/>
</properties>
</testcase>
<testcase name="checkNotEmptyMap_shouldNotThrowException_whenMapIsNotEmpty" classname="ua.tqs.smartvolt.smartvolt.utils.validation.ValidatorTest" time="0" started-at="2025-06-05T15:49:48.610184088" finished-at="2025-06-05T15:49:48.611840612">
<system-out><![CDATA[
unique-id: [engine:junit-jupiter]/[class:ua.tqs.smartvolt.smartvolt.utils.validation.ValidatorTest]/[method:checkNotEmptyMap_shouldNotThrowException_whenMapIsNotEmpty()]
display-name: checkNotEmptyMap_shouldNotThrowException_whenMapIsNotEmpty()
]]></system-out>
<properties>
<property name="tags" value="UnitTest"/>
<property name="_dummy_" value=""/>
</properties>
</testcase>
<testcase name="getEvDriverInfo_DriverNotFound_ThrowsResourceNotFoundException" classname="ua.tqs.smartvolt.smartvolt.services.EvDriverServiceTest" time="0" started-at="2025-06-05T15:49:49.908675471" finished-at="2025-06-05T15:49:49.910695474">
<system-out><![CDATA[
unique-id: [engine:junit-jupiter]/[class:ua.tqs.smartvolt.smartvolt.services.EvDriverServiceTest]/[method:getEvDriverInfo_DriverNotFound_ThrowsResourceNotFoundException()]
display-name: getEvDriverInfo_DriverNotFound_ThrowsResourceNotFoundException()
]]></system-out>
<properties>
<property name="requirements" value="SV-31"/>
<property name="tags" value="UnitTest"/>
<property name="_dummy_" value=""/>
</properties>
</testcase>
<testcase name="getChargingStationsByChargingSpeed_InvalidSpeed_ReturnsEmptyListOrError" classname="ua.tqs.smartvolt.smartvolt.integration.ServiceStationsMapControllerIT" time="0" started-at="2025-06-05T15:49:36.509285022" finished-at="2025-06-05T15:49:36.603077904">
<system-out><![CDATA[
unique-id: [engine:junit-jupiter]/[class:ua.tqs.smartvolt.smartvolt.integration.ServiceStationsMapControllerIT]/[method:getChargingStationsByChargingSpeed_InvalidSpeed_ReturnsEmptyListOrError()]
display-name: getChargingStationsByChargingSpeed_InvalidSpeed_ReturnsEmptyListOrError()
]]></system-out>
<properties>
<property name="requirements" value="SV-19"/>
<property name="tags" value="IT-Fast"/>
<property name="_dummy_" value=""/>
</properties>
</testcase>
<testcase name="getChargingSlotsByStationId_FutureDate_ReturnsAvailableSlots" classname="ua.tqs.smartvolt.smartvolt.integration.ChargingStationSlotsControllerIT" time="0" started-at="2025-06-05T15:49:32.238482653" finished-at="2025-06-05T15:49:32.464663766">
<system-out><![CDATA[
unique-id: [engine:junit-jupiter]/[class:ua.tqs.smartvolt.smartvolt.integration.ChargingStationSlotsControllerIT]/[method:getChargingSlotsByStationId_FutureDate_ReturnsAvailableSlots()]
display-name: getChargingSlotsByStationId_FutureDate_ReturnsAvailableSlots()
]]></system-out>
<properties>
<property name="requirements" value="SV-24"/>
<property name="tags" value="IT-Fast"/>
<property name="_dummy_" value=""/>
</properties>
</testcase>
<testcase name="getEvDriverSpending_ValidDriverWithBookingsForCurrentMonth_ReturnsCorrectMonthlySpending" classname="ua.tqs.smartvolt.smartvolt.services.EvDriverServiceTest" time="0" started-at="2025-06-05T15:49:49.880642686" finished-at="2025-06-05T15:49:49.883287816">
<system-out><![CDATA[
unique-id: [engine:junit-jupiter]/[class:ua.tqs.smartvolt.smartvolt.services.EvDriverServiceTest]/[method:getEvDriverSpending_ValidDriverWithBookingsForCurrentMonth_ReturnsCorrectMonthlySpending()]
display-name: getEvDriverSpending_ValidDriverWithBookingsForCurrentMonth_ReturnsCorrectMonthlySpending()
]]></system-out>
<properties>
<property name="requirements" value="SV-33"/>
<property name="tags" value="UnitTest"/>
<property name="_dummy_" value=""/>
</properties>
</testcase>
<testcase name="getChargingStationsByChargingSpeed_WhenInputSpeedsAreEmpty_ThrowsResourceNotFoundException" classname="ua.tqs.smartvolt.smartvolt.services.ChargingStationServiceTest" time="0" started-at="2025-06-05T15:49:48.626533664" finished-at="2025-06-05T15:49:49.334852702">
<system-out><![CDATA[
unique-id: [engine:junit-jupiter]/[class:ua.tqs.smartvolt.smartvolt.services.ChargingStationServiceTest]/[method:getChargingStationsByChargingSpeed_WhenInputSpeedsAreEmpty_ThrowsResourceNotFoundException()]
display-name: getChargingStationsByChargingSpeed_WhenInputSpeedsAreEmpty_ThrowsResourceNotFoundException()
]]></system-out>
<properties>
<property name="requirements" value="SV-19"/>
<property name="tags" value="UnitTest"/>
<property name="_dummy_" value=""/>
</properties>
</testcase>
<testcase name="getEnergyConsumption_ValidRequest_ReturnsEnergyConsumption" classname="ua.tqs.smartvolt.smartvolt.integration.BookingControllerIT" time="0" started-at="2025-06-05T15:49:46.925489956" finished-at="2025-06-05T15:49:47.223868707">
<system-out><![CDATA[
unique-id: [engine:junit-jupiter]/[class:ua.tqs.smartvolt.smartvolt.integration.BookingControllerIT]/[method:getEnergyConsumption_ValidRequest_ReturnsEnergyConsumption()]
display-name: getEnergyConsumption_ValidRequest_ReturnsEnergyConsumption()
]]></system-out>
<properties>
<property name="requirements" value="SV-36"/>
<property name="tags" value="IT-Fast,IT-Booking"/>
<property name="_dummy_" value=""/>
</properties>
</testcase>
<testcase name="getAllChargingStations_WhenOperatorDoesNotExist_ThrowsResourceNotFoundException" classname="ua.tqs.smartvolt.smartvolt.services.ChargingStationServiceTest" time="0" started-at="2025-06-05T15:49:49.410364221" finished-at="2025-06-05T15:49:49.413618318">
<system-out><![CDATA[
unique-id: [engine:junit-jupiter]/[class:ua.tqs.smartvolt.smartvolt.services.ChargingStationServiceTest]/[method:getAllChargingStations_WhenOperatorDoesNotExist_ThrowsResourceNotFoundException()]
display-name: getAllChargingStations_WhenOperatorDoesNotExist_ThrowsResourceNotFoundException()
]]></system-out>
<properties>
<property name="requirements" value="SV-34"/>
<property name="tags" value="UnitTest"/>
<property name="_dummy_" value=""/>
</properties>
</testcase>
<system-out><![CDATA[
unique-id: [engine:junit-jupiter]
display-name: JUnit Jupiter
]]></system-out>
</testsuite>
